#fragment_ID	aligned_regions	alignment_score	P-value
1S72_0:1658-1663_1519-1520_1524-1529	2:'0'1662-5:'0'1665,6:'0'1521-6:'0'1521,9:'0'1527-11:'0'1529	71	0.0135628
1S72_0:1524-1531_1656-1662	5:'0'1531-7:'0'1533,8:'0'1658-10:'0'1660	62.4	0.0188231
1S72_0:2685-2691_2701-2706	2:'0'2689-6:'0'2693,7:'0'2703-9:'0'2705	62	0.0191389
1S72_0:1771-1776_1757-1769_1816-1817	1:'0'1774-3:'0'1776,14:'0'1767-16:'0'1769	60.8	0.0201352
1S72_0:208-215_221-227	0:'0'210-2:'0'212,12:'0'227-14:'0'229	60.8	0.0201352
1S72_0:2383-2389_2394-2402	4:'0'2389-6:'0'2391,8:'0'2397-10:'0'2399	60.4	0.0204846
1S72_0:1365-1372_2049-2056	0:'0'1367-2:'0'1369,12:'0'2055-14:'0'2057	60	0.0208433
1S72_0:165-174_217-220_159-163	5:'0'172-9:'0'176,14:'0'161-16:'0'163	59	0.0217821
1S72_0:1492-1493_1614-1624_1570-1577	8:'0'1622-10:'0'1624,13:'0'1572-15:'0'1574	57.2	0.0236397
1S72_0:1224-1230_2518-2522_1128-1136	2:'0'1228-5:'0'1231,10:'0'2523-10:'0'2523,14:'0'1132-16:'0'1134	56.8	0.0240847
1S72_0:1492-1495_1568-1574_1619-1625	4:'0'1570-6:'0'1572,14:'0'1624-17:'0'1627	50.7	0.0327833
1S72_0:1003-1013_2300-2301_950-956	6:'0'1011-9:'0'1014,11:'0'2302-11:'0'2302,16:'0'955-17:'0'956	47.9	0.0384406
1S72_0:1764-1769_1771-1776_2015-2017	0:'0'1766-1:'0'1767,9:'0'1776-11:'0'1778	43.3	0.0515084
1S72_0:2279-2286_2296-2299_2304-2308	7:'0'2288-7:'0'2288,9:'0'2299-10:'0'2300,13:'0'2307-15:'0'2309	42.6	0.0540702
1S72_0:108-114_119-122_41-49	1:'0'111-6:'0'116,10:'0'124-10:'0'124,16:'0'48-18:'0'50	42.4	0.0548372
1S72_0:1060-1061_2304-2308_2296-2300	1:'0'1063-1:'0'1063,3:'0'2307-3:'0'2307,9:'0'2300-10:'0'2301	40.8	0.0616077
1S72_0:1063-1070_911-914_1040-1048	4:'0'1069-6:'0'1071,8:'0'913-9:'0'914,15:'0'1045-15:'0'1045	40.4	0.0634963
1S72_0:948-952_1012-1016_2296-2308	2:'0'952-2:'0'952,5:'0'1014-5:'0'1014,14:'0'2302-15:'0'2303	39.6	0.0675437
1S72_0:2049-2056_1365-1372	1:'0'2052-4:'0'2055,10:'0'1369-14:'0'1373	38.6	0.0731711
1S72_0:353-359_289-294	0:'0'355-2:'0'357,10:'0'294-12:'0'296	38.4	0.0743808
1S72_0:168-169_218-225_210-217	6:'0'224-9:'0'227,10:'0'212-14:'0'216	37.8	0.0781954
1S72_0:2467-2468_2267-2274_2114-2122	2:'0'2269-4:'0'2271,13:'0'2119-18:'0'2124	37.3	0.0816029
1S72_0:472-478_26-27_459-465	0:'0'474-5:'0'479,8:'0'29-8:'0'29,11:'0'463-15:'0'467	37	0.0837554
1S72_0:899-903_639-643_1349-1358	0:'0'901-0:'0'901,6:'0'642-9:'0'645,14:'0'1355-17:'0'1358	36.9	0.0844919
1S72_0:1914-1921	0:'0'1916-7:'0'1923	36.4	0.0883241
1S72_0:1703-1706_787-789_1707-1711	0:'0'1705-3:'0'1708,6:'0'791-6:'0'791,9:'0'1711-11:'0'1713	36.2	0.0899303
1S72_0:1971-1972_2008-2015_1883-1887	8:'0'2016-9:'0'2017,10:'0'1885-11:'0'1886	35.2	0.0986586
1S72_0:499-513_479-489	5:'0'506-6:'0'507,17:'0'483-18:'0'484	35.2	0.0986586
1S72_0:2555-2556_2797-2803_2767-2771	7:'0'2804-8:'0'2805,9:'0'2769-10:'0'2770	34.8	0.102509
1S72_0:2240-2247_2250-2258	6:'0'2248-7:'0'2249,8:'0'2252-9:'0'2253	34.8	0.102509
1S72_0:1762-1765_1811-1817_1775-1778	0:'0'1764-2:'0'1766,5:'0'1814-6:'0'1815,12:'0'1778-14:'0'1780	34.6	0.10452
1S72_0:853-856_1653-1657_1530-1535	0:'0'855-0:'0'855,7:'0'1658-7:'0'1658,10:'0'1533-14:'0'1537	34.5	0.105547
1S72_0:1843-1849_1879-1883_1827-1830	0:'0'1845-3:'0'1848,9:'0'1883-9:'0'1883,12:'0'1829-14:'0'1831	34.2	0.108722
1S72_0:802-807	0:'0'804-5:'0'809	34.2	0.108722
1S72_0:2807-2815_2671-2675_2659-2660	0:'0'2809-1:'0'2810,11:'0'2675-12:'0'2676	34	0.110919
1S72_0:1373-1374_2039-2044_1730-1737	6:'0'2045-7:'0'2046,9:'0'1733-10:'0'1734	34	0.110919
1S72_0:1585-1590_1599-1606	0:'0'1587-2:'0'1589,11:'0'1606-13:'0'1608	33.8	0.113183
1S72_0:714-720_704-710	3:'0'719-5:'0'721,8:'0'707-10:'0'709	33.8	0.113183
1S72_0:495-502_510-511_486-494	5:'0'502-6:'0'503,9:'0'513-9:'0'513,10:'0'488-12:'0'490	33.8	0.113183
1S72_0:678-684_658-665_228-230	5:'0'685-6:'0'686,7:'0'660-8:'0'661	33.8	0.113183
1S72_0:1081-1087_1288-1291_1067-1074	2:'0'1085-3:'0'1086,9:'0'1292-10:'0'1293,15:'0'1073-16:'0'1074	33.6	0.115517
1S72_0:908-912_1068-1070_1289-1293	0:'0'910-3:'0'913,6:'0'1071-6:'0'1071,11:'0'1294-12:'0'1295	33.5	0.116712
1S72_0:1477-1483_781-782_1455-1463	4:'0'1483-5:'0'1484,8:'0'784-8:'0'784,10:'0'1458-12:'0'1460	33.4	0.117924
1S72_0:731-733_2403-2405_734-736	0:'0'733-1:'0'734,4:'0'2406-4:'0'2406,6:'0'736-8:'0'738	33.4	0.117924
1S72_0:2799-2800_2795-2798_2770-2775	2:'0'2797-3:'0'2798,10:'0'2776-11:'0'2777	33.2	0.120408
1S72_0:549-550_1332-1341_1314-1322	6:'0'1338-7:'0'1339,14:'0'1318-15:'0'1319	33.2	0.120408
1S72_0:1187-1195_1200-1206_1157-1159	7:'0'1196-8:'0'1197,9:'0'1202-10:'0'1203	33.2	0.120408
1S72_0:810-816_793-800	3:'0'815-4:'0'816,9:'0'797-10:'0'798	33.2	0.120408
1S72_0:686-689_729-731_691-696	2:'0'690-3:'0'691,6:'0'733-6:'0'733,7:'0'693-9:'0'695	33.2	0.120408
1S72_0:1637-1640_1791-1797_1541-1544	0:'0'1639-2:'0'1641,4:'0'1793-10:'0'1799,12:'0'1544-14:'0'1546	33	0.12297
1S72_0:847-852_786-788_824-831	4:'0'853-5:'0'854,7:'0'789-7:'0'789,9:'0'826-11:'0'828	33	0.12297
1S72_0:2880-2881_1804-1816_1782-1785	4:'0'1808-8:'0'1812	32.8	0.125615
1S72_0:1208-1214_1145-1156	3:'0'1213-6:'0'1216,7:'0'1147-14:'0'1154	32.8	0.125615
1S72_0:2347-2354_2329-2334	2:'0'2351-3:'0'2352,9:'0'2332-10:'0'2333	32.4	0.131168
1S72_0:1829-1833_2639-2640_1837-1843	2:'0'1833-2:'0'1833,5:'0'2641-5:'0'2641,10:'0'1842-11:'0'1843	32.4	0.131168
1S72_0:565-570_583-589	0:'0'567-1:'0'568,11:'0'590-12:'0'591	32.4	0.131168
1S72_0:460-467_771-773_468-474	6:'0'468-7:'0'469,9:'0'774-9:'0'774,12:'0'471-14:'0'473	32.4	0.131168
1S72_0:250-255	0:'0'252-5:'0'257	32.4	0.131168
1S72_0:1156-1159_1183-1188_1205-1208	1:'0'1159-3:'0'1161,4:'0'1185-4:'0'1185,10:'0'1207-11:'0'1208	32	0.137098
1S72_0:486-494_495-502_510-511	5:'0'493-6:'0'494,10:'0'498-11:'0'499	32	0.137098
1S72_0:2722-2728_2892-2894_2747-2756	0:'0'2724-1:'0'2725,9:'0'2896-9:'0'2896,17:'0'2756-19:'0'2758	31.8	0.140214
1S72_0:2407-2416	2:'0'2411-7:'0'2416	31.8	0.140214
1S72_0:792-798_812-819	0:'0'794-4:'0'798,8:'0'815-12:'0'819	31.8	0.140214
1S72_0:1784-1787_2871-2875_2877-2882	4:'0'2873-5:'0'2874,13:'0'2883-14:'0'2884	31.6	0.143438
1S72_0:1901-1907_2124-2126_1927-1932	4:'0'1907-6:'0'1909,9:'0'2128-9:'0'2128,12:'0'1931-13:'0'1932	31.6	0.143438
1S72_0:206-207_673-680_662-669	6:'0'679-7:'0'680,12:'0'666-13:'0'667	31.6	0.143438
1S72_0:426-429_402-408_376-384	5:'0'405-6:'0'406,16:'0'383-17:'0'384	31.6	0.143438
1S72_0:75-80_91-98	0:'0'77-1:'0'78,12:'0'99-13:'0'100	31.6	0.143438
1S72_0:2696-2701_2689-2694_2564-2565	2:'0'2700-5:'0'2703,6:'0'2691-10:'0'2695	31.4	0.146775
1S72_0:2021-2026_1988-1996_1820-1825	0:'0'2023-0:'0'2023,8:'0'1992-10:'0'1994,19:'0'1826-19:'0'1826	31.2	0.150229
1S72_0:2124-2125_1900-1907_1927-1933	2:'0'1902-3:'0'1903,15:'0'1934-16:'0'1935	31.2	0.150229
1S72_0:485-486_511-517_21-26	6:'0'517-8:'0'519,10:'0'24-12:'0'26	30.8	0.157514
1S72_0:935-938_1024-1031	0:'0'937-3:'0'940,4:'0'1026-11:'0'1033	30.5	0.163331
1S72_0:2560-2562_2508-2515_2501-2505	8:'0'2515-10:'0'2517,11:'0'2503-13:'0'2505	30.4	0.165342
1S72_0:432-434_196-202_188-194	7:'0'202-8:'0'203,12:'0'192-14:'0'194	30.3	0.16739
1S72_0:2300-2301_950-956_1003-1013	6:'0'956-7:'0'957,14:'0'1010-15:'0'1011	30.2	0.169477
1S72_0:2862-2869_2885-2890	0:'0'2864-1:'0'2865,12:'0'2891-13:'0'2892	30	0.173769
1S72_0:2892-2894_2747-2755_2723-2730	8:'0'2754-9:'0'2755,14:'0'2727-15:'0'2728	30	0.173769
1S72_0:1966-1967_1937-1943_1888-1896	6:'0'1943-7:'0'1944,14:'0'1895-15:'0'1896	30	0.173769
1S72_0:1706-1708_817-824_787-792	7:'0'823-8:'0'824,12:'0'790-13:'0'791	30	0.173769
1S72_0:278-287_361-367_267-272	0:'0'280-1:'0'281,15:'0'368-16:'0'369	30	0.173769
1S72_0:2907-2912_2665-2666_2820-2829	3:'0'2912-5:'0'2914,6:'0'2667-6:'0'2667,8:'0'2822-14:'0'2828	29.9	0.175976
1S72_0:1253-1259_1072-1074_1093-1099	2:'0'1257-3:'0'1258,8:'0'1075-8:'0'1075,12:'0'1097-14:'0'1099	29.8	0.178225
1S72_0:766-769_156-161_170-177	4:'0'158-7:'0'161,12:'0'174-16:'0'178	29.8	0.178225
1S72_0:1050-1054_2527-2528_1055-1061	2:'0'1054-3:'0'1055,6:'0'2530-6:'0'2530,7:'0'1057-10:'0'1060	29.7	0.180518
1S72_0:166-169_213-217_218-224	6:'0'217-7:'0'218,11:'0'222-12:'0'223	29.6	0.182856
1S72_0:1070-1074_1095-1097_1081-1086	2:'0'1074-3:'0'1075,5:'0'1097-5:'0'1097,10:'0'1085-10:'0'1085	29.4	0.187669
1S72_0:1541-1544_1791-1797_1637-1640	3:'0'1546-3:'0'1546,5:'0'1794-7:'0'1796,11:'0'1639-11:'0'1639	29.2	0.192675
1S72_0:1442-1449_1496-1505_1510-1511	5:'0'1449-5:'0'1449,10:'0'1500-12:'0'1502,19:'0'1513-19:'0'1513	29.2	0.192675
1S72_0:865-868_2114-2122_2267-2272	2:'0'869-2:'0'869,7:'0'2119-7:'0'2119,15:'0'2271-18:'0'2274	29.1	0.195254
1S72_0:2546-2550_2595-2604_1230-1235	4:'0'2552-4:'0'2552,6:'0'2598-10:'0'2602	28.8	0.203307
1S72_0:2500-2505_2560-2562_2509-2516	4:'0'2506-5:'0'2507,7:'0'2563-8:'0'2564,11:'0'2513-12:'0'2514	28.6	0.208956
1S72_0:1622-1627_1566-1569_1629-1631	4:'0'1628-5:'0'1629,11:'0'1632-12:'0'1633	28.6	0.208956
1S72_0:2106-2111_865-868_2471-2477	3:'0'2111-5:'0'2113,8:'0'869-8:'0'869,12:'0'2475-13:'0'2476	28.6	0.208956
1S72_0:1653-1657_853-856_1530-1535	2:'0'1657-3:'0'1658,6:'0'856-7:'0'857,10:'0'1533-11:'0'1534	28.6	0.208956
1S72_0:585-591_1091-1092_562-568	4:'0'591-5:'0'592,7:'0'1093-7:'0'1093,10:'0'565-12:'0'567	28.6	0.208956
1S72_0:608-609_526-530_9-14	4:'0'530-5:'0'531,7:'0'11-9:'0'13	28.5	0.21187
1S72_0:1272-1281	1:'0'1275-7:'0'1281	28.4	0.214844
1S72_0:1205-1208_1183-1188_1156-1159	1:'0'1208-1:'0'1208,6:'0'1187-8:'0'1189,11:'0'1159-11:'0'1159	28.4	0.214844
1S72_0:337-346_321-333_301-307	5:'0'344-6:'0'345,18:'0'331-19:'0'332	28.4	0.214844
1S72_0:262-268_374-377_238-247	3:'0'267-4:'0'268,8:'0'377-8:'0'377,13:'0'242-15:'0'244	28.4	0.214844
1S72_0:2776-2783_2784-2792_1150-1152	2:'0'2780-3:'0'2781,15:'0'2793-16:'0'2794	28	0.227392
1S72_0:432-434_188-194_196-202	8:'0'195-9:'0'196,11:'0'199-13:'0'201	27.9	0.2307
1S72_0:2129-2132_2239-2243_2254-2261	0:'0'2131-3:'0'2134,4:'0'2241-4:'0'2241,13:'0'2260-15:'0'2262	27.8	0.234082
1S72_0:2780-2784_2785-2790_1150-1152	2:'0'2784-3:'0'2785,5:'0'2787-6:'0'2788	27.2	0.256024
1S72_0:1784-1787_2877-2882_2871-2875	6:'0'2881-8:'0'2883,11:'0'2874-13:'0'2876	27	0.264027
1S72_0:2770-2775_2795-2798_2799-2800	0:'0'2772-0:'0'2772,9:'0'2800-9:'0'2800,10:'0'2801-11:'0'2802	26.6	0.281202
1S72_0:410-415_389-396_422-426	4:'0'416-5:'0'417,7:'0'392-10:'0'395,14:'0'424-14:'0'424	26.6	0.281202
1S72_0:2535-2537_2094-2102_1356-1358	0:'0'2537-1:'0'2538,10:'0'2103-10:'0'2103,13:'0'1359-13:'0'1359	26.4	0.290425
1S72_0:2689-2694_2696-2701_2564-2565	4:'0'2695-5:'0'2696,7:'0'2699-8:'0'2700	26	0.310285
1S72_0:2250-2258_2240-2247	4:'0'2256-6:'0'2258,10:'0'2243-12:'0'2245	26	0.310285
1S72_0:1470-1476_1858-1867_1463-1466	6:'0'1478-6:'0'1478,10:'0'1863-12:'0'1865,17:'0'1465-17:'0'1465	26	0.310285
1S72_0:1683-1684_1676-1680_1411-1417	4:'0'1680-5:'0'1681,8:'0'1414-9:'0'1415	26	0.310285
1S72_0:360-366_279-288	4:'0'366-5:'0'367,11:'0'285-12:'0'286	26	0.310285
1S72_0:1540-1544_1613-1616_1637-1641	0:'0'1542-1:'0'1543,7:'0'1617-8:'0'1618,12:'0'1642-13:'0'1643	25.8	0.320989
1S72_0:1166-1168_1197-1199_1170-1172	2:'0'1170-2:'0'1170,3:'0'1199-3:'0'1199,6:'0'1172-7:'0'1173	25.6	0.332255
1S72_0:1791-1797_1541-1544_1637-1640	0:'0'1793-6:'0'1799	25.5	0.338113
1S72_0:1592-1598	1:'0'1595-5:'0'1599	25.4	0.344126
1S72_0:411-414_190-201_422-425	3:'0'416-3:'0'416,8:'0'196-10:'0'198,16:'0'424-16:'0'424	25.2	0.356644
1S72_0:1300-1305_446-453_1346-1352	8:'0'450-13:'0'455,18:'0'1352-18:'0'1352	25	0.369858
1S72_0:895-899_761-764_916-924	1:'0'898-4:'0'901,5:'0'763-7:'0'765,13:'0'922-13:'0'922	24.8	0.38382
1S72_0:2636-2642_2620-2625_1836-1841	4:'0'2642-5:'0'2643,7:'0'2622-7:'0'2622,14:'0'1839-14:'0'1839	24.4	0.414225
1S72_0:2522-2529_1052-1058_2488-2493	5:'0'2529-5:'0'2529,9:'0'1055-11:'0'1057,17:'0'2492-17:'0'2492	24.4	0.414225
1S72_0:1322-1326_903-905_1327-1332	2:'0'1326-4:'0'1328,7:'0'907-7:'0'907,8:'0'1329-10:'0'1331	24.3	0.422391
1S72_0:2465-2469_2274-2278_917-922	9:'0'2280-9:'0'2280,13:'0'922-13:'0'922	24.2	0.430801
1S72_0:321-333_301-307_337-346	13:'0'303-14:'0'304,28:'0'347-29:'0'348	24	0.448391
1S72_0:2498-2499_1129-1136_1223-1228	3:'0'1132-3:'0'1132,15:'0'1230-15:'0'1230	23.8	0.467082
1S72_0:1811-1818_1756-1758_1775-1777	6:'0'1819-7:'0'1820,8:'0'1758-8:'0'1758,13:'0'1779-13:'0'1779	23.6	0.486966
1S72_0:206-207_662-669_673-680	8:'0'670-9:'0'671,10:'0'675-11:'0'676	23.6	0.486966
1S72_0:635-637_20-26_514-519	3:'0'22-5:'0'24,13:'0'519-15:'0'521	23.6	0.486966
1S72_0:581-588_566-573	4:'0'587-6:'0'589,8:'0'568-10:'0'570	23.4	0.508147
1S72_0:1608-1616_1642-1644_1577-1584	3:'0'1613-5:'0'1615,9:'0'1644-9:'0'1644,14:'0'1581-15:'0'1582	23.2	0.530741
1S72_0:1451-1455_1487-1489_1649-1657	4:'0'1457-4:'0'1457,5:'0'1489-5:'0'1489,13:'0'1656-14:'0'1657	23.2	0.530741
1S72_0:2849-2858_2896-2904_2832-2833	0:'0'2851-0:'0'2851,18:'0'2906-18:'0'2906	23	0.554876
1S72_0:2316-2323_2375-2378_2414-2419	0:'0'2318-5:'0'2323,8:'0'2377-11:'0'2380,16:'0'2420-17:'0'2421	23	0.554876
1S72_0:76-81_89-97	0:'0'78-3:'0'81,8:'0'93-14:'0'99	22.9	0.567565
1S72_0:2479-2489_2067-2075_2531-2534	8:'0'2489-8:'0'2489,12:'0'2070-16:'0'2074,20:'0'2533-20:'0'2533	22.4	0.638049
1S72_0:1464-1467_1469-1475_1863-1864	2:'0'1468-3:'0'1469,5:'0'1472-7:'0'1474	22.3	0.653715
1S72_0:618-621_627-633_1349-1355	1:'0'621-3:'0'623,6:'0'632-8:'0'633,16:'0'1356-16:'0'1356	22.3	0.653715
1S72_0:889-893_158-172_766-769	1:'0'892-1:'0'892,10:'0'165-12:'0'167,21:'0'769-21:'0'769	22	0.704339
1S72_0:459-465_472-478_26-27	2:'0'463-2:'0'463,10:'0'477-10:'0'477	21.4	0.824963
1S72_0:1837-1843_1829-1833_2639-2640	5:'0'1844-6:'0'1845,7:'0'1831-8:'0'1832	21.4	0.824963
1S72_0:2753-2761_2716-2724_1737-1740	8:'0'2763-8:'0'2763,10:'0'2719-10:'0'2719	21.4	0.824963
1S72_0:2077-2081_1232-1235_2061-2065	5:'0'1234-5:'0'1234,12:'0'2066-12:'0'2066	21.4	0.824963
1S72_0:320-324_333-343_303-307	1:'0'323-1:'0'323,10:'0'340-10:'0'340,17:'0'306-18:'0'307	21.2	0.872128
1S72_0:1027-1030_1279-1284_1268-1273	0:'0'1029-0:'0'1029,14:'0'1274-14:'0'1274	21	0.923456
1S72_0:2625-2629_2112-2114_2630-2636	2:'0'2629-4:'0'2631,7:'0'2116-7:'0'2116,8:'0'2632-10:'0'2634	14.1	1
1S72_0:573-576_1108-1110_577-581	1:'0'576-3:'0'578,6:'0'1112-6:'0'1112,7:'0'579-9:'0'581	14.1	1
1S72_0:1093-1099_1072-1074_1253-1259	0:'0'1095-0:'0'1095,7:'0'1074-7:'0'1074,15:'0'1260-16:'0'1261	14	1
1S72_0:1124-1131_2495-2500_2516-2524	12:'0'2501-13:'0'2502,14:'0'2518-15:'0'2519	13.8	1
1S72_0:2279-2281_2307-2308_2284-2287	1:'0'2282-2:'0'2283,4:'0'2310-4:'0'2310,5:'0'2286-5:'0'2286	13.6	1
1S72_0:2004-2006_1972-1980_2000-2003	4:'0'1975-6:'0'1977,13:'0'2003-15:'0'2005	13.6	1
1S72_0:1887-1889_1969-1980_2003-2013	0:'0'1889-0:'0'1889,3:'0'1971-3:'0'1971,20:'0'2010-23:'0'2013	13.5	1
1S72_0:2631-2637_2624-2628_1974-1982	5:'0'2638-5:'0'2638,17:'0'1981-17:'0'1981	13.4	1
1S72_0:611-618_2057-2058_535-542	4:'0'617-5:'0'618,8:'0'2059-8:'0'2059,10:'0'537-12:'0'539	13.4	1
1S72_0:30-31_449-456_457-462	7:'0'456-7:'0'456,11:'0'460-11:'0'460	13.4	1
1S72_0:1300-1305_1346-1352_446-453	1:'0'1303-3:'0'1305,7:'0'1349-9:'0'1351	13.4	1
1S72_0:2028-2036_1750-1755_1739-1745	5:'0'2035-6:'0'2036,17:'0'1743-18:'0'1744	13.2	1
1S72_0:1654-1657_1684-1695_1483-1488	15:'0'1697-15:'0'1697,17:'0'1486-19:'0'1488	13	1
1S72_0:1268-1273_1027-1030_1279-1284	4:'0'1274-5:'0'1275,8:'0'1031-9:'0'1032,10:'0'1281-11:'0'1282	13	1
1S72_0:691-696_686-689_729-731	2:'0'695-4:'0'697,6:'0'688-8:'0'690	13	1
1S72_0:334-337_1311-1312_310-317	5:'0'1314-5:'0'1314,11:'0'317-11:'0'317	13	1
1S72_0:89-97_76-81	6:'0'97-6:'0'97,11:'0'80-11:'0'80	12.6	1
1S72_0:1124-1131_2516-2524_2495-2500	4:'0'1130-6:'0'1132,11:'0'2521-13:'0'2523	12.4	1
1S72_0:2598-2599_2593-2596_2578-2581	2:'0'2595-3:'0'2596,8:'0'2582-9:'0'2583	12.2	1
1S72_0:763-766_2471-2479_2103-2111	0:'0'765-0:'0'765,11:'0'2480-11:'0'2480	12.2	1
1S72_0:178-184_437-440_148-155	2:'0'182-2:'0'182,9:'0'441-10:'0'442,15:'0'154-15:'0'154	12.2	1
1S72_0:627-633_1349-1355_618-621	2:'0'632-2:'0'632,9:'0'1353-10:'0'1354,17:'0'623-17:'0'623	12	1
1S72_0:1831-1836_1837-1841_2639-2642	0:'0'1833-2:'0'1835,7:'0'1840-10:'0'1843	11.9	1
1S72_0:1681-1682_1720-1722_1374-1375	0:'0'1683-0:'0'1683,3:'0'1723-3:'0'1723,5:'0'1376-6:'0'1377	11.8	1
1S72_0:832-835_844-846	2:'0'836-3:'0'837,4:'0'846-5:'0'847	11.8	1
1S72_0:627-631_2604-2607_619-621	0:'0'630-1:'0'631,6:'0'2607-6:'0'2607,9:'0'621-9:'0'621	11.8	1
1S72_0:334-337_310-317_1311-1312	6:'0'314-8:'0'316	11.8	1
1S72_0:1100-1102_1238-1239_1233-1237	2:'0'1104-2:'0'1104,3:'0'1240-3:'0'1240,8:'0'1238-9:'0'1239	11.6	1
1S72_0:2471-2477_2106-2111_865-868	3:'0'2476-4:'0'2477,9:'0'2110-10:'0'2111	11.6	1
1S72_0:1851-1861_1865-1876	3:'0'1856-3:'0'1856,19:'0'1875-19:'0'1875	11.4	1
1S72_0:2604-2616_2537-2546_2093-2095	3:'0'2609-4:'0'2610,20:'0'2546-21:'0'2547	11.4	1
1S72_0:824-831_786-788_847-852	4:'0'830-7:'0'833,11:'0'849-13:'0'851	11.1	1
1S72_0:1992-1998_1987-1990_2592-2593	4:'0'1998-4:'0'1998,8:'0'1990-8:'0'1990	10.6	1
1S72_0:1775-1778_1762-1765_1811-1817	3:'0'1780-3:'0'1780,4:'0'1764-4:'0'1764	10.6	1
1S72_0:1726-1737_2039-2045	0:'0'1728-0:'0'1728,18:'0'2047-18:'0'2047	10.6	1
1S72_0:1707-1711_1703-1706_787-789	4:'0'1713-4:'0'1713,5:'0'1705-5:'0'1705	10.6	1
1S72_0:1642-1644_1577-1584_1608-1616	6:'0'1582-7:'0'1583,13:'0'1612-14:'0'1613	10.6	1
1S72_0:2471-2479_763-766_2103-2111	8:'0'2481-8:'0'2481,13:'0'2105-13:'0'2105	10.6	1
1S72_0:1029-1034_933-936	3:'0'1034-3:'0'1034,7:'0'936-7:'0'936	10.6	1
1S72_0:100-107_63-74_51-52	3:'0'105-3:'0'105,15:'0'72-15:'0'72	10.6	1
1S72_0:128-134_41-46_138-147	7:'0'43-8:'0'44,20:'0'147-21:'0'148	10.6	1
1S72_0:1094-1099_1104-1108_1251-1259	5:'0'1101-5:'0'1101,8:'0'1108-8:'0'1108,12:'0'1254-13:'0'1255	10.4	1
1S72_0:655-663_743-746_679-684	1:'0'658-3:'0'660,9:'0'745-11:'0'747	10.4	1
1S72_0:2864-2871_2882-2889	3:'0'2869-3:'0'2869,12:'0'2888-12:'0'2888	10.2	1
1S72_0:2537-2546_2604-2616_2093-2095	4:'0'2543-4:'0'2543,19:'0'2615-19:'0'2615	10.2	1
1S72_0:1827-1830_1843-1849_1879-1883	7:'0'1848-7:'0'1848,13:'0'1883-13:'0'1883	10.2	1
1S72_0:2072-2079_1233-1239_2062-2066	7:'0'2081-7:'0'2081,10:'0'1237-14:'0'1241,15:'0'2064-15:'0'2064	10	1
1S72_0:2457-2464_2424-2431_2314-2315	0:'0'2459-0:'0'2459,14:'0'2432-14:'0'2432	9.8	1
1S72_0:2834-2841_2654-2658_2082-2087	12:'0'2660-12:'0'2660,13:'0'2084-13:'0'2084	9.8	1
1S72_0:1104-1108_1094-1099_1251-1259	4:'0'1110-4:'0'1110,11:'0'1253-11:'0'1253	9.8	1
1S72_0:1830-1843_866-868_878-884	5:'0'1837-5:'0'1837,20:'0'883-20:'0'883	9.8	1
1S72_0:743-746_655-663_679-684	10:'0'663-10:'0'663,15:'0'683-15:'0'683	9.8	1
1S72_0:393-397_388-392_2440-2441	4:'0'399-4:'0'399,5:'0'390-5:'0'390	9.8	1
1S72_0:2899-2905_2845-2854_2831-2833	0:'0'2901-0:'0'2901,16:'0'2856-16:'0'2856	9	1
1S72_0:1749-1753_1744-1747_2029-2032	6:'0'1747-6:'0'1747,12:'0'2034-12:'0'2034	9	1
1S72_0:1683-1684_1411-1417_1676-1680	8:'0'1419-8:'0'1419,9:'0'1678-9:'0'1678	9	1
1S72_0:1241-1246_1113-1118	5:'0'1248-5:'0'1248,6:'0'1115-6:'0'1115	9	1
1S72_0:1279-1284_1268-1273_1027-1030	5:'0'1286-5:'0'1286,6:'0'1270-6:'0'1270	9	1
1S72_0:1706-1708_787-792_817-824	8:'0'794-8:'0'794,9:'0'819-9:'0'819	9	1
1S72_0:865-872_873-885_771-778	5:'0'872-7:'0'874,8:'0'875-11:'0'878	8.9	1
1S72_0:1863-1864_1469-1475_1464-1467	7:'0'1476-8:'0'1477,9:'0'1466-10:'0'1467	8.6	1
1S72_0:1654-1657_1483-1488_1684-1695	10:'0'1686-19:'0'1695	8.4	1
1S72_0:2773-2775_2550-2560_2570-2578	9:'0'2558-9:'0'2558,17:'0'2575-17:'0'2575	8.2	1
1S72_0:2284-2287_2307-2308_2279-2281	3:'0'2289-3:'0'2289,6:'0'2281-6:'0'2281	8.2	1
1S72_0:1775-1777_1811-1818_1756-1758	0:'0'1777-0:'0'1777,13:'0'1760-13:'0'1760	8.2	1
1S72_0:1451-1455_1649-1657_1487-1489	2:'0'1455-4:'0'1457,5:'0'1651-12:'0'1658,15:'0'1490-15:'0'1490	8.2	1
1S72_0:1172-1174_1198-1204_1189-1196	9:'0'1206-9:'0'1206,10:'0'1191-10:'0'1191	8.2	1
1S72_0:2524-2525_2522-2523_2491-2495	3:'0'2525-3:'0'2525,4:'0'2493-6:'0'2495	8	1
1S72_0:1982-1987_1998-2006_1973-1979	2:'0'1986-2:'0'1986,8:'0'2002-8:'0'2002	7.4	1
1S72_0:1424-1437_1383-1385_1390-1396	16:'0'1387-16:'0'1387,20:'0'1395-20:'0'1395	7.4	1
1S72_0:128-134_138-147_41-46	2:'0'132-2:'0'132,13:'0'146-13:'0'146	7.4	1
1S72_0:1649-1657_1451-1455_1487-1489	0:'0'1651-4:'0'1655	6.6	1
1S72_0:1386-1387_1389-1390_1431-1433	1:'0'1389-1:'0'1389,2:'0'1391-2:'0'1391	6.6	1
1S72_0:622-627_2068-2069_1124-1127	0:'0'624-3:'0'627,7:'0'2071-7:'0'2071	6.2	1
1S72_0:2465-2469_917-922_2274-2278	3:'0'2470-3:'0'2470,5:'0'919-10:'0'924,12:'0'2277-12:'0'2277	6.2	1
1S72_0:2677-2682_2575-2578_2550-2555	9:'0'2580-9:'0'2580,13:'0'2555-13:'0'2555	5.8	1
1S72_0:1170-1174_1198-1202_1193-1197	3:'0'1175-3:'0'1175,9:'0'1204-9:'0'1204	5.8	1
1S72_0:2900-2906_2845-2853_2830-2832	1:'0'2903-1:'0'2903,15:'0'2855-15:'0'2855	5	1
1S72_0:2550-2555_2677-2682_2575-2578	5:'0'2557-5:'0'2557,13:'0'2578-13:'0'2578	5	1
1S72_0:1654-1657_1450-1455_1483-1489	7:'0'1455-7:'0'1455,15:'0'1490-15:'0'1490	5	1
1S72_0:2000-2003_1972-1980_2004-2006	4:'0'1974-4:'0'1974,15:'0'2008-15:'0'2008	4.6	1
1S72_0:432-436_202-207_229-235	7:'0'206-7:'0'206,13:'0'233-13:'0'233	4.6	1
1S72_0:1756-1758_1775-1777_1811-1818	6:'0'1813-10:'0'1817	4	1
1S72_0:1170-1172_1166-1168_1197-1199		4	1
1S72_0:30-31_457-462_449-456		4	1
1S72_0:2067-2073_622-628_2486-2489		3.8	1
1S72_0:2486-2489_2067-2073_622-628		3.7	1
1S72_0:1170-1172_1197-1199_1166-1168		3.7	1
1S72_0:2549-2554_2521-2525_1229-1231		3.5	1
1S72_0:2067-2073_2486-2489_622-628		3.5	1
1S72_0:2549-2554_1229-1231_2521-2525		3.3	1
1S72_0:457-462_30-31_449-456		3	1
1S72_0:2068-2069_1124-1127_622-627		2.7	1
1S72_0:2068-2069_622-627_1124-1127		2.6	1
1S72_0:1124-1127_2068-2069_622-627		2.6	1
1S72_0:2561-2565_2692-2693		2.5	1
1S72_0:1229-1231_2549-2554_2521-2525		2.5	1
1S72_0:1197-1199_1170-1172_1166-1168		2.5	1
1S72_0:457-462_449-456_30-31		2.4	1
1S72_0:1431-1433_1389-1390_1386-1387		2.3	1
1S72_0:1389-1390_1386-1387_1431-1433		2.2	1
1S72_0:1389-1390_1431-1433_1386-1387		2.1	1
1S72_0:2692-2693_2561-2565		2	1
1S72_0:1744-1753		2	1
1S72_0:1681-1682_1374-1375_1720-1722		1.7	1
1S72_0:1374-1375_1720-1722_1681-1682		1.7	1
1S72_0:1374-1375_1681-1682_1720-1722		1.6	1
