No base-stacking information is found. Performing alignment based on base-pairing information.
#fragment_ID	aligned_regions	alignment_score	P-value
1S72_0:1656-1662_1525-1531	4:'0'1662-6:'0'1664,7:'0'1527-9:'0'1529	60	0.0186093
1S72_0:1525-1531_1656-1662	4:'0'1531-6:'0'1533,7:'0'1658-9:'0'1660	60	0.0186093
1S72_0:2687-2694_2697-2703_2564-2565	0:'0'2689-2:'0'2691,12:'0'2703-14:'0'2705	59.2	0.0192759
1S72_0:1365-1372_2049-2055	0:'0'1367-2:'0'1369,12:'0'2055-14:'0'2057	59.2	0.0192759
1S72_0:208-215_221-227	0:'0'210-2:'0'212,12:'0'227-14:'0'229	59.2	0.0192759
1S72_0:2387-2393_2395-2397_925-926	0:'0'2389-2:'0'2391,7:'0'2397-9:'0'2399	58.8	0.0196227
1S72_0:1771-1774_1765-1769_2015-2017	1:'0'1774-3:'0'1776,4:'0'1767-6:'0'1769	57.6	0.0207212
1S72_0:1492-1493_1615-1622_1570-1577	7:'0'1622-9:'0'1624,10:'0'1572-12:'0'1574	55.6	0.0227683
1S72_0:1224-1230_2518-2522_1128-1134	2:'0'1228-5:'0'1231,10:'0'2523-10:'0'2523,14:'0'1132-16:'0'1134	55.2	0.023214
1S72_0:217-220_165-172_159-163	9:'0'172-11:'0'174,12:'0'161-14:'0'163	55.2	0.023214
1S72_0:1492-1495_1568-1572_1620-1625	4:'0'1570-6:'0'1572,11:'0'1624-14:'0'1627	50.3	0.0299307
1S72_0:108-114_119-122_41-49	1:'0'111-6:'0'116,10:'0'124-10:'0'124,16:'0'48-18:'0'50	43	0.046984
1S72_0:2279-2286_2296-2299_2304-2308	7:'0'2288-7:'0'2288,9:'0'2299-10:'0'2300,13:'0'2307-15:'0'2309	42.2	0.0497008
1S72_0:1060-1061_2304-2308_2296-2300	1:'0'1063-1:'0'1063,3:'0'2307-3:'0'2307,9:'0'2300-10:'0'2301	41.6	0.051896
1S72_0:950-953_1010-1014_2296-2308	0:'0'952-0:'0'952,6:'0'1014-6:'0'1014,13:'0'2302-14:'0'2303	40	0.0585152
1S72_0:1067-1070_911-914_1040-1043	0:'0'1069-2:'0'1071,4:'0'913-5:'0'914,11:'0'1045-11:'0'1045	39.4	0.0613274
1S72_0:472-478_26-27_459-465	0:'0'474-5:'0'479,8:'0'29-8:'0'29,11:'0'463-15:'0'467	39	0.0633164
1S72_0:168-169_218-225_210-217	6:'0'224-9:'0'227,10:'0'212-14:'0'216	39	0.0633164
1S72_0:899-902_639-643_1351-1358	5:'0'642-8:'0'645,11:'0'1355-13:'0'1357	38.9	0.0638288
1S72_0:2265-2274_2114-2124_1929-1930	2:'0'2269-4:'0'2271,13:'0'2119-18:'0'2124	37.9	0.0693135
1S72_0:353-359_289-294	0:'0'355-2:'0'357,10:'0'294-12:'0'296	36.8	0.0762047
1S72_0:2049-2053_1429-1430_1367-1372	1:'0'2052-4:'0'2055,7:'0'1369-11:'0'1373	36.6	0.0775676
1S72_0:853-855_1655-1657_1530-1535	0:'0'855-0:'0'855,4:'0'1658-4:'0'1658,7:'0'1533-11:'0'1537	36.5	0.0782628
1S72_0:499-510_479-489	5:'0'506-6:'0'507,14:'0'483-15:'0'484	35.4	0.086569
1S72_0:1914-1921	0:'0'1916-7:'0'1923	35.2	0.0882207
1S72_0:1703-1706_787-789_1707-1711	0:'0'1705-3:'0'1708,6:'0'791-6:'0'791,9:'0'1711-11:'0'1713	35.2	0.0882207
1S72_0:2804-2812_2671-2677_2659-2660	3:'0'2809-4:'0'2810,11:'0'2675-12:'0'2676	35.2	0.0882207
1S72_0:1843-1846_1881-1882_1827-1829	0:'0'1845-3:'0'1848,4:'0'1883-4:'0'1883,6:'0'1829-8:'0'1831	34.8	0.091669
1S72_0:1210-1214_1145-1153	1:'0'1213-4:'0'1216,5:'0'1147-12:'0'1154	34.8	0.091669
1S72_0:1004-1013_950-956	5:'0'1011-9:'0'1015,10:'0'952-14:'0'956	34.6	0.0934695
1S72_0:2240-2247_2250-2258	6:'0'2248-7:'0'2249,8:'0'2252-9:'0'2253	34.4	0.0953235
1S72_0:2881-2882_1804-1807_1809-1810	4:'0'1808-5:'0'1809,6:'0'1811-7:'0'1812	34.4	0.0953235
1S72_0:802-807	0:'0'804-5:'0'809	34.4	0.0953235
1S72_0:1971-1972_2008-2015_1883-1887	8:'0'2016-9:'0'2017,10:'0'1885-11:'0'1886	34	0.099201
1S72_0:510-511_486-492_496-502	7:'0'493-8:'0'494,9:'0'498-10:'0'499	34	0.099201
1S72_0:678-684_658-665_228-230	5:'0'685-6:'0'686,7:'0'660-8:'0'661	34	0.099201
1S72_0:2797-2803_2767-2771	5:'0'2804-6:'0'2805,7:'0'2769-8:'0'2770	33.6	0.10332
1S72_0:1762-1764_1811-1817_1776-1778	0:'0'1764-2:'0'1766,4:'0'1814-5:'0'1815,10:'0'1778-12:'0'1780	33.6	0.10332
1S72_0:1637-1640_1791-1797_1541-1544	0:'0'1639-2:'0'1641,4:'0'1793-10:'0'1799,12:'0'1544-14:'0'1546	33.4	0.105476
1S72_0:496-502_510-511_486-492	4:'0'502-5:'0'503,8:'0'513-8:'0'513,9:'0'488-11:'0'490	33.4	0.105476
1S72_0:2722-2726_2892-2894_2752-2756	0:'0'2724-1:'0'2725,7:'0'2896-7:'0'2896,10:'0'2756-12:'0'2758	33.2	0.107701
1S72_0:1829-1833_2639-2640_1837-1843	2:'0'1833-2:'0'1833,5:'0'2641-5:'0'2641,10:'0'1842-11:'0'1843	33.2	0.107701
1S72_0:792-796_813-817	0:'0'794-4:'0'798,5:'0'815-9:'0'819	33	0.109997
1S72_0:1373-1374_2042-2044_1730-1734	3:'0'2045-4:'0'2046,6:'0'1733-7:'0'1734	32.8	0.112367
1S72_0:1585-1590_1599-1606	0:'0'1587-2:'0'1589,11:'0'1606-13:'0'1608	32.8	0.112367
1S72_0:1157-1158_1187-1195_1200-1206	0:'0'1159-1:'0'1160,4:'0'1191-4:'0'1191,15:'0'1206-17:'0'1208	32.8	0.112367
1S72_0:714-720_704-710	3:'0'719-5:'0'721,8:'0'707-10:'0'709	32.8	0.112367
1S72_0:2696-2701_2689-2694_2564-2565	2:'0'2700-5:'0'2703,6:'0'2691-10:'0'2695	32.6	0.114814
1S72_0:1481-1483_781-782_1455-1458	0:'0'1483-1:'0'1484,4:'0'784-4:'0'784,6:'0'1458-8:'0'1460	32.4	0.117342
1S72_0:2795-2798_2799-2800_2770-2775	0:'0'2797-2:'0'2799,5:'0'2802-5:'0'2802,6:'0'2772-11:'0'2777	32.2	0.119955
1S72_0:2407-2416	2:'0'2411-7:'0'2416	32	0.122656
1S72_0:2349-2354_2329-2331	0:'0'2351-1:'0'2352,7:'0'2332-8:'0'2333	32	0.122656
1S72_0:1901-1907_2124-2126_1927-1932	4:'0'1907-6:'0'1909,9:'0'2128-9:'0'2128,12:'0'1931-13:'0'1932	32	0.122656
1S72_0:1784-1787_2871-2875_2877-2882	4:'0'2873-5:'0'2874,13:'0'2883-14:'0'2884	32	0.122656
1S72_0:549-550_1332-1341_1314-1321	6:'0'1338-7:'0'1339,14:'0'1318-15:'0'1319	32	0.122656
1S72_0:1187-1195_1200-1206_1157-1158	7:'0'1196-8:'0'1197,9:'0'1202-10:'0'1203	32	0.122656
1S72_0:847-852_786-787_824-831	4:'0'853-5:'0'854,7:'0'789-7:'0'789,8:'0'826-10:'0'828	32	0.122656
1S72_0:565-570_583-589	0:'0'567-1:'0'568,11:'0'590-12:'0'591	32	0.122656
1S72_0:464-468_771-773_469-473	2:'0'468-4:'0'470,7:'0'775-7:'0'775,9:'0'472-10:'0'473	32	0.122656
1S72_0:427-428_403-408_378-382	2:'0'405-3:'0'406,11:'0'383-12:'0'384	32	0.122656
1S72_0:865-868_2115-2122_2267-2272	2:'0'869-2:'0'869,6:'0'2119-6:'0'2119,14:'0'2271-17:'0'2274	31.9	0.12404
1S72_0:766-769_156-161_170-176	4:'0'158-7:'0'161,12:'0'174-16:'0'178	31.8	0.125449
1S72_0:935-938_1024-1031	0:'0'937-3:'0'940,4:'0'1026-11:'0'1033	31.7	0.126881
1S72_0:731-733_2403-2405_734-736	0:'0'733-2:'0'735,5:'0'2407-5:'0'2407,7:'0'737-8:'0'738	31.6	0.128338
1S72_0:686-689_729-731_691-695	2:'0'690-3:'0'691,6:'0'733-6:'0'733,7:'0'693-9:'0'695	31.4	0.131329
1S72_0:250-255	0:'0'252-5:'0'257	31.2	0.134425
1S72_0:2907-2912_2665-2666_2820-2829	3:'0'2912-5:'0'2914,6:'0'2667-6:'0'2667,8:'0'2822-14:'0'2828	31.1	0.136015
1S72_0:2560-2562_2509-2515_2501-2505	7:'0'2515-9:'0'2517,10:'0'2503-12:'0'2505	30.8	0.140956
1S72_0:432-434_196-202_188-194	7:'0'202-8:'0'203,12:'0'192-14:'0'194	30.5	0.146171
1S72_0:2892-2894_2748-2755_2723-2730	7:'0'2754-8:'0'2755,13:'0'2727-14:'0'2728	30.4	0.147974
1S72_0:206-207_673-680_662-669	6:'0'679-7:'0'680,12:'0'666-13:'0'667	30.4	0.147974
1S72_0:75-80_91-98	0:'0'77-1:'0'78,12:'0'99-13:'0'100	30.4	0.147974
1S72_0:1095-1097_1070-1074_1081-1086	3:'0'1072-5:'0'1074,10:'0'1085-13:'0'1088	29.9	0.157509
1S72_0:2862-2867_2886-2890	0:'0'2864-1:'0'2865,9:'0'2891-10:'0'2892	29.6	0.163679
1S72_0:2500-2505_2509-2516	4:'0'2506-5:'0'2507,8:'0'2513-9:'0'2514	29.6	0.163679
1S72_0:1966-1967_1937-1943_1888-1896	6:'0'1943-7:'0'1944,14:'0'1895-15:'0'1896	29.6	0.163679
1S72_0:1541-1544_1791-1797_1637-1640	3:'0'1546-3:'0'1546,5:'0'1794-8:'0'1797,11:'0'1639-11:'0'1639	29.6	0.163679
1S72_0:2295-2296_954-961_1003-1009	2:'0'956-3:'0'957,15:'0'1010-16:'0'1011	29.6	0.163679
1S72_0:1706-1708_817-824_787-792	7:'0'823-8:'0'824,12:'0'790-13:'0'791	29.6	0.163679
1S72_0:514-519_635-637_20-25	1:'0'517-4:'0'520,7:'0'638-7:'0'638,11:'0'24-13:'0'26	29.6	0.163679
1S72_0:2767-2771_2797-2803	3:'0'2772-3:'0'2772,6:'0'2800-8:'0'2802	29.2	0.172486
1S72_0:1442-1449_1496-1505_1510-1511	5:'0'1449-5:'0'1449,10:'0'1500-12:'0'1502,19:'0'1513-19:'0'1513	29.2	0.172486
1S72_0:166-169_213-217_218-223	6:'0'217-7:'0'218,11:'0'222-12:'0'223	29.2	0.172486
1S72_0:2546-2550_2595-2604_1230-1235	4:'0'2552-4:'0'2552,6:'0'2598-10:'0'2602	28.8	0.182024
1S72_0:1253-1259_1072-1074_1093-1099	2:'0'1257-3:'0'1258,8:'0'1075-8:'0'1075,12:'0'1097-14:'0'1099	28.8	0.182024
1S72_0:2106-2111_865-868_2471-2476	3:'0'2111-5:'0'2113,8:'0'869-8:'0'869,12:'0'2475-13:'0'2476	28.8	0.182024
1S72_0:278-287_361-367_267-272	0:'0'280-1:'0'281,15:'0'368-16:'0'369	28.8	0.182024
1S72_0:1205-1207_1183-1188_1157-1159	1:'0'1208-1:'0'1208,5:'0'1187-7:'0'1189,9:'0'1159-9:'0'1159	28.4	0.192376
1S72_0:1066-1074_1095-1096_1079-1086	6:'0'1074-7:'0'1075,9:'0'1097-9:'0'1097,15:'0'1085-15:'0'1085	28.4	0.192376
1S72_0:191-194_411-414_196-200	2:'0'195-3:'0'196,7:'0'416-7:'0'416,8:'0'198-11:'0'201	28.1	0.20073
1S72_0:608-609_526-529_9-11	4:'0'530-5:'0'531,6:'0'11-8:'0'13	28.1	0.20073
1S72_0:1784-1787_2877-2882_2871-2875	6:'0'2881-8:'0'2883,11:'0'2874-13:'0'2876	28	0.203636
1S72_0:1624-1627_1566-1569_1629-1631	2:'0'1628-3:'0'1629,9:'0'1632-10:'0'1633	28	0.203636
1S72_0:1272-1280	1:'0'1275-7:'0'1281	28	0.203636
1S72_0:908-911_1038-1040_1290-1293	0:'0'910-3:'0'913,6:'0'1042-6:'0'1042,8:'0'1293-10:'0'1295	27.6	0.215914
1S72_0:585-591_1091-1092_562-568	4:'0'591-5:'0'592,7:'0'1093-7:'0'1093,10:'0'565-12:'0'567	27.6	0.215914
1S72_0:374-377_262-268_238-247	7:'0'267-8:'0'268,14:'0'243-15:'0'244	27.6	0.215914
1S72_0:2776-2783_1150-1151_2784-2792	6:'0'2784-7:'0'2785,8:'0'1152-8:'0'1152,10:'0'2786-12:'0'2788	27.4	0.222474
1S72_0:338-346_321-333_301-305	4:'0'344-5:'0'345,17:'0'331-18:'0'332	27.2	0.229337
1S72_0:2129-2132_2239-2243_2254-2260	0:'0'2131-3:'0'2134,4:'0'2241-4:'0'2241,13:'0'2260-15:'0'2262	27	0.236523
1S72_0:2776-2783_2784-2792_1150-1151	2:'0'2780-3:'0'2781,15:'0'2793-16:'0'2794	26.8	0.244052
1S72_0:1471-1476_1858-1867_1463-1466	5:'0'1478-5:'0'1478,9:'0'1863-11:'0'1865,16:'0'1465-16:'0'1465	26.8	0.244052
1S72_0:2250-2258_2240-2247	4:'0'2256-6:'0'2258,10:'0'2243-12:'0'2245	26.4	0.260231
1S72_0:2636-2641_2620-2624_1837-1841	4:'0'2642-5:'0'2643,6:'0'2622-6:'0'2622,11:'0'1839-11:'0'1839	26.2	0.26893
1S72_0:1540-1544_1613-1616_1637-1641	0:'0'1542-1:'0'1543,7:'0'1617-8:'0'1618,12:'0'1642-13:'0'1643	26.2	0.26893
1S72_0:896-899_761-763_917-922	0:'0'898-3:'0'901,4:'0'763-6:'0'765,10:'0'922-10:'0'922	25.6	0.297814
1S72_0:360-366_279-288	4:'0'366-5:'0'367,11:'0'285-12:'0'286	25.6	0.297814
1S72_0:1084-1086_911-912_1067-1071	0:'0'1086-0:'0'1086,3:'0'913-3:'0'913,7:'0'1071-9:'0'1073	25.3	0.314033
1S72_0:1592-1598	1:'0'1595-5:'0'1599	25	0.331615
1S72_0:1648-1658_1529-1533_1487-1488	6:'0'1656-8:'0'1658,13:'0'1533-14:'0'1534,16:'0'1489-16:'0'1489	25	0.331615
1S72_0:1166-1168_1197-1199_1170-1172	2:'0'1170-2:'0'1170,3:'0'1199-3:'0'1199,6:'0'1172-7:'0'1173	25	0.331615
1S72_0:76-81_89-97	0:'0'78-3:'0'81,8:'0'93-14:'0'99	24.9	0.337804
1S72_0:2689-2694_2696-2701_2564-2565	4:'0'2695-5:'0'2696,7:'0'2699-8:'0'2700	24.8	0.344169
1S72_0:1683-1684_1676-1680_1411-1417	4:'0'1680-5:'0'1681,8:'0'1414-9:'0'1415	24.8	0.344169
1S72_0:618-621_627-633_1351-1355	1:'0'621-3:'0'623,6:'0'632-8:'0'633,14:'0'1356-14:'0'1356	24.7	0.350715
1S72_0:2849-2855_2898-2904_2832-2833	0:'0'2851-0:'0'2851,13:'0'2906-13:'0'2906	24.6	0.35745
1S72_0:2498-2499_1130-1136_1223-1228	2:'0'1132-2:'0'1132,14:'0'1230-14:'0'1230	24.6	0.35745
1S72_0:1324-1326_903-905_1327-1329	0:'0'1326-2:'0'1328,5:'0'907-5:'0'907,6:'0'1329-8:'0'1331	24.5	0.36438
1S72_0:1811-1818_1756-1758_1775-1777	6:'0'1819-7:'0'1820,8:'0'1758-8:'0'1758,13:'0'1779-13:'0'1779	24.4	0.371514
1S72_0:2522-2529_1052-1058_2488-2493	5:'0'2529-5:'0'2529,9:'0'1055-11:'0'1057,17:'0'2492-17:'0'2492	24.4	0.371514
1S72_0:583-589_565-570	2:'0'587-4:'0'589,8:'0'568-10:'0'570	24.4	0.371514
1S72_0:2316-2323_2375-2378_2414-2419	0:'0'2318-5:'0'2323,8:'0'2377-11:'0'2380,16:'0'2420-17:'0'2421	24.2	0.386426
1S72_0:2465-2469_2274-2278_917-922	9:'0'2280-9:'0'2280,13:'0'922-13:'0'922	24.2	0.386426
1S72_0:1469-1475_1863-1864_1464-1467	3:'0'1474-4:'0'1475,7:'0'1865-7:'0'1865,11:'0'1468-11:'0'1468	23.6	0.43697
1S72_0:320-324_333-343_303-307	1:'0'323-1:'0'323,10:'0'340-10:'0'340,17:'0'306-18:'0'307	23.6	0.43697
1S72_0:321-333_301-305_338-346	13:'0'303-14:'0'304,25:'0'347-26:'0'348	23.6	0.43697
1S72_0:217-220_162-169	0:'0'219-0:'0'219,5:'0'165-8:'0'168	23.6	0.43697
1S72_0:2479-2489_2067-2075_2531-2534	8:'0'2489-8:'0'2489,12:'0'2070-16:'0'2074,20:'0'2533-20:'0'2533	23.2	0.476385
1S72_0:1610-1616_1642-1644_1577-1581	1:'0'1613-3:'0'1615,7:'0'1644-7:'0'1644,12:'0'1581-13:'0'1582	22.8	0.521382
1S72_0:2482-2487_1357-1358_2530-2536	0:'0'2484-0:'0'2484,6:'0'1359-7:'0'1360,12:'0'2536-12:'0'2536	22.4	0.57307
1S72_0:206-207_662-669_673-680	8:'0'670-9:'0'671,10:'0'675-11:'0'676	22.4	0.57307
1S72_0:459-465_472-478_26-27	2:'0'463-2:'0'463,10:'0'477-10:'0'477	22.2	0.601845
1S72_0:2529-2536_2479-2488_2100-2104	7:'0'2538-7:'0'2538,19:'0'2103-19:'0'2103	22.2	0.601845
1S72_0:2753-2761_2716-2724	8:'0'2763-8:'0'2763,10:'0'2719-10:'0'2719	22.2	0.601845
1S72_0:549-550_1314-1321_1332-1341	2:'0'1316-2:'0'1316,17:'0'1341-17:'0'1341	22.2	0.601845
1S72_0:926-928_909-913_1290-1292	3:'0'911-3:'0'911,10:'0'1294-10:'0'1294	22.2	0.601845
1S72_0:1027-1030_1279-1284_1268-1273	0:'0'1029-0:'0'1029,14:'0'1274-14:'0'1274	21.8	0.666299
1S72_0:27-31_447-453_1347-1352	6:'0'450-6:'0'450,15:'0'1352-15:'0'1352	21.8	0.666299
1S72_0:1837-1843_1829-1833_2639-2640	5:'0'1844-6:'0'1845,7:'0'1831-8:'0'1832	21.6	0.70248
1S72_0:2521-2525_2549-2554_1229-1231	0:'0'2523-1:'0'2524,7:'0'2553-7:'0'2553,11:'0'1231-11:'0'1231	21.4	0.741689
1S72_0:2078-2081_1232-1235_2061-2064	4:'0'1234-4:'0'1234,11:'0'2066-11:'0'2066	21.4	0.741689
1S72_0:2898-2904_2849-2855_2832-2833	0:'0'2900-1:'0'2901,12:'0'2856-13:'0'2857	13.8	1
1S72_0:2124-2126_1924-1930_1905-1911	3:'0'1926-4:'0'1927,15:'0'1912-16:'0'1913	13.8	1
1S72_0:1831-1837_1838-1841_2639-2640	0:'0'1833-2:'0'1835,7:'0'1840-10:'0'1843	13.7	1
1S72_0:2625-2629_2112-2114_2630-2634	2:'0'2629-4:'0'2631,7:'0'2116-7:'0'2116,8:'0'2632-10:'0'2634	13.7	1
1S72_0:574-576_1108-1110_577-579	0:'0'576-2:'0'578,5:'0'1112-5:'0'1112,6:'0'579-8:'0'581	13.7	1
1S72_0:2279-2281_2307-2308_2284-2287	1:'0'2282-2:'0'2283,4:'0'2310-4:'0'2310,5:'0'2286-5:'0'2286	13.6	1
1S72_0:691-695_686-689_729-731	2:'0'695-4:'0'697,5:'0'688-7:'0'690	13.4	1
1S72_0:2471-2476_865-868_2106-2111	3:'0'2476-4:'0'2477,6:'0'867-9:'0'870,12:'0'2110-13:'0'2111	13	1
1S72_0:180-184_39-40_147-152	2:'0'184-3:'0'185,5:'0'41-6:'0'42,7:'0'149-11:'0'153	13	1
1S72_0:627-633_1351-1355_618-621	2:'0'632-2:'0'632,7:'0'1353-8:'0'1354,15:'0'623-15:'0'623	12.8	1
1S72_0:2598-2599_2593-2596_2578-2581	2:'0'2595-3:'0'2596,8:'0'2582-9:'0'2583	12.6	1
1S72_0:2028-2035_1750-1755_1740-1745	5:'0'2035-6:'0'2036,15:'0'1743-16:'0'1744	12.6	1
1S72_0:1681-1682_1720-1722_1374-1375	0:'0'1683-0:'0'1683,3:'0'1723-3:'0'1723,5:'0'1376-6:'0'1377	12.6	1
1S72_0:1268-1273_1027-1030_1279-1284	4:'0'1274-5:'0'1275,8:'0'1031-9:'0'1032,10:'0'1281-11:'0'1282	12.6	1
1S72_0:128-134_41-46_139-146	7:'0'43-8:'0'44,19:'0'147-20:'0'148	12.4	1
1S72_0:1094-1099_1104-1108_1251-1257	5:'0'1101-5:'0'1101,8:'0'1108-8:'0'1108,12:'0'1254-13:'0'1255	12.2	1
1S72_0:763-766_2471-2479_2103-2111	0:'0'765-0:'0'765,11:'0'2480-11:'0'2480	12.2	1
1S72_0:627-631_2605-2606_619-621	0:'0'630-1:'0'631,5:'0'2607-5:'0'2607,7:'0'621-7:'0'621	12.2	1
1S72_0:27-31_1347-1352_447-453	4:'0'33-4:'0'33,5:'0'1349-5:'0'1349,11:'0'449-12:'0'450	11.8	1
1S72_0:2530-2536_1357-1358_2482-2487	1:'0'2533-3:'0'2535,7:'0'1359-8:'0'1360,12:'0'2487-14:'0'2489	11.6	1
1S72_0:1100-1102_1238-1239_1233-1237	2:'0'1104-2:'0'1104,3:'0'1240-3:'0'1240,8:'0'1238-9:'0'1239	11.6	1
1S72_0:2057-2058_615-616_535-537	2:'0'617-3:'0'618,5:'0'538-6:'0'539	11.6	1
1S72_0:832-835_844-846	2:'0'836-3:'0'837,4:'0'846-5:'0'847	11.4	1
1S72_0:655-662_743-746_679-684	1:'0'658-3:'0'660,8:'0'745-10:'0'747	11.4	1
1S72_0:2604-2616_2537-2546	3:'0'2609-4:'0'2610,20:'0'2546-21:'0'2547	11	1
1S72_0:864-872_873-884_776-778	6:'0'872-8:'0'874,9:'0'875-12:'0'878	10.7	1
1S72_0:2457-2464_2424-2430_2314-2315	0:'0'2459-0:'0'2459,14:'0'2432-14:'0'2432	10.6	1
1S72_0:2799-2800_2770-2775_2795-2798	7:'0'2777-7:'0'2777,8:'0'2797-8:'0'2797	10.6	1
1S72_0:2836-2841_2655-2658_2082-2086	9:'0'2660-9:'0'2660,10:'0'2084-10:'0'2084	10.6	1
1S72_0:1996-2003_1982-1988_1974-1979	0:'0'1998-0:'0'1998,14:'0'1990-14:'0'1990	10.6	1
1S72_0:2124-2126_1927-1932_1901-1907	8:'0'1934-8:'0'1934,9:'0'1903-11:'0'1905	10.6	1
1S72_0:1776-1778_1811-1817_1762-1764	2:'0'1780-2:'0'1780,10:'0'1764-10:'0'1764	10.6	1
1S72_0:1726-1732_2043-2045	0:'0'1728-0:'0'1728,9:'0'2047-9:'0'2047	10.6	1
1S72_0:1707-1711_1703-1706_787-789	4:'0'1713-4:'0'1713,5:'0'1705-5:'0'1705	10.6	1
1S72_0:1104-1108_1094-1099_1251-1257	4:'0'1110-4:'0'1110,11:'0'1253-11:'0'1253	10.6	1
1S72_0:824-831_786-787_847-852	7:'0'833-7:'0'833,10:'0'849-10:'0'849	10.6	1
1S72_0:2471-2479_763-766_2103-2111	8:'0'2481-8:'0'2481,13:'0'2105-13:'0'2105	10.6	1
1S72_0:743-746_655-662_679-684	10:'0'663-11:'0'664,13:'0'682-14:'0'683	10.6	1
1S72_0:39-40_180-184_147-152	2:'0'182-2:'0'182,12:'0'154-12:'0'154	10.6	1
1S72_0:103-107_63-70_51-52	0:'0'105-0:'0'105,12:'0'72-12:'0'72	10.6	1
1S72_0:2864-2871_2882-2889	3:'0'2869-3:'0'2869,12:'0'2888-12:'0'2888	10.2	1
1S72_0:2537-2546_2604-2616	4:'0'2543-4:'0'2543,19:'0'2615-19:'0'2615	10.2	1
1S72_0:1966-1967_1888-1896_1937-1943	10:'0'1898-10:'0'1898,11:'0'1939-11:'0'1939	10.2	1
1S72_0:1827-1829_1843-1846_1881-1882	6:'0'1848-6:'0'1848,7:'0'1883-7:'0'1883	10.2	1
1S72_0:1837-1841_2620-2624_2636-2641	9:'0'2626-9:'0'2626,10:'0'2638-10:'0'2638	9.8	1
1S72_0:1775-1777_1811-1818_1756-1758	0:'0'1777-0:'0'1777,13:'0'1760-13:'0'1760	9.8	1
1S72_0:1749-1753_1744-1747_2029-2032	6:'0'1747-6:'0'1747,12:'0'2034-12:'0'2034	9.8	1
1S72_0:1642-1644_1577-1581_1610-1616	7:'0'1583-7:'0'1583,8:'0'1612-8:'0'1612	9.8	1
1S72_0:1683-1684_1411-1417_1676-1680	8:'0'1419-8:'0'1419,9:'0'1678-9:'0'1678	9.8	1
1S72_0:2062-2066_2074-2079_1233-1239	0:'0'2064-0:'0'2064,10:'0'2081-10:'0'2081	9.8	1
1S72_0:1242-1246_1113-1118	4:'0'1248-4:'0'1248,5:'0'1115-5:'0'1115	9.8	1
1S72_0:1279-1284_1268-1273_1027-1030	5:'0'1286-5:'0'1286,6:'0'1270-6:'0'1270	9.8	1
1S72_0:1706-1708_787-792_817-824	8:'0'794-8:'0'794,9:'0'819-9:'0'819	9.8	1
1S72_0:393-397_388-392_2440-2441	4:'0'399-4:'0'399,5:'0'390-5:'0'390	9.8	1
1S72_0:139-146_41-46_128-134	5:'0'146-6:'0'147,9:'0'44-10:'0'45,15:'0'131-16:'0'132	8.6	1
1S72_0:2773-2775_2552-2558_2572-2578	7:'0'2558-7:'0'2558,11:'0'2575-11:'0'2575	8.2	1
1S72_0:2284-2287_2307-2308_2279-2281	3:'0'2289-3:'0'2289,6:'0'2281-6:'0'2281	8.2	1
1S72_0:1863-1864_1469-1475_1464-1467	7:'0'1476-8:'0'1477,9:'0'1466-10:'0'1467	8.2	1
1S72_0:139-146_128-134_41-46	1:'0'142-1:'0'142,14:'0'136-14:'0'136	8.2	1
1S72_0:1451-1455_1649-1657_1487-1489	1:'0'1454-1:'0'1454,5:'0'1651-9:'0'1655,16:'0'1491-16:'0'1491	7.8	1
1S72_0:2900-2906_2845-2853_2830-2831	0:'0'2902-0:'0'2902,13:'0'2853-13:'0'2853	7.4	1
1S72_0:1386-1387_1389-1390_1431-1433	1:'0'1389-1:'0'1389,2:'0'1391-2:'0'1391	7.4	1
1S72_0:622-623_1125-1127_2068-2069	1:'0'625-1:'0'625,2:'0'1127-4:'0'1129,5:'0'2070-6:'0'2071	7	1
1S72_0:2465-2469_917-922_2274-2278	3:'0'2470-3:'0'2470,5:'0'919-10:'0'924,12:'0'2277-12:'0'2277	7	1
1S72_0:622-623_625-626_2068-2069	0:'0'624-1:'0'625,2:'0'627-2:'0'627,5:'0'2071-5:'0'2071	6.8	1
1S72_0:2677-2682_2575-2578_2553-2555	9:'0'2580-9:'0'2580,10:'0'2555-10:'0'2555	5.8	1
1S72_0:2004-2006_2000-2003_1972-1979	6:'0'2005-6:'0'2005,8:'0'1975-8:'0'1975	5.8	1
1S72_0:1170-1174_1198-1202_1193-1197	3:'0'1175-3:'0'1175,9:'0'1204-9:'0'1204	5.8	1
1S72_0:432-436_202-204_231-235	7:'0'206-7:'0'206,8:'0'233-8:'0'233	5.4	1
1S72_0:2553-2555_2677-2682_2575-2578	2:'0'2557-2:'0'2557,10:'0'2578-10:'0'2578	5	1
1S72_0:1654-1657_1450-1455_1483-1489	7:'0'1455-7:'0'1455,15:'0'1490-15:'0'1490	5	1
1S72_0:1756-1758_1775-1777_1811-1818	6:'0'1813-10:'0'1817	4.2	1
1S72_0:30-31_458-461_453-456		2.6	1
1S72_0:1170-1172_1166-1168_1197-1199		2.5	1
1S72_0:2549-2554_1229-1231_2521-2525		2.3	1
1S72_0:2549-2554_2521-2525_1229-1231		2.3	1
1S72_0:1424-1437_1390-1393		2.3	1
1S72_0:1170-1172_1197-1199_1166-1168		2.3	1
1S72_0:1229-1231_2549-2554_2521-2525		2	1
1S72_0:1128-1130_2519-2523_2524-2525		2	1
1S72_0:2519-2523_1128-1130_2524-2525		2	1
1S72_0:2519-2523_2524-2525_1128-1130		2	1
1S72_0:1390-1393_1424-1437		2	1
1S72_0:1389-1390_1386-1387_1431-1433		2	1
1S72_0:1197-1199_1170-1172_1166-1168		2	1
1S72_0:2561-2565_2692-2693		1.9	1
1S72_0:2692-2693_2561-2565		1.7	1
1S72_0:1128-1130_2524-2525_2519-2523		1.7	1
1S72_0:2524-2525_2519-2523_1128-1130		1.7	1
1S72_0:1389-1390_1431-1433_1386-1387		1.7	1
1S72_0:1431-1433_1389-1390_1386-1387		1.7	1
1S72_0:1681-1682_1374-1375_1720-1722		1.7	1
1S72_0:1374-1375_1720-1722_1681-1682		1.7	1
1S72_0:625-626_622-623_2068-2069		1.7	1
1S72_0:458-461_30-31_453-456		1.7	1
1S72_0:1374-1375_1681-1682_1720-1722		1.6	1
1S72_0:622-623_2068-2069_1125-1127		1.6	1
1S72_0:2068-2069_625-626_622-623		1.6	1
1S72_0:1744-1753		1.5	1
1S72_0:458-461_453-456_30-31		1.5	1
1S72_0:2524-2525_1128-1130_2519-2523		1.4	1
1S72_0:622-623_2068-2069_625-626		1.4	1
