No base-stacking information is found. Performing alignment based on base-pairing information.
#fragment_ID	aligned_regions	alignment_score	P-value
1S72_0:1434-1437_1685-1692_1423-1428	0:'0'1436-3:'0'1439,4:'0'1687-11:'0'1694,12:'0'1425-17:'0'1430	61.4	0.0452977
1S72_0:2295-2296_1001-1008_955-963	3:'0'1004-8:'0'1009,10:'0'957-17:'0'964	45.3	0.150697
1S72_0:2756-2762_2715-2722_2037-2038	3:'0'2761-5:'0'2763,7:'0'2717-11:'0'2721	42.6	0.202895
1S72_0:1036-1040_926-930_1290-1294	2:'0'1040-4:'0'1042,5:'0'928-7:'0'930,12:'0'1294-13:'0'1295	24.7	1
1S72_0:1966-1967_1937-1944_1888-1896	5:'0'1942-7:'0'1944,13:'0'1893-17:'0'1897	18.3	1
1S72_0:26-32_446-454_477-478	0:'0'28-5:'0'33,9:'0'450-14:'0'455,16:'0'479-17:'0'480	13.5	1
1S72_0:2534-2536_2476-2484_2100-2106	3:'0'2478-3:'0'2478,18:'0'2108-18:'0'2108	10.6	1
1S72_0:2647-2652_2088-2093	1:'0'2650-1:'0'2650,11:'0'2095-11:'0'2095	10.6	1
1S72_0:1969-1972_2003-2014_1884-1889	15:'0'2016-15:'0'2016,16:'0'1886-16:'0'1886	10.6	1
1S72_0:1561-1562_1555-1560_2736-2737	5:'0'1561-5:'0'1561,9:'0'2739-9:'0'2739	10.6	1
1S72_0:1577-1581_1610-1616_1539-1541	4:'0'1583-4:'0'1583,5:'0'1612-5:'0'1612	10.6	1
1S72_0:2062-2066_2074-2079_1232-1239	0:'0'2064-0:'0'2064,10:'0'2081-10:'0'2081	10.6	1
1S72_0:1157-1158_1201-1207_1184-1194	5:'0'1206-5:'0'1206,14:'0'1191-14:'0'1191	10.6	1
1S72_0:997-1003_961-968	4:'0'1003-4:'0'1003,9:'0'965-9:'0'965	10.6	1
1S72_0:1827-1833_1839-1845_854-855	4:'0'1833-4:'0'1833,9:'0'1843-9:'0'1843	10.6	1
1S72_0:2049-2055_1365-1374_836-841	6:'0'2057-6:'0'2057,7:'0'1367-7:'0'1367	10.6	1
1S72_0:851-857_821-826_786-789	7:'0'823-7:'0'823,16:'0'791-16:'0'791	10.6	1
1S72_0:2527-2533_2485-2490_623-625	2:'0'2531-2:'0'2531,10:'0'2490-10:'0'2490	10.6	1
1S72_0:1351-1358_618-621_627-633	11:'0'623-11:'0'623,14:'0'632-14:'0'632	10.6	1
1S72_0:2696-2703_2687-2694_2564-2565	7:'0'2705-7:'0'2705,8:'0'2689-8:'0'2689	10.6	1
1S72_0:2311-2315_2420-2426_2357-2362	7:'0'2424-7:'0'2424,15:'0'2362-15:'0'2362	10.6	1
1S72_0:2287-2290_2465-2469_2274-2279	1:'0'2290-1:'0'2290,13:'0'2280-13:'0'2280	10.6	1
1S72_0:1720-1722_1411-1417_1676-1684	9:'0'1419-9:'0'1419,10:'0'1678-10:'0'1678	10.6	1
1S72_0:819-825_1703-1711_786-791	0:'0'821-0:'0'821,21:'0'793-21:'0'793	10.6	1
1S72_0:617-621_2071-2075_627-632	0:'0'619-0:'0'619,6:'0'2074-6:'0'2074	10.6	1
1S72_0:562-570_583-591	3:'0'567-3:'0'567,15:'0'591-15:'0'591	10.6	1
1S72_0:459-467_469-478_26-27	7:'0'468-7:'0'468,11:'0'473-11:'0'473	10.6	1
1S72_0:324-330_337-347_300-307	17:'0'349-17:'0'349,18:'0'302-18:'0'302	10.6	1
1S72_0:219-227_208-216	3:'0'224-3:'0'224,15:'0'216-15:'0'216	10.6	1
1S72_0:423-429_200-203_187-194	7:'0'202-7:'0'202,16:'0'194-16:'0'194	10.6	1
1S72_0:128-132_40-42_139-147	6:'0'43-6:'0'43,15:'0'148-15:'0'148	10.6	1
1S72_0:635-637_19-25_514-520	9:'0'27-9:'0'27,10:'0'516-10:'0'516	10.6	1
1S72_0:2280-2284_2100-2104_2482-2484	7:'0'2104-7:'0'2104,11:'0'2485-11:'0'2485	10.2	1
1S72_0:2726-2730_2748-2752_1806-1810	4:'0'2732-4:'0'2732,5:'0'2750-5:'0'2750	10.2	1
1S72_0:1210-1214_1145-1153	1:'0'1213-1:'0'1213,12:'0'1154-12:'0'1154	10.2	1
1S72_0:961-968_997-1003	0:'0'963-0:'0'963,14:'0'1005-14:'0'1005	10.2	1
1S72_0:1036-1040_1290-1294_926-930	4:'0'1042-4:'0'1042,10:'0'928-10:'0'928	10.2	1
1S72_0:2388-2396_913-917_922-926	13:'0'919-13:'0'919,14:'0'924-14:'0'924	10.2	1
1S72_0:2485-2490_2527-2533_623-625	5:'0'2492-5:'0'2492,6:'0'2529-6:'0'2529	10.2	1
1S72_0:1364-1366_2054-2062_533-536	6:'0'2059-6:'0'2059,14:'0'537-14:'0'537	10.2	1
1S72_0:1336-1341_1310-1317_314-315	0:'0'1338-0:'0'1338,13:'0'1319-13:'0'1319	10.2	1
1S72_0:507-513_483-491_497-503	15:'0'493-15:'0'493,16:'0'499-16:'0'499	10.2	1
1S72_0:362-367_278-286	0:'0'364-0:'0'364,14:'0'288-14:'0'288	10.2	1
1S72_0:372-379_266-273_238-241	0:'0'374-0:'0'374,15:'0'275-15:'0'275	10.2	1
1S72_0:2831-2833_2899-2904_2849-2854	3:'0'2901-3:'0'2901,14:'0'2856-14:'0'2856	10.2	1
1S72_0:2608-2615_2539-2544	5:'0'2615-5:'0'2615,10:'0'2543-10:'0'2543	10.2	1
1S72_0:1407-1414_1692-1698_1677-1685	3:'0'1412-3:'0'1412,11:'0'1697-11:'0'1697	10.2	1
1S72_0:1637-1642_1613-1616_1540-1544	0:'0'1639-0:'0'1639,14:'0'1546-14:'0'1546	10.2	1
1S72_0:1487-1488_1529-1533_1648-1658	2:'0'1531-2:'0'1531,17:'0'1660-17:'0'1660	10.2	1
1S72_0:509-513_484-489_499-504	9:'0'490-9:'0'490,12:'0'502-12:'0'502	10.2	1
1S72_0:208-216_219-227	0:'0'210-0:'0'210,17:'0'229-17:'0'229	10.2	1
1S72_0:635-637_514-520_19-25	9:'0'522-9:'0'522,10:'0'21-10:'0'21	10.2	1
1S72_0:2849-2852_2903-2907_2829-2832	8:'0'2909-8:'0'2909,9:'0'2831-9:'0'2831	9.8	1
1S72_0:2770-2775_2795-2800_2572-2578	5:'0'2777-5:'0'2777,6:'0'2797-6:'0'2797	9.8	1
1S72_0:2795-2800_2770-2775_2572-2578	5:'0'2802-5:'0'2802,6:'0'2772-6:'0'2772	9.8	1
1S72_0:2251-2258_2239-2246_2131-2132	0:'0'2253-0:'0'2253,15:'0'2248-15:'0'2248	9.8	1
1S72_0:2630-2632_2468-2475_2108-2113	10:'0'2477-10:'0'2477,11:'0'2110-11:'0'2110	9.8	1
1S72_0:2630-2632_2108-2113_2468-2475	4:'0'2111-4:'0'2111,15:'0'2476-15:'0'2476	9.8	1
1S72_0:2834-2842_2652-2656_2086-2088	9:'0'2654-9:'0'2654,16:'0'2090-16:'0'2090	9.8	1
1S72_0:2721-2726_2752-2756_2037-2039	5:'0'2728-5:'0'2728,6:'0'2754-6:'0'2754	9.8	1
1S72_0:1823-1825_2019-2025_1993-1997	2:'0'1827-2:'0'1827,3:'0'2021-3:'0'2021	9.8	1
1S72_0:2019-2025_1823-1825_1993-1997	2:'0'2023-2:'0'2023,8:'0'1826-8:'0'1826	9.8	1
1S72_0:1843-1845_1824-1829_2016-2021	5:'0'1828-5:'0'1828,11:'0'2020-11:'0'2020	9.8	1
1S72_0:1701-1705_2732-2734_1708-1713	0:'0'1703-0:'0'1703,13:'0'1715-13:'0'1715	9.8	1
1S72_0:1620-1625_1568-1572_1509-1510	5:'0'1627-5:'0'1627,6:'0'1570-6:'0'1570	9.8	1
1S72_0:2042-2044_1730-1734_1373-1375	1:'0'2045-1:'0'2045,5:'0'1734-5:'0'1734	9.8	1
1S72_0:447-448_1347-1352_1299-1303	4:'0'1351-4:'0'1351,10:'0'1303-10:'0'1303	9.8	1
1S72_0:2546-2550_2595-2604_1230-1235	4:'0'2552-4:'0'2552,10:'0'2602-10:'0'2602	9.8	1
1S72_0:2595-2604_2546-2550_1230-1235	9:'0'2606-9:'0'2606,10:'0'2548-10:'0'2548	9.8	1
1S72_0:1145-1153_1210-1214	8:'0'1155-8:'0'1155,9:'0'1212-9:'0'1212	9.8	1
1S72_0:1070-1072_1289-1291_1083-1086	2:'0'1074-2:'0'1074,6:'0'1085-6:'0'1085	9.8	1
1S72_0:1093-1097_1255-1259_1083-1086	4:'0'1099-4:'0'1099,5:'0'1257-5:'0'1257	9.8	1
1S72_0:1021-1025_937-942	0:'0'1023-0:'0'1023,10:'0'944-10:'0'944	9.8	1
1S72_0:1839-1845_1827-1833_854-855	3:'0'1844-3:'0'1844,10:'0'1832-10:'0'1832	9.8	1
1S72_0:1365-1374_2049-2055_836-841	7:'0'1374-7:'0'1374,10:'0'2051-10:'0'2051	9.8	1
1S72_0:757-763_897-902_640-644	6:'0'765-6:'0'765,7:'0'899-7:'0'899	9.8	1
1S72_0:757-763_640-644_897-902	0:'0'759-0:'0'759,11:'0'646-11:'0'646	9.8	1
1S72_0:627-633_1351-1358_618-621	4:'0'633-4:'0'633,17:'0'622-17:'0'622	9.8	1
1S72_0:415-416_2447-2449_389-396	1:'0'418-1:'0'418,2:'0'2449-2:'0'2449	9.8	1
1S72_0:363-366_279-285_267-272	0:'0'365-0:'0'365,10:'0'287-10:'0'287	9.8	1
1S72_0:255-266_242-250	9:'0'266-9:'0'266,13:'0'245-13:'0'245	9.8	1
1S72_0:242-250_255-266	8:'0'252-8:'0'252,9:'0'257-9:'0'257	9.8	1
1S72_0:374-377_262-269_238-247	3:'0'379-3:'0'379,12:'0'240-12:'0'240	9.8	1
1S72_0:103-107_61-70_50-52	0:'0'105-0:'0'105,14:'0'72-14:'0'72	9.8	1
1S72_0:119-122_108-114_41-49	3:'0'124-3:'0'124,10:'0'116-10:'0'116	9.8	1
1S72_0:145-149_106-113_39-50	2:'0'149-2:'0'149,14:'0'42-14:'0'42	9.8	1
1S72_0:106-113_39-50_145-149	3:'0'111-3:'0'111,17:'0'50-17:'0'50	9.8	1
1S72_0:668-674_446-448_31-34	9:'0'450-9:'0'450,10:'0'33-10:'0'33	9.8	1
1S72_0:668-674_31-34_446-448	8:'0'34-8:'0'34,11:'0'448-11:'0'448	9.8	1
1S72_0:2807-2815_2670-2674_2659-2660	8:'0'2817-8:'0'2817,9:'0'2672-9:'0'2672	9.8	1
1S72_0:2670-2674_2807-2815_2659-2660	4:'0'2676-4:'0'2676,5:'0'2809-5:'0'2809	9.8	1
1S72_0:2597-2600_2573-2579_2552-2556	4:'0'2575-4:'0'2575,15:'0'2558-15:'0'2558	9.8	1
1S72_0:2457-2464_2425-2430_2314-2315	0:'0'2459-0:'0'2459,13:'0'2432-13:'0'2432	9.8	1
1S72_0:2316-2321_2416-2419_2402-2407	6:'0'2418-6:'0'2418,15:'0'2409-15:'0'2409	9.8	1
1S72_0:2311-2315_2357-2362_2420-2426	10:'0'2364-10:'0'2364,11:'0'2422-11:'0'2422	9.8	1
1S72_0:2251-2260_2129-2132_2240-2246	9:'0'2262-9:'0'2262,10:'0'2131-10:'0'2131	9.8	1
1S72_0:2237-2243_2129-2134_2254-2260	0:'0'2239-0:'0'2239,12:'0'2136-12:'0'2136	9.8	1
1S72_0:1966-1967_1888-1896_1937-1944	10:'0'1898-10:'0'1898,11:'0'1939-11:'0'1939	9.8	1
1S72_0:2871-2882_1797-1805_1784-1791	12:'0'1799-12:'0'1799,28:'0'1793-28:'0'1793	9.8	1
1S72_0:2028-2035_1740-1755	6:'0'2036-6:'0'2036,9:'0'1743-9:'0'1743	9.8	1
1S72_0:1740-1755_2028-2035	2:'0'1744-2:'0'1744,21:'0'2035-21:'0'2035	9.8	1
1S72_0:2043-2048_1723-1732	5:'0'2050-5:'0'2050,6:'0'1725-6:'0'1725	9.8	1
1S72_0:1692-1698_1407-1414_1677-1685	6:'0'1700-6:'0'1700,7:'0'1409-7:'0'1409	9.8	1
1S72_0:1692-1698_1677-1685_1407-1414	0:'0'1694-0:'0'1694,15:'0'1687-15:'0'1687	9.8	1
1S72_0:859-862_1481-1487_1454-1458	10:'0'1489-10:'0'1489,11:'0'1456-11:'0'1456	9.8	1
1S72_0:1411-1414_1674-1679_1446-1449	3:'0'1416-3:'0'1416,7:'0'1679-7:'0'1679	9.8	1
1S72_0:951-957_1006-1010_1003-1005	3:'0'956-3:'0'956,10:'0'1011-10:'0'1011	9.8	1
1S72_0:2300-2301_950-956_1006-1014	8:'0'958-8:'0'958,9:'0'1008-9:'0'1008	9.8	1
1S72_0:910-914_1037-1041_924-929	5:'0'1039-5:'0'1039,15:'0'931-15:'0'931	9.8	1
1S72_0:917-922_896-900_760-763	10:'0'902-10:'0'902,11:'0'762-11:'0'762	9.8	1
1S72_0:1685-1692_840-845_834-836	13:'0'847-13:'0'847,14:'0'836-14:'0'836	9.8	1
1S72_0:700-705_935-941_719-724	3:'0'705-3:'0'705,15:'0'723-15:'0'723	9.8	1
1S72_0:935-941_719-724_700-705	12:'0'726-12:'0'726,13:'0'702-13:'0'702	9.8	1
1S72_0:935-936_703-707_717-721	6:'0'709-6:'0'709,7:'0'719-7:'0'719	9.8	1
1S72_0:206-208_677-684_658-665	9:'0'685-9:'0'685,12:'0'661-12:'0'661	9.8	1
1S72_0:206-208_658-665_677-684	10:'0'667-10:'0'667,11:'0'679-11:'0'679	9.8	1
1S72_0:469-478_459-467_26-27	3:'0'474-3:'0'474,16:'0'467-16:'0'467	9.8	1
1S72_0:469-478_26-27_459-467	9:'0'480-9:'0'480,10:'0'28-10:'0'28	9.8	1
1S72_0:427-428_403-408_378-382	2:'0'405-2:'0'405,12:'0'384-12:'0'384	9.8	1
1S72_0:339-346_324-333_301-304	3:'0'344-3:'0'344,14:'0'332-14:'0'332	9.8	1
1S72_0:314-317_310-313_334-335	3:'0'319-3:'0'319,4:'0'312-4:'0'312	9.8	1
1S72_0:353-361_287-294	7:'0'362-7:'0'362,10:'0'290-10:'0'290	9.8	1
1S72_0:287-294_353-361	7:'0'296-7:'0'296,8:'0'355-8:'0'355	9.8	1
1S72_0:432-436_188-193_199-204	10:'0'195-10:'0'195,11:'0'201-11:'0'201	9.8	1
1S72_0:766-769_169-176_156-162	4:'0'171-4:'0'171,18:'0'164-18:'0'164	9.8	1
1S72_0:91-98_75-80	7:'0'100-7:'0'100,8:'0'77-8:'0'77	9.8	1
1S72_0:2560-2563_2508-2514_2501-2505	8:'0'2514-8:'0'2514,14:'0'2506-14:'0'2506	8.2	1
1S72_0:844-846_832-843_2052-2053	9:'0'840-9:'0'840,15:'0'2054-15:'0'2054	8.2	1
1S72_0:2625-2634_2112-2116_2467-2470	11:'0'2115-11:'0'2115,16:'0'2470-16:'0'2470	8.2	1
1S72_0:1113-1120_1235-1246	7:'0'1122-7:'0'1122,13:'0'1242-13:'0'1242	8.2	1
1S72_0:1072-1074_1093-1097_1255-1259	3:'0'1095-3:'0'1095,12:'0'1261-12:'0'1261	8.2	1
1S72_0:876-878_864-870_773-778	3:'0'866-3:'0'866,15:'0'780-15:'0'780	8.2	1
1S72_0:2716-2724_2754-2762_2037-2039	6:'0'2724-6:'0'2724,11:'0'2758-11:'0'2758	7.8	1
1S72_0:2521-2526_2491-2496_1229-1231	5:'0'2528-5:'0'2528,7:'0'2494-7:'0'2494	7.8	1
1S72_0:428-435_231-237_202-204	8:'0'233-8:'0'233,17:'0'206-17:'0'206	7.8	1
1S72_0:2100-2104_2530-2536_2479-2487	7:'0'2534-7:'0'2534,19:'0'2488-19:'0'2488	7.8	1
1S72_0:773-778_864-870_876-878	12:'0'872-12:'0'872,13:'0'878-13:'0'878	7.8	1
1S72_0:2418-2419_2375-2378_2316-2321	1:'0'2421-1:'0'2421,6:'0'2318-6:'0'2318	7.4	1
1S72_0:2296-2299_2304-2308_2278-2288	0:'0'2298-0:'0'2298,8:'0'2310-8:'0'2310	7.4	1
1S72_0:2023-2025_1988-1990_1992-1996	3:'0'1990-3:'0'1990,10:'0'1998-10:'0'1998	7.4	1
1S72_0:1451-1455_1649-1657_1483-1489	5:'0'1651-9:'0'1655	7.4	1
1S72_0:2516-2521_2498-2500_1128-1132	1:'0'2519-1:'0'2519,7:'0'2501-7:'0'2501	7.4	1
1S72_0:844-846_2052-2053_832-843	2:'0'848-2:'0'848,5:'0'834-5:'0'834	7.4	1
1S72_0:2377-2382_2403-2406_731-736	2:'0'2381-2:'0'2381,8:'0'2407-8:'0'2407	7.4	1
1S72_0:682-684_743-746_655-660	5:'0'747-5:'0'747,8:'0'658-8:'0'658	7.4	1
1S72_0:422-425_411-414_191-201	0:'0'424-0:'0'424,7:'0'416-7:'0'416	7.4	1
1S72_0:431-435_231-235_188-189	0:'0'433-0:'0'433,9:'0'237-9:'0'237	7.4	1
1S72_0:214-222_166-171_160-163	3:'0'219-3:'0'219,9:'0'168-9:'0'168	7.4	1
1S72_0:2784-2792_2776-2783_1150-1151	8:'0'2794-8:'0'2794,11:'0'2780-11:'0'2780	7.4	1
1S72_0:2100-2104_2479-2487_2530-2536	3:'0'2105-3:'0'2105,5:'0'2481-5:'0'2481	7.4	1
1S72_0:2479-2487_2530-2536_2100-2104	8:'0'2489-8:'0'2489,10:'0'2533-10:'0'2533	7.4	1
1S72_0:2353-2355_2363-2369_2327-2329	0:'0'2355-0:'0'2355,12:'0'2331-12:'0'2331	7.4	1
1S72_0:2486-2489_2072-2075_2066-2071	7:'0'2077-7:'0'2077,8:'0'2068-8:'0'2068	7.4	1
1S72_0:2636-2639_2000-2006_1973-1984	4:'0'2002-4:'0'2002,22:'0'1986-22:'0'1986	7.4	1
1S72_0:1685-1692_1423-1428_1434-1437	13:'0'1430-13:'0'1430,14:'0'1436-14:'0'1436	7.4	1
1S72_0:1714-1717_1402-1407	2:'0'1718-2:'0'1718,4:'0'1404-4:'0'1404	7.4	1
1S72_0:1398-1400_2041-2042_1373-1380	0:'0'1400-0:'0'1400,12:'0'1382-12:'0'1382	7.4	1
1S72_0:1235-1246_1113-1120	11:'0'1248-11:'0'1248,12:'0'1115-12:'0'1115	7.4	1
1S72_0:1036-1041_1290-1294_908-914	9:'0'1295-9:'0'1295,11:'0'910-11:'0'910	7.4	1
1S72_0:1685-1692_879-884_866-868	11:'0'884-11:'0'884,14:'0'868-14:'0'868	7.4	1
1S72_0:1245-1252_1106-1110_574-579	7:'0'1254-7:'0'1254,8:'0'1108-8:'0'1108	7.4	1
1S72_0:505-513_501-504_479-487	8:'0'515-8:'0'515,19:'0'487-19:'0'487	7.4	1
1S72_0:145-152_180-185_39-46	7:'0'154-7:'0'154,8:'0'182-8:'0'182	7.4	1
1S72_0:2578-2580_2598-2600_2594-2596	2:'0'2582-2:'0'2582,6:'0'2596-6:'0'2596	6.2	1
1S72_0:2269-2275_2114-2117_162-169	5:'0'2276-5:'0'2276,9:'0'2118-9:'0'2118	5.8	1
1S72_0:2636-2639_2000-2008_1969-1982	10:'0'2008-10:'0'2008,16:'0'1974-16:'0'1974	5.4	1
1S72_0:1868-1876_1851-1857	0:'0'1870-0:'0'1870,15:'0'1859-15:'0'1859	5.4	1
1S72_0:2636-2639_1969-1982_2000-2008	8:'0'1975-8:'0'1975,21:'0'2005-21:'0'2005	5	1
1S72_0:1813-1816_1806-1812_2729-2731	4:'0'1808-8:'0'1812	5	1
1S72_0:2066-2069_1074-1081_622-626	4:'0'1076-11:'0'1083	5	1
1S72_0:885-887_771-777_465-472	0:'0'887-0:'0'887,4:'0'774-4:'0'774	5	1
1S72_0:2458-2464_2423-2428_2312-2315	4:'0'2464-4:'0'2464,15:'0'2316-15:'0'2316	5	1
1S72_0:1887-1888_2006-2013_1969-1979	0:'0'1889-0:'0'1889,7:'0'2013-7:'0'2013	5	1
1S72_0:1193-1202_1166-1175	9:'0'1204-9:'0'1204,17:'0'1175-17:'0'1175	5	1
1S72_0:312-314_336-341_332-335	7:'0'342-7:'0'342,9:'0'334-9:'0'334	5	1
1S72_0:479-486_506-511_502-505	7:'0'488-7:'0'488,13:'0'513-13:'0'513	4.6	1
1S72_0:27-31_1357-1360_449-454	5:'0'1359-6:'0'1360	4.2	1
1S72_0:1324-1329_901-905	6:'0'903-7:'0'904	4.2	1
1S72_0:1077-1079_619-629_2066-2076	6:'0'624-6:'0'624,17:'0'2071-17:'0'2071	3.8	1
1S72_0:2066-2076_619-629_1077-1079	16:'0'626-16:'0'626,24:'0'1081-24:'0'1081	3.6	1
1S72_0:473-479_459-464_509-512	6:'0'481-6:'0'481,13:'0'511-13:'0'511	3.6	1
1S72_0:2425-2427_2388-2396_2459-2464	9:'0'2396-9:'0'2396,16:'0'2465-16:'0'2465	3.2	1
1S72_0:2273-2276_165-167_2465-2469	0:'0'2275-0:'0'2275,6:'0'169-6:'0'169	3.2	1
1S72_0:1641-1645_1613-1614_1592-1598	1:'0'1644-1:'0'1644,5:'0'1615-5:'0'1615	3.2	1
1S72_0:1227-1230_2518-2524_1126-1131	11:'0'1128-12:'0'1129	3.2	1
1S72_0:2381-2382_729-740_686-696	13:'0'742-13:'0'742,24:'0'698-24:'0'698	3.2	1
1S72_0:27-31_638-641_449-454	7:'0'642-8:'0'643	3.2	1
1S72_0:27-31_449-454_638-641	8:'0'454-8:'0'454,11:'0'640-11:'0'640	3.2	1
1S72_0:774-778_869-872_1830-1842		3.1	1
1S72_0:774-778_1830-1842_869-872		3.1	1
1S72_0:2560-2563_2568-2570_2502-2514	1:'0'2563-1:'0'2563,4:'0'2570-4:'0'2570	3	1
1S72_0:729-738_686-695_2403-2405		3	1
1S72_0:504-506_453-463_473-484		3	1
1S72_0:2482-2484_2280-2284_2100-2104		2.9	1
1S72_0:1592-1598_1613-1614_1641-1645		2.9	1
1S72_0:1117-1122_1066-1067_1079-1081		2.9	1
1S72_0:936-938_1025-1030_1269-1272		2.9	1
1S72_0:1025-1030_1269-1272_936-938		2.9	1
1S72_0:2568-2570_2502-2514_2560-2563		2.8	1
1S72_0:1613-1614_1641-1645_1592-1598	1:'0'1616-1:'0'1616,2:'0'1643-2:'0'1643	2.8	1
1S72_0:936-938_1269-1272_1025-1030		2.8	1
1S72_0:1025-1030_936-938_1269-1272		2.8	1
1S72_0:2776-2792	7:'0'2785-9:'0'2787	2.8	1
1S72_0:2404-2405_686-696_729-740		2.8	1
1S72_0:2403-2405_686-695_729-738		2.8	1
1S72_0:686-695_729-738_2403-2405		2.8	1
1S72_0:504-506_473-484_453-463	7:'0'479-7:'0'479,21:'0'461-21:'0'461	2.8	1
1S72_0:453-463_504-506_473-484		2.8	1
1S72_0:458-463_474-477_449-456		2.8	1
1S72_0:2459-2464_2425-2427_2388-2396		2.7	1
1S72_0:1126-1131_1227-1230_2518-2524		2.7	1
1S72_0:459-464_473-479_509-512		2.7	1
1S72_0:453-463_473-484_504-506		2.7	1
1S72_0:449-456_458-463_474-477		2.7	1
1S72_0:2710-2711_2677-2680	0:'0'2712-0:'0'2712,5:'0'2682-5:'0'2682	2.6	1
1S72_0:2502-2514_2568-2570_2560-2563		2.6	1
1S72_0:2459-2464_2388-2396_2425-2427		2.6	1
1S72_0:1079-1081_1117-1122_1066-1067		2.6	1
1S72_0:459-464_509-512_473-479		2.6	1
1S72_0:1585-1606	7:'0'1594-13:'0'1600	2.6	1
1S72_0:1373-1375_2042-2044_1730-1734		2.5	1
1S72_0:1227-1230_1126-1131_2518-2524		2.5	1
1S72_0:1126-1131_2518-2524_1227-1230		2.5	1
1S72_0:1115-1116_1233-1236_1238-1245		2.5	1
1S72_0:334-335_310-313_314-317		2.5	1
1S72_0:1373-1375_1730-1734_2042-2044		2.4	1
1S72_0:509-512_459-464_473-479		2.4	1
1S72_0:1233-1236_1115-1116_1238-1245		2.4	1
1S72_0:479-486_502-505_506-511		2.4	1
1S72_0:458-463_449-456_474-477		2.4	1
1S72_0:2280-2284_2482-2484_2100-2104		2.3	1
1S72_0:2023-2025_1992-1996_1988-1990		2.3	1
1S72_0:2042-2044_1373-1375_1730-1734		2.3	1
1S72_0:1066-1067_1117-1122_1079-1081		2.3	1
1S72_0:1117-1122_1079-1081_1066-1067		2.3	1
1S72_0:391-393_1914-1921_415-417		2.3	1
1S72_0:2594-2596_2578-2580_2598-2600		2.3	1
1S72_0:2594-2596_2598-2600_2578-2580		2.3	1
1S72_0:2561-2568_2688-2702		2.3	1
1S72_0:1427-1436_1385-1393		2.3	1
1S72_0:1385-1393_1427-1436		2.3	1
1S72_0:1115-1116_1238-1245_1233-1236		2.3	1
1S72_0:1233-1236_1238-1245_1115-1116		2.3	1
1S72_0:2465-2469_2273-2276_165-167		2.2	1
1S72_0:1914-1921_391-393_415-417		2.2	1
1S72_0:2578-2580_2594-2596_2598-2600		2.2	1
1S72_0:2688-2702_2561-2568		2.2	1
1S72_0:2486-2489_1125-1127_2067-2072		2.2	1
1S72_0:502-505_479-486_506-511		2.2	1
1S72_0:310-313_314-317_334-335		2.2	1
1S72_0:310-313_334-335_314-317		2.2	1
1S72_0:2465-2469_165-167_2273-2276		2.1	1
1S72_0:415-417_391-393_1914-1921		2.1	1
1S72_0:502-505_506-511_479-486		2.1	1
1S72_0:1079-1081_1066-1067_1117-1122		2	1
1S72_0:1269-1272_1025-1030_936-938		2	1
1S72_0:1914-1921_415-417_391-393		2	1
1S72_0:415-417_1914-1921_391-393		2	1
1S72_0:391-393_415-417_1914-1921		2	1
1S72_0:389-396_2440-2441		2	1
1S72_0:2129-2131_2258-2262		2	1
1S72_0:9-11_528-530		2	1
1S72_0:1402-1407_1714-1717		2	1
1S72_0:1238-1245_1233-1236_1115-1116		2	1
1S72_0:1125-1127_2486-2489_2067-2072		2	1
1S72_0:1070-1072_1083-1086_1289-1291		1.9	1
1S72_0:1083-1086_1289-1291_1070-1072		1.9	1
1S72_0:1066-1067_1079-1081_1117-1122		1.9	1
1S72_0:1269-1272_936-938_1025-1030		1.9	1
1S72_0:1238-1245_1115-1116_1233-1236		1.9	1
1S72_0:1083-1086_1070-1072_1289-1291		1.8	1
1S72_0:165-167_2465-2469_2273-2276		1.7	1
1S72_0:608-609_526-528		1.7	1
1S72_0:2440-2441_389-396		1.7	1
1S72_0:2258-2262_2129-2131		1.7	1
1S72_0:528-530_9-11		1.7	1
1S72_0:1811-1816		1.5	1
1S72_0:2677-2680_2710-2711		1.4	1
1S72_0:526-528_608-609		1.4	1
1S72_0:1496-1505		1.2	1
