#fragment_ID	aligned_regions	alignment_score	P-value
1S72_0:1432-1437_1685-1692_1423-1428	2:'0'1436-5:'0'1439,6:'0'1687-13:'0'1694,14:'0'1425-19:'0'1430	83.4	0.0150692
1S72_0:2295-2296_1001-1008_955-963	3:'0'1004-8:'0'1009,10:'0'957-17:'0'964	69.5	0.0261132
1S72_0:2756-2762_2715-2722_2037-2038	3:'0'2761-5:'0'2763,7:'0'2717-11:'0'2721	53.8	0.0632313
1S72_0:2254-2261_2129-2134_2237-2243	1:'0'2257-2:'0'2258,11:'0'2134-13:'0'2136,14:'0'2239-19:'0'2244	17.4	1
1S72_0:26-32_446-454_477-478	0:'0'28-5:'0'33,9:'0'450-14:'0'455,16:'0'479-17:'0'480	13.1	1
1S72_0:2647-2654_2087-2093	1:'0'2650-1:'0'2650,14:'0'2095-14:'0'2095	10.6	1
1S72_0:1969-1972_2003-2014_1884-1889	15:'0'2016-15:'0'2016,16:'0'1886-16:'0'1886	10.6	1
1S72_0:2062-2066_2072-2079_1232-1239	0:'0'2064-0:'0'2064,12:'0'2081-12:'0'2081	10.6	1
1S72_0:2049-2055_1365-1374_836-841	6:'0'2057-6:'0'2057,7:'0'1367-7:'0'1367	10.6	1
1S72_0:851-859_820-826_784-791	10:'0'823-10:'0'823,21:'0'791-21:'0'791	10.6	1
1S72_0:2527-2533_2485-2490_623-625	2:'0'2531-2:'0'2531,10:'0'2490-10:'0'2490	10.6	1
1S72_0:343-349_324-329_299-304	4:'0'349-4:'0'349,14:'0'302-14:'0'302	10.6	1
1S72_0:2311-2315_2420-2426_2357-2362	7:'0'2424-7:'0'2424,15:'0'2362-15:'0'2362	10.6	1
1S72_0:1641-1644_1574-1584_1608-1619	11:'0'1583-11:'0'1583,17:'0'1612-17:'0'1612	10.6	1
1S72_0:562-570_583-591	3:'0'567-3:'0'567,15:'0'591-15:'0'591	10.6	1
1S72_0:635-637_19-25_514-520	9:'0'27-9:'0'27,10:'0'516-10:'0'516	10.6	1
1S72_0:1210-1214_1145-1153	1:'0'1213-1:'0'1213,12:'0'1154-12:'0'1154	10.2	1
1S72_0:1036-1040_1290-1294_926-930	4:'0'1042-4:'0'1042,10:'0'928-10:'0'928	10.2	1
1S72_0:2388-2396_913-917_922-926	13:'0'919-13:'0'919,14:'0'924-14:'0'924	10.2	1
1S72_0:2485-2490_2527-2533_623-625	5:'0'2492-5:'0'2492,6:'0'2529-6:'0'2529	10.2	1
1S72_0:1364-1366_2054-2062_533-536	6:'0'2059-6:'0'2059,14:'0'537-14:'0'537	10.2	1
1S72_0:314-315_1335-1342_1309-1319	3:'0'1338-3:'0'1338,18:'0'1319-18:'0'1319	10.2	1
1S72_0:507-513_479-491_497-503	19:'0'493-19:'0'493,20:'0'499-20:'0'499	10.2	1
1S72_0:372-380_266-273_238-241	0:'0'374-0:'0'374,16:'0'275-16:'0'275	10.2	1
1S72_0:2608-2615_2537-2544_2093-2095	5:'0'2615-5:'0'2615,12:'0'2543-12:'0'2543	10.2	1
1S72_0:1584-1590_1599-1608	1:'0'1587-1:'0'1587,14:'0'1608-14:'0'1608	10.2	1
1S72_0:1637-1642_1613-1616_1540-1544	0:'0'1639-0:'0'1639,14:'0'1546-14:'0'1546	10.2	1
1S72_0:1487-1488_1529-1533_1648-1658	2:'0'1531-2:'0'1531,17:'0'1660-17:'0'1660	10.2	1
1S72_0:2049-2056_1364-1372	1:'0'2052-1:'0'2052,15:'0'1373-15:'0'1373	10.2	1
1S72_0:483-489_499-515_24-26	5:'0'490-5:'0'490,8:'0'502-8:'0'502	10.2	1
1S72_0:635-637_514-520_19-25	9:'0'522-9:'0'522,10:'0'21-10:'0'21	10.2	1
1S72_0:2849-2852_2903-2907_2829-2832	8:'0'2909-8:'0'2909,9:'0'2831-9:'0'2831	9.8	1
1S72_0:2834-2843_2652-2658_2083-2088	10:'0'2654-10:'0'2654,22:'0'2090-22:'0'2090	9.8	1
1S72_0:2721-2726_2752-2756_2037-2039	5:'0'2728-5:'0'2728,6:'0'2754-6:'0'2754	9.8	1
1S72_0:1843-1845_2016-2021_1824-1829	5:'0'2020-5:'0'2020,11:'0'1828-11:'0'1828	9.8	1
1S72_0:2740-2744_2731-2735_1701-1714	0:'0'2742-0:'0'2742,9:'0'2737-9:'0'2737	9.8	1
1S72_0:2731-2734_2742-2744_1699-1713	0:'0'2733-0:'0'2733,6:'0'2746-6:'0'2746	9.8	1
1S72_0:1538-1540_1641-1645_1592-1598	2:'0'1542-2:'0'1542,3:'0'1643-3:'0'1643	9.8	1
1S72_0:1558-1565_1553-1556_2736-2737	0:'0'1561-0:'0'1561,13:'0'2739-13:'0'2739	9.8	1
1S72_0:1732-1737_2039-2043_1373-1380	0:'0'1734-0:'0'1734,10:'0'2045-10:'0'2045	9.8	1
1S72_0:902-905_1347-1353_1297-1303	4:'0'1349-4:'0'1349,17:'0'1305-17:'0'1305	9.8	1
1S72_0:2546-2553_2595-2604_1229-1235	0:'0'2548-0:'0'2548,17:'0'2606-17:'0'2606	9.8	1
1S72_0:1145-1153_1210-1214	8:'0'1155-8:'0'1155,9:'0'1212-9:'0'1212	9.8	1
1S72_0:1067-1072_1284-1291_1083-1087	5:'0'1074-5:'0'1074,14:'0'1085-14:'0'1085	9.8	1
1S72_0:997-1003_961-968	4:'0'1003-4:'0'1003,9:'0'965-9:'0'965	9.8	1
1S72_0:961-968_997-1003	5:'0'968-5:'0'968,9:'0'1000-9:'0'1000	9.8	1
1S72_0:1021-1025_937-942	0:'0'1023-0:'0'1023,10:'0'944-10:'0'944	9.8	1
1S72_0:760-764_2099-2102_895-900	3:'0'765-3:'0'765,11:'0'899-11:'0'899	9.8	1
1S72_0:2099-2102_895-900_760-764	9:'0'902-9:'0'902,10:'0'762-10:'0'762	9.8	1
1S72_0:1454-1458_1481-1487_854-861	4:'0'1460-4:'0'1460,5:'0'1483-5:'0'1483	9.8	1
1S72_0:1827-1833_1839-1845_854-856	4:'0'1833-4:'0'1833,9:'0'1843-9:'0'1843	9.8	1
1S72_0:1365-1374_2049-2055_836-841	7:'0'1374-7:'0'1374,10:'0'2051-10:'0'2051	9.8	1
1S72_0:1349-1358_617-621_626-633	14:'0'623-14:'0'623,18:'0'632-18:'0'632	9.8	1
1S72_0:1353-1363_634-641_449-453	10:'0'1365-10:'0'1365,11:'0'636-11:'0'636	9.8	1
1S72_0:337-346_324-333_301-304	5:'0'344-5:'0'344,16:'0'332-16:'0'332	9.8	1
1S72_0:362-367_278-286	5:'0'369-5:'0'369,6:'0'280-6:'0'280	9.8	1
1S72_0:363-366_279-285_267-272	0:'0'365-0:'0'365,10:'0'287-10:'0'287	9.8	1
1S72_0:255-266_242-250	9:'0'266-9:'0'266,13:'0'245-13:'0'245	9.8	1
1S72_0:242-250_255-266	8:'0'252-8:'0'252,9:'0'257-9:'0'257	9.8	1
1S72_0:102-107_61-72_50-54	1:'0'105-1:'0'105,15:'0'72-15:'0'72	9.8	1
1S72_0:145-149_106-113_39-50	8:'0'111-8:'0'111,22:'0'50-22:'0'50	9.8	1
1S72_0:477-478_446-454_26-32	1:'0'480-1:'0'480,11:'0'28-11:'0'28	9.8	1
1S72_0:528-533_2080-2083_9-11	0:'0'530-0:'0'530,12:'0'13-12:'0'13	9.8	1
1S72_0:2786-2795_2775-2782	9:'0'2797-9:'0'2797,10:'0'2777-10:'0'2777	9.8	1
1S72_0:2795-2800_2770-2775_2552-2558	5:'0'2802-5:'0'2802,6:'0'2772-6:'0'2772	9.8	1
1S72_0:2696-2704_2687-2694_2564-2565	7:'0'2705-7:'0'2705,9:'0'2689-9:'0'2689	9.8	1
1S72_0:2597-2600_2573-2579_2550-2556	4:'0'2575-4:'0'2575,17:'0'2558-17:'0'2558	9.8	1
1S72_0:2311-2315_2357-2362_2420-2426	10:'0'2364-10:'0'2364,11:'0'2422-11:'0'2422	9.8	1
1S72_0:2363-2369_2349-2355_2327-2331	7:'0'2351-7:'0'2351,18:'0'2333-18:'0'2333	9.8	1
1S72_0:2251-2261_2240-2246_2129-2132	0:'0'2253-0:'0'2253,17:'0'2248-17:'0'2248	9.8	1
1S72_0:2254-2261_2237-2243_2129-2134	8:'0'2239-8:'0'2239,20:'0'2136-20:'0'2136	9.8	1
1S72_0:2871-2882_1797-1805_1784-1791	12:'0'1799-12:'0'1799,28:'0'1793-28:'0'1793	9.8	1
1S72_0:2028-2036_1739-1755	6:'0'2036-6:'0'2036,11:'0'1743-11:'0'1743	9.8	1
1S72_0:1739-1755_2028-2036	3:'0'1744-3:'0'1744,22:'0'2035-22:'0'2035	9.8	1
1S72_0:2042-2048_1723-1734	3:'0'2047-3:'0'2047,10:'0'1728-10:'0'1728	9.8	1
1S72_0:1407-1414_1692-1698_1677-1686	0:'0'1409-0:'0'1409,14:'0'1700-14:'0'1700	9.8	1
1S72_0:1411-1417_1674-1679_1446-1450	6:'0'1419-6:'0'1419,9:'0'1678-9:'0'1678	9.8	1
1S72_0:1674-1679_1411-1417_1446-1450	3:'0'1679-3:'0'1679,9:'0'1416-9:'0'1416	9.8	1
1S72_0:951-962_1006-1010_1003-1005	3:'0'956-3:'0'956,15:'0'1011-15:'0'1011	9.8	1
1S72_0:2300-2301_950-956_1006-1014	8:'0'958-8:'0'958,9:'0'1008-9:'0'1008	9.8	1
1S72_0:910-914_1037-1041_924-929	5:'0'1039-5:'0'1039,15:'0'931-15:'0'931	9.8	1
1S72_0:1685-1692_839-845_834-836	14:'0'847-14:'0'847,15:'0'836-15:'0'836	9.8	1
1S72_0:819-825_1703-1711_786-791	0:'0'821-0:'0'821,21:'0'793-21:'0'793	9.8	1
1S72_0:1029-1032_934-941	3:'0'1034-3:'0'1034,4:'0'936-4:'0'936	9.8	1
1S72_0:935-936_717-721_703-707	6:'0'723-6:'0'723,7:'0'705-7:'0'705	9.8	1
1S72_0:935-936_703-707_717-721	6:'0'709-6:'0'709,7:'0'719-7:'0'719	9.8	1
1S72_0:206-208_677-684_658-665	3:'0'679-3:'0'679,18:'0'667-18:'0'667	9.8	1
1S72_0:469-478_459-467_26-27	3:'0'474-3:'0'474,16:'0'467-16:'0'467	9.8	1
1S72_0:459-467_469-478_26-27	7:'0'468-7:'0'468,11:'0'473-11:'0'473	9.8	1
1S72_0:426-428_402-408_376-384	4:'0'405-4:'0'405,16:'0'384-16:'0'384	9.8	1
1S72_0:310-313_314-317_334-337	0:'0'312-0:'0'312,7:'0'319-7:'0'319	9.8	1
1S72_0:353-361_287-294	7:'0'362-7:'0'362,10:'0'290-10:'0'290	9.8	1
1S72_0:287-294_353-361	7:'0'296-7:'0'296,8:'0'355-8:'0'355	9.8	1
1S72_0:199-204_432-436_188-193	1:'0'202-1:'0'202,15:'0'194-15:'0'194	9.8	1
1S72_0:432-436_188-193_199-204	10:'0'195-10:'0'195,11:'0'201-11:'0'201	9.8	1
1S72_0:766-769_169-178_155-162	4:'0'171-4:'0'171,21:'0'164-21:'0'164	9.8	1
1S72_0:41-43_138-146_128-134	0:'0'43-0:'0'43,11:'0'148-11:'0'148	9.8	1
1S72_0:42-49_119-122_108-117	11:'0'124-11:'0'124,18:'0'116-18:'0'116	9.8	1
1S72_0:91-100_74-80	7:'0'100-7:'0'100,11:'0'77-11:'0'77	9.8	1
1S72_0:2280-2284_2100-2104_2482-2484	7:'0'2104-7:'0'2104,11:'0'2485-11:'0'2485	9.4	1
1S72_0:2831-2833_2899-2904_2849-2854	3:'0'2901-3:'0'2901,14:'0'2856-14:'0'2856	9.4	1
1S72_0:2630-2632_2468-2475_2106-2113	9:'0'2476-9:'0'2476,14:'0'2111-14:'0'2111	9	1
1S72_0:2533-2536_2476-2484_2100-2108	4:'0'2478-4:'0'2478,19:'0'2108-19:'0'2108	9	1
1S72_0:2495-2500_2516-2524_1124-1131	4:'0'2501-4:'0'2501,7:'0'2519-7:'0'2519	9	1
1S72_0:1839-1845_1827-1833_854-856	3:'0'1844-3:'0'1844,10:'0'1832-10:'0'1832	9	1
1S72_0:2447-2451_2438-2442_414-417	1:'0'2450-1:'0'2450,7:'0'2442-7:'0'2442	9	1
1S72_0:2447-2451_414-417_2438-2442	0:'0'2449-0:'0'2449,7:'0'418-7:'0'418	9	1
1S72_0:668-674_444-448_31-35	11:'0'450-11:'0'450,12:'0'33-12:'0'33	9	1
1S72_0:668-674_31-35_444-448	8:'0'34-8:'0'34,14:'0'448-14:'0'448	9	1
1S72_0:2807-2815_2670-2675_2659-2660	8:'0'2817-8:'0'2817,9:'0'2672-9:'0'2672	9	1
1S72_0:2670-2675_2807-2815_2659-2660	4:'0'2676-4:'0'2676,6:'0'2809-6:'0'2809	9	1
1S72_0:2314-2315_2457-2464_2425-2431	2:'0'2459-2:'0'2459,15:'0'2432-15:'0'2432	9	1
1S72_0:1689-1694_1680-1688_840-841	3:'0'1694-3:'0'1694,11:'0'1687-11:'0'1687	9	1
1S72_0:1500-1505_1496-1498_1445-1446	5:'0'1507-5:'0'1507,6:'0'1498-6:'0'1498	9	1
1S72_0:859-862_1481-1487_1454-1458	10:'0'1489-10:'0'1489,11:'0'1456-11:'0'1456	9	1
1S72_0:1713-1717_1698-1701_1402-1407	0:'0'1715-0:'0'1715,8:'0'1703-8:'0'1703	9	1
1S72_0:1115-1120_1238-1245_1233-1236	4:'0'1121-4:'0'1121,9:'0'1243-9:'0'1243	9	1
1S72_0:139-147_40-43_128-133	8:'0'149-8:'0'149,9:'0'42-9:'0'42	9	1
1S72_0:2560-2563_2508-2514_2501-2505	8:'0'2514-8:'0'2514,14:'0'2506-14:'0'2506	8.2	1
1S72_0:1157-1159_1201-1207_1184-1194	6:'0'1206-6:'0'1206,15:'0'1191-15:'0'1191	8.2	1
1S72_0:844-846_832-843_2052-2053	9:'0'840-9:'0'840,15:'0'2054-15:'0'2054	8.2	1
1S72_0:2377-2383_2416-2418_2402-2408	2:'0'2381-2:'0'2381,13:'0'2407-13:'0'2407	8.2	1
1S72_0:2416-2418_2402-2408_2377-2383	0:'0'2418-0:'0'2418,8:'0'2409-8:'0'2409	8.2	1
1S72_0:1966-1969_1888-1896_1937-1944	12:'0'1898-12:'0'1898,13:'0'1939-13:'0'1939	8.2	1
1S72_0:1422-1428_1432-1439_1387-1390	6:'0'1430-6:'0'1430,9:'0'1436-9:'0'1436	8.2	1
1S72_0:1113-1120_1235-1246	7:'0'1122-7:'0'1122,13:'0'1242-13:'0'1242	8.2	1
1S72_0:910-916_1038-1043_924-928	8:'0'1041-8:'0'1041,16:'0'929-16:'0'929	8.2	1
1S72_0:2716-2724_2753-2762_2037-2039	6:'0'2724-6:'0'2724,12:'0'2758-12:'0'2758	7.8	1
1S72_0:2521-2526_2491-2496_1229-1231	5:'0'2528-5:'0'2528,7:'0'2494-7:'0'2494	7.8	1
1S72_0:2098-2104_2530-2536_2479-2487	9:'0'2534-9:'0'2534,21:'0'2488-21:'0'2488	7.8	1
1S72_0:864-870_876-879_773-778	6:'0'872-6:'0'872,7:'0'878-7:'0'878	7.8	1
1S72_0:2764-2765_2710-2713_2677-2681	1:'0'2767-1:'0'2767,3:'0'2713-3:'0'2713	7.4	1
1S72_0:2375-2378_2416-2419_2316-2321	7:'0'2421-7:'0'2421,8:'0'2318-8:'0'2318	7.4	1
1S72_0:2296-2299_2304-2308_2278-2289	0:'0'2298-0:'0'2298,8:'0'2310-8:'0'2310	7.4	1
1S72_0:2023-2025_1992-1998_1987-1990	7:'0'1998-7:'0'1998,11:'0'1990-11:'0'1990	7.4	1
1S72_0:1157-1159_1184-1194_1201-1207	13:'0'1196-13:'0'1196,14:'0'1203-14:'0'1203	7.4	1
1S72_0:411-414_422-427_190-201	3:'0'416-3:'0'416,4:'0'424-4:'0'424	7.4	1
1S72_0:2784-2792_2776-2783_1150-1152	8:'0'2794-8:'0'2794,11:'0'2780-11:'0'2780	7.4	1
1S72_0:2625-2636_2112-2116_2467-2470	13:'0'2115-13:'0'2115,18:'0'2470-18:'0'2470	7.4	1
1S72_0:2098-2104_2479-2487_2530-2536	15:'0'2489-15:'0'2489,17:'0'2533-17:'0'2533	7.4	1
1S72_0:1072-1074_1255-1259_1093-1097	3:'0'1257-3:'0'1257,12:'0'1099-12:'0'1099	7.4	1
1S72_0:1036-1043_1290-1294_908-914	11:'0'1295-11:'0'1295,13:'0'910-13:'0'910	7.4	1
1S72_0:145-152_180-185_39-46	7:'0'154-7:'0'154,8:'0'182-8:'0'182	7.4	1
1S72_0:1451-1455_1649-1657_1483-1489	5:'0'1651-9:'0'1655	6.6	1
1S72_0:1423-1428_1685-1692_1432-1437	0:'0'1425-0:'0'1425,19:'0'1439-19:'0'1439	6.6	1
1S72_0:696-700_740-748_654-660	10:'0'747-10:'0'747,16:'0'658-16:'0'658	6.6	1
1S72_0:1352-1358_899-903_639-643	6:'0'1360-6:'0'1360,12:'0'641-12:'0'641	6.6	1
1S72_0:188-189_428-435_231-238	5:'0'433-5:'0'433,14:'0'237-14:'0'237	6.6	1
1S72_0:2636-2639_2000-2008_1969-1984	4:'0'2002-4:'0'2002,28:'0'1986-28:'0'1986	6.6	1
1S72_0:1756-1758_1813-1818_1806-1812	9:'0'1808-13:'0'1812	6.6	1
1S72_0:1398-1400_2744-2748_1376-1380	0:'0'1400-0:'0'1400,12:'0'1382-12:'0'1382	6.6	1
1S72_0:160-163_214-222_166-171	1:'0'163-1:'0'163,17:'0'172-17:'0'172	6.2	1
1S72_0:2269-2275_2114-2119_162-169	5:'0'2276-5:'0'2276,9:'0'2118-9:'0'2118	5.8	1
1S72_0:2269-2275_162-169_2114-2119		5.8	1
1S72_0:2001-2003_2006-2013_1969-1979	2:'0'2005-2:'0'2005,15:'0'1975-15:'0'1975	5.8	1
1S72_0:865-868_881-885_878-879	1:'0'868-1:'0'868,5:'0'884-5:'0'884	5.8	1
1S72_0:1245-1253_1106-1110_573-581	7:'0'1254-7:'0'1254,9:'0'1108-9:'0'1108	5.8	1
1S72_0:479-487_505-513_501-504	6:'0'487-6:'0'487,17:'0'515-17:'0'515	5.8	1
1S72_0:405-413_424-429	5:'0'412-5:'0'412,11:'0'428-11:'0'428	5.8	1
1S72_0:2404-2405_686-696_728-740		5.7	1
1S72_0:2403-2405_686-695_729-738		5.7	1
1S72_0:2381-2382_686-696_728-740		5.5	1
1S72_0:728-740_2381-2382_686-696		5.5	1
1S72_0:1868-1876_1851-1857	0:'0'1870-0:'0'1870,15:'0'1859-15:'0'1859	5.4	1
1S72_0:2381-2382_728-740_686-696		5.4	1
1S72_0:1077-1079_617-631_2065-2077		5.4	1
1S72_0:617-631_1077-1079_2065-2077		5.4	1
1S72_0:729-738_686-695_2403-2405		5.4	1
1S72_0:504-506_450-463_473-484		5.4	1
1S72_0:450-463_504-506_473-484		5.4	1
1S72_0:2561-2568_2688-2702		5.3	1
1S72_0:1914-1921_416-420_2444-2447		5.3	1
1S72_0:162-169_2114-2119_2269-2275		5.3	1
1S72_0:2404-2405_728-740_686-696		5.3	1
1S72_0:2403-2405_729-738_686-695		5.3	1
1S72_0:729-738_2403-2405_686-695		5.3	1
1S72_0:1613-1616_1638-1644_1538-1542		5.2	1
1S72_0:769-778_465-472_885-889		5.2	1
1S72_0:416-420_1914-1921_2444-2447		5.1	1
1S72_0:465-472_769-778_885-889		5.1	1
1S72_0:2126-2131_2258-2264		5.1	1
1S72_0:2114-2119_162-169_2269-2275		5.1	1
1S72_0:617-631_2065-2077_1077-1079		5.1	1
1S72_0:450-463_473-484_504-506		5.1	1
1S72_0:2560-2563_2568-2570_2502-2515		5	1
1S72_0:2444-2447_416-420_1914-1921		5	1
1S72_0:1570-1572_1508-1511_1491-1494	4:'0'1511-4:'0'1511,8:'0'1494-8:'0'1494	5	1
1S72_0:728-740_686-696_2381-2382		5	1
1S72_0:769-778_885-889_465-472		5	1
1S72_0:728-740_2404-2405_686-696		5	1
1S72_0:728-740_686-696_2404-2405		5	1
1S72_0:1191-1202_1166-1175		4.9	1
1S72_0:885-889_769-778_465-472		4.9	1
1S72_0:2692-2693_2560-2561_2562-2570		4.9	1
1S72_0:2560-2561_2692-2693_2562-2570		4.9	1
1S72_0:1191-1202_1166-1175		4.9	1
1S72_0:686-695_729-738_2403-2405		4.9	1
1S72_0:1077-1079_2065-2077_617-631		4.8	1
1S72_0:686-696_2404-2405_728-740		4.8	1
1S72_0:686-695_2403-2405_729-738		4.8	1
1S72_0:504-506_473-484_450-463		4.8	1
1S72_0:1166-1175_1191-1202		4.7	1
1S72_0:686-696_2381-2382_728-740		4.7	1
1S72_0:686-696_728-740_2381-2382		4.7	1
1S72_0:622-626_1074-1081_2066-2069		4.7	1
1S72_0:459-464_473-479_502-512		4.7	1
1S72_0:465-472_885-889_769-778		4.7	1
1S72_0:414-417_1914-1921_2441-2447		4.7	1
1S72_0:2560-2561_2562-2570_2692-2693		4.7	1
1S72_0:1166-1175_1191-1202		4.7	1
1S72_0:686-696_728-740_2404-2405		4.7	1
1S72_0:507-511_502-506_479-486		4.7	1
1S72_0:2568-2570_2560-2563_2502-2515		4.6	1
1S72_0:2560-2563_2502-2515_2568-2570		4.6	1
1S72_0:608-613_526-527_540-545		4.6	1
1S72_0:526-527_608-613_540-545		4.6	1
1S72_0:2578-2581_2598-2600_2594-2596	2:'0'2582-2:'0'2582,7:'0'2596-7:'0'2596	4.6	1
1S72_0:2692-2693_2562-2570_2560-2561		4.6	1
1S72_0:2065-2077_1077-1079_617-631		4.6	1
1S72_0:2065-2077_617-631_1077-1079		4.6	1
1S72_0:2688-2702_2561-2568		4.5	1
1S72_0:622-628_2067-2072_2486-2489		4.5	1
1S72_0:2444-2447_1914-1921_416-420		4.5	1
1S72_0:1914-1921_2444-2447_416-420		4.5	1
1S72_0:1720-1723_1385-1393_1430-1433		4.5	1
1S72_0:774-778_877-881_1830-1843		4.5	1
1S72_0:2066-2069_1074-1081_622-626		4.5	1
1S72_0:459-464_502-512_473-479		4.5	1
1S72_0:502-512_459-464_473-479		4.5	1
1S72_0:502-512_473-479_459-464		4.5	1
1S72_0:885-889_465-472_769-778		4.5	1
1S72_0:1914-1921_2441-2447_414-417		4.5	1
1S72_0:1914-1921_414-417_2441-2447		4.5	1
1S72_0:1297-1298_901-905_1322-1332		4.5	1
1S72_0:1613-1616_1538-1542_1638-1644		4.4	1
1S72_0:1538-1542_1613-1616_1638-1644		4.4	1
1S72_0:936-938_1025-1030_1269-1272		4.4	1
1S72_0:877-881_774-778_1830-1843		4.4	1
1S72_0:901-905_1297-1298_1322-1332		4.4	1
1S72_0:457-463_473-477_449-456		4.4	1
1S72_0:2502-2515_2568-2570_2560-2563		4.3	1
1S72_0:2067-2072_622-628_2486-2489		4.3	1
1S72_0:2067-2072_2486-2489_622-628		4.3	1
1S72_0:416-420_2444-2447_1914-1921		4.3	1
1S72_0:936-938_1269-1272_1025-1030		4.3	1
1S72_0:2568-2570_2502-2515_2560-2563		4.2	1
1S72_0:2502-2515_2560-2563_2568-2570		4.2	1
1S72_0:1638-1644_1613-1616_1538-1542		4.2	1
1S72_0:1638-1644_1538-1542_1613-1616		4.2	1
1S72_0:1538-1542_1638-1644_1613-1616		4.2	1
1S72_0:1025-1030_936-938_1269-1272		4.2	1
1S72_0:1025-1030_1269-1272_936-938		4.2	1
1S72_0:877-881_1830-1843_774-778		4.2	1
1S72_0:2066-2069_622-626_1074-1081	9:'0'1076-16:'0'1083	4.2	1
1S72_0:608-613_540-545_526-527		4.2	1
1S72_0:526-527_540-545_608-613		4.2	1
1S72_0:2441-2447_414-417_1914-1921		4.2	1
1S72_0:414-417_2441-2447_1914-1921		4.2	1
1S72_0:2458-2464_2423-2428_2312-2321	4:'0'2464-4:'0'2464,15:'0'2316-15:'0'2316	4.2	1
1S72_0:2458-2464_2312-2321_2423-2428		4.2	1
1S72_0:1297-1298_1322-1332_901-905	13:'0'903-14:'0'904	4.2	1
1S72_0:901-905_1322-1332_1297-1298		4.2	1
1S72_0:312-316_336-341_332-335	9:'0'342-9:'0'342,11:'0'334-11:'0'334	4.2	1
1S72_0:1720-1723_1430-1433_1385-1393		4.1	1
1S72_0:1830-1843_877-881_774-778		4.1	1
1S72_0:774-778_1830-1843_877-881		4.1	1
1S72_0:2562-2570_2692-2693_2560-2561		4.1	1
1S72_0:507-511_479-486_502-506		4.1	1
1S72_0:2425-2427_2459-2464_2388-2396		4	1
1S72_0:2465-2469_165-167_2273-2276		4	1
1S72_0:2273-2276_165-167_2465-2469		4	1
1S72_0:622-628_2486-2489_2067-2072		4	1
1S72_0:2486-2489_622-628_2067-2072		4	1
1S72_0:1356-1360_27-31_449-454		4	1
1S72_0:2578-2581_2594-2596_2598-2600		4	1
1S72_0:1124-1127_622-628_2067-2072		4	1
1S72_0:473-484_504-506_450-463		4	1
1S72_0:473-484_450-463_504-506		4	1
1S72_0:2459-2464_2425-2427_2388-2396		3.9	1
1S72_0:1585-1606		3.9	1
1S72_0:1430-1433_1385-1393_1720-1723		3.9	1
1S72_0:27-31_449-454_1356-1360		3.9	1
1S72_0:2274-2277_165-167_2461-2469		3.9	1
1S72_0:208-227		3.9	1
1S72_0:2461-2469_165-167_2274-2277		3.8	1
1S72_0:2067-2072_1124-1127_622-628		3.8	1
1S72_0:479-486_507-511_502-506		3.8	1
1S72_0:479-486_502-506_507-511		3.8	1
1S72_0:2459-2464_2388-2396_2425-2427		3.7	1
1S72_0:1430-1433_1720-1723_1385-1393		3.7	1
1S72_0:1385-1393_1430-1433_1720-1723		3.7	1
1S72_0:1385-1393_1720-1723_1430-1433		3.7	1
1S72_0:540-545_608-613_526-527		3.7	1
1S72_0:473-479_459-464_502-512		3.7	1
1S72_0:473-479_502-512_459-464		3.7	1
1S72_0:1356-1360_449-454_27-31		3.7	1
1S72_0:2258-2264_2126-2131		3.7	1
1S72_0:2562-2570_2560-2561_2692-2693		3.7	1
1S72_0:1385-1393_1427-1437		3.7	1
1S72_0:457-463_449-456_473-477		3.7	1
1S72_0:449-456_473-477_457-463		3.7	1
1S72_0:449-456_457-463_473-477		3.7	1
1S72_0:2425-2427_2388-2396_2459-2464		3.6	1
1S72_0:165-167_2465-2469_2273-2276		3.6	1
1S72_0:2273-2276_2465-2469_165-167		3.6	1
1S72_0:2486-2489_2067-2072_622-628		3.6	1
1S72_0:540-545_526-527_608-613		3.6	1
1S72_0:449-454_1356-1360_27-31		3.6	1
1S72_0:1427-1437_1385-1393		3.6	1
1S72_0:622-628_1124-1127_2067-2072		3.6	1
1S72_0:1124-1127_2067-2072_622-628		3.6	1
1S72_0:1269-1272_1025-1030_936-938		3.5	1
1S72_0:27-31_1356-1360_449-454		3.5	1
1S72_0:2274-2277_2461-2469_165-167		3.5	1
1S72_0:1832-1839_877-882_776-777		3.5	1
1S72_0:2465-2469_2273-2276_165-167		3.4	1
1S72_0:1830-1843_774-778_877-881		3.4	1
1S72_0:449-454_27-31_1356-1360		3.4	1
1S72_0:165-167_2461-2469_2274-2277		3.4	1
1S72_0:2461-2469_2274-2277_165-167		3.4	1
1S72_0:622-628_2067-2072_1124-1127		3.4	1
1S72_0:473-477_457-463_449-456		3.4	1
1S72_0:473-477_449-456_457-463		3.4	1
1S72_0:2067-2072_622-628_1124-1127		3.3	1
1S72_0:502-506_507-511_479-486		3.3	1
1S72_0:502-506_479-486_507-511		3.3	1
1S72_0:165-167_2273-2276_2465-2469		3.2	1
1S72_0:1269-1272_936-938_1025-1030		3.2	1
1S72_0:165-167_2274-2277_2461-2469		3.2	1
1S72_0:776-777_1832-1839_877-882	1:'0'779-1:'0'779,10:'0'879-10:'0'879	3.2	1
1S72_0:877-882_1832-1839_776-777		3.2	1
1S72_0:879-882_840-842_1685-1692		3.1	1
1S72_0:2776-2792		2.9	1
1S72_0:2594-2596_2578-2581_2598-2600		2.9	1
1S72_0:877-882_776-777_1832-1839		2.9	1
1S72_0:840-842_1685-1692_879-882		2.8	1
1S72_0:840-842_879-882_1685-1692		2.8	1
1S72_0:879-882_1685-1692_840-842		2.8	1
1S72_0:2388-2396_2425-2427_2459-2464		2.7	1
1S72_0:2388-2396_2459-2464_2425-2427		2.7	1
1S72_0:1685-1692_840-842_879-882	3:'0'1690-3:'0'1690,9:'0'843-9:'0'843	2.4	1
