#fragment_ID	aligned_regions	alignment_score	P-value
1S72_0:1364-1370_2051-2056	2:'0'1368-6:'0'1372,7:'0'2053-10:'0'2056	157.2	0.0059035
1S72_0:680-681_207-213_223-229	4:'0'211-8:'0'215,9:'0'225-12:'0'228	156.4	0.00597404
1S72_0:2687-2692_2699-2704	1:'0'2690-5:'0'2694,6:'0'2701-9:'0'2704	156.4	0.00597404
1S72_0:219-220_165-175_157-163	8:'0'173-12:'0'177,13:'0'159-16:'0'162	156	0.00600979
1S72_0:1068-1069_1290-1293_908-912	0:'0'1070-1:'0'1071,2:'0'1292-4:'0'1294,7:'0'911-10:'0'914	142	0.00749518
1S72_0:353-358_290-294	1:'0'356-5:'0'360,6:'0'292-9:'0'295	134.6	0.00851364
1S72_0:2300-2301_948-953_1010-1016	0:'0'2302-0:'0'2302,5:'0'953-7:'0'955,8:'0'1012-10:'0'1014	124.4	0.010296
1S72_0:450-464_473-477	11:'0'463-14:'0'466,15:'0'475-17:'0'477	123.6	0.010459
1S72_0:426-429_376-382_403-408	6:'0'380-9:'0'383,12:'0'406-14:'0'408	114.8	0.0125389
1S72_0:583-589_565-570	1:'0'586-5:'0'590,8:'0'568-11:'0'571	108.6	0.0144008
1S72_0:1887-1893_1964-1971_2007-2008	12:'0'1971-14:'0'1973,15:'0'2009-16:'0'2010	79.6	0.03259
1S72_0:1654-1656_1450-1457_1482-1489	1:'0'1657-1:'0'1657,8:'0'1457-9:'0'1458,11:'0'1484-12:'0'1485	56.2	0.0926641
1S72_0:1256-1261_563-565_1091-1096	0:'0'1258-3:'0'1261,8:'0'567-8:'0'567,10:'0'1094-13:'0'1097	45.2	0.201928
1S72_0:640-644_757-761_1353-1358	0:'0'642-4:'0'646,5:'0'759-7:'0'761,10:'0'1355-12:'0'1357	42.8	0.251466
1S72_0:1526-1531_1656-1661	4:'0'1532-5:'0'1533,6:'0'1658-7:'0'1659	42.6	0.256397
1S72_0:1658-1663_1524-1529_1519-1520	3:'0'1663-4:'0'1664,7:'0'1527-8:'0'1528	41.8	0.277644
1S72_0:2387-2389_2392-2397_925-926	1:'0'2390-2:'0'2391,6:'0'2397-7:'0'2398	41.4	0.289272
1S72_0:1771-1777_1763-1768	2:'0'1775-3:'0'1776,9:'0'1767-10:'0'1768	41.4	0.289272
1S72_0:1492-1493_1620-1625_1568-1572	3:'0'1623-4:'0'1624,10:'0'1572-11:'0'1573	37	0.485342
1S72_0:2518-2525_1227-1231_1128-1131	8:'0'1229-9:'0'1230,15:'0'1132-16:'0'1133	37	0.485342
1S72_0:2349-2350_2367-2369_2327-2331	1:'0'2352-1:'0'2352,2:'0'2369-4:'0'2371,5:'0'2329-8:'0'2332	36.7	0.505493
1S72_0:201-204_187-192_432-436	1:'0'204-1:'0'204,5:'0'190-6:'0'191,11:'0'435-12:'0'436	35.8	0.574089
1S72_0:1158-1162_1188-1194_1202-1205	0:'0'1160-0:'0'1160,6:'0'1191-9:'0'1194,14:'0'1206-15:'0'1207	33.2	0.87453
1S72_0:1257-1259_1083-1086_1067-1072	0:'0'1259-2:'0'1261,6:'0'1088-6:'0'1088,10:'0'1072-12:'0'1074	22	1
1S72_0:1987-1998	3:'0'1992-5:'0'1994	21.8	1
1S72_0:1157-1159_1203-1205_1184-1192	7:'0'1187-9:'0'1189	21.8	1
1S72_0:1010-1016_948-953_2300-2301	4:'0'1016-4:'0'1016,14:'0'2303-14:'0'2303	21.8	1
1S72_0:691-692_728-732_734-740	6:'0'734-6:'0'734,7:'0'736-7:'0'736	21.8	1
1S72_0:1637-1642_1613-1616_1540-1544	1:'0'1640-1:'0'1640,13:'0'1545-13:'0'1545	21.8	1
1S72_0:1494-1498_1500-1508_1445-1446	4:'0'1500-4:'0'1500,5:'0'1502-5:'0'1502	21.8	1
1S72_0:1588-1601	6:'0'1596-8:'0'1598	21.8	1
1S72_0:2287-2290_2277-2279_919-920	5:'0'2280-5:'0'2280,8:'0'922-8:'0'922	21.4	1
1S72_0:1879-1884_2014-2015_1844-1849	3:'0'1884-3:'0'1884,9:'0'1847-9:'0'1847	21.4	1
1S72_0:1622-1627_1629-1631_1566-1569	5:'0'1629-5:'0'1629,6:'0'1631-6:'0'1631	21.4	1
1S72_0:859-860_1482-1486_1455-1457	2:'0'1484-2:'0'1484,9:'0'1459-9:'0'1459	21.4	1
1S72_0:1463-1467_1469-1477_1863-1864	4:'0'1469-4:'0'1469,5:'0'1471-5:'0'1471	21.4	1
1S72_0:314-315_1337-1341_1311-1316	2:'0'1339-2:'0'1339,12:'0'1318-12:'0'1318	21.4	1
1S72_0:1048-1053_1055-1063	5:'0'1055-5:'0'1055,6:'0'1057-6:'0'1057	21.4	1
1S72_0:855-856_849-854_824-828	5:'0'854-5:'0'854,9:'0'827-9:'0'827	21.4	1
1S72_0:813-820_791-796	1:'0'816-1:'0'816,12:'0'797-12:'0'797	21.4	1
1S72_0:74-79_91-100	2:'0'78-2:'0'78,12:'0'99-12:'0'99	21.4	1
1S72_0:19-24_515-520	2:'0'23-2:'0'23,9:'0'520-9:'0'520	21.4	1
1S72_0:2872-2881_1802-1804_1784-1787	3:'0'2877-5:'0'2879	21.4	1
1S72_0:2796-2798_2767-2774_2799-2803	0:'0'2798-0:'0'2798,10:'0'2776-10:'0'2776	21.4	1
1S72_0:2620-2625_2634-2641_1837-1841	11:'0'2641-11:'0'2641,17:'0'1842-17:'0'1842	21.4	1
1S72_0:1936-1942_1891-1898	6:'0'1944-6:'0'1944,9:'0'1895-9:'0'1895	21.4	1
1S72_0:1811-1817_1756-1763_1775-1782	14:'0'1765-14:'0'1765,16:'0'1778-16:'0'1778	21.4	1
1S72_0:2042-2044_1730-1734_1373-1374	2:'0'2046-2:'0'2046,3:'0'1732-3:'0'1732	21.4	1
1S72_0:1584-1590_1599-1608	2:'0'1588-2:'0'1588,13:'0'1607-13:'0'1607	21.4	1
1S72_0:1487-1488_1653-1658_1529-1533	0:'0'1489-0:'0'1489,3:'0'1656-3:'0'1656	21.4	1
1S72_0:1683-1684_1676-1680_1411-1417	5:'0'1681-5:'0'1681,7:'0'1413-7:'0'1413	21.4	1
1S72_0:1104-1106_1253-1257_1095-1099	6:'0'1258-6:'0'1258,9:'0'1098-9:'0'1098	21.4	1
1S72_0:2268-2272_865-878_2114-2121	0:'0'2270-0:'0'2270,11:'0'873-14:'0'876,26:'0'2123-26:'0'2123	21.4	1
1S72_0:320-324_302-307_337-345	5:'0'304-5:'0'304,19:'0'347-19:'0'347	21.4	1
1S72_0:1469-1477_1463-1467_1863-1864	1:'0'1472-4:'0'1475,11:'0'1467-13:'0'1469	21	1
1S72_0:1311-1316_314-315_1337-1341	1:'0'1314-1:'0'1314,7:'0'317-7:'0'317	21	1
1S72_0:1191-1194_1164-1168_1170-1178	8:'0'1170-8:'0'1170,10:'0'1173-10:'0'1173	21	1
1S72_0:1272-1281	2:'0'1276-4:'0'1278	21	1
1S72_0:342-345_302-307_320-330	7:'0'307-9:'0'309,10:'0'322-11:'0'323	21	1
1S72_0:2557-2558_2795-2800_2770-2775	3:'0'2798-7:'0'2802,8:'0'2772-11:'0'2775	20.6	1
1S72_0:2719-2725_2753-2760_2037-2039	4:'0'2725-4:'0'2725,9:'0'2757-9:'0'2757	20.6	1
1S72_0:2500-2505_2508-2516	5:'0'2507-5:'0'2507,9:'0'2513-9:'0'2513	20.6	1
1S72_0:1857-1868	4:'0'1863-6:'0'1865	20.6	1
1S72_0:2051-2056_1364-1370	0:'0'2053-0:'0'2053,12:'0'1372-12:'0'1372	20.6	1
1S72_0:1081-1086_1095-1097_1067-1074	3:'0'1086-3:'0'1086,13:'0'1073-13:'0'1073	20.6	1
1S72_0:1050-1052_1056-1061_2299-2300	8:'0'1063-8:'0'1063,9:'0'2301-9:'0'2301	20.6	1
1S72_0:1261-1262_559-564_590-595	5:'0'564-5:'0'564,9:'0'593-9:'0'593	20.6	1
1S72_0:590-595_558-563	0:'0'592-0:'0'592,11:'0'565-11:'0'565	20.6	1
1S72_0:2810-2812_528-531_9-11	4:'0'531-4:'0'531,7:'0'11-7:'0'11	20.6	1
1S72_0:187-193_231-233_197-204	9:'0'235-9:'0'235,15:'0'204-15:'0'204	20.6	1
1S72_0:2729-2731_1813-1816_1806-1812	8:'0'1809-10:'0'1811	20.6	1
1S72_0:935-938_717-721_703-707	5:'0'720-5:'0'720,12:'0'708-12:'0'708	20.6	1
1S72_0:340-343_328-339_303-306	14:'0'340-14:'0'340,17:'0'306-17:'0'306	20.6	1
1S72_0:424-427_197-203_187-193	8:'0'203-8:'0'203,14:'0'192-14:'0'192	20.6	1
1S72_0:2407-2416	3:'0'2412-5:'0'2414	20.6	1
1S72_0:2240-2258	7:'0'2249-10:'0'2252	20.6	1
1S72_0:1811-1818_1775-1782_1756-1758	6:'0'1819-6:'0'1819,10:'0'1779-10:'0'1779	20.6	1
1S72_0:821-825_1704-1710_786-789	1:'0'824-1:'0'824,14:'0'790-14:'0'790	20.6	1
1S72_0:1540-1544_1791-1797_1637-1641	1:'0'1543-1:'0'1543,15:'0'1642-15:'0'1642	20.6	1
1S72_0:565-570_583-589	1:'0'568-1:'0'568,11:'0'590-11:'0'590	20.6	1
1S72_0:27-31_446-453_1347-1351	7:'0'450-7:'0'450,16:'0'1352-16:'0'1352	20.6	1
1S72_0:145-146_109-113_41-48	3:'0'112-3:'0'112,13:'0'49-13:'0'49	20.6	1
1S72_0:1784-1785_2869-2873_2880-2885	5:'0'2874-5:'0'2874,8:'0'2883-8:'0'2883	19.8	1
1S72_0:2753-2760_2719-2725_2037-2039	0:'0'2755-0:'0'2755,14:'0'2727-14:'0'2727	19.8	1
1S72_0:2698-2703_2687-2693	1:'0'2701-1:'0'2701,11:'0'2694-11:'0'2694	19.8	1
1S72_0:2508-2516_2500-2505	6:'0'2516-6:'0'2516,11:'0'2504-11:'0'2504	19.8	1
1S72_0:908-912_1290-1293_1068-1069	1:'0'911-1:'0'911,7:'0'1294-7:'0'1294	19.8	1
1S72_0:789-794_814-821	4:'0'795-4:'0'795,8:'0'818-8:'0'818	19.8	1
1S72_0:743-748_683-684_654-660	7:'0'686-7:'0'686,12:'0'660-12:'0'660	19.8	1
1S72_0:287-292_355-361	3:'0'292-3:'0'292,9:'0'360-9:'0'360	19.8	1
1S72_0:680-681_223-229_207-213	2:'0'225-2:'0'225,15:'0'215-15:'0'215	19.8	1
1S72_0:159-163_165-172_2465-2467	6:'0'168-6:'0'168,15:'0'2469-15:'0'2469	19.8	1
1S72_0:890-893_156-161_170-177	5:'0'159-5:'0'159,15:'0'177-15:'0'177	19.8	1
1S72_0:635-637_516-522_18-23	3:'0'518-3:'0'518,15:'0'25-15:'0'25	19.8	1
1S72_0:635-637_18-23_516-522	7:'0'24-7:'0'24,10:'0'519-10:'0'519	19.8	1
1S72_0:2849-2854_2899-2904_2831-2833	0:'0'2851-0:'0'2851,11:'0'2906-11:'0'2906	19.8	1
1S72_0:2906-2912_2824-2830_2665-2666	5:'0'2913-5:'0'2913,8:'0'2827-8:'0'2827	19.8	1
1S72_0:2824-2830_2906-2912_2665-2666	0:'0'2826-0:'0'2826,13:'0'2914-13:'0'2914	19.8	1
1S72_0:2501-2505_2508-2515_2560-2562	0:'0'2503-0:'0'2503,12:'0'2517-12:'0'2517	19.8	1
1S72_0:2620-2621_832-834_2639-2642	3:'0'835-3:'0'835,8:'0'2644-8:'0'2644	19.8	1
1S72_0:279-286_363-366_267-272	0:'0'281-0:'0'281,11:'0'368-11:'0'368	19.8	1
1S72_0:2131-2134_2237-2243_2254-2258	0:'0'2133-1:'0'2134,8:'0'2243-9:'0'2244,12:'0'2257-15:'0'2260	19.7	1
1S72_0:2124-2126_1901-1907_1927-1932	3:'0'1903-3:'0'1903,15:'0'1934-15:'0'1934	19.4	1
1S72_0:2014-2017_1883-1884_1767-1773	1:'0'2017-1:'0'2017,4:'0'1885-4:'0'1885	19.4	1
1S72_0:951-956_1008-1010_1003-1007	4:'0'957-4:'0'957,6:'0'1010-6:'0'1010	19.4	1
1S72_0:2784-2791_2776-2783_1150-1152	4:'0'2790-4:'0'2790,10:'0'2780-10:'0'2780	19.4	1
1S72_0:2557-2558_2773-2781_2787-2797	8:'0'2781-8:'0'2781,15:'0'2793-15:'0'2793	19.4	1
1S72_0:2578-2581_2593-2596_2598-2600	7:'0'2598-7:'0'2598,8:'0'2600-8:'0'2600	19.4	1
1S72_0:2102-2106_2476-2480_2482-2484	9:'0'2482-9:'0'2482,11:'0'2485-11:'0'2485	19	1
1S72_0:686-689_691-696_729-731	3:'0'691-3:'0'691,4:'0'693-4:'0'693	19	1
1S72_0:631-633_618-620_1354-1355	4:'0'621-4:'0'621,6:'0'1356-6:'0'1356	19	1
1S72_0:432-433_423-424_188-202	10:'0'196-12:'0'198	19	1
1S72_0:1686-1692_878-882_865-868	7:'0'880-7:'0'880,12:'0'867-12:'0'867	19	1
1S72_0:206-208_678-684_659-664	3:'0'680-3:'0'680,15:'0'666-15:'0'666	19	1
1S72_0:505-511_499-504_479-489	9:'0'503-9:'0'503,21:'0'489-21:'0'489	19	1
1S72_0:2553-2555_2575-2578_2677-2682	4:'0'2578-4:'0'2578,12:'0'2684-12:'0'2684	19	1
1S72_0:925-926_2392-2397_2387-2389	1:'0'928-1:'0'928,3:'0'2395-3:'0'2395	19	1
1S72_0:2304-2308_2296-2299_2277-2290	0:'0'2306-1:'0'2307,7:'0'2300-8:'0'2301	19	1
1S72_0:671-678_229-230_663-670	8:'0'231-8:'0'231,10:'0'665-10:'0'665	19	1
1S72_0:374-375_259-267_240-247	10:'0'269-10:'0'269,11:'0'242-11:'0'242	19	1
1S72_0:206-208_659-664_678-684	2:'0'210-2:'0'210,6:'0'664-7:'0'665,9:'0'680-12:'0'683	18.7	1
1S72_0:2535-2536_1356-1358_2098-2099	3:'0'1359-3:'0'1359,6:'0'2101-6:'0'2101	18.6	1
1S72_0:1832-1839_874-883_776-777	2:'0'1836-2:'0'1836,12:'0'880-15:'0'883,18:'0'778-18:'0'778	18.4	1
1S72_0:2877-2882_1785-1787_2871-2875	6:'0'1787-6:'0'1787,11:'0'2875-11:'0'2875	18.2	1
1S72_0:2859-2865_2887-2893	4:'0'2865-4:'0'2865,9:'0'2891-9:'0'2891	18.2	1
1S72_0:1701-1714	4:'0'1707-8:'0'1711	18.2	1
1S72_0:2417-2419_2316-2321	1:'0'2420-1:'0'2420,6:'0'2321-6:'0'2321	18.2	1
1S72_0:507-513_479-488_500-503	8:'0'482-10:'0'484	18.2	1
1S72_0:2479-2488_2531-2534_2529-2530	3:'0'2484-3:'0'2484,13:'0'2536-13:'0'2536	18.2	1
1S72_0:166-169_215-218_219-221	5:'0'218-5:'0'218,9:'0'222-9:'0'222	18.2	1
1S72_0:2767-2772_2797-2803	7:'0'2800-8:'0'2801	18.2	1
1S72_0:2124-2126_1906-1911_1924-1929	3:'0'1908-3:'0'1908,14:'0'1931-14:'0'1931	18.2	1
1S72_0:1586-1592_1598-1604	1:'0'1589-1:'0'1589,13:'0'1606-13:'0'1606	18.2	1
1S72_0:903-905_1322-1326_1327-1332	6:'0'1327-6:'0'1327,8:'0'1329-8:'0'1329	18.2	1
1S72_0:486-501	6:'0'494-10:'0'498	18.2	1
1S72_0:771-773_465-468_469-472	5:'0'469-5:'0'469,8:'0'472-8:'0'472	18.2	1
1S72_0:360-365_281-288	5:'0'367-5:'0'367,8:'0'285-8:'0'285	18.2	1
1S72_0:766-769_889-893_158-175	14:'0'165-16:'0'167	18.2	1
1S72_0:1445-1450_1674-1675_1501-1505	0:'0'1447-4:'0'1451,6:'0'1676-7:'0'1677,8:'0'1503-8:'0'1503	17.9	1
1S72_0:2418-2419_2316-2321_2376-2378	7:'0'2323-7:'0'2323,10:'0'2380-10:'0'2380	17.4	1
1S72_0:2129-2132_2256-2261_2239-2243	2:'0'2133-2:'0'2133,5:'0'2259-5:'0'2259	17.4	1
1S72_0:1024-1025_933-938_1029-1034	5:'0'938-5:'0'938,9:'0'1032-9:'0'1032	17.4	1
1S72_0:2671-2673_2809-2815_2659-2660	1:'0'2674-1:'0'2674,3:'0'2811-3:'0'2811	17.4	1
1S72_0:2521-2525_2549-2551_1229-1235	1:'0'2524-1:'0'2524,7:'0'2553-7:'0'2553	17.4	1
1S72_0:1597-1604_1588-1593	6:'0'1605-6:'0'1605,8:'0'1590-8:'0'1590	17.4	1
1S72_0:1210-1214_1145-1153	2:'0'1214-2:'0'1214,10:'0'1152-10:'0'1152	17.4	1
1S72_0:1269-1272_1027-1032_934-938	6:'0'1031-6:'0'1031,13:'0'939-13:'0'939	17.4	1
1S72_0:1380-1385_1429-1431_1390-1398	5:'0'1387-5:'0'1387,6:'0'1431-8:'0'1433,9:'0'1392-12:'0'1395	17.3	1
1S72_0:2106-2111_2471-2477_765-766	4:'0'2112-4:'0'2112,8:'0'2475-8:'0'2475	17	1
1S72_0:271-272_266-269_238-242	2:'0'268-2:'0'268,9:'0'243-9:'0'243	17	1
1S72_0:159-160_890-898_762-767	1:'0'162-1:'0'162,3:'0'893-3:'0'893	17	1
1S72_0:1716-1719_1378-1380_1398-1402	4:'0'1380-6:'0'1382,7:'0'1400-8:'0'1401	17	1
1S72_0:1706-1714_1701-1705_788-789	4:'0'1712-4:'0'1712,12:'0'1706-12:'0'1706	16.6	1
1S72_0:314-315_1311-1316_1337-1341	5:'0'1316-5:'0'1316,10:'0'1341-10:'0'1341	16.6	1
1S72_0:1197-1204_1191-1196_1170-1174	3:'0'1202-3:'0'1202,12:'0'1197-12:'0'1197	16.6	1
1S72_0:663-665_225-230_206-210	3:'0'227-3:'0'227,13:'0'212-13:'0'212	16.6	1
1S72_0:2465-2467_159-163_165-172	3:'0'161-3:'0'161,15:'0'174-15:'0'174	16.6	1
1S72_0:303-306_340-343_328-339	7:'0'345-7:'0'345,9:'0'331-9:'0'331	16.6	1
1S72_0:1643-1644_1608-1612_1577-1584	6:'0'1614-6:'0'1614,8:'0'1580-8:'0'1580	16.6	1
1S72_0:2620-2621_2639-2642_832-834	0:'0'2622-0:'0'2622,4:'0'2643-4:'0'2643	16.6	1
1S72_0:255-263_244-250	7:'0'264-7:'0'264,10:'0'247-10:'0'247	16.6	1
1S72_0:828-833_846-849	0:'0'830-3:'0'833,7:'0'849-9:'0'851	16.4	1
1S72_0:2764-2768_2802-2803_2711-2713	3:'0'2769-3:'0'2769,6:'0'2805-6:'0'2805	15.8	1
1S72_0:2121-2126_2264-2270_2114-2117	11:'0'2271-11:'0'2271,15:'0'2118-15:'0'2118	15.8	1
1S72_0:2016-2021_1825-1830_1842-1845	9:'0'1830-9:'0'1830,14:'0'1846-14:'0'1846	15.8	1
1S72_0:1629-1631_1622-1627_1566-1569	5:'0'1626-5:'0'1626,12:'0'1571-12:'0'1571	15.8	1
1S72_0:2053-2056_1363-1369	1:'0'2056-1:'0'2056,7:'0'1368-7:'0'1368	15.8	1
1S72_0:663-664_225-229_206-212	3:'0'228-3:'0'228,10:'0'211-10:'0'211	15.8	1
1S72_0:95-102_72-80	0:'0'97-0:'0'97,14:'0'80-14:'0'80	15.8	1
1S72_0:2758-2764_2713-2720	3:'0'2763-3:'0'2763,11:'0'2719-11:'0'2719	15.8	1
1S72_0:2701-2706_2685-2691	1:'0'2704-1:'0'2704,9:'0'2690-9:'0'2690	15.8	1
1S72_0:2672-2680_2804-2808	1:'0'2675-1:'0'2675,13:'0'2810-13:'0'2810	15.8	1
1S72_0:1145-1153_1210-1214	4:'0'1151-4:'0'1151,12:'0'1215-12:'0'1215	15.8	1
1S72_0:2114-2121_2268-2272_865-878	12:'0'2274-12:'0'2274,15:'0'869-15:'0'869	15.8	1
1S72_0:1653-1655_1532-1535_853-856	6:'0'1537-6:'0'1537,7:'0'855-7:'0'855	15.8	1
1S72_0:335-337_1311-1312_307-320	10:'0'314-12:'0'316	15.8	1
1S72_0:77-83_89-97_59-60	0:'0'79-0:'0'79,14:'0'98-14:'0'98	15.8	1
1S72_0:839-843_844-846_832-836	2:'0'843-4:'0'845,5:'0'846-6:'0'847,10:'0'836-12:'0'838	15.7	1
1S72_0:1040-1043_911-914_1067-1070	5:'0'914-5:'0'914,9:'0'1070-9:'0'1070	15.4	1
1S72_0:622-628_2065-2068_2069-2077	10:'0'2070-10:'0'2070,14:'0'2074-14:'0'2074	15	1
1S72_0:145-147_41-46_110-113	7:'0'47-7:'0'47,10:'0'113-10:'0'113	14.2	1
1S72_0:475-478_450-463_26-27	8:'0'456-12:'0'460	14.2	1
1S72_0:506-510_480-488_500-505	6:'0'483-6:'0'483,19:'0'507-19:'0'507	13.8	1
1S72_0:2069-2077_622-628_2065-2068	3:'0'2074-6:'0'2077,10:'0'625-12:'0'627,17:'0'2068-18:'0'2069	13.7	1
1S72_0:2636-2639_2003-2006_1972-1981	0:'0'2638-0:'0'2638,15:'0'1981-15:'0'1981	13.4	1
1S72_0:2078-2081_2061-2064_1232-1239	7:'0'2066-7:'0'2066,8:'0'1234-8:'0'1234	13.4	1
1S72_0:1349-1355_640-641_619-632	4:'0'1355-4:'0'1355,8:'0'643-8:'0'643	13.4	1
1S72_0:54-60_82-84_85-87	1:'0'57-5:'0'61,8:'0'85-9:'0'86,11:'0'88-12:'0'89	12.8	1
1S72_0:2614-2616_2098-2101_2535-2539	6:'0'2103-6:'0'2103,8:'0'2538-8:'0'2538	12.6	1
1S72_0:145-149_111-113_39-46	2:'0'149-4:'0'151,8:'0'41-9:'0'42	12.6	1
1S72_0:438-439_440-441_37-39	0:'0'440-1:'0'441,2:'0'442-3:'0'443,4:'0'39-6:'0'41	12.4	1
1S72_0:2088-2090_2091-2093_2647-2652	0:'0'2090-2:'0'2092,3:'0'2093-3:'0'2093,6:'0'2649-11:'0'2654	11.8	1
1S72_0:2518-2523_2524-2525_2491-2499	5:'0'2525-5:'0'2525,7:'0'2527-7:'0'2527,8:'0'2493-10:'0'2495	11.4	1
1S72_0:1353-1361_899-900_637-641	2:'0'1357-2:'0'1357,14:'0'642-14:'0'642	11	1
1S72_0:2621-2622_1837-1843_1829-1833	8:'0'1845-8:'0'1845,9:'0'1831-9:'0'1831	11	1
1S72_0:1588-1593_1597-1604	5:'0'1595-5:'0'1595,6:'0'1599-6:'0'1599	11	1
1S72_0:1115-1120_1233-1242_2072-2078	4:'0'1121-5:'0'1122,6:'0'1235-14:'0'1243	9.9	1
1S72_0:1680-1688_1689-1693_840-841	3:'0'1685-5:'0'1687,12:'0'1694-13:'0'1695	9.8	1
1S72_0:1672-1674_1488-1489_1446-1453	4:'0'1491-4:'0'1491,11:'0'1454-11:'0'1454	9.4	1
1S72_0:2773-2775_2570-2576_2555-2560	7:'0'2576-7:'0'2576,10:'0'2557-10:'0'2557	9.4	1
1S72_0:1399-1400_1719-1722_1374-1380	4:'0'1723-4:'0'1723,6:'0'1376-6:'0'1376	9.4	1
1S72_0:1233-1242_1115-1120_2072-2078	4:'0'1239-4:'0'1239,22:'0'2080-22:'0'2080	9.4	1
1S72_0:618-621_628-633_2604-2607	4:'0'631-4:'0'631,11:'0'2607-11:'0'2607	9.4	1
1S72_0:2440-2442_414-415_388-397	7:'0'392-10:'0'395	9	1
1S72_0:1500-1504_1442-1446_1416-1418	3:'0'1505-4:'0'1506,8:'0'1447-8:'0'1447	8.8	1
1S72_0:111-113_39-46_145-149	1:'0'114-1:'0'114,10:'0'48-10:'0'48	8.6	1
1S72_0:665-677	4:'0'671-8:'0'675	8.6	1
1S72_0:2457-2460_2424-2431_2314-2315	4:'0'2426-4:'0'2426,12:'0'2316-12:'0'2316	7.8	1
1S72_0:182-184_39-43_145-151	6:'0'44-6:'0'44,8:'0'147-8:'0'147	7.8	1
1S72_0:1974-1987_2636-2639_1998-2006	0:'0'1976-0:'0'1976,22:'0'2004-22:'0'2004	7.8	1
1S72_0:894-900_757-764_2476-2478	13:'0'765-13:'0'765,17:'0'2480-17:'0'2480	7	1
1S72_0:2748-2751_1809-1816_2728-2731	7:'0'1814-8:'0'1815,15:'0'2733-15:'0'2733	7	1
1S72_0:1098-1103_1104-1108_1252-1255	5:'0'1105-5:'0'1105,6:'0'1106-7:'0'1107,13:'0'1256-14:'0'1257	7	1
1S72_0:1037-1043_911-916_924-929	1:'0'1040-3:'0'1042,9:'0'915-9:'0'915,15:'0'928-17:'0'930	7	1
1S72_0:434-436_227-232_203-208	8:'0'234-8:'0'234,9:'0'205-9:'0'205	7	1
1S72_0:2624-2628_2629-2636_2113-2114	4:'0'2630-4:'0'2630,6:'0'2632-6:'0'2632	6.2	1
1S72_0:1430-1433_1385-1393	6:'0'1389-8:'0'1391	6.2	1
1S72_0:1750-1754_1739-1745_2029-2036	9:'0'1745-9:'0'1745,15:'0'2034-15:'0'2034	6.2	1
1S72_0:2100-2108_916-924_2476-2479	5:'0'2107-5:'0'2107,14:'0'923-14:'0'923,20:'0'2480-20:'0'2480	6.2	1
1S72_0:2604-2616_2538-2545	5:'0'2611-5:'0'2611,14:'0'2541-14:'0'2541	6.2	1
1S72_0:1108-1110_573-576_577-581	5:'0'577-5:'0'577,7:'0'579-7:'0'579	6.2	1
1S72_0:2521-2525_1229-1235_2491-2496	0:'0'2523-0:'0'2523,5:'0'1231-5:'0'1231,17:'0'2498-17:'0'2498	5.4	1
1S72_0:2651-2656_2837-2840_2086-2089	4:'0'2657-4:'0'2657,9:'0'2842-9:'0'2842	4.6	1
1S72_0:232-235_431-434_188-192	2:'0'236-2:'0'236,5:'0'434-5:'0'434,9:'0'191-9:'0'191	4.6	1
1S72_0:437-440_148-152_180-185	4:'0'150-4:'0'150,12:'0'185-12:'0'185	4.6	1
1S72_0:773-782_861-866_1457-1458	11:'0'864-11:'0'864,17:'0'1460-17:'0'1460	4.2	1
1S72_0:1686-1692_1424-1430_1434-1437	7:'0'1426-9:'0'1428,15:'0'1437-17:'0'1439	4.1	1
1S72_0:1115-1120_2072-2078_1233-1242		4	1
1S72_0:2457-2460_2314-2315_2424-2431		3.8	1
1S72_0:2314-2315_2457-2460_2424-2431		3.8	1
1S72_0:191-193_424-428_405-413	5:'0'428-6:'0'429,8:'0'407-8:'0'407	3.8	1
1S72_0:2457-2460_2314-2315_2424-2431		3.8	1
1S72_0:2314-2315_2457-2460_2424-2431		3.8	1
1S72_0:2721-2723_1737-1742_2031-2039		3.8	1
1S72_0:935-936_700-705_718-724	6:'0'706-6:'0'706,10:'0'722-10:'0'722	3.8	1
1S72_0:437-440_180-185_148-152		3.8	1
1S72_0:180-185_437-440_148-152		3.8	1
1S72_0:180-185_148-152_437-440		3.8	1
1S72_0:1128-1131_2518-2523_2491-2499		3.7	1
1S72_0:2518-2523_1128-1131_2491-2499		3.7	1
1S72_0:2524-2525_2518-2523_2491-2499		3.7	1
1S72_0:1750-1758_1816-1818_2027-2030		3.7	1
1S72_0:1079-1080_1043-1048_1063-1067		3.7	1
1S72_0:1104-1108_1098-1103_1252-1255		3.7	1
1S72_0:1739-1740_2029-2032_1743-1754		3.7	1
1S72_0:2072-2078_1233-1242_1115-1120		3.7	1
1S72_0:1457-1458_773-782_861-866	4:'0'777-5:'0'778	3.6	1
1S72_0:894-900_2476-2478_757-764	4:'0'900-4:'0'900,15:'0'764-15:'0'764	3.6	1
1S72_0:432-435_188-192_231-235		3.6	1
1S72_0:142-145_42-43_123-133		3.6	1
1S72_0:1402-1407_1699-1701_1713-1717		3.6	1
1S72_0:139-145_113-114_123-133		3.6	1
1S72_0:82-84_85-87_54-60		3.6	1
1S72_0:82-87_54-57_58-60		3.6	1
1S72_0:1867-1876_1851-1858		3.6	1
1S72_0:61-72_51-54_102-105		3.6	1
1S72_0:2491-2499_2518-2523_1128-1131		3.5	1
1S72_0:2475-2478_761-766_891-899		3.5	1
1S72_0:2314-2315_2424-2431_2457-2460		3.5	1
1S72_0:2314-2315_2424-2431_2457-2460		3.5	1
1S72_0:2837-2840_2655-2658_2082-2086		3.5	1
1S72_0:2721-2723_2031-2039_1737-1742		3.5	1
1S72_0:2475-2478_763-767_890-897		3.5	1
1S72_0:2518-2523_2491-2499_1128-1131		3.4	1
1S72_0:2518-2523_2491-2499_2524-2525		3.4	1
1S72_0:1816-1818_1750-1758_2027-2030		3.4	1
1S72_0:1750-1758_2027-2030_1816-1818		3.4	1
1S72_0:1043-1048_1079-1080_1063-1067		3.4	1
1S72_0:1043-1048_1063-1067_1079-1080		3.4	1
1S72_0:832-836_1374-1375_844-846		3.4	1
1S72_0:615-618_533-537_2057-2062		3.4	1
1S72_0:533-537_615-618_2057-2062		3.4	1
1S72_0:520-526_14-18		3.4	1
1S72_0:2029-2036_1739-1745_1750-1754		3.4	1
1S72_0:910-914_926-929_1037-1040	0:'0'912-0:'0'912,7:'0'930-8:'0'931,9:'0'1039-10:'0'1040	3.4	1
1S72_0:477-478_26-30_449-454	0:'0'479-0:'0'479,3:'0'29-4:'0'30,8:'0'452-9:'0'453	3.4	1
1S72_0:1963-1965_1966-1968_1943-1945	2:'0'1967-2:'0'1967,3:'0'1968-3:'0'1968,6:'0'1945-6:'0'1945	3.4	1
1S72_0:1699-1701_1402-1407_1713-1717		3.4	1
1S72_0:1104-1108_1252-1255_1098-1103		3.4	1
1S72_0:2476-2479_2100-2108_916-924		3.4	1
1S72_0:2476-2479_916-924_2100-2108		3.4	1
1S72_0:839-843_832-836_844-846		3.4	1
1S72_0:832-836_839-843_844-846		3.4	1
1S72_0:834-835_831-833_844-847		3.4	1
1S72_0:405-413_424-428_191-193	9:'0'426-9:'0'426,16:'0'195-16:'0'195	3.4	1
1S72_0:123-133_113-114_139-145		3.4	1
1S72_0:113-114_123-133_139-145		3.4	1
1S72_0:1851-1858_1867-1876	3:'0'1856-3:'0'1856,14:'0'1875-14:'0'1875	3.4	1
1S72_0:2655-2658_2837-2840_2082-2086		3.4	1
1S72_0:2029-2032_1739-1740_1743-1754		3.4	1
1S72_0:203-208_227-232_434-436		3.4	1
1S72_0:1128-1131_2491-2499_2518-2523		3.3	1
1S72_0:2027-2030_1816-1818_1750-1758		3.3	1
1S72_0:1110-1115_1242-1250		3.3	1
1S72_0:1037-1040_926-929_910-914		3.3	1
1S72_0:142-145_123-133_42-43		3.3	1
1S72_0:2353-2355_2325-2330_2363-2372		3.3	1
1S72_0:2325-2330_2353-2355_2363-2372		3.3	1
1S72_0:2728-2731_1809-1816_2748-2751		3.3	1
1S72_0:1402-1407_1713-1717_1699-1701		3.3	1
1S72_0:1229-1235_2521-2525_2491-2496		3.3	1
1S72_0:916-924_2476-2479_2100-2108		3.3	1
1S72_0:916-924_2100-2108_2476-2479		3.3	1
1S72_0:911-916_1037-1043_924-929		3.3	1
1S72_0:139-145_123-133_113-114		3.3	1
1S72_0:113-114_139-145_123-133		3.3	1
1S72_0:85-87_82-84_54-60		3.3	1
1S72_0:82-84_54-60_85-87		3.3	1
1S72_0:54-57_82-87_58-60		3.3	1
1S72_0:82-87_58-60_54-57		3.3	1
1S72_0:1851-1860_1865-1871		3.3	1
1S72_0:2773-2775_2555-2560_2570-2576		3.3	1
1S72_0:2023-2025_1993-1998_1987-1990		3.3	1
1S72_0:1993-1998_2023-2025_1987-1990		3.3	1
1S72_0:1993-1998_1987-1990_2023-2025		3.3	1
1S72_0:434-436_203-208_227-232		3.3	1
1S72_0:51-54_61-72_102-105		3.3	1
1S72_0:2837-2840_2651-2656_2086-2089	1:'0'2840-1:'0'2840,10:'0'2088-10:'0'2088	3.2	1
1S72_0:2629-2636_2624-2628_2113-2114	0:'0'2631-0:'0'2631,14:'0'2116-14:'0'2116	3.2	1
1S72_0:2491-2499_1128-1131_2518-2523		3.2	1
1S72_0:2524-2525_2491-2499_2518-2523		3.2	1
1S72_0:1758-1762_1810-1811_1778-1783		3.2	1
1S72_0:1670-1674_1446-1452_1489-1491		3.2	1
1S72_0:1063-1067_1079-1080_1043-1048		3.2	1
1S72_0:1063-1067_1043-1048_1079-1080		3.2	1
1S72_0:144-147_129-130_40-43	0:'0'146-0:'0'146,5:'0'132-5:'0'132	3.2	1
1S72_0:2311-2315_2422-2426_2357-2360	5:'0'2424-5:'0'2424,13:'0'2362-13:'0'2362	3.2	1
1S72_0:1414-1417_1674-1677_1443-1450		3.2	1
1S72_0:911-917_1040-1043_922-926	6:'0'919-6:'0'919,11:'0'924-11:'0'924	3.2	1
1S72_0:2071-2073_626-633_617-621		3.2	1
1S72_0:2071-2073_617-621_626-633		3.2	1
1S72_0:431-434_188-192_232-235		3.2	1
1S72_0:123-133_142-145_42-43		3.2	1
1S72_0:26-30_477-478_449-454	0:'0'28-0:'0'28,6:'0'480-6:'0'480	3.2	1
1S72_0:2649-2651_2645-2648_2089-2095	6:'0'2650-6:'0'2650,11:'0'2095-11:'0'2095	3.2	1
1S72_0:2649-2651_2089-2095_2645-2648	9:'0'2097-9:'0'2097,10:'0'2647-10:'0'2647	3.2	1
1S72_0:2550-2556_2577-2578_2573-2576	6:'0'2558-6:'0'2558,9:'0'2575-9:'0'2575	3.2	1
1S72_0:2728-2731_2748-2751_1809-1816	2:'0'2732-2:'0'2732,4:'0'2750-4:'0'2750	3.2	1
1S72_0:1449-1451_1670-1675_1446-1448	2:'0'1453-2:'0'1453,5:'0'1674-5:'0'1674	3.2	1
1S72_0:1434-1437_1686-1692_1424-1430		3.2	1
1S72_0:1716-1719_1398-1402_1378-1380	0:'0'1718-0:'0'1718,8:'0'1404-8:'0'1404	3.2	1
1S72_0:123-133_139-145_113-114		3.2	1
1S72_0:58-60_82-87_54-57	8:'0'89-8:'0'89,10:'0'57-10:'0'57	3.2	1
1S72_0:1832-1836_2640-2642_1837-1841		3.2	1
1S72_0:2885-2889_2864-2869		3.2	1
1S72_0:2555-2560_2570-2576_2773-2775		3.2	1
1S72_0:2490-2495_2522-2527	0:'0'2492-0:'0'2492,11:'0'2529-11:'0'2529	3.2	1
1S72_0:2049-2053_1371-1375_836-841	1:'0'2052-1:'0'2052,5:'0'1373-5:'0'1373	3.2	1
1S72_0:1371-1375_2049-2053_836-841		3.2	1
1S72_0:1371-1375_836-841_2049-2053		3.2	1
1S72_0:836-841_2049-2053_1371-1375		3.2	1
1S72_0:836-841_1371-1375_2049-2053		3.2	1
1S72_0:890-897_2475-2478_763-767		3.2	1
1S72_0:2475-2478_890-897_763-767		3.2	1
1S72_0:718-724_935-936_700-705	3:'0'723-3:'0'723,12:'0'705-12:'0'705	3.2	1
1S72_0:2604-2607_628-633_618-621		3.2	1
1S72_0:2486-2489_622-628_2067-2073		3.2	1
1S72_0:2486-2489_2067-2073_622-628		3.2	1
1S72_0:2067-2073_2486-2489_622-628		3.2	1
1S72_0:1108-1110_577-581_573-576	2:'0'1112-2:'0'1112,11:'0'578-11:'0'578	3.2	1
1S72_0:203-208_434-436_227-232		3.2	1
1S72_0:1816-1818_2027-2030_1750-1758		3.1	1
1S72_0:1079-1080_1063-1067_1043-1048		3.1	1
1S72_0:615-618_2057-2062_533-537		3.1	1
1S72_0:533-537_2057-2062_615-618		3.1	1
1S72_0:2645-2650_2090-2095_2608-2614		3.1	1
1S72_0:2029-2036_1750-1754_1739-1745		3.1	1
1S72_0:1674-1677_1414-1417_1443-1450		3.1	1
1S72_0:910-914_1037-1040_926-929		3.1	1
1S72_0:926-929_1037-1040_910-914		3.1	1
1S72_0:432-435_231-235_188-192		3.1	1
1S72_0:2091-2093_2088-2090_2647-2652		3.1	1
1S72_0:1432-1439_1422-1428		3.1	1
1S72_0:1098-1103_1252-1255_1104-1108		3.1	1
1S72_0:924-929_1037-1043_911-916		3.1	1
1S72_0:832-836_844-846_839-843		3.1	1
1S72_0:831-833_834-835_844-847		3.1	1
1S72_0:405-413_191-193_424-428		3.1	1
1S72_0:2837-2840_2082-2086_2655-2658		3.1	1
1S72_0:2023-2025_1987-1990_1993-1998		3.1	1
1S72_0:1987-1990_2023-2025_1993-1998		3.1	1
1S72_0:2029-2032_1743-1754_1739-1740		3.1	1
1S72_0:2031-2039_2721-2723_1737-1742		3.1	1
1S72_0:613-616_536-540		3.1	1
1S72_0:2904-2905_2842-2847_2830-2834		3	1
1S72_0:2842-2847_2904-2905_2830-2834		3	1
1S72_0:2491-2499_2524-2525_2518-2523		3	1
1S72_0:1758-1762_1778-1783_1810-1811		3	1
1S72_0:1810-1811_1758-1762_1778-1783		3	1
1S72_0:1810-1811_1778-1783_1758-1762		3	1
1S72_0:1778-1783_1810-1811_1758-1762		3	1
1S72_0:2027-2030_1750-1758_1816-1818		3	1
1S72_0:2608-2614_2645-2650_2090-2095		3	1
1S72_0:1040-1043_922-926_911-917		3	1
1S72_0:836-844_2052-2053_1686-1691		3	1
1S72_0:2091-2093_2647-2652_2088-2090		3	1
1S72_0:2748-2751_2728-2731_1809-1816		3	1
1S72_0:1449-1451_1446-1448_1670-1675		3	1
1S72_0:1446-1448_1670-1675_1449-1451		3	1
1S72_0:1430-1435_1427-1429_1390-1393		3	1
1S72_0:1686-1692_1434-1437_1424-1430		3	1
1S72_0:1229-1235_2491-2496_2521-2525		3	1
1S72_0:2100-2108_2476-2479_916-924		3	1
1S72_0:924-929_911-916_1037-1043		3	1
1S72_0:911-916_924-929_1037-1043		3	1
1S72_0:1865-1871_1851-1860		3	1
1S72_0:1832-1836_1837-1841_2640-2642		3	1
1S72_0:2555-2560_2773-2775_2570-2576		3	1
1S72_0:1987-1990_1993-1998_2023-2025		3	1
1S72_0:1113-1119_1240-1246	4:'0'1119-5:'0'1120,11:'0'1246-11:'0'1246	3	1
1S72_0:1349-1353_901-905_1297-1301		3	1
1S72_0:901-905_1349-1353_1297-1301		3	1
1S72_0:935-936_718-724_700-705		3	1
1S72_0:622-628_2067-2073_2486-2489		3	1
1S72_0:2067-2073_622-628_2486-2489		3	1
1S72_0:102-105_51-54_61-72		3	1
1S72_0:61-72_102-105_51-54		3	1
1S72_0:51-54_102-105_61-72		3	1
1S72_0:2086-2089_2837-2840_2651-2656		2.9	1
1S72_0:1242-1250_1110-1115		2.9	1
1S72_0:2476-2478_757-764_894-900		2.9	1
1S72_0:2550-2555_2574-2578_2597-2600		2.9	1
1S72_0:2645-2650_2608-2614_2090-2095		2.9	1
1S72_0:922-926_1040-1043_911-917		2.9	1
1S72_0:1686-1691_836-844_2052-2053		2.9	1
1S72_0:836-844_1686-1691_2052-2053		2.9	1
1S72_0:626-633_2071-2073_617-621		2.9	1
1S72_0:617-621_2071-2073_626-633		2.9	1
1S72_0:2060-2062_530-533_2079-2083		2.9	1
1S72_0:530-533_2060-2062_2079-2083		2.9	1
1S72_0:2491-2496_2521-2525_1229-1235		2.9	1
1S72_0:2491-2496_1229-1235_2521-2525		2.9	1
1S72_0:1118-1120_1114-1117_1240-1246		2.9	1
1S72_0:1114-1117_1118-1120_1240-1246		2.9	1
1S72_0:1252-1255_1098-1103_1104-1108		2.9	1
1S72_0:655-660_740-745_696-700		2.9	1
1S72_0:2082-2086_2655-2658_2837-2840		2.9	1
1S72_0:1430-1433_1389-1396_1383-1387		2.9	1
1S72_0:2550-2557_2572-2576_2773-2774		2.8	1
1S72_0:2467-2469_2112-2116_2629-2631		2.8	1
1S72_0:2112-2116_2629-2631_2467-2469		2.8	1
1S72_0:1672-1674_1446-1453_1488-1489	10:'0'1455-10:'0'1455,11:'0'1490-11:'0'1490	2.8	1
1S72_0:2520-2521_1228-1229_1124-1129	6:'0'1128-7:'0'1129	2.8	1
1S72_0:1374-1375_844-846_832-836		2.8	1
1S72_0:2057-2062_615-618_533-537		2.8	1
1S72_0:2458-2464_2312-2315_2423-2427	7:'0'2314-7:'0'2314,11:'0'2425-11:'0'2425	2.8	1
1S72_0:2090-2095_2608-2614_2645-2650		2.8	1
1S72_0:1674-1677_1443-1450_1414-1417		2.8	1
1S72_0:926-929_910-914_1037-1040		2.8	1
1S72_0:922-926_911-917_1040-1043		2.8	1
1S72_0:626-633_617-621_2071-2073	7:'0'635-7:'0'635,9:'0'620-9:'0'620	2.8	1
1S72_0:449-454_26-30_477-478		2.8	1
1S72_0:2325-2330_2363-2372_2353-2355		2.8	1
1S72_0:1670-1675_1449-1451_1446-1448		2.8	1
1S72_0:1699-1701_1713-1717_1402-1407		2.8	1
1S72_0:1201-1205_1192-1194_1189-1191		2.8	1
1S72_0:834-835_844-847_831-833		2.8	1
1S72_0:831-833_844-847_834-835		2.8	1
1S72_0:696-700_740-745_655-660	0:'0'698-0:'0'698,5:'0'742-5:'0'742	2.8	1
1S72_0:740-745_696-700_655-660		2.8	1
1S72_0:58-60_54-57_82-87	5:'0'58-5:'0'58,11:'0'88-11:'0'88	2.8	1
1S72_0:622-628_2486-2489_2067-2073		2.8	1
1S72_0:2904-2905_2830-2834_2842-2847		2.7	1
1S72_0:2842-2847_2830-2834_2904-2905		2.7	1
1S72_0:2604-2608_2543-2546		2.7	1
1S72_0:2550-2557_2773-2774_2572-2576		2.7	1
1S72_0:1778-1783_1758-1762_1810-1811		2.7	1
1S72_0:444-448_30-35		2.7	1
1S72_0:14-18_520-526		2.7	1
1S72_0:911-917_922-926_1040-1043		2.7	1
1S72_0:449-454_477-478_26-30		2.7	1
1S72_0:1430-1435_1390-1393_1427-1429		2.7	1
1S72_0:1349-1353_1297-1301_901-905		2.7	1
1S72_0:901-905_1297-1301_1349-1353		2.7	1
1S72_0:2830-2834_2904-2905_2842-2847		2.6	1
1S72_0:2112-2116_2467-2469_2629-2631		2.6	1
1S72_0:2597-2600_2550-2555_2574-2578		2.6	1
1S72_0:2550-2555_2597-2600_2574-2578		2.6	1
1S72_0:1686-1691_2052-2053_836-844		2.6	1
1S72_0:431-434_232-235_188-192		2.6	1
1S72_0:477-478_449-454_26-30		2.6	1
1S72_0:1943-1945_1966-1968_1963-1965		2.6	1
1S72_0:1943-1945_1963-1965_1966-1968		2.6	1
1S72_0:1963-1965_1943-1945_1966-1968		2.6	1
1S72_0:1689-1693_1680-1688_840-841		2.6	1
1S72_0:1689-1693_840-841_1680-1688		2.6	1
1S72_0:840-841_1689-1693_1680-1688		2.6	1
1S72_0:1427-1429_1390-1393_1430-1435		2.6	1
1S72_0:1192-1194_1201-1205_1189-1191		2.6	1
1S72_0:1114-1117_1240-1246_1118-1120		2.6	1
1S72_0:1252-1255_1104-1108_1098-1103		2.6	1
1S72_0:844-846_839-843_832-836		2.6	1
1S72_0:696-700_655-660_740-745		2.6	1
1S72_0:2640-2642_1832-1836_1837-1841		2.6	1
1S72_0:1389-1396_1383-1387_1430-1433		2.6	1
1S72_0:1389-1396_1430-1433_1383-1387		2.6	1
1S72_0:102-105_61-72_51-54		2.6	1
1S72_0:2773-2774_2550-2557_2572-2576		2.5	1
1S72_0:2629-2631_2112-2116_2467-2469		2.5	1
1S72_0:2467-2469_2629-2631_2112-2116		2.5	1
1S72_0:1442-1446_1500-1504_1416-1418		2.5	1
1S72_0:2052-2053_1686-1691_836-844		2.5	1
1S72_0:2312-2313_2287-2290_2291-2293		2.5	1
1S72_0:2291-2293_2287-2290_2312-2313		2.5	1
1S72_0:2287-2290_2312-2313_2291-2293		2.5	1
1S72_0:2287-2290_2291-2293_2312-2313		2.5	1
1S72_0:1966-1968_1963-1965_1943-1945		2.5	1
1S72_0:1240-1246_1114-1117_1118-1120		2.5	1
1S72_0:2561-2565_2692-2693		2.5	1
1S72_0:1674-1675_1445-1450_1501-1505		2.5	1
1S72_0:2830-2834_2842-2847_2904-2905		2.4	1
1S72_0:2552-2556_2797-2798_2573-2578		2.4	1
1S72_0:1442-1446_1416-1418_1500-1504		2.4	1
1S72_0:1416-1418_1442-1446_1500-1504		2.4	1
1S72_0:2057-2062_533-537_615-618		2.4	1
1S72_0:30-35_444-448		2.4	1
1S72_0:2060-2062_2079-2083_530-533		2.4	1
1S72_0:530-533_2079-2083_2060-2062		2.4	1
1S72_0:1390-1393_1427-1429_1430-1435	4:'0'1429-4:'0'1429,12:'0'1437-12:'0'1437	2.4	1
1S72_0:844-846_832-836_839-843		2.4	1
1S72_0:655-660_696-700_740-745		2.4	1
1S72_0:1837-1841_1832-1836_2640-2642		2.4	1
1S72_0:536-540_613-616		2.4	1
1S72_0:2797-2798_2552-2556_2573-2578		2.3	1
1S72_0:2552-2556_2573-2578_2797-2798		2.3	1
1S72_0:2560-2563_2568-2570		2.3	1
1S72_0:1713-1717_1699-1701_1402-1407		2.3	1
1S72_0:1713-1717_1402-1407_1699-1701		2.3	1
1S72_0:1118-1120_1240-1246_1114-1117		2.3	1
1S72_0:1240-1246_1118-1120_1114-1117		2.3	1
1S72_0:37-39_440-441_438-439		2.3	1
1S72_0:2629-2631_2467-2469_2112-2116		2.2	1
1S72_0:2052-2053_836-844_1686-1691		2.2	1
1S72_0:2079-2083_2060-2062_530-533		2.2	1
1S72_0:1390-1393_1430-1435_1427-1429		2.2	1
1S72_0:440-441_37-39_438-439		2.2	1
1S72_0:440-441_438-439_37-39		2.2	1
1S72_0:1297-1301_1349-1353_901-905		2.2	1
1S72_0:1297-1301_901-905_1349-1353		2.2	1
1S72_0:1966-1968_1943-1945_1963-1965		2.1	1
1S72_0:2692-2693_2561-2565		2.1	1
1S72_0:2079-2083_530-533_2060-2062		2	1
1S72_0:844-847_834-835_831-833		2	1
1S72_0:2640-2642_1837-1841_1832-1836		2	1
1S72_0:1240-1246_1113-1119		2	1
1S72_0:2592-2593_1989-1993		1.9	1
1S72_0:2312-2313_2291-2293_2287-2290		1.9	1
1S72_0:2291-2293_2312-2313_2287-2290		1.9	1
1S72_0:1837-1841_2640-2642_1832-1836		1.9	1
1S72_0:2864-2869_2885-2889		1.9	1
1S72_0:844-847_831-833_834-835		1.8	1
1S72_0:131-142	4:'0'137-7:'0'140	1.6	1
1S72_0:2543-2546_2604-2608		1.5	1
1S72_0:1989-1993_2592-2593		1.5	1
1S72_0:2568-2570_2560-2563		1.5	1
1S72_0:551-552_603-605		1.5	1
1S72_0:603-605_551-552		1.4	1
