No base-stacking information is found. Performing alignment based on base-pairing information.
#fragment_ID	aligned_regions	alignment_score	P-value
1S72_0:1365-1370_2051-2055	1:'0'1368-5:'0'1372,6:'0'2053-9:'0'2056	110.2	0.0115416
1S72_0:208-213_223-227	1:'0'211-5:'0'215,6:'0'225-9:'0'228	110.2	0.0115416
1S72_0:2687-2693_2698-2703	1:'0'2690-5:'0'2694,8:'0'2701-11:'0'2704	109.4	0.0117529
1S72_0:766-769_171-176_156-160	4:'0'173-8:'0'177,11:'0'159-14:'0'162	101.8	0.0140867
1S72_0:1068-1069_1290-1293_908-912	0:'0'1070-1:'0'1071,2:'0'1292-4:'0'1294,7:'0'911-10:'0'914	95.2	0.0167272
1S72_0:353-358_290-294	1:'0'356-5:'0'360,6:'0'292-9:'0'295	87.4	0.0209296
1S72_0:2299-2301_950-955_1007-1014	1:'0'2302-1:'0'2302,4:'0'953-6:'0'955,12:'0'1012-14:'0'1014	82.2	0.0246771
1S72_0:459-465_472-477	2:'0'463-5:'0'466,8:'0'475-10:'0'477	79	0.0275064
1S72_0:427-428_378-382_403-408	1:'0'430-1:'0'430,2:'0'380-5:'0'383,8:'0'406-11:'0'409	67.4	0.0432132
1S72_0:583-589_565-570	1:'0'586-5:'0'590,8:'0'568-11:'0'571	66.6	0.0447641
1S72_0:1943-1945_1964-1972_2006-2008	8:'0'1971-10:'0'1973,13:'0'2009-14:'0'2010	56.8	0.0731804
1S72_0:1771-1777_1763-1768	2:'0'1775-3:'0'1776,9:'0'1767-10:'0'1768	41.8	0.222436
1S72_0:1658-1662_1525-1529	3:'0'1663-4:'0'1664,5:'0'1527-6:'0'1528	41.4	0.231525
1S72_0:1526-1531_1656-1661	4:'0'1532-5:'0'1533,6:'0'1658-7:'0'1659	41.4	0.231525
1S72_0:2387-2389_2392-2397_925-926	1:'0'2390-2:'0'2391,6:'0'2397-7:'0'2398	41	0.241182
1S72_0:187-190_201-204_432-436	1:'0'190-3:'0'192,4:'0'203-4:'0'203,9:'0'435-9:'0'435	39.8	0.274078
1S72_0:640-644_757-761_1351-1356	0:'0'642-3:'0'645,7:'0'761-7:'0'761,12:'0'1355-14:'0'1357	38.7	0.310525
1S72_0:2518-2521_1226-1228_1126-1132	5:'0'1229-6:'0'1230,11:'0'1132-12:'0'1133	36.6	0.403713
1S72_0:1492-1493_1620-1625_1568-1572	3:'0'1623-4:'0'1624,10:'0'1572-11:'0'1573	36.6	0.403713
1S72_0:1482-1486_859-860_1455-1457	0:'0'1484-4:'0'1488,5:'0'861-6:'0'862,7:'0'1457-8:'0'1458	35.6	0.463548
1S72_0:1256-1261_563-565_1091-1096	0:'0'1258-3:'0'1261,8:'0'567-8:'0'567,10:'0'1094-13:'0'1097	35.2	0.491265
1S72_0:119-120_106-112_46-50	6:'0'112-8:'0'114,9:'0'48-10:'0'49	34.1	0.581708
1S72_0:459-461_504-506_476-484	3:'0'506-4:'0'507,11:'0'483-12:'0'484	31.4	0.94737
1S72_0:1784-1785_2871-2873_2880-2882	3:'0'2874-3:'0'2874,6:'0'2883-6:'0'2883	21.4	1
1S72_0:2753-2760_2720-2725_2037-2039	0:'0'2755-0:'0'2755,13:'0'2727-13:'0'2727	21.4	1
1S72_0:2720-2725_2753-2760_2037-2039	3:'0'2725-3:'0'2725,8:'0'2757-8:'0'2757	21.4	1
1S72_0:2560-2562_2509-2515_2501-2505	8:'0'2516-8:'0'2516,11:'0'2504-11:'0'2504	21.4	1
1S72_0:2560-2562_2501-2505_2509-2515	3:'0'2503-3:'0'2503,14:'0'2517-14:'0'2517	21.4	1
1S72_0:2367-2369_2349-2350_2327-2331	4:'0'2352-4:'0'2352,8:'0'2332-8:'0'2332	21.4	1
1S72_0:2287-2290_2277-2279_919-920	5:'0'2280-5:'0'2280,8:'0'922-8:'0'922	21.4	1
1S72_0:2125-2126_1901-1907_1927-1932	7:'0'1908-7:'0'1908,11:'0'1931-11:'0'1931	21.4	1
1S72_0:1881-1884_2014-2015_1844-1846	1:'0'1884-1:'0'1884,7:'0'1847-7:'0'1847	21.4	1
1S72_0:1857-1868	4:'0'1863-6:'0'1865	21.4	1
1S72_0:1624-1627_1629-1631_1566-1569	3:'0'1629-3:'0'1629,4:'0'1631-4:'0'1631	21.4	1
1S72_0:859-860_1482-1486_1455-1457	2:'0'1484-2:'0'1484,8:'0'1458-8:'0'1458	21.4	1
1S72_0:1695-1698_1678-1680_1406-1412	5:'0'1681-5:'0'1681,12:'0'1413-12:'0'1413	21.4	1
1S72_0:2051-2055_1365-1370	0:'0'2053-0:'0'2053,10:'0'1372-10:'0'1372	21.4	1
1S72_0:1337-1341_314-315_1311-1316	0:'0'1339-0:'0'1339,12:'0'1318-12:'0'1318	21.4	1
1S72_0:1083-1086_1257-1259_1067-1072	1:'0'1086-1:'0'1086,11:'0'1073-11:'0'1073	21.4	1
1S72_0:1079-1080_1066-1071_1084-1086	6:'0'1072-6:'0'1072,10:'0'1088-10:'0'1088	21.4	1
1S72_0:1051-1053_1055-1058	2:'0'1055-2:'0'1055,3:'0'1057-3:'0'1057	21.4	1
1S72_0:908-912_1290-1293_1068-1069	1:'0'911-1:'0'911,7:'0'1294-7:'0'1294	21.4	1
1S72_0:849-854_824-828	3:'0'854-3:'0'854,7:'0'827-7:'0'827	21.4	1
1S72_0:813-819_791-796	1:'0'816-1:'0'816,11:'0'797-11:'0'797	21.4	1
1S72_0:789-794_814-821	4:'0'795-4:'0'795,8:'0'818-8:'0'818	21.4	1
1S72_0:743-746_683-684_655-660	5:'0'686-5:'0'686,9:'0'660-9:'0'660	21.4	1
1S72_0:1261-1262_559-564_590-594	5:'0'564-5:'0'564,9:'0'593-9:'0'593	21.4	1
1S72_0:590-595_558-563	0:'0'592-0:'0'592,11:'0'565-11:'0'565	21.4	1
1S72_0:2810-2812_528-531_9-11	4:'0'531-4:'0'531,7:'0'11-7:'0'11	21.4	1
1S72_0:287-292_355-361	3:'0'292-3:'0'292,9:'0'360-9:'0'360	21.4	1
1S72_0:223-227_208-213	0:'0'225-0:'0'225,10:'0'215-10:'0'215	21.4	1
1S72_0:187-193_231-233_199-204	9:'0'235-9:'0'235,13:'0'204-13:'0'204	21.4	1
1S72_0:890-893_156-161_170-176	5:'0'159-5:'0'159,15:'0'177-15:'0'177	21.4	1
1S72_0:91-92_75-79_95-98	3:'0'78-3:'0'78,9:'0'99-9:'0'99	21.4	1
1S72_0:19-24_515-520	3:'0'24-3:'0'24,8:'0'519-8:'0'519	21.4	1
1S72_0:1813-1816_1806-1812_2729-2731	5:'0'1809-7:'0'1811	21.4	1
1S72_0:2873-2881_1803-1804_1784-1787	2:'0'2877-4:'0'2879	21.4	1
1S72_0:1599-1600_1585-1590_1603-1606	3:'0'1588-3:'0'1588,10:'0'1607-10:'0'1607	21.4	1
1S72_0:935-938_717-721_703-707	5:'0'720-5:'0'720,12:'0'708-12:'0'708	21.4	1
1S72_0:340-343_328-339_303-306	14:'0'340-14:'0'340,17:'0'306-17:'0'306	21.4	1
1S72_0:635-637_516-520_19-23	3:'0'518-3:'0'518,12:'0'25-12:'0'25	21.4	1
1S72_0:2849-2854_2899-2904_2831-2833	0:'0'2851-0:'0'2851,11:'0'2906-11:'0'2906	21.4	1
1S72_0:2906-2911_2825-2830_2665-2666	5:'0'2913-5:'0'2913,6:'0'2827-6:'0'2827	21.4	1
1S72_0:2665-2666_2824-2829_2907-2912	2:'0'2826-2:'0'2826,13:'0'2914-13:'0'2914	21.4	1
1S72_0:2796-2798_2767-2774_2799-2803	0:'0'2798-0:'0'2798,9:'0'2775-9:'0'2775	21.4	1
1S72_0:2698-2703_2687-2693	1:'0'2701-1:'0'2701,11:'0'2694-11:'0'2694	21.4	1
1S72_0:2620-2625_2634-2641_1837-1841	11:'0'2641-11:'0'2641,17:'0'1842-17:'0'1842	21.4	1
1S72_0:2500-2505_2509-2516	5:'0'2507-5:'0'2507,8:'0'2513-8:'0'2513	21.4	1
1S72_0:2407-2416	3:'0'2412-5:'0'2414	21.4	1
1S72_0:2357-2360_2418-2425_2312-2319	4:'0'2420-4:'0'2420,19:'0'2321-19:'0'2321	21.4	1
1S72_0:2241-2258	6:'0'2249-9:'0'2252	21.4	1
1S72_0:1928-1930_2265-2270_2121-2125	6:'0'2270-6:'0'2270,9:'0'2123-9:'0'2123	21.4	1
1S72_0:1937-1942_1891-1896	5:'0'1944-5:'0'1944,8:'0'1895-8:'0'1895	21.4	1
1S72_0:1811-1817_1756-1763_1777-1782	14:'0'1765-14:'0'1765,15:'0'1779-15:'0'1779	21.4	1
1S72_0:2042-2044_1730-1734_1373-1374	2:'0'2046-2:'0'2046,3:'0'1732-3:'0'1732	21.4	1
1S72_0:821-825_1704-1710_786-789	1:'0'824-1:'0'824,14:'0'790-14:'0'790	21.4	1
1S72_0:1540-1544_1791-1797_1637-1641	1:'0'1543-1:'0'1543,15:'0'1642-15:'0'1642	21.4	1
1S72_0:1487-1488_1654-1658_1529-1532	0:'0'1489-0:'0'1489,2:'0'1656-2:'0'1656	21.4	1
1S72_0:1314-1317_1336-1341_24-25	0:'0'1316-0:'0'1316,7:'0'1341-7:'0'1341	21.4	1
1S72_0:1188-1194_1158-1162_1202-1205	7:'0'1160-7:'0'1160,15:'0'1207-15:'0'1207	21.4	1
1S72_0:1104-1105_1253-1256_1095-1099	5:'0'1258-5:'0'1258,6:'0'1097-6:'0'1097	21.4	1
1S72_0:565-570_583-589	1:'0'568-1:'0'568,11:'0'590-11:'0'590	21.4	1
1S72_0:27-31_447-453_1347-1350	6:'0'450-6:'0'450,15:'0'1352-15:'0'1352	21.4	1
1S72_0:427-428_403-408_378-382	3:'0'406-3:'0'406,11:'0'383-11:'0'383	21.4	1
1S72_0:374-375_262-267_240-247	2:'0'264-2:'0'264,13:'0'247-13:'0'247	21.4	1
1S72_0:503-508_18-23_516-520	1:'0'506-3:'0'508	21.4	1
1S72_0:2304-2308_2296-2299_2277-2290	0:'0'2306-1:'0'2307,7:'0'2300-8:'0'2301	19.8	1
1S72_0:2124-2126_1901-1907_1928-1932	3:'0'1903-3:'0'1903,14:'0'1934-14:'0'1934	19.4	1
1S72_0:1205-1210_1185-1187_1153-1158	6:'0'1187-8:'0'1189	19.4	1
1S72_0:375-376_266-271_239-242	2:'0'268-2:'0'268,10:'0'243-10:'0'243	19.4	1
1S72_0:2014-2017_1883-1884_1767-1773	1:'0'2017-1:'0'2017,4:'0'1885-4:'0'1885	19.4	1
1S72_0:1004-1007_951-956_1008-1010	8:'0'957-8:'0'957,10:'0'1010-10:'0'1010	19.4	1
1S72_0:2784-2791_2776-2783_1150-1151	4:'0'2790-4:'0'2790,10:'0'2780-10:'0'2780	19.4	1
1S72_0:2557-2558_2773-2781_2787-2796	8:'0'2781-8:'0'2781,15:'0'2793-15:'0'2793	19.4	1
1S72_0:2578-2581_2593-2596_2598-2600	7:'0'2598-7:'0'2598,8:'0'2600-8:'0'2600	19.4	1
1S72_0:1510-1511_1497-1504_1442-1449	3:'0'1500-5:'0'1502	19.4	1
1S72_0:1193-1202_1166-1175	12:'0'1170-15:'0'1173	19.4	1
1S72_0:2403-2405_731-733_734-736	4:'0'734-4:'0'734,6:'0'736-6:'0'736	19.4	1
1S72_0:1785-1787_2877-2882_2871-2875	6:'0'2882-6:'0'2882,11:'0'2875-11:'0'2875	19	1
1S72_0:2859-2865_2887-2893	4:'0'2865-4:'0'2865,9:'0'2891-9:'0'2891	19	1
1S72_0:2557-2558_2795-2800_2770-2775	5:'0'2800-6:'0'2801	19	1
1S72_0:2102-2106_2476-2480_2482-2484	9:'0'2482-9:'0'2482,11:'0'2485-11:'0'2485	19	1
1S72_0:2418-2419_2316-2321_2376-2378	7:'0'2323-7:'0'2323,10:'0'2380-10:'0'2380	19	1
1S72_0:1701-1713	4:'0'1707-8:'0'1711	19	1
1S72_0:1212-1214_1145-1150	0:'0'1214-0:'0'1214,8:'0'1152-8:'0'1152	19	1
1S72_0:1145-1150_1212-1214	4:'0'1151-4:'0'1151,7:'0'1215-7:'0'1215	19	1
1S72_0:2304-2305_1060-1061_2299-2300	3:'0'1063-3:'0'1063,4:'0'2301-4:'0'2301	19	1
1S72_0:1024-1025_934-938_1029-1032	4:'0'938-4:'0'938,8:'0'1032-8:'0'1032	19	1
1S72_0:814-821_789-794	1:'0'817-1:'0'817,13:'0'796-13:'0'796	19	1
1S72_0:686-689_691-695_729-731	3:'0'691-3:'0'691,4:'0'693-4:'0'693	19	1
1S72_0:631-633_618-620_1354-1355	4:'0'621-4:'0'621,6:'0'1356-6:'0'1356	19	1
1S72_0:473-477_453-463	6:'0'456-10:'0'460	19	1
1S72_0:225-230_206-210_663-665	4:'0'231-4:'0'231,11:'0'665-11:'0'665	19	1
1S72_0:411-414_190-194_196-201	8:'0'196-8:'0'196,10:'0'199-10:'0'199	19	1
1S72_0:2671-2672_2809-2814_2659-2660	1:'0'2674-1:'0'2674,2:'0'2811-2:'0'2811	19	1
1S72_0:165-167_2465-2469_2273-2276	1:'0'168-1:'0'168,5:'0'2469-5:'0'2469	19	1
1S72_0:2254-2259_2239-2243_2130-2132	1:'0'2257-1:'0'2257,9:'0'2244-9:'0'2244	19	1
1S72_0:1603-1606_1599-1600_1585-1590	0:'0'1605-0:'0'1605,9:'0'1590-9:'0'1590	19	1
1S72_0:1687-1690_878-882_865-868	4:'0'880-4:'0'880,9:'0'867-9:'0'867	19	1
1S72_0:500-503_507-513_483-488	1:'0'503-1:'0'503,15:'0'489-15:'0'489	19	1
1S72_0:2237-2243_2256-2259_2130-2134	4:'0'2243-4:'0'2243,7:'0'2258-7:'0'2258	19	1
1S72_0:2553-2555_2575-2578_2677-2682	4:'0'2578-4:'0'2578,12:'0'2684-12:'0'2684	19	1
1S72_0:2509-2511_2501-2508_2560-2562	0:'0'2511-0:'0'2511,6:'0'2506-6:'0'2506	19	1
1S72_0:925-926_2392-2397_2387-2389	1:'0'928-1:'0'928,3:'0'2395-3:'0'2395	19	1
1S72_0:1586-1592_1598-1604	1:'0'1589-1:'0'1589,13:'0'1606-13:'0'1606	19	1
1S72_0:903-905_1324-1326_1327-1329	4:'0'1327-4:'0'1327,6:'0'1329-6:'0'1329	19	1
1S72_0:1269-1272_1027-1032_934-938	6:'0'1031-6:'0'1031,13:'0'939-13:'0'939	19	1
1S72_0:2268-2272_2115-2120_865-878	1:'0'2271-1:'0'2271,6:'0'2118-6:'0'2118	19	1
1S72_0:486-501	6:'0'494-10:'0'498	19	1
1S72_0:771-773_463-468_469-473	7:'0'469-7:'0'469,10:'0'472-10:'0'472	19	1
1S72_0:1339-1340_1310-1312_307-320	10:'0'314-12:'0'316	19	1
1S72_0:327-330_302-307_337-345	4:'0'304-4:'0'304,18:'0'347-18:'0'347	19	1
1S72_0:360-365_282-288	5:'0'367-5:'0'367,7:'0'285-7:'0'285	19	1
1S72_0:166-169_215-218_219-221	5:'0'218-5:'0'218,9:'0'222-9:'0'222	19	1
1S72_0:766-768_890-893_158-174	12:'0'165-14:'0'167	19	1
1S72_0:119-120_45-50_107-113	2:'0'47-2:'0'47,12:'0'113-12:'0'113	19	1
1S72_0:2239-2243_2129-2132_2257-2260	7:'0'2133-7:'0'2133,9:'0'2259-9:'0'2259	17.4	1
1S72_0:2106-2111_2471-2476_765-766	4:'0'2112-4:'0'2112,8:'0'2475-8:'0'2475	17	1
1S72_0:159-160_890-898_762-767	1:'0'162-1:'0'162,3:'0'893-3:'0'893	17	1
1S72_0:1988-1990_1992-1996_2592-2593	2:'0'1992-2:'0'1992,3:'0'1994-3:'0'1994	17	1
1S72_0:2448-2449_2440-2441_388-397	6:'0'392-9:'0'395	17	1
1S72_0:1706-1713_1701-1705_788-789	4:'0'1712-4:'0'1712,11:'0'1706-11:'0'1706	16.6	1
1S72_0:1629-1631_1624-1627_1566-1569	3:'0'1626-3:'0'1626,10:'0'1571-10:'0'1571	16.6	1
1S72_0:2051-2056_1364-1369	2:'0'2055-2:'0'2055,9:'0'1369-9:'0'1369	16.6	1
1S72_0:1337-1341_314-315_1310-1315	1:'0'1340-1:'0'1340,12:'0'1317-12:'0'1317	16.6	1
1S72_0:1197-1203_1191-1196_1170-1174	3:'0'1202-3:'0'1202,11:'0'1197-11:'0'1197	16.6	1
1S72_0:375-377_267-268_234-241	3:'0'269-3:'0'269,11:'0'242-11:'0'242	16.6	1
1S72_0:680-681_223-228_207-212	4:'0'227-4:'0'227,11:'0'212-11:'0'212	16.6	1
1S72_0:1641-1644_1612-1616_1576-1579	4:'0'1614-4:'0'1614,11:'0'1580-11:'0'1580	16.6	1
1S72_0:303-306_340-343_328-339	7:'0'345-7:'0'345,9:'0'331-9:'0'331	16.6	1
1S72_0:95-98_75-80	0:'0'97-0:'0'97,7:'0'80-7:'0'80	16.6	1
1S72_0:2756-2762_2715-2722	5:'0'2763-5:'0'2763,9:'0'2719-9:'0'2719	16.6	1
1S72_0:2673-2680_2804-2808	0:'0'2675-0:'0'2675,12:'0'2810-12:'0'2810	16.6	1
1S72_0:2620-2625_1837-1841_2634-2641	0:'0'2622-0:'0'2622,18:'0'2643-18:'0'2643	16.6	1
1S72_0:2115-2120_2268-2272_865-878	10:'0'2274-10:'0'2274,13:'0'869-13:'0'869	16.6	1
1S72_0:219-220_158-163_165-174	3:'0'161-3:'0'161,15:'0'174-15:'0'174	16.6	1
1S72_0:77-83_89-97_59-60	0:'0'79-0:'0'79,14:'0'98-14:'0'98	16.6	1
1S72_0:828-832_846-849	0:'0'830-3:'0'833,6:'0'849-8:'0'851	16.2	1
1S72_0:1040-1043_911-914_1067-1070	5:'0'914-5:'0'914,9:'0'1070-9:'0'1070	16.2	1
1S72_0:2016-2019_1825-1830_1842-1845	7:'0'1830-7:'0'1830,12:'0'1846-12:'0'1846	15.8	1
1S72_0:2767-2774_2799-2803_2796-2798	0:'0'2769-0:'0'2769,12:'0'2805-12:'0'2805	15.8	1
1S72_0:2479-2485_2533-2536_2100-2104	3:'0'2484-3:'0'2484,8:'0'2536-8:'0'2536	15	1
1S72_0:2636-2639_2003-2006_1972-1981	0:'0'2638-0:'0'2638,15:'0'1981-15:'0'1981	14.2	1
1S72_0:2533-2536_2479-2485_2100-2104	3:'0'2538-3:'0'2538,12:'0'2103-12:'0'2103	14.2	1
1S72_0:2066-2068_2071-2075_617-629	2:'0'2070-2:'0'2070,4:'0'2074-4:'0'2074	14.2	1
1S72_0:1863-1864_1469-1476_1463-1467	2:'0'1471-2:'0'1471,14:'0'1469-14:'0'1469	13.8	1
1S72_0:438-440_145-149_38-43	4:'0'148-7:'0'151,9:'0'41-11:'0'43	13.8	1
1S72_0:366-367_278-280	0:'0'368-0:'0'368,3:'0'281-3:'0'281	13.4	1
1S72_0:2078-2081_2061-2064_1232-1239	7:'0'2066-7:'0'2066,8:'0'1234-8:'0'1234	13.4	1
1S72_0:865-884	14:'0'881-16:'0'883	13.4	1
1S72_0:54-60_82-84_85-87	1:'0'57-5:'0'61,8:'0'85-9:'0'86,11:'0'88-12:'0'89	13	1
1S72_0:1001-1005_1006-1008_960-963	1:'0'1004-4:'0'1007,5:'0'1008-7:'0'1010,8:'0'962-10:'0'964	12.7	1
1S72_0:304-307_333-338_320-324	1:'0'307-3:'0'309,6:'0'337-7:'0'338,10:'0'322-11:'0'323	12.6	1
1S72_0:1654-1657_1453-1455_1483-1488	1:'0'1657-1:'0'1657,6:'0'1457-6:'0'1457,7:'0'1485-7:'0'1485	12.2	1
1S72_0:2621-2622_1838-1843_1829-1833	7:'0'1845-7:'0'1845,8:'0'1831-8:'0'1831	11.8	1
1S72_0:206-208_659-664_678-683	8:'0'666-8:'0'666,9:'0'680-9:'0'680	11.8	1
1S72_0:2088-2090_2091-2093_2648-2652	0:'0'2090-2:'0'2092,3:'0'2093-3:'0'2093,8:'0'2652-10:'0'2654	11.8	1
1S72_0:1353-1358_900-901_639-642	3:'0'1358-3:'0'1358,9:'0'642-9:'0'642	11.8	1
1S72_0:438-439_440-441_37-39	0:'0'440-1:'0'441,2:'0'442-3:'0'443,4:'0'39-6:'0'41	11.8	1
1S72_0:890-894_763-767_2475-2478	5:'0'765-5:'0'765,13:'0'2480-13:'0'2480	11.8	1
1S72_0:374-376_239-244_263-268	8:'0'246-8:'0'246,9:'0'265-9:'0'265	11.8	1
1S72_0:1448-1453_1488-1489_1672-1674	0:'0'1450-3:'0'1453,7:'0'1491-7:'0'1491,10:'0'1676-10:'0'1676	11.7	1
1S72_0:1380-1385_1429-1431_1390-1398	5:'0'1387-5:'0'1387,6:'0'1431-7:'0'1432,11:'0'1394-12:'0'1395	11.4	1
1S72_0:2074-2078_1076-1077_1233-1239	0:'0'2076-2:'0'2078,5:'0'1078-6:'0'1079	10.6	1
1S72_0:1710-1711_1809-1816_2729-2732	1:'0'1713-1:'0'1713,5:'0'1814-6:'0'1815,12:'0'2733-13:'0'2734	10.2	1
1S72_0:231-234_432-435_188-189	3:'0'236-3:'0'236,4:'0'434-4:'0'434,9:'0'191-9:'0'191	9.8	1
1S72_0:1500-1504_1442-1445_1416-1418	3:'0'1505-4:'0'1506,8:'0'1447-8:'0'1447	9.6	1
1S72_0:2071-2075_617-629_2066-2068	3:'0'2076-4:'0'2077,11:'0'625-13:'0'627,18:'0'2068-18:'0'2068	9.6	1
1S72_0:2773-2774_2572-2576_2553-2557	4:'0'2576-4:'0'2576,9:'0'2557-9:'0'2557	9.4	1
1S72_0:1672-1674_1488-1489_1448-1453	4:'0'1491-4:'0'1491,9:'0'1454-9:'0'1454	9.4	1
1S72_0:1430-1432_1385-1393	5:'0'1389-7:'0'1391	9.4	1
1S72_0:438-440_38-43_145-149	7:'0'44-7:'0'44,9:'0'147-9:'0'147	9.4	1
1S72_0:2637-2639_1973-1979_2000-2003	4:'0'1976-4:'0'1976,12:'0'2004-12:'0'2004	9.4	1
1S72_0:2457-2460_2424-2430_2314-2315	4:'0'2426-4:'0'2426,11:'0'2316-11:'0'2316	9.4	1
1S72_0:1399-1400_1719-1721_1374-1380	4:'0'1723-4:'0'1723,5:'0'1376-5:'0'1376	9.4	1
1S72_0:1076-1077_1233-1239_2074-2078	6:'0'1239-6:'0'1239,13:'0'2080-13:'0'2080	9.4	1
1S72_0:665-677	4:'0'671-8:'0'675	9.4	1
1S72_0:2549-2550_1230-1239_2600-2603	1:'0'2552-1:'0'2552,5:'0'1235-11:'0'1241,12:'0'2602-12:'0'2602	9.1	1
1S72_0:1683-1693	0:'0'1685-10:'0'1695	9	1
1S72_0:1192-1194_1189-1191_1201-1204	3:'0'1191-5:'0'1193,8:'0'1205-9:'0'1206	9	1
1S72_0:1374-1380_1398-1400	4:'0'1380-6:'0'1382,7:'0'1400-8:'0'1401	8.6	1
1S72_0:426-428_405-407	0:'0'428-1:'0'429,3:'0'407-3:'0'407	8.6	1
1S72_0:2103-2106_917-922_2476-2479	2:'0'2107-2:'0'2107,8:'0'923-8:'0'923,12:'0'2480-12:'0'2480	8.2	1
1S72_0:1037-1041_911-914_924-929	1:'0'1040-3:'0'1042,7:'0'915-7:'0'915,11:'0'928-13:'0'930	8.2	1
1S72_0:2624-2628_2629-2636_2113-2114	4:'0'2630-4:'0'2630,6:'0'2632-6:'0'2632	7	1
1S72_0:1751-1752_1739-1745_2030-2036	6:'0'1745-6:'0'1745,11:'0'2034-11:'0'2034	7	1
1S72_0:1750-1754_2029-2035_1740-1745	3:'0'1755-3:'0'1755,6:'0'2032-6:'0'2032,16:'0'1746-16:'0'1746	7	1
1S72_0:2605-2616_2539-2545	4:'0'2611-4:'0'2611,12:'0'2541-12:'0'2541	7	1
1S72_0:1867-1876_1851-1858	6:'0'1875-6:'0'1875,13:'0'1856-13:'0'1856	6.6	1
1S72_0:1113-1119_1240-1246	4:'0'1119-5:'0'1120,11:'0'1246-11:'0'1246	6.2	1
1S72_0:2521-2525_1229-1235_2601-2603	1:'0'2524-1:'0'2524,6:'0'1232-6:'0'1232,12:'0'2603-12:'0'2603	5.8	1
1S72_0:840-843_844-846_832-836	3:'0'845-3:'0'845,4:'0'846-5:'0'847,9:'0'836-10:'0'837	5.4	1
1S72_0:911-914_1037-1041_924-929	3:'0'916-3:'0'916,8:'0'1043-8:'0'1043,9:'0'926-9:'0'926	5.2	1
1S72_0:2071-2073_619-629_2605-2606	12:'0'631-12:'0'631,14:'0'2607-14:'0'2607	4.6	1
1S72_0:935-936_700-705_718-724	6:'0'706-6:'0'706,10:'0'722-10:'0'722	4.6	1
1S72_0:437-438_148-152_180-185	2:'0'150-2:'0'150,10:'0'185-10:'0'185	4.6	1
1S72_0:477-478_26-30_449-454	0:'0'479-0:'0'479,3:'0'29-4:'0'30,8:'0'452-9:'0'453	4.2	1
1S72_0:2518-2521_1125-1131	3:'0'2523-3:'0'2523,7:'0'1130-7:'0'1130	4.2	1
1S72_0:2773-2774_2553-2557_2572-2576	2:'0'2555-2:'0'2555,10:'0'2577-10:'0'2577	3.8	1
1S72_0:123-132_139-145	5:'0'130-7:'0'132,15:'0'146-16:'0'147	3.8	1
1S72_0:882-885_865-869_771-777	13:'0'777-14:'0'778	3.6	1
1S72_0:2475-2478_891-899_761-766	11:'0'900-11:'0'900,14:'0'764-14:'0'764	3.6	1
1S72_0:2363-2369_2353-2355_2327-2329	5:'0'2370-6:'0'2371,9:'0'2357-9:'0'2357	3.4	1
1S72_0:1963-1965_1966-1968_1943-1945	2:'0'1967-2:'0'1967,3:'0'1968-3:'0'1968,6:'0'1945-6:'0'1945	3.4	1
1S72_0:2629-2636_2113-2114_2624-2628	0:'0'2631-0:'0'2631,9:'0'2116-9:'0'2116	3.2	1
1S72_0:1817-1818_1750-1758_2027-2030	7:'0'1757-7:'0'1757,12:'0'2030-12:'0'2030	3.2	1
1S72_0:2311-2315_2422-2426_2357-2360	5:'0'2424-5:'0'2424,13:'0'2362-13:'0'2362	3.2	1
1S72_0:2357-2360_2311-2315_2422-2426	2:'0'2361-2:'0'2361,4:'0'2313-4:'0'2313	3.2	1
1S72_0:1414-1417_1674-1677_1443-1449	3:'0'1419-3:'0'1419,6:'0'1678-6:'0'1678	3.2	1
1S72_0:1674-1677_1414-1417_1443-1449	1:'0'1677-1:'0'1677,11:'0'1448-11:'0'1448	3.2	1
1S72_0:1040-1041_911-917_922-926	8:'0'919-8:'0'919,9:'0'924-9:'0'924	3.2	1
1S72_0:26-30_477-478_449-454	0:'0'28-0:'0'28,6:'0'480-6:'0'480	3.2	1
1S72_0:2649-2651_2645-2648_2089-2095	6:'0'2650-6:'0'2650,11:'0'2095-11:'0'2095	3.2	1
1S72_0:2649-2651_2089-2095_2645-2648	9:'0'2097-9:'0'2097,10:'0'2647-10:'0'2647	3.2	1
1S72_0:2645-2648_2649-2651_2089-2095	2:'0'2649-2:'0'2649,4:'0'2651-4:'0'2651	3.2	1
1S72_0:2597-2598_2552-2556_2573-2578	6:'0'2558-6:'0'2558,7:'0'2575-7:'0'2575	3.2	1
1S72_0:1943-1945_1963-1965_1966-1968	2:'0'1947-2:'0'1947,3:'0'1965-3:'0'1965	3.2	1
1S72_0:1449-1451_1672-1675_1446-1448	2:'0'1453-2:'0'1453,3:'0'1674-3:'0'1674	3.2	1
1S72_0:1427-1429_1390-1393_1430-1435	1:'0'1430-1:'0'1430,11:'0'1436-11:'0'1436	3.2	1
1S72_0:1402-1407_1714-1717	1:'0'1405-1:'0'1405,6:'0'1716-6:'0'1716	3.2	1
1S72_0:2476-2479_2103-2106_917-922	3:'0'2481-3:'0'2481,4:'0'2105-4:'0'2105	3.2	1
1S72_0:1037-1041_924-929_911-914	0:'0'1039-0:'0'1039,10:'0'931-10:'0'931	3.2	1
1S72_0:131-141	4:'0'137-7:'0'140	3.2	1
1S72_0:139-145_123-132	7:'0'125-11:'0'129	3.2	1
1S72_0:85-87_82-84_54-60	2:'0'89-2:'0'89,7:'0'57-7:'0'57	3.2	1
1S72_0:55-57_82-87_58-60	3:'0'84-3:'0'84,11:'0'62-11:'0'62	3.2	1
1S72_0:2898-2903_2850-2855_2832-2833	0:'0'2900-0:'0'2900,11:'0'2857-11:'0'2857	3.2	1
1S72_0:2850-2855_2898-2903_2832-2833	4:'0'2856-4:'0'2856,7:'0'2901-7:'0'2901	3.2	1
1S72_0:2457-2460_2314-2315_2424-2430	0:'0'2459-0:'0'2459,12:'0'2432-12:'0'2432	3.2	1
1S72_0:2112-2114_2630-2634_2625-2629	5:'0'2634-5:'0'2634,10:'0'2629-10:'0'2629	3.2	1
1S72_0:2490-2493_2522-2527	0:'0'2492-0:'0'2492,9:'0'2529-9:'0'2529	3.2	1
1S72_0:2721-2723_1737-1742_2031-2037	8:'0'1744-8:'0'1744,11:'0'2035-11:'0'2035	3.2	1
1S72_0:2049-2053_1371-1375_836-841	1:'0'2052-1:'0'2052,5:'0'1373-5:'0'1373	3.2	1
1S72_0:840-843_832-836_844-846	1:'0'843-1:'0'843,8:'0'838-8:'0'838	3.2	1
1S72_0:935-936_718-724_700-705	5:'0'723-5:'0'723,12:'0'705-12:'0'705	3.2	1
1S72_0:2000-2006_1972-1978_1979-1982	9:'0'1976-9:'0'1976,14:'0'1981-15:'0'1982	3	1
1S72_0:2475-2478_761-766_891-899		2.9	1
1S72_0:2071-2073_617-621_627-633		2.9	1
1S72_0:2476-2479_917-922_2103-2106		2.9	1
1S72_0:2475-2478_763-767_890-894		2.9	1
1S72_0:2030-2036_1751-1752_1739-1745	6:'0'2038-6:'0'2038,9:'0'1741-9:'0'1741	2.8	1
1S72_0:1672-1674_1448-1453_1488-1489	8:'0'1455-8:'0'1455,9:'0'1490-9:'0'1490	2.8	1
1S72_0:2458-2464_2312-2315_2423-2427	7:'0'2314-7:'0'2314,11:'0'2425-11:'0'2425	2.8	1
1S72_0:2029-2035_1750-1754_1740-1745	5:'0'2036-5:'0'2036,13:'0'1743-13:'0'1743	2.8	1
1S72_0:1398-1402_1716-1719_1378-1380	4:'0'1404-4:'0'1404,5:'0'1718-5:'0'1718	2.8	1
1S72_0:2103-2106_2476-2479_917-922	3:'0'2108-3:'0'2108,4:'0'2478-4:'0'2478	2.8	1
1S72_0:432-435_231-234_188-189	3:'0'437-3:'0'437,4:'0'233-4:'0'233	2.8	1
1S72_0:82-84_54-60_85-87	5:'0'58-5:'0'58,11:'0'88-11:'0'88	2.8	1
1S72_0:2031-2037_2721-2723_1737-1742	6:'0'2039-6:'0'2039,7:'0'2723-7:'0'2723	2.8	1
1S72_0:1371-1375_2049-2053_836-841	1:'0'1374-1:'0'1374,5:'0'2051-5:'0'2051	2.8	1
1S72_0:2476-2478_897-900_759-764		2.6	1
1S72_0:2000-2003_1973-1979_2637-2639		2.6	1
1S72_0:1292-1294_1036-1040_926-930		2.6	1
1S72_0:761-766_2475-2478_891-899		2.6	1
1S72_0:2071-2073_627-633_617-621		2.6	1
1S72_0:617-621_2071-2073_627-633		2.6	1
1S72_0:431-434_188-189_232-235		2.6	1
1S72_0:864-866_776-778_773-775		2.6	1
1S72_0:1737-1742_2721-2723_2031-2037		2.6	1
1S72_0:763-767_2475-2478_890-894		2.6	1
1S72_0:437-438_180-185_148-152		2.6	1
1S72_0:180-185_437-438_148-152		2.6	1
1S72_0:180-185_148-152_437-438		2.6	1
1S72_0:897-900_2476-2478_759-764		2.5	1
1S72_0:1036-1040_1292-1294_926-930		2.5	1
1S72_0:836-844_2052-2053_1687-1690		2.5	1
1S72_0:2605-2606_618-621_628-633		2.5	1
1S72_0:1430-1435_1427-1429_1390-1393		2.4	1
1S72_0:2837-2840_2086-2089_2651-2656		2.3	1
1S72_0:2651-2656_2086-2089_2837-2840		2.3	1
1S72_0:2086-2089_2837-2840_2651-2656		2.3	1
1S72_0:2086-2089_2651-2656_2837-2840		2.3	1
1S72_0:2467-2469_2629-2631_2112-2116		2.3	1
1S72_0:2467-2469_2112-2116_2629-2631		2.3	1
1S72_0:2112-2116_2467-2469_2629-2631		2.3	1
1S72_0:2112-2116_2629-2631_2467-2469		2.3	1
1S72_0:1447-1452_1510-1511_1489-1491		2.3	1
1S72_0:1447-1452_1489-1491_1510-1511		2.3	1
1S72_0:1457-1458_861-864_778-781		2.3	1
1S72_0:861-864_1457-1458_778-781		2.3	1
1S72_0:2476-2478_759-764_897-900		2.3	1
1S72_0:144-147_40-42_129-130		2.3	1
1S72_0:67-69_51-53_61-66		2.3	1
1S72_0:51-53_67-69_61-66		2.3	1
1S72_0:51-53_61-66_67-69		2.3	1
1S72_0:2648-2650_2608-2614_2090-2093		2.3	1
1S72_0:2608-2614_2648-2650_2090-2093		2.3	1
1S72_0:1292-1294_926-930_1036-1040		2.3	1
1S72_0:926-930_1292-1294_1036-1040		2.3	1
1S72_0:627-633_2071-2073_617-621		2.3	1
1S72_0:617-621_627-633_2071-2073		2.3	1
1S72_0:449-454_26-30_477-478		2.3	1
1S72_0:2353-2355_2327-2329_2363-2369		2.3	1
1S72_0:2327-2329_2353-2355_2363-2369		2.3	1
1S72_0:917-922_2476-2479_2103-2106		2.3	1
1S72_0:917-922_2103-2106_2476-2479		2.3	1
1S72_0:2837-2840_2655-2658_2082-2086		2.3	1
1S72_0:2655-2658_2837-2840_2082-2086		2.3	1
1S72_0:2655-2658_2082-2086_2837-2840		2.3	1
1S72_0:2082-2086_2655-2658_2837-2840		2.3	1
1S72_0:2773-2775_2572-2576_2555-2558		2.3	1
1S72_0:2773-2775_2555-2558_2572-2576		2.3	1
1S72_0:2572-2576_2555-2558_2773-2775		2.3	1
1S72_0:2555-2558_2773-2775_2572-2576		2.3	1
1S72_0:1993-1996_2023-2025_1988-1990		2.3	1
1S72_0:1993-1996_1988-1990_2023-2025		2.3	1
1S72_0:1988-1990_1993-1996_2023-2025		2.3	1
1S72_0:1737-1742_2031-2037_2721-2723		2.3	1
1S72_0:1118-1120_1114-1117_1240-1246		2.3	1
1S72_0:1118-1120_1240-1246_1114-1117		2.3	1
1S72_0:1240-1246_1118-1120_1114-1117		2.3	1
1S72_0:844-846_832-836_840-843		2.3	1
1S72_0:832-836_844-846_840-843		2.3	1
1S72_0:618-621_2605-2606_628-633		2.3	1
1S72_0:618-621_628-633_2605-2606		2.3	1
1S72_0:2605-2606_628-633_618-621		2.3	1
1S72_0:533-537_2057-2062_615-616		2.3	1
1S72_0:2842-2847_2830-2834_2904-2905		2.2	1
1S72_0:2651-2656_2837-2840_2086-2089		2.2	1
1S72_0:897-900_759-764_2476-2478		2.2	1
1S72_0:67-69_61-66_51-53		2.2	1
1S72_0:2648-2650_2090-2093_2608-2614		2.2	1
1S72_0:926-930_1036-1040_1292-1294		2.2	1
1S72_0:922-926_911-917_1040-1041		2.2	1
1S72_0:2052-2053_836-844_1687-1690		2.2	1
1S72_0:1687-1690_836-844_2052-2053		2.2	1
1S72_0:836-844_1687-1690_2052-2053		2.2	1
1S72_0:761-766_891-899_2475-2478		2.2	1
1S72_0:2079-2083_2060-2062_530-533		2.2	1
1S72_0:2060-2062_2079-2083_530-533		2.2	1
1S72_0:2060-2062_530-533_2079-2083		2.2	1
1S72_0:530-533_2079-2083_2060-2062		2.2	1
1S72_0:530-533_2060-2062_2079-2083		2.2	1
1S72_0:834-835_831-833_844-847		2.2	1
1S72_0:1865-1869_1856-1860_1851-1852		2.2	1
1S72_0:2572-2576_2773-2775_2555-2558		2.2	1
1S72_0:763-767_890-894_2475-2478		2.2	1
1S72_0:1108-1110_577-579_574-576		2.2	1
1S72_0:2057-2062_615-616_533-537		2.2	1
1S72_0:2057-2062_533-537_615-616		2.2	1
1S72_0:615-616_2057-2062_533-537		2.2	1
1S72_0:533-537_615-616_2057-2062		2.2	1
1S72_0:61-70_103-105_51-52		2.2	1
1S72_0:449-454_477-478_26-30		2.1	1
1S72_0:1430-1435_1390-1393_1427-1429		2.1	1
1S72_0:1856-1860_1865-1869_1851-1852		2.1	1
1S72_0:1856-1860_1851-1852_1865-1869		2.1	1
1S72_0:1851-1852_1856-1860_1865-1869		2.1	1
1S72_0:2555-2558_2572-2576_2773-2775		2.1	1
1S72_0:2904-2905_2842-2847_2830-2834		2	1
1S72_0:2842-2847_2904-2905_2830-2834		2	1
1S72_0:2837-2840_2651-2656_2086-2089		2	1
1S72_0:2629-2631_2467-2469_2112-2116		2	1
1S72_0:2629-2631_2112-2116_2467-2469		2	1
1S72_0:1442-1445_1500-1504_1416-1418		2	1
1S72_0:1043-1044_1079-1080_1066-1067		2	1
1S72_0:898-902_1351-1352_760-762		2	1
1S72_0:778-781_861-864_1457-1458		2	1
1S72_0:861-864_778-781_1457-1458		2	1
1S72_0:759-764_2476-2478_897-900		2	1
1S72_0:129-130_40-42_144-147		2	1
1S72_0:40-42_129-130_144-147		2	1
1S72_0:40-42_144-147_129-130		2	1
1S72_0:144-147_129-130_40-42		2	1
1S72_0:61-66_67-69_51-53		2	1
1S72_0:61-66_51-53_67-69		2	1
1S72_0:1036-1040_926-930_1292-1294		2	1
1S72_0:911-917_922-926_1040-1041		2	1
1S72_0:2052-2053_1687-1690_836-844		2	1
1S72_0:1687-1690_2052-2053_836-844		2	1
1S72_0:627-633_617-621_2071-2073		2	1
1S72_0:2079-2083_530-533_2060-2062		2	1
1S72_0:449-454_27-31		2	1
1S72_0:431-434_232-235_188-189		2	1
1S72_0:477-478_449-454_26-30		2	1
1S72_0:2091-2093_2088-2090_2648-2652		2	1
1S72_0:2648-2652_2091-2093_2088-2090		2	1
1S72_0:1943-1945_1966-1968_1963-1965		2	1
1S72_0:1966-1968_1963-1965_1943-1945		2	1
1S72_0:1714-1717_1402-1407		2	1
1S72_0:1104-1106_1252-1255		2	1
1S72_0:831-833_834-835_844-847		2	1
1S72_0:844-847_834-835_831-833		2	1
1S72_0:776-778_864-866_773-775		2	1
1S72_0:776-778_773-775_864-866		2	1
1S72_0:405-407_426-428		2	1
1S72_0:2837-2840_2082-2086_2655-2658		2	1
1S72_0:2023-2025_1993-1996_1988-1990		2	1
1S72_0:2029-2032_1743-1754		2	1
1S72_0:2031-2037_1737-1742_2721-2723		2	1
1S72_0:1114-1117_1240-1246_1118-1120		2	1
1S72_0:1240-1246_1114-1117_1118-1120		2	1
1S72_0:1298-1301_901-903_1349-1352		2	1
1S72_0:844-846_840-843_832-836		2	1
1S72_0:628-633_618-621_2605-2606		2	1
1S72_0:628-633_2605-2606_618-621		2	1
1S72_0:1108-1110_574-576_577-579		2	1
1S72_0:577-579_1108-1110_574-576		2	1
1S72_0:574-576_1108-1110_577-579		2	1
1S72_0:615-616_533-537_2057-2062		2	1
1S72_0:103-105_61-70_51-52		2	1
1S72_0:103-105_51-52_61-70		2	1
1S72_0:61-70_51-52_103-105		2	1
1S72_0:51-52_103-105_61-70		2	1
1S72_0:51-52_61-70_103-105		2	1
1S72_0:2830-2834_2842-2847_2904-2905		1.9	1
1S72_0:2604-2608_2543-2546		1.9	1
1S72_0:1416-1418_1442-1445_1500-1504		1.9	1
1S72_0:760-762_898-902_1351-1352		1.9	1
1S72_0:1351-1352_898-902_760-762		1.9	1
1S72_0:898-902_760-762_1351-1352		1.9	1
1S72_0:129-130_144-147_40-42		1.9	1
1S72_0:1240-1246_1113-1119		1.9	1
1S72_0:27-31_449-454		1.9	1
1S72_0:2091-2093_2648-2652_2088-2090		1.9	1
1S72_0:1390-1393_1430-1435_1427-1429		1.9	1
1S72_0:1865-1869_1851-1852_1856-1860		1.9	1
1S72_0:1851-1852_1865-1869_1856-1860		1.9	1
1S72_0:2561-2565_2692-2693		1.9	1
1S72_0:2023-2025_1988-1990_1993-1996		1.9	1
1S72_0:1988-1990_2023-2025_1993-1996		1.9	1
1S72_0:1298-1301_1349-1352_901-903		1.9	1
1S72_0:901-903_1298-1301_1349-1352		1.9	1
1S72_0:901-903_1349-1352_1298-1301		1.9	1
1S72_0:1349-1352_901-903_1298-1301		1.8	1
1S72_0:2904-2905_2830-2834_2842-2847		1.7	1
1S72_0:2830-2834_2904-2905_2842-2847		1.7	1
1S72_0:2535-2539_2614-2616		1.7	1
1S72_0:2614-2616_2535-2539		1.7	1
1S72_0:1442-1445_1416-1418_1500-1504		1.7	1
1S72_0:1043-1044_1066-1067_1079-1080		1.7	1
1S72_0:1079-1080_1043-1044_1066-1067		1.7	1
1S72_0:1066-1067_1043-1044_1079-1080		1.7	1
1S72_0:2299-2300_1060-1061_2304-2305		1.7	1
1S72_0:778-781_1457-1458_861-864		1.7	1
1S72_0:1457-1458_778-781_861-864		1.7	1
1S72_0:759-764_897-900_2476-2478		1.7	1
1S72_0:30-32_446-448		1.7	1
1S72_0:1966-1968_1943-1945_1963-1965		1.7	1
1S72_0:1720-1722_1682-1683		1.7	1
1S72_0:1449-1451_1446-1448_1672-1675		1.7	1
1S72_0:1252-1255_1104-1106		1.7	1
1S72_0:834-835_844-847_831-833		1.7	1
1S72_0:831-833_844-847_834-835		1.7	1
1S72_0:844-847_831-833_834-835		1.7	1
1S72_0:37-39_440-441_438-439		1.7	1
1S72_0:440-441_37-39_438-439		1.7	1
1S72_0:440-441_438-439_37-39		1.7	1
1S72_0:2082-2086_2837-2840_2655-2658		1.7	1
1S72_0:1349-1352_1298-1301_901-903		1.7	1
1S72_0:786-787_853-856		1.7	1
1S72_0:853-856_786-787		1.7	1
1S72_0:577-579_574-576_1108-1110		1.7	1
1S72_0:574-576_577-579_1108-1110		1.7	1
1S72_0:2692-2693_2561-2565		1.6	1
1S72_0:1989-1993_2592-2593		1.5	1
1S72_0:2543-2546_2604-2608		1.4	1
1S72_0:1125-1126_626-627		1.4	1
1S72_0:626-627_1125-1126		1.4	1
1S72_0:2592-2593_1989-1993		1.4	1
1S72_0:1079-1080_1066-1067_1043-1044		1.4	1
1S72_0:1066-1067_1079-1080_1043-1044		1.4	1
1S72_0:760-762_1351-1352_898-902		1.4	1
1S72_0:1351-1352_760-762_898-902		1.4	1
1S72_0:446-448_30-32		1.4	1
1S72_0:1682-1683_1720-1722		1.4	1
1S72_0:549-550_1332-1333		1.4	1
1S72_0:1332-1333_549-550		1.3	1
1S72_0:802-807		0.9	1
