#fragment_ID	aligned_regions	alignment_score	P-value
1S72_0:75-85_89-98_58-60	0:'0'77-4:'0'81,13:'0'93-20:'0'100	167	0.00639525
1S72_0:933-942_1021-1034	1:'0'936-5:'0'940,13:'0'1026-21:'0'1034	148.4	0.00852698
1S72_0:2907-2912_2665-2668_2818-2829	3:'0'2912-5:'0'2914,6:'0'2667-6:'0'2667,12:'0'2822-18:'0'2828	134	0.0110052
1S72_0:1206-1214_1145-1157	4:'0'1212-8:'0'1216,9:'0'1147-17:'0'1155	125.5	0.0130113
1S72_0:314-315_1335-1342_1309-1319	3:'0'1338-7:'0'1342,11:'0'1312-18:'0'1319	115.8	0.0160511
1S72_0:20-25_636-643_514-519	0:'0'22-3:'0'25,7:'0'639-7:'0'639,16:'0'518-19:'0'521	94.8	0.0277626
1S72_0:1584-1590_1599-1608	1:'0'1587-4:'0'1590,7:'0'1601-14:'0'1608	86.6	0.0361012
1S72_0:242-247_258-266	0:'0'244-5:'0'249,6:'0'260-13:'0'267	81.3	0.0436624
1S72_0:2880-2887_1803-1805_2864-2873	0:'0'2882-1:'0'2883,8:'0'1805-9:'0'1806,19:'0'2874-20:'0'2875	73.6	0.0597162
1S72_0:106-113_145-146_41-50	1:'0'109-5:'0'113,9:'0'148-9:'0'148,10:'0'43-19:'0'52	71.1	0.0668731
1S72_0:2250-2258_2131-2132_2240-2247	4:'0'2256-7:'0'2259,9:'0'2133-9:'0'2133,11:'0'2242-14:'0'2245	70.7	0.0681368
1S72_0:2687-2694_2564-2565_2696-2704	0:'0'2689-5:'0'2694,9:'0'2567-9:'0'2567,13:'0'2701-17:'0'2705	60.5	0.117906
1S72_0:1828-1829_791-798_812-820	0:'0'1830-0:'0'1830,3:'0'794-7:'0'798,11:'0'815-16:'0'820	56.4	0.154637
1S72_0:1095-1097_1070-1075_1078-1086	3:'0'1072-5:'0'1074,14:'0'1085-17:'0'1088	51.7	0.222571
1S72_0:2049-2053_832-841_1367-1375	0:'0'2051-3:'0'2054,11:'0'840-11:'0'840,16:'0'1370-20:'0'1374	50.3	0.251618
1S72_0:560-567_1091-1092_585-593	0:'0'562-4:'0'566,8:'0'1093-8:'0'1093,15:'0'592-18:'0'595	49.7	0.265835
1S72_0:2903-2910_2826-2834_2842-2852	0:'0'2905-1:'0'2906,14:'0'2834-14:'0'2834,20:'0'2847-26:'0'2853	48.5	0.298137
1S72_0:1452-1458_859-862_1481-1489	5:'0'1459-5:'0'1459,9:'0'863-9:'0'863,12:'0'1484-12:'0'1484	44.8	0.445525
1S72_0:2304-2312_2293-2300_1060-1061	15:'0'2301-16:'0'2302,18:'0'1063-18:'0'1063	44	0.491683
1S72_0:2799-2802_2795-2798_2768-2775	5:'0'2798-7:'0'2800,12:'0'2774-13:'0'2775	43.2	0.545404
1S72_0:2015-2017_1771-1782_1757-1769	4:'0'1774-10:'0'1780,20:'0'1764-25:'0'1769	42.7	0.583576
1S72_0:1093-1097_1067-1074_1255-1259	3:'0'1098-3:'0'1098,11:'0'1075-11:'0'1075,14:'0'1258-14:'0'1258	42.4	0.608435
1S72_0:2889-2895_2885-2888_2858-2869	0:'0'2891-0:'0'2891,10:'0'2890-10:'0'2890,16:'0'2865-16:'0'2865	42.4	0.608435
1S72_0:658-665_228-230_677-684	6:'0'666-6:'0'666,9:'0'231-9:'0'231,12:'0'680-12:'0'680	42.4	0.608435
1S72_0:637-643_899-903_1349-1361	3:'0'642-4:'0'643,7:'0'901-8:'0'902,16:'0'1355-19:'0'1358	41.5	0.693344
1S72_0:2677-2682_2550-2556_2573-2578	5:'0'2684-5:'0'2684,11:'0'2557-11:'0'2557,16:'0'2578-16:'0'2578	41.2	0.725629
1S72_0:264-278_367-377_238-243	0:'0'266-8:'0'274,22:'0'376-22:'0'376,27:'0'241-31:'0'245	39.9	0.895325
1S72_0:1290-1294_1036-1040_908-911	0:'0'1292-3:'0'1295,7:'0'1040-8:'0'1041,11:'0'911-12:'0'912	39.5	0.959637
1S72_0:1416-1418_1496-1505_1442-1449	2:'0'1420-2:'0'1420,5:'0'1500-7:'0'1502,13:'0'1444-13:'0'1444	28	1
1S72_0:2555-2558_2771-2779_2788-2799	11:'0'2780-12:'0'2781,16:'0'2793-17:'0'2794	28	1
1S72_0:1204-1208_1179-1191_1156-1159	2:'0'1208-2:'0'1208,11:'0'1187-13:'0'1189,19:'0'1159-19:'0'1159	28	1
1S72_0:287-294_353-361	2:'0'291-3:'0'292,13:'0'360-14:'0'361	28	1
1S72_0:432-435_187-194_196-203	10:'0'195-11:'0'196,13:'0'199-15:'0'201	27.9	1
1S72_0:2764-2771_2711-2713_2797-2803	6:'0'2772-6:'0'2772,12:'0'2800-14:'0'2802	27.8	1
1S72_0:766-769_169-178_155-162	5:'0'172-6:'0'173,19:'0'162-20:'0'163	27.8	1
1S72_0:1319-1328_549-550_1329-1335	5:'0'1326-8:'0'1329,12:'0'1331-12:'0'1331	27.6	1
1S72_0:2560-2562_2499-2505_2509-2518	4:'0'2502-5:'0'2503,16:'0'2517-17:'0'2518	27.6	1
1S72_0:2716-2725_2753-2761_1737-1740	6:'0'2724-7:'0'2725,12:'0'2757-13:'0'2758	27.6	1
1S72_0:1091-1092_583-590_562-570	8:'0'591-9:'0'592,12:'0'566-13:'0'567	27.6	1
1S72_0:2471-2484_2103-2111_763-766	8:'0'2481-12:'0'2485,14:'0'2105-14:'0'2105	27.6	1
1S72_0:1838-1845_1827-1833_865-878	6:'0'1846-7:'0'1847,8:'0'1829-9:'0'1830	27.4	1
1S72_0:2003-2013_1887-1890_1964-1980	4:'0'2009-5:'0'2010,11:'0'1889-11:'0'1889,20:'0'1971-22:'0'1973	27.3	1
1S72_0:1610-1616_1576-1581_1539-1541	1:'0'1613-2:'0'1614,10:'0'1581-11:'0'1582	27.2	1
1S72_0:2780-2784_2785-2790_1150-1152	2:'0'2784-3:'0'2785,5:'0'2787-6:'0'2788	27.2	1
1S72_0:1010-1016_2296-2308_948-953	3:'0'1015-4:'0'1016,12:'0'2303-12:'0'2303,22:'0'952-22:'0'952	27.2	1
1S72_0:2397-2405_731-736_2380-2387	0:'0'2399-0:'0'2399,10:'0'734-12:'0'736,22:'0'2389-22:'0'2389	27.2	1
1S72_0:2106-2116_2468-2475_865-868	3:'0'2111-4:'0'2112,16:'0'2475-17:'0'2476	27	1
1S72_0:632-641_1355-1357_1358-1363	7:'0'641-8:'0'642,11:'0'1358-11:'0'1358,13:'0'1360-13:'0'1360	26.6	1
1S72_0:2878-2886_2867-2874_1784-1787	1:'0'2881-2:'0'2882,15:'0'2875-16:'0'2876	26.2	1
1S72_0:2081-2083_526-532_9-14	5:'0'530-6:'0'531,10:'0'11-12:'0'13	26.1	1
1S72_0:2690-2700_2561-2568	3:'0'2695-8:'0'2700	26	1
1S72_0:1720-1722_1676-1684_1411-1417	5:'0'1680-6:'0'1681,13:'0'1414-14:'0'1415	26	1
1S72_0:362-370_276-286	2:'0'366-3:'0'367,16:'0'285-17:'0'286	26	1
1S72_0:1173-1174_1189-1205_1179-1181	7:'0'1196-14:'0'1203	26	1
1S72_0:1548-1553_1625-1634_1565-1568	2:'0'1552-2:'0'1552,8:'0'1629-10:'0'1631,18:'0'1569-18:'0'1569	26	1
1S72_0:885-893_158-172_766-773	0:'0'887-0:'0'887,14:'0'165-16:'0'167,30:'0'774-30:'0'774	26	1
1S72_0:743-748_679-684_654-663	10:'0'685-11:'0'686,16:'0'660-17:'0'661	25.8	1
1S72_0:410-414_188-196_422-427	4:'0'416-4:'0'416,11:'0'196-13:'0'198,14:'0'424-14:'0'424	25.6	1
1S72_0:1470-1477_1857-1868_1463-1466	6:'0'1478-6:'0'1478,12:'0'1863-14:'0'1865,20:'0'1465-20:'0'1465	25.6	1
1S72_0:622-628_2067-2072_1052-1058	13:'0'1054-19:'0'1060	25.5	1
1S72_0:2522-2532_1052-1058_2487-2493	5:'0'2529-5:'0'2529,12:'0'1055-14:'0'1057,21:'0'2492-21:'0'2492	25.2	1
1S72_0:2740-2744_2731-2735_1701-1714	12:'0'1705-20:'0'1713	25.2	1
1S72_0:2546-2550_1230-1239_2595-2604	15:'0'2597-19:'0'2601	25.2	1
1S72_0:1927-1930_2260-2267_2122-2129	2:'0'1931-2:'0'1931,9:'0'2267-9:'0'2267,14:'0'2126-14:'0'2126	25	1
1S72_0:1856-1871_1464-1467_1470-1475	18:'0'1468-19:'0'1469,20:'0'1472-22:'0'1474	24.7	1
1S72_0:2632-2642_1836-1841_2620-2627	4:'0'2638-7:'0'2641,15:'0'1842-15:'0'1842,21:'0'2626-21:'0'2626	24.5	1
1S72_0:2126-2132_2256-2264_1907-1908	4:'0'2132-5:'0'2133,8:'0'2259-10:'0'2261	24.3	1
1S72_0:1289-1292_1067-1070_909-912	5:'0'1070-5:'0'1070,11:'0'914-11:'0'914	24.2	1
1S72_0:1129-1136_2498-2499_1223-1228	2:'0'1133-2:'0'1133,8:'0'2500-8:'0'2500,14:'0'1229-14:'0'1229	24.2	1
1S72_0:1027-1031_1269-1272_935-938	0:'0'1029-0:'0'1029,8:'0'1274-8:'0'1274	24.2	1
1S72_0:2465-2469_2274-2278_916-924	9:'0'2280-9:'0'2280,14:'0'922-14:'0'922	24.2	1
1S72_0:1284-1292_909-910_1266-1269	4:'0'1290-6:'0'1292,10:'0'912-10:'0'912,11:'0'1268-11:'0'1268	24.1	1
1S72_0:324-333_299-304_337-349	12:'0'303-13:'0'304,24:'0'347-25:'0'348	24	1
1S72_0:1037-1041_2388-2396_924-929	0:'0'1039-0:'0'1039,5:'0'2390-13:'0'2398,19:'0'931-19:'0'931	24	1
1S72_0:691-696_729-731_686-689	0:'0'693-0:'0'693,8:'0'733-8:'0'733,12:'0'691-12:'0'691	24	1
1S72_0:2639-2642_2620-2622_1832-1841	2:'0'2643-2:'0'2643,4:'0'2622-4:'0'2622	23.8	1
1S72_0:1625-1632_1562-1568_1549-1555	1:'0'1628-6:'0'1633	23.8	1
1S72_0:2114-2122_865-868_2267-2274	11:'0'869-11:'0'869,18:'0'2274-18:'0'2274	23.8	1
1S72_0:822-831_847-857_786-788	0:'0'824-0:'0'824,23:'0'790-23:'0'790	23.8	1
1S72_0:1492-1493_1569-1577_1614-1624	2:'0'1571-2:'0'1571,21:'0'1626-21:'0'1626	23.8	1
1S72_0:1654-1657_1482-1489_1450-1456	4:'0'1484-4:'0'1484,18:'0'1458-18:'0'1458	23.8	1
1S72_0:1429-1430_1366-1372_2049-2054	2:'0'1368-2:'0'1368,14:'0'2056-14:'0'2056	23.8	1
1S72_0:1653-1658_853-856_1529-1535	6:'0'855-6:'0'855,16:'0'1537-16:'0'1537	23.8	1
1S72_0:2575-2584_1988-1996_2590-2594	9:'0'2586-9:'0'2586,12:'0'1992-14:'0'1994,19:'0'2592-19:'0'2592	23.6	1
1S72_0:1613-1616_1538-1544_1637-1644	6:'0'1542-7:'0'1543,14:'0'1642-15:'0'1643	23.6	1
1S72_0:228-230_661-669_673-681	10:'0'670-11:'0'671,12:'0'675-13:'0'676	23.6	1
1S72_0:1301-1309_446-448_1342-1351	11:'0'450-11:'0'450,20:'0'1352-20:'0'1352	23.4	1
1S72_0:1649-1660_1487-1488_1527-1533	8:'0'1659-8:'0'1659,13:'0'1490-13:'0'1490,17:'0'1532-17:'0'1532	23.4	1
1S72_0:1630-1637_1565-1567_1544-1553	0:'0'1632-0:'0'1632,9:'0'1568-9:'0'1568,18:'0'1553-18:'0'1553	23.4	1
1S72_0:329-337_310-317_340-343	1:'0'332-1:'0'332,11:'0'314-13:'0'316,19:'0'344-19:'0'344	23.2	1
1S72_0:1791-1797_1541-1548_1634-1639	0:'0'1793-6:'0'1799	23.1	1
1S72_0:2627-2632_2467-2470_2112-2116	4:'0'2633-4:'0'2633,8:'0'2471-8:'0'2471,10:'0'2114-10:'0'2114	23	1
1S72_0:731-736_2377-2383_2402-2406	4:'0'737-4:'0'737,10:'0'2383-10:'0'2383,14:'0'2405-14:'0'2405	23	1
1S72_0:581-589_565-573	4:'0'587-5:'0'588,11:'0'569-12:'0'570	23	1
1S72_0:2501-2515	3:'0'2506-11:'0'2514	22.8	1
1S72_0:1774-1778_1811-1817_1762-1765	3:'0'1779-3:'0'1779,11:'0'1819-11:'0'1819,13:'0'1765-13:'0'1765	22.6	1
1S72_0:1104-1108_1093-1099_1251-1259	1:'0'1107-1:'0'1107,10:'0'1100-10:'0'1100,15:'0'1256-15:'0'1256	22.6	1
1S72_0:2073-2081_1232-1235_2059-2066	2:'0'2077-2:'0'2077,9:'0'1234-9:'0'1234,18:'0'2066-20:'0'2068	22.5	1
1S72_0:1487-1488_1649-1660_1527-1533	0:'0'1489-0:'0'1489,7:'0'1656-7:'0'1656	22.2	1
1S72_0:2479-2489_2066-2075_2531-2534	8:'0'2489-8:'0'2489,13:'0'2070-17:'0'2074,21:'0'2533-21:'0'2533	22	1
1S72_0:457-463_449-456_473-477	4:'0'463-4:'0'463,14:'0'458-14:'0'458,17:'0'477-17:'0'477	21.8	1
1S72_0:1200-1208_1186-1195_1156-1159	5:'0'1207-5:'0'1207,11:'0'1190-11:'0'1190,21:'0'1160-21:'0'1160	21.8	1
1S72_0:2000-2003_2636-2639_1973-1979	4:'0'2638-4:'0'2638,14:'0'1981-14:'0'1981	21.4	1
1S72_0:2753-2761_2716-2725_1737-1740	8:'0'2763-8:'0'2763,10:'0'2719-10:'0'2719	21.4	1
1S72_0:279-289_359-366	0:'0'281-0:'0'281,18:'0'368-18:'0'368	21.4	1
1S72_0:886-893_462-473_765-773	4:'0'892-4:'0'892,13:'0'469-16:'0'472,22:'0'769-22:'0'769	21.2	1
1S72_0:353-361_287-294	2:'0'357-3:'0'358,13:'0'293-14:'0'294	21.2	1
1S72_0:1509-1512_1483-1492_1446-1454	9:'0'1490-10:'0'1491,20:'0'1454-21:'0'1455	21	1
1S72_0:1191-1194_1166-1168_1170-1175	6:'0'1170-6:'0'1170,8:'0'1173-8:'0'1173	21	1
1S72_0:824-832_786-788_846-852	1:'0'827-1:'0'827,9:'0'788-9:'0'788,18:'0'854-18:'0'854	21	1
1S72_0:2402-2406_2377-2383_731-736	12:'0'733-17:'0'738	20.8	1
1S72_0:321-324_332-346_301-307	0:'0'323-0:'0'323,10:'0'340-10:'0'340,22:'0'306-23:'0'307	20.8	1
1S72_0:890-893_157-162_169-175	4:'0'159-4:'0'159,16:'0'177-16:'0'177	20.6	1
1S72_0:2824-2831_2904-2912_2665-2666	0:'0'2826-0:'0'2826,16:'0'2914-16:'0'2914	20.6	1
1S72_0:485-486_21-26_510-517	3:'0'24-3:'0'24,15:'0'519-15:'0'519	20.6	1
1S72_0:422-426_388-397_410-415	4:'0'428-4:'0'428,7:'0'392-10:'0'395,15:'0'412-15:'0'412	20.4	1
1S72_0:1988-1996_2575-2584_2590-2594	4:'0'1994-4:'0'1994,16:'0'2584-16:'0'2584,21:'0'2594-21:'0'2594	20.2	1
1S72_0:2015-2019_1764-1774_1825-1827	2:'0'2019-2:'0'2019,14:'0'1775-14:'0'1775,18:'0'1829-18:'0'1829	20.2	1
1S72_0:477-478_448-458_26-31	1:'0'480-1:'0'480,8:'0'456-12:'0'460,13:'0'28-13:'0'28	20	1
1S72_0:2418-2426_2311-2321_2358-2362	5:'0'2425-5:'0'2425,10:'0'2314-10:'0'2314,20:'0'2360-20:'0'2360	19.8	1
1S72_0:549-551_1316-1322_1332-1337	1:'0'552-1:'0'552,8:'0'1323-8:'0'1323,10:'0'1334-10:'0'1334	19.8	1
1S72_0:22-26_501-516_479-487	5:'0'503-5:'0'503,29:'0'489-29:'0'489	19.8	1
1S72_0:948-953_2296-2308_1010-1016	3:'0'953-3:'0'953,19:'0'1012-19:'0'1012	19.8	1
1S72_0:2521-2525_2549-2554_1229-1231	0:'0'2523-1:'0'2524,7:'0'2553-7:'0'2553,11:'0'1231-11:'0'1231	19.8	1
1S72_0:1882-1883_1827-1833_1838-1845	0:'0'1884-0:'0'1884,16:'0'1847-16:'0'1847	19.8	1
1S72_0:562-565_1090-1097_1255-1263	2:'0'566-2:'0'566,5:'0'1093-5:'0'1093,18:'0'1263-18:'0'1263	19.4	1
1S72_0:431-436_229-235_197-207	10:'0'235-10:'0'235,18:'0'204-18:'0'204	19.4	1
1S72_0:1198-1202_1170-1174_1193-1197	0:'0'1200-0:'0'1200,7:'0'1174-7:'0'1174,13:'0'1198-13:'0'1198	19.4	1
1S72_0:2527-2529_2280-2284_1050-1061	1:'0'2530-1:'0'2530,13:'0'1057-13:'0'1057	19.4	1
1S72_0:2237-2247_2251-2259_2130-2134	2:'0'2241-4:'0'2243,16:'0'2258-16:'0'2258,22:'0'2134-22:'0'2134	19.3	1
1S72_0:2358-2362_2418-2426_2311-2321	5:'0'2420-5:'0'2420,22:'0'2321-22:'0'2321	19	1
1S72_0:1067-1074_1093-1097_1255-1259	6:'0'1075-6:'0'1075,10:'0'1097-10:'0'1097	19	1
1S72_0:2570-2578_2550-2562_2509-2514	3:'0'2575-4:'0'2576,14:'0'2557-15:'0'2558	19	1
1S72_0:617-621_1349-1358_626-633	1:'0'620-2:'0'621,10:'0'1356-10:'0'1356,22:'0'635-22:'0'635	19	1
1S72_0:228-230_658-665_677-684	1:'0'231-1:'0'231,8:'0'665-8:'0'665	19	1
1S72_0:1721-1726_1367-1375_2045-2052	7:'0'1370-7:'0'1370,22:'0'2054-22:'0'2054	19	1
1S72_0:2620-2625_832-834_2636-2642	7:'0'835-7:'0'835,15:'0'2644-15:'0'2644	19	1
1S72_0:2534-2536_1356-1358_2098-2102	4:'0'1359-4:'0'1359,7:'0'2101-7:'0'2101	18.6	1
1S72_0:865-878_1827-1833_1838-1845	7:'0'874-7:'0'874,17:'0'1832-17:'0'1832,25:'0'1844-25:'0'1844	18.2	1
1S72_0:457-463_473-477_449-456	5:'0'464-5:'0'464,8:'0'476-8:'0'476	18.2	1
1S72_0:1856-1871_1470-1475_1464-1467	4:'0'1862-9:'0'1867	18.2	1
1S72_0:2767-2768_2671-2679_2802-2811	3:'0'2674-3:'0'2674,18:'0'2811-18:'0'2811	18.2	1
1S72_0:1269-1272_1027-1031_935-938	6:'0'1031-6:'0'1031,11:'0'939-11:'0'939	18.2	1
1S72_0:39-43_180-185_145-152	2:'0'43-3:'0'44,11:'0'147-12:'0'148	17.8	1
1S72_0:217-220_162-169_2465-2467	8:'0'168-8:'0'168,14:'0'2469-14:'0'2469	17.8	1
1S72_0:1818-1820_1739-1755_2026-2036	6:'0'1744-7:'0'1745,26:'0'2034-27:'0'2035	17.8	1
1S72_0:1576-1581_1539-1541_1610-1616	2:'0'1580-2:'0'1580,6:'0'1541-6:'0'1541,11:'0'1614-11:'0'1614	17.4	1
1S72_0:2479-2488_2529-2536_2280-2284	3:'0'2484-3:'0'2484,15:'0'2536-15:'0'2536	17.4	1
1S72_0:1037-1041_924-929_2388-2396	7:'0'928-7:'0'928,16:'0'2395-16:'0'2395	17.4	1
1S72_0:1322-1332_1297-1299_903-905	6:'0'1330-6:'0'1330,12:'0'1300-12:'0'1300,14:'0'905-14:'0'905	17.4	1
1S72_0:258-266_242-247	4:'0'264-4:'0'264,12:'0'247-12:'0'247	17.4	1
1S72_0:64-66_41-51_104-112	7:'0'47-7:'0'47,21:'0'113-21:'0'113	17.4	1
1S72_0:2061-2066_1233-1239_2072-2081	1:'0'2064-1:'0'2064,10:'0'1239-10:'0'1239,19:'0'2080-20:'0'2081	17	1
1S72_0:865-868_878-882_1831-1841	0:'0'867-3:'0'870,4:'0'880-4:'0'880	17	1
1S72_0:1490-1497_1445-1449_1501-1512	1:'0'1493-1:'0'1493,10:'0'1449-10:'0'1449,23:'0'1513-23:'0'1513	17	1
1S72_0:1141-1152_1211-1219	8:'0'1151-8:'0'1151,14:'0'1215-14:'0'1215	16.6	1
1S72_0:2784-2795_2775-2783_1150-1152	4:'0'2790-4:'0'2790,15:'0'2780-15:'0'2780	16.6	1
1S72_0:1469-1477_1463-1467_1863-1864	4:'0'1475-4:'0'1475,14:'0'1865-14:'0'1865	16.6	1
1S72_0:2468-2473_2624-2636_2110-2113	0:'0'2470-0:'0'2470,10:'0'2630-12:'0'2632,22:'0'2115-22:'0'2115	16.4	1
1S72_0:1973-1979_2000-2003_2636-2639	0:'0'1975-1:'0'1976,9:'0'2004-10:'0'2005	16.2	1
1S72_0:477-484_502-510_26-27	0:'0'479-0:'0'479,10:'0'506-12:'0'508,18:'0'29-18:'0'29	16	1
1S72_0:2414-2419_2316-2325_2372-2378	11:'0'2323-11:'0'2323,22:'0'2380-22:'0'2380	15.8	1
1S72_0:768-778_172-178_155-158	12:'0'175-12:'0'175,21:'0'160-21:'0'160	15.8	1
1S72_0:2278-2289_2296-2299_2304-2308	8:'0'2288-8:'0'2288,13:'0'2299-13:'0'2299,18:'0'2308-19:'0'2309	15.6	1
1S72_0:935-936_703-710_714-721	2:'0'705-3:'0'706,16:'0'722-17:'0'723	15.2	1
1S72_0:1825-1827_2015-2019_1764-1774	0:'0'1827-1:'0'1828,6:'0'2020-7:'0'2021	15	1
1S72_0:238-243_367-377_264-278	2:'0'242-2:'0'242,14:'0'377-14:'0'377,20:'0'269-20:'0'269	15	1
1S72_0:2124-2126_1924-1932_1903-1911	3:'0'1926-4:'0'1927,19:'0'1912-20:'0'1913	15	1
1S72_0:824-832_846-852_786-788	7:'0'833-8:'0'834,9:'0'848-10:'0'849	15	1
1S72_0:865-868_1831-1841_878-882	1:'0'868-1:'0'868,8:'0'1837-8:'0'1837,18:'0'883-19:'0'884	14.8	1
1S72_0:1346-1353_1297-1305_901-905	1:'0'1349-2:'0'1350,13:'0'1304-14:'0'1305	14.6	1
1S72_0:1450-1454_1684-1695_1483-1489	4:'0'1456-4:'0'1456,16:'0'1697-16:'0'1697,20:'0'1488-21:'0'1489	14.4	1
1S72_0:914-926_895-900_760-764	17:'0'901-18:'0'902,19:'0'762-20:'0'763	14.4	1
1S72_0:145-152_180-185_39-43	2:'0'149-3:'0'150,11:'0'185-11:'0'185,15:'0'42-15:'0'42	14.2	1
1S72_0:2898-2907_2850-2855_2829-2836	0:'0'2900-1:'0'2901,14:'0'2856-15:'0'2857	14.2	1
1S72_0:2850-2855_2829-2836_2898-2907	6:'0'2831-7:'0'2832,22:'0'2908-23:'0'2909	14.2	1
1S72_0:2624-2628_2631-2639_1974-1982	3:'0'2629-4:'0'2630,5:'0'2633-6:'0'2634	14.2	1
1S72_0:1115-1120_1238-1242_1233-1236	4:'0'1121-5:'0'1122,8:'0'1242-9:'0'1243	14.2	1
1S72_0:422-426_410-415_388-397	10:'0'417-10:'0'417,16:'0'395-16:'0'395	14.2	1
1S72_0:1716-1722_1374-1379_1399-1402	12:'0'1381-12:'0'1381,13:'0'1401-14:'0'1402	14.1	1
1S72_0:480-491_497-513	8:'0'490-9:'0'491,14:'0'501-15:'0'502	13.8	1
1S72_0:426-429_376-384_402-408	7:'0'381-7:'0'381,16:'0'407-16:'0'407	13.4	1
1S72_0:916-924_893-898_762-766	13:'0'899-14:'0'900,15:'0'764-16:'0'765	13.2	1
1S72_0:1348-1355_618-633_1299-1302	1:'0'1351-1:'0'1351,13:'0'625-15:'0'627,26:'0'1303-26:'0'1303	13.2	1
1S72_0:740-742_691-697_686-689	5:'0'695-6:'0'696,11:'0'689-12:'0'690	13	1
1S72_0:1311-1312_332-341_310-317	1:'0'1314-1:'0'1314,17:'0'317-17:'0'317	13	1
1S72_0:2073-2081_2058-2065_1232-1239	0:'0'2075-1:'0'2076,9:'0'2060-10:'0'2061	12.6	1
1S72_0:619-621_2604-2607_627-632	4:'0'2607-5:'0'2608,8:'0'631-8:'0'631	12.6	1
1S72_0:2114-2126_1929-1930_2264-2274	8:'0'2124-8:'0'2124,14:'0'1932-14:'0'1932,17:'0'2268-18:'0'2269	12.4	1
1S72_0:1708-1714_1699-1704_2732-2734	10:'0'1704-10:'0'1704,15:'0'2736-15:'0'2736	12.2	1
1S72_0:2546-2553_2600-2607_1229-1235	11:'0'2605-11:'0'2605,19:'0'1234-19:'0'1234	12.2	1
1S72_0:2057-2062_613-618_533-540	8:'0'617-9:'0'618,15:'0'538-16:'0'539	12.2	1
1S72_0:763-766_2468-2478_2106-2116	0:'0'765-0:'0'765,14:'0'2480-14:'0'2480	12.2	1
1S72_0:479-487_22-26_501-516	1:'0'482-1:'0'482,19:'0'508-19:'0'508	11.8	1
1S72_0:1100-1102_1238-1239_1233-1237	2:'0'1104-2:'0'1104,3:'0'1240-3:'0'1240,8:'0'1238-9:'0'1239	11.6	1
1S72_0:2098-2101_2604-2616_2535-2545	7:'0'2609-8:'0'2610,26:'0'2546-27:'0'2547	11.4	1
1S72_0:1108-1110_573-576_577-581	4:'0'576-5:'0'577,7:'0'579-9:'0'581	11.3	1
1S72_0:786-789_821-830_848-857	11:'0'830-13:'0'832,15:'0'851-15:'0'851	11.2	1
1S72_0:2124-2126_1925-1932_1901-1910	10:'0'1934-10:'0'1934,11:'0'1903-13:'0'1905	11.2	1
1S72_0:1455-1458_1684-1695_1481-1487	3:'0'1460-3:'0'1460,7:'0'1689-10:'0'1692,16:'0'1483-16:'0'1483	11	1
1S72_0:2422-2424_2287-2294_2355-2364	2:'0'2426-2:'0'2426,6:'0'2292-7:'0'2293,14:'0'2360-14:'0'2360	10.8	1
1S72_0:1358-1363_1355-1357_632-641	6:'0'1357-6:'0'1357,9:'0'634-17:'0'642	10.8	1
1S72_0:2355-2364_2287-2294_2422-2424	5:'0'2362-5:'0'2362,10:'0'2289-12:'0'2291,18:'0'2424-18:'0'2424	10.6	1
1S72_0:834-842_843-845_2052-2053	0:'0'836-0:'0'836,11:'0'847-11:'0'847	10.6	1
1S72_0:61-69_48-54_104-109	9:'0'50-9:'0'50,21:'0'111-21:'0'111	10.6	1
1S72_0:2458-2464_2419-2427_2312-2316	7:'0'2421-7:'0'2421,20:'0'2318-20:'0'2318	10.6	1
1S72_0:2307-2308_2277-2280_2281-2290	2:'0'2279-2:'0'2279,15:'0'2292-15:'0'2292	10.6	1
1S72_0:2665-2670_2809-2820_2659-2660	0:'0'2667-0:'0'2667,17:'0'2822-17:'0'2822	10.6	1
1S72_0:1090-1097_1255-1263_562-565	7:'0'1099-7:'0'1099,8:'0'1257-8:'0'1257	10.6	1
1S72_0:102-107_61-72_50-54	1:'0'105-1:'0'105,15:'0'72-15:'0'72	10.6	1
1S72_0:2882-2893_2860-2871	0:'0'2884-0:'0'2884,23:'0'2873-23:'0'2873	10.6	1
1S72_0:2365-2369_2327-2334_2347-2354	9:'0'2333-9:'0'2333,15:'0'2351-15:'0'2351	10.6	1
1S72_0:2518-2522_1128-1136_1223-1230	9:'0'1134-9:'0'1134,17:'0'1228-17:'0'1228	10.6	1
1S72_0:2098-2104_2529-2536_2479-2488	10:'0'2534-11:'0'2535,21:'0'2487-22:'0'2488	10.6	1
1S72_0:2329-2336_2344-2354	7:'0'2338-7:'0'2338,8:'0'2346-8:'0'2346	10.6	1
1S72_0:2113-2126_2467-2468_2264-2274	3:'0'2118-3:'0'2118,14:'0'2469-14:'0'2469,21:'0'2271-21:'0'2271	10.6	1
1S72_0:1992-1998_1987-1990_2592-2593	4:'0'1998-4:'0'1998,8:'0'1990-8:'0'1990	10.6	1
1S72_0:1726-1737_2039-2045_1373-1374	0:'0'1728-0:'0'1728,18:'0'2047-18:'0'2047	10.6	1
1S72_0:1716-1722_1399-1402_1374-1379	0:'0'1718-0:'0'1718,10:'0'1404-10:'0'1404	10.6	1
1S72_0:1093-1099_1104-1108_1251-1259	6:'0'1101-6:'0'1101,9:'0'1108-9:'0'1108,13:'0'1254-14:'0'1255	10.4	1
1S72_0:626-633_1349-1358_617-621	3:'0'632-3:'0'632,10:'0'1353-11:'0'1354,22:'0'623-22:'0'623	10.4	1
1S72_0:431-436_197-207_229-235	0:'0'433-1:'0'434,22:'0'236-23:'0'237	10.4	1
1S72_0:1175-1178_1170-1172_1164-1168	0:'0'1177-0:'0'1177,6:'0'1174-6:'0'1174,9:'0'1168-10:'0'1169	10.4	1
1S72_0:1316-1322_1332-1337_549-551	1:'0'1319-1:'0'1319,11:'0'1338-11:'0'1338	10.2	1
1S72_0:2098-2101_2535-2545_2604-2616	10:'0'2543-10:'0'2543,24:'0'2615-24:'0'2615	10.2	1
1S72_0:2307-2308_2281-2290_2277-2280	8:'0'2289-9:'0'2290,13:'0'2280-14:'0'2281	10.2	1
1S72_0:2124-2125_1927-1936_1898-1907	5:'0'1932-5:'0'1932,19:'0'1907-19:'0'1907	10.2	1
1S72_0:1649-1660_1527-1533_1487-1488	9:'0'1660-9:'0'1660,14:'0'1531-14:'0'1531	10.2	1
1S72_0:2889-2895_2858-2869_2885-2888	1:'0'2892-1:'0'2892,11:'0'2864-11:'0'2864	10.2	1
1S72_0:1844-1858_1867-1882	2:'0'1848-2:'0'1848,29:'0'1883-29:'0'1883	10.2	1
1S72_0:1544-1553_1630-1637_1565-1567	0:'0'1546-0:'0'1546,17:'0'1639-17:'0'1639	10.2	1
1S72_0:2516-2525_1124-1131_2491-2500	1:'0'2519-1:'0'2519,12:'0'1128-13:'0'1129,26:'0'2501-26:'0'2501	10.2	1
1S72_0:2673-2678_2679-2680_2804-2808	4:'0'2679-4:'0'2679,6:'0'2681-6:'0'2681,8:'0'2806-8:'0'2806	9.8	1
1S72_0:2358-2362_2311-2321_2418-2426	4:'0'2364-4:'0'2364,18:'0'2422-18:'0'2422	9.8	1
1S72_0:743-748_654-663_679-684	13:'0'663-13:'0'663,18:'0'683-18:'0'683	9.8	1
1S72_0:1881-1887_2008-2018_1826-1827	3:'0'1886-3:'0'1886,13:'0'2016-13:'0'2016	9.8	1
1S72_0:1490-1497_1501-1512_1445-1449	6:'0'1498-6:'0'1498,12:'0'1507-12:'0'1507	9.8	1
1S72_0:786-792_817-825_852-856	3:'0'791-3:'0'791,11:'0'823-11:'0'823	9.8	1
1S72_0:2881-2889_2864-2873_1804-1805	5:'0'2888-5:'0'2888,12:'0'2869-12:'0'2869	9.8	1
1S72_0:2834-2843_2654-2658_2082-2087	14:'0'2660-14:'0'2660,15:'0'2084-15:'0'2084	9.8	1
1S72_0:1399-1402_1716-1722_1374-1379	9:'0'1723-9:'0'1723,11:'0'1376-11:'0'1376	9.8	1
1S72_0:1170-1172_1175-1178_1164-1168	6:'0'1180-6:'0'1180,7:'0'1166-7:'0'1166	9.8	1
1S72_0:2498-2499_1129-1136_1223-1228	9:'0'1138-9:'0'1138,10:'0'1225-10:'0'1225	9.8	1
1S72_0:2295-2296_1002-1009_954-963	9:'0'1011-9:'0'1011,10:'0'956-10:'0'956	9.8	1
1S72_0:2620-2625_2636-2642_832-834	1:'0'2623-1:'0'2623,9:'0'2641-9:'0'2641	9.8	1
1S72_0:446-463_476-477_27-32	0:'0'448-0:'0'448,25:'0'34-25:'0'34	9.8	1
1S72_0:393-397_388-392_2440-2441	4:'0'399-4:'0'399,5:'0'390-5:'0'390	9.8	1
1S72_0:432-436_202-208_227-235	11:'0'210-11:'0'210,12:'0'229-12:'0'229	9.8	1
1S72_0:543-546_600-609_526-527	3:'0'548-3:'0'548,6:'0'604-10:'0'608	9.6	1
1S72_0:696-700_655-660_740-745	6:'0'658-7:'0'659,15:'0'746-16:'0'747	9.6	1
1S72_0:619-621_627-632_2604-2607	0:'0'621-1:'0'622,7:'0'633-8:'0'634	9.6	1
1S72_0:1888-1896_1963-1970_1938-1945	6:'0'1896-7:'0'1897,19:'0'1942-20:'0'1943	9.4	1
1S72_0:177-185_437-440_148-156	3:'0'182-3:'0'182,11:'0'441-12:'0'442,17:'0'154-17:'0'154	9.4	1
1S72_0:2679-2680_2673-2678_2804-2808	3:'0'2676-3:'0'2676,11:'0'2809-11:'0'2809	9	1
1S72_0:1827-1833_1838-1845_865-878	4:'0'1833-4:'0'1833,10:'0'1843-10:'0'1843	9	1
1S72_0:2732-2734_1708-1714_1699-1704	8:'0'1715-8:'0'1715,12:'0'1703-12:'0'1703	9	1
1S72_0:1229-1235_2546-2553_2600-2607	11:'0'2552-11:'0'2552,15:'0'2602-15:'0'2602	9	1
1S72_0:1501-1512_1490-1497_1445-1449	8:'0'1511-8:'0'1511,14:'0'1494-14:'0'1494	9	1
1S72_0:1095-1099_1250-1257_1103-1110	6:'0'1253-6:'0'1253,18:'0'1110-18:'0'1110	9	1
1S72_0:2304-2308_2296-2299_2278-2289	4:'0'2310-4:'0'2310,5:'0'2298-5:'0'2298,12:'0'2283-12:'0'2283	9	1
1S72_0:1241-1246_1113-1118	5:'0'1248-5:'0'1248,6:'0'1115-6:'0'1115	9	1
1S72_0:2026-2030_1753-1758_1811-1820	1:'0'2029-1:'0'2029,8:'0'1758-8:'0'1758,17:'0'1819-18:'0'1820	8.8	1
1S72_0:2312-2315_2458-2464_2423-2428	2:'0'2316-2:'0'2316,8:'0'2464-8:'0'2464,12:'0'2426-12:'0'2426	8.6	1
1S72_0:2834-2843_2086-2089_2652-2656	12:'0'2090-12:'0'2090,14:'0'2654-14:'0'2654	8.2	1
1S72_0:1170-1174_1197-1204_1189-1196	12:'0'1206-12:'0'1206,13:'0'1191-13:'0'1191	8.2	1
1S72_0:2515-2524_2495-2502_1124-1132	5:'0'2522-6:'0'2523,22:'0'1130-23:'0'1131	8.2	1
1S72_0:2562-2570_2560-2561_2692-2693	2:'0'2566-3:'0'2567,11:'0'2694-12:'0'2695	8	1
1S72_0:1753-1758_2026-2030_1811-1820	1:'0'1756-2:'0'1757,8:'0'2030-9:'0'2031	8	1
1S72_0:704-720	6:'0'712-10:'0'716	7.9	1
1S72_0:2367-2369_2363-2365_2352-2356	3:'0'2365-3:'0'2365,10:'0'2358-10:'0'2358	7.8	1
1S72_0:2491-2499_2524-2526_2518-2523	1:'0'2494-1:'0'2494,11:'0'2528-11:'0'2528	7.8	1
1S72_0:911-914_1074-1081_1040-1044	4:'0'1076-11:'0'1083	7.4	1
1S72_0:1040-1048_911-914_1063-1070	3:'0'1045-3:'0'1045,17:'0'1069-17:'0'1069	7.4	1
1S72_0:2745-2746_1396-1400_1374-1383	4:'0'1400-4:'0'1400,13:'0'1382-13:'0'1382	6.6	1
1S72_0:2637-2639_1998-2006_1972-1987	5:'0'2002-5:'0'2002,24:'0'1986-24:'0'1986	6.6	1
1S72_0:1424-1437_1383-1396	18:'0'1389-20:'0'1391	6.6	1
1S72_0:865-872_771-778_873-885	5:'0'872-5:'0'872,19:'0'878-19:'0'878	6.6	1
1S72_0:1170-1174_1198-1202_1193-1197	3:'0'1175-3:'0'1175,9:'0'1204-9:'0'1204	5.8	1
1S72_0:869-878_774-778_1829-1843		5.6	1
1S72_0:2706-2711_2677-2678_2679-2685		5.2	1
1S72_0:2486-2492_2067-2072_622-628		4.8	1
1S72_0:869-878_1829-1843_774-778		4.8	1
1S72_0:774-778_869-878_1829-1843		4.8	1
1S72_0:2486-2489_2067-2073_622-628		4.8	1
1S72_0:2067-2072_622-628_2486-2492		4.7	1
1S72_0:2706-2711_2679-2685_2677-2678		4.6	1
1S72_0:2677-2678_2706-2711_2679-2685		4.6	1
1S72_0:526-527_608-613_540-545		4.6	1
1S72_0:1031-1038_928-935		4.5	1
1S72_0:1829-1843_774-778_869-878		4.5	1
1S72_0:2560-2561_2692-2693_2562-2570		4.4	1
1S72_0:2560-2561_2562-2570_2692-2693		4.4	1
1S72_0:1036-1041_924-929		4.4	1
1S72_0:928-935_1031-1038		4.3	1
1S72_0:608-613_526-527_540-545		4.3	1
1S72_0:2067-2073_622-628_2486-2489		4.3	1
1S72_0:1229-1231_2549-2554_2521-2525	6:'0'2554-8:'0'2556	4.2	1
1S72_0:2067-2073_2486-2489_622-628		4.2	1
1S72_0:2057-2058_611-618_535-542		4.2	1
1S72_0:535-542_2057-2058_611-618		4.2	1
1S72_0:2067-2072_2486-2492_622-628		4.1	1
1S72_0:1829-1843_869-878_774-778		4.1	1
1S72_0:774-778_1829-1843_869-878		4.1	1
1S72_0:855-861_782-787		4.1	1
1S72_0:540-545_526-527_608-613		4.1	1
1S72_0:2067-2072_622-628_1121-1127		4.1	1
1S72_0:611-618_2057-2058_535-542		4.1	1
1S72_0:535-542_611-618_2057-2058		4.1	1
1S72_0:2692-2693_2560-2561_2562-2570		4	1
1S72_0:1293-1298_902-908		4	1
1S72_0:924-929_1036-1041		4	1
1S72_0:2658-2660_2810-2814_530-531		4	1
1S72_0:2658-2660_530-531_2810-2814		4	1
1S72_0:608-613_540-545_526-527		4	1
1S72_0:526-527_540-545_608-613		4	1
1S72_0:2057-2058_535-542_611-618		4	1
1S72_0:2679-2685_2677-2678_2706-2711		3.9	1
1S72_0:2562-2570_2692-2693_2560-2561		3.9	1
1S72_0:540-545_608-613_526-527		3.9	1
1S72_0:2067-2072_1121-1127_622-628		3.9	1
1S72_0:622-628_2486-2492_2067-2072		3.8	1
1S72_0:782-787_855-861		3.8	1
1S72_0:611-618_535-542_2057-2058		3.8	1
1S72_0:897-901_760-763		3.7	1
1S72_0:530-531_2658-2660_2810-2814		3.7	1
1S72_0:2094-2102_1356-1358_2535-2537		3.7	1
1S72_0:2692-2693_2562-2570_2560-2561		3.6	1
1S72_0:2679-2685_2706-2711_2677-2678		3.5	1
1S72_0:2677-2678_2679-2685_2706-2711		3.5	1
1S72_0:902-908_1293-1298		3.3	1
1S72_0:530-531_2810-2814_2658-2660		2.9	1
1S72_0:760-763_897-901		2.5	1
1S72_0:1681-1682_1720-1722_1374-1375		2	1
1S72_0:1681-1682_1374-1375_1720-1722		2	1
1S72_0:1720-1722_1681-1682_1374-1375		2	1
1S72_0:1720-1722_1374-1375_1681-1682		2	1
1S72_0:1374-1375_1681-1682_1720-1722		2	1
1S72_0:1374-1375_1720-1722_1681-1682		2	1
