No base-stacking information is found. Performing alignment based on base-pairing information.
#fragment_ID	aligned_regions	alignment_score	P-value
1S72_0:75-85_89-98_58-60	0:'0'77-4:'0'81,13:'0'93-20:'0'100	144.8	0.00733485
1S72_0:934-942_1021-1032	0:'0'936-4:'0'940,12:'0'1026-20:'0'1034	124.4	0.0107404
1S72_0:2906-2912_2665-2666_2820-2830	4:'0'2912-6:'0'2914,7:'0'2667-7:'0'2667,9:'0'2822-15:'0'2828	110.2	0.0147348
1S72_0:1210-1214_1145-1153	0:'0'1212-4:'0'1216,5:'0'1147-13:'0'1155	102.3	0.0180022
1S72_0:1336-1341_1310-1317_314-315	0:'0'1338-4:'0'1342,6:'0'1312-13:'0'1319	93.6	0.0230363
1S72_0:20-25_636-643_514-519	0:'0'22-3:'0'25,7:'0'639-7:'0'639,16:'0'518-19:'0'521	69.6	0.056588
1S72_0:1585-1590_1599-1606	0:'0'1587-3:'0'1590,6:'0'1601-13:'0'1608	62.2	0.0831254
1S72_0:242-247_258-266	0:'0'244-5:'0'249,6:'0'260-13:'0'267	56.7	0.11713
1S72_0:2880-2887_1803-1805_2864-2873	0:'0'2882-1:'0'2883,8:'0'1805-9:'0'1806,19:'0'2874-20:'0'2875	50.8	0.183312
1S72_0:560-567_1091-1092_586-593	0:'0'562-4:'0'566,8:'0'1093-8:'0'1093,14:'0'592-17:'0'595	48.5	0.225235
1S72_0:2250-2258_2131-2132_2240-2247	4:'0'2256-7:'0'2259,9:'0'2133-9:'0'2133,11:'0'2242-14:'0'2245	47.5	0.248083
1S72_0:1452-1458_859-862_1481-1489	5:'0'1459-5:'0'1459,9:'0'863-9:'0'863,12:'0'1484-12:'0'1484	44.8	0.330515
1S72_0:2889-2895_2886-2888_2858-2867	0:'0'2891-0:'0'2891,9:'0'2890-9:'0'2890,15:'0'2865-15:'0'2865	43.2	0.400359
1S72_0:1093-1097_1067-1074_1255-1259	3:'0'1098-3:'0'1098,11:'0'1075-11:'0'1075,14:'0'1258-14:'0'1258	42.4	0.443891
1S72_0:658-665_228-230_677-684	6:'0'666-6:'0'666,9:'0'231-9:'0'231,12:'0'680-12:'0'680	42.4	0.443891
1S72_0:262-272_374-377_238-247	2:'0'266-10:'0'274,11:'0'376-11:'0'376,16:'0'241-20:'0'245	41.3	0.51636
1S72_0:2677-2682_2552-2556_2573-2578	5:'0'2684-5:'0'2684,9:'0'2557-9:'0'2557,14:'0'2578-14:'0'2578	41.2	0.523814
1S72_0:1004-1005_2295-2309_1060-1061	6:'0'2301-7:'0'2302,18:'0'1063-18:'0'1063	41.2	0.523814
1S72_0:2687-2694_2564-2565_2696-2703	0:'0'2689-5:'0'2694,9:'0'2567-9:'0'2567,13:'0'2701-17:'0'2705	37.5	0.972523
1S72_0:2555-2558_2792-2800_2770-2778	7:'0'2797-8:'0'2798,17:'0'2776-18:'0'2777	27.2	1
1S72_0:1887-1891_2003-2012_1964-1972	8:'0'2008-9:'0'2009,22:'0'1973-23:'0'1974	27.2	1
1S72_0:2108-2116_2468-2475_865-868	1:'0'2111-2:'0'2112,14:'0'2475-15:'0'2476	27.2	1
1S72_0:786-789_848-857_821-830	7:'0'853-8:'0'854,18:'0'827-19:'0'828	27.2	1
1S72_0:2501-2505_2570-2578_2509-2514	3:'0'2506-4:'0'2507,16:'0'2513-17:'0'2514	27.2	1
1S72_0:1161-1164_1178-1181_1189-1204	13:'0'1196-20:'0'1203	27.2	1
1S72_0:1036-1040_908-911_1290-1294	5:'0'910-6:'0'911,11:'0'1294-12:'0'1295	27.2	1
1S72_0:1091-1092_586-593_560-567	5:'0'591-6:'0'592,14:'0'566-15:'0'567	27.2	1
1S72_0:338-347_321-333_300-305	4:'0'344-5:'0'345,18:'0'331-19:'0'332	27.2	1
1S72_0:2878-2886_2867-2874_1784-1787	1:'0'2881-2:'0'2882,15:'0'2875-16:'0'2876	27.2	1
1S72_0:1443-1446_1675-1680_1411-1417	7:'0'1680-8:'0'1681,11:'0'1414-12:'0'1415	27.2	1
1S72_0:766-769_169-176_156-162	5:'0'172-6:'0'173,16:'0'162-17:'0'163	27.2	1
1S72_0:2403-2406_731-736_2377-2382	2:'0'2407-2:'0'2407,5:'0'734-7:'0'736,12:'0'2381-12:'0'2381	26.8	1
1S72_0:2767-2775_2795-2797_2798-2803	3:'0'2772-3:'0'2772,12:'0'2800-14:'0'2802	26.8	1
1S72_0:1442-1445_1496-1505_1416-1419	0:'0'1444-0:'0'1444,6:'0'1500-8:'0'1502,16:'0'1420-16:'0'1420	26.8	1
1S72_0:2555-2558_2771-2779_2788-2799	11:'0'2780-12:'0'2781,16:'0'2793-17:'0'2794	26.8	1
1S72_0:1471-1476_1857-1868_1463-1466	5:'0'1478-5:'0'1478,10:'0'1863-12:'0'1865,18:'0'1465-18:'0'1465	26.8	1
1S72_0:743-746_678-684_655-664	9:'0'685-10:'0'686,14:'0'660-15:'0'661	26.8	1
1S72_0:2780-2784_2785-2790_1150-1151	2:'0'2784-3:'0'2785,5:'0'2787-6:'0'2788	26.6	1
1S72_0:2016-2021_1841-1845_1824-1831	8:'0'1845-9:'0'1846,15:'0'1830-16:'0'1831	26.6	1
1S72_0:1284-1292_909-910_1266-1268	4:'0'1290-6:'0'1292,10:'0'912-10:'0'912,11:'0'1268-11:'0'1268	26.5	1
1S72_0:2057-2062_533-535_2066-2075	2:'0'2061-2:'0'2061,11:'0'2070-16:'0'2075	26.4	1
1S72_0:2546-2550_1230-1235_2595-2606	4:'0'2552-4:'0'2552,12:'0'2598-16:'0'2602	26.4	1
1S72_0:1610-1616_1576-1581_1539-1541	1:'0'1613-2:'0'1614,10:'0'1581-11:'0'1582	26	1
1S72_0:2471-2484_763-766_2103-2111	8:'0'2481-12:'0'2485,18:'0'2105-18:'0'2105	26	1
1S72_0:766-772_158-172_885-893	6:'0'774-6:'0'774,12:'0'165-14:'0'167,22:'0'887-22:'0'887	26	1
1S72_0:1856-1869_1464-1467_1470-1475	16:'0'1468-17:'0'1469,18:'0'1472-20:'0'1474	25.7	1
1S72_0:603-604_549-552_1321-1333	9:'0'1326-14:'0'1331	25.7	1
1S72_0:1199-1206_1157-1162_1187-1196	5:'0'1206-5:'0'1206,8:'0'1159-8:'0'1159,14:'0'1189-16:'0'1191	25.7	1
1S72_0:2115-2122_865-868_2267-2274	1:'0'2118-1:'0'2118,10:'0'869-10:'0'869,17:'0'2274-19:'0'2276	25.7	1
1S72_0:2697-2703_2687-2694_2561-2568	1:'0'2700-2:'0'2701,12:'0'2694-13:'0'2695	25.6	1
1S72_0:422-426_188-196_410-414	4:'0'428-4:'0'428,11:'0'196-13:'0'198,14:'0'412-14:'0'412	25.6	1
1S72_0:359-366_279-289	5:'0'366-6:'0'367,12:'0'285-13:'0'286	25.6	1
1S72_0:410-414_190-201_422-427	4:'0'416-4:'0'416,9:'0'196-12:'0'199,17:'0'424-17:'0'424	25.6	1
1S72_0:1316-1317_514-518_21-25	3:'0'517-4:'0'518,9:'0'25-10:'0'26	25.6	1
1S72_0:1310-1315_310-317_1337-1341	0:'0'1312-0:'0'1312,8:'0'314-10:'0'316,17:'0'1342-17:'0'1342	25.2	1
1S72_0:2522-2532_1052-1058_2487-2493	5:'0'2529-5:'0'2529,12:'0'1055-14:'0'1057,21:'0'2492-21:'0'2492	25.2	1
1S72_0:1927-1930_2260-2267_2122-2129	2:'0'1931-2:'0'1931,9:'0'2267-9:'0'2267,14:'0'2126-14:'0'2126	25	1
1S72_0:2639-2641_2620-2622_1832-1841	1:'0'2642-2:'0'2643,3:'0'2622-3:'0'2622,11:'0'1839-11:'0'1839	25	1
1S72_0:1037-1041_2388-2396_924-929	0:'0'1039-0:'0'1039,5:'0'2390-13:'0'2398,19:'0'931-19:'0'931	24.8	1
1S72_0:2740-2744_2731-2735_1701-1713	12:'0'1705-20:'0'1713	24.8	1
1S72_0:2632-2641_1837-1841_2620-2627	4:'0'2638-7:'0'2641,13:'0'1842-13:'0'1842,19:'0'2626-19:'0'2626	24.7	1
1S72_0:1157-1162_1179-1185_1187-1191	11:'0'1186-12:'0'1187,13:'0'1189-14:'0'1190	24.6	1
1S72_0:822-831_847-857_786-788	0:'0'824-0:'0'824,23:'0'790-23:'0'790	24.6	1
1S72_0:1492-1493_1569-1577_1615-1624	2:'0'1571-2:'0'1571,20:'0'1626-20:'0'1626	24.6	1
1S72_0:1654-1657_1482-1489_1450-1456	4:'0'1484-4:'0'1484,18:'0'1458-18:'0'1458	24.6	1
1S72_0:2636-2642_1977-1979_832-834	0:'0'2638-0:'0'2638,9:'0'1981-9:'0'1981	24.6	1
1S72_0:1299-1304_447-448_1347-1352	7:'0'450-7:'0'450,11:'0'1352-11:'0'1352	24.2	1
1S72_0:1130-1136_2498-2499_1223-1228	1:'0'1133-1:'0'1133,7:'0'2500-7:'0'2500,13:'0'1229-13:'0'1229	24.2	1
1S72_0:1027-1031_935-938_1269-1272	0:'0'1029-0:'0'1029,12:'0'1274-12:'0'1274	24.2	1
1S72_0:1012-1014_2295-2309_1004-1005	2:'0'1016-2:'0'1016,9:'0'2303-9:'0'2303	24.2	1
1S72_0:2465-2469_2274-2278_917-922	9:'0'2280-9:'0'2280,13:'0'922-13:'0'922	24.2	1
1S72_0:1040-1043_1067-1070_911-914	5:'0'1070-5:'0'1070,9:'0'914-9:'0'914	24.2	1
1S72_0:691-695_729-731_686-689	0:'0'693-0:'0'693,7:'0'733-7:'0'733,11:'0'691-11:'0'691	24	1
1S72_0:2679-2680_2677-2678_2710-2711	0:'0'2681-0:'0'2681,2:'0'2679-2:'0'2679,5:'0'2713-5:'0'2713	23.8	1
1S72_0:1200-1207_1186-1195_1157-1158	5:'0'1207-5:'0'1207,10:'0'1190-10:'0'1190,19:'0'1160-19:'0'1160	23.8	1
1S72_0:1823-1825_2019-2025_1988-1997	9:'0'2027-9:'0'2027,12:'0'1992-15:'0'1995	23.8	1
1S72_0:1429-1430_1366-1372_2049-2054	2:'0'1368-2:'0'1368,14:'0'2056-14:'0'2056	23.8	1
1S72_0:1655-1658_853-855_1529-1535	4:'0'855-4:'0'855,13:'0'1537-13:'0'1537	23.8	1
1S72_0:2126-2131_2257-2264_1907-1908	4:'0'2132-5:'0'2133,6:'0'2259-8:'0'2261	23.7	1
1S72_0:321-333_300-305_338-347	14:'0'303-15:'0'304,26:'0'347-27:'0'348	23.6	1
1S72_0:1095-1097_1066-1074_1079-1086	7:'0'1072-9:'0'1074,16:'0'1085-19:'0'1088	23.5	1
1S72_0:458-463_449-456_473-477	3:'0'463-3:'0'463,13:'0'458-13:'0'458,16:'0'477-16:'0'477	23.4	1
1S72_0:1774-1778_1811-1817_1762-1765	3:'0'1779-3:'0'1779,11:'0'1819-11:'0'1819,13:'0'1765-13:'0'1765	23.4	1
1S72_0:1649-1660_1487-1488_1527-1532	8:'0'1659-8:'0'1659,13:'0'1490-13:'0'1490,17:'0'1532-17:'0'1532	23.4	1
1S72_0:759-765_2103-2109_2474-2484	6:'0'767-6:'0'767,12:'0'2110-12:'0'2110,15:'0'2477-15:'0'2477	23.4	1
1S72_0:1630-1637_1566-1567_1544-1551	0:'0'1632-0:'0'1632,8:'0'1568-8:'0'1568,17:'0'1553-17:'0'1553	23.4	1
1S72_0:2629-2632_2467-2474_2109-2116	2:'0'2633-2:'0'2633,6:'0'2471-6:'0'2471,15:'0'2114-15:'0'2114	23.4	1
1S72_0:1791-1797_1541-1546_1637-1640	0:'0'1793-6:'0'1799	23.3	1
1S72_0:2073-2081_1232-1235_2059-2066	2:'0'2077-2:'0'2077,9:'0'1234-9:'0'1234,18:'0'2066-20:'0'2068	23.3	1
1S72_0:321-324_332-346_301-307	0:'0'323-0:'0'323,10:'0'340-10:'0'340,22:'0'306-23:'0'307	23.2	1
1S72_0:1625-1632_1562-1568_1549-1555	1:'0'1628-6:'0'1633	23.2	1
1S72_0:1613-1616_1540-1544_1637-1642	4:'0'1542-5:'0'1543,12:'0'1642-13:'0'1643	23.2	1
1S72_0:731-736_2377-2382_2403-2406	4:'0'737-4:'0'737,10:'0'2383-10:'0'2383,12:'0'2405-12:'0'2405	23	1
1S72_0:1310-1317_24-25_1336-1341	6:'0'1318-6:'0'1318,9:'0'27-9:'0'27,11:'0'1339-11:'0'1339	23	1
1S72_0:353-361_287-294	2:'0'357-3:'0'358,13:'0'293-14:'0'294	23	1
1S72_0:1074-1081_1043-1044_1066-1067	6:'0'1082-6:'0'1082,9:'0'1046-9:'0'1046,10:'0'1068-10:'0'1068	22.6	1
1S72_0:1592-1598_793-797_813-816	1:'0'1595-5:'0'1599	22.6	1
1S72_0:1103-1108_1095-1099_1251-1256	2:'0'1107-2:'0'1107,9:'0'1100-9:'0'1100,14:'0'1256-14:'0'1256	22.6	1
1S72_0:549-550_1311-1321_1332-1341	1:'0'552-1:'0'552,12:'0'1323-12:'0'1323,13:'0'1334-13:'0'1334	22.6	1
1S72_0:639-643_899-902_1351-1358	2:'0'643-2:'0'643,6:'0'902-6:'0'902,11:'0'1355-11:'0'1355	22.6	1
1S72_0:477-478_448-458_26-31	1:'0'480-1:'0'480,8:'0'456-12:'0'460,13:'0'28-13:'0'28	22.4	1
1S72_0:228-230_661-669_673-681	10:'0'670-11:'0'671,12:'0'675-13:'0'676	22.4	1
1S72_0:886-893_463-473_765-773	4:'0'892-4:'0'892,12:'0'469-15:'0'472,21:'0'769-21:'0'769	22.4	1
1S72_0:1487-1488_1649-1660_1527-1532	0:'0'1489-0:'0'1489,7:'0'1656-7:'0'1656	22.2	1
1S72_0:2824-2831_2904-2912_2665-2666	0:'0'2826-0:'0'2826,16:'0'2914-16:'0'2914	22.2	1
1S72_0:1358-1363_632-640_1355-1357	14:'0'642-14:'0'642,16:'0'1358-16:'0'1358	22.2	1
1S72_0:2753-2761_2716-2725	8:'0'2763-8:'0'2763,10:'0'2719-10:'0'2719	22.2	1
1S72_0:890-893_157-162_169-175	4:'0'159-4:'0'159,16:'0'177-16:'0'177	22.2	1
1S72_0:64-66_45-51_104-112	3:'0'47-3:'0'47,17:'0'113-17:'0'113	22.2	1
1S72_0:476-478_21-27_512-517	4:'0'24-4:'0'24,15:'0'519-15:'0'519	22.2	1
1S72_0:39-42_180-185_145-152	2:'0'43-3:'0'44,10:'0'147-11:'0'148	22	1
1S72_0:1310-1317_314-315_1336-1341	2:'0'1314-2:'0'1314,9:'0'317-9:'0'317	21.8	1
1S72_0:1166-1168_1170-1175_1197-1199	2:'0'1170-2:'0'1170,4:'0'1173-4:'0'1173	21.8	1
1S72_0:2237-2246_2251-2259_2130-2134	2:'0'2241-4:'0'2243,15:'0'2258-15:'0'2258,21:'0'2134-21:'0'2134	21.7	1
1S72_0:2486-2490_2067-2072_1052-1058	11:'0'1054-17:'0'1060	21.7	1
1S72_0:2482-2488_2529-2536_2280-2284	0:'0'2484-0:'0'2484,12:'0'2536-12:'0'2536	21.4	1
1S72_0:2521-2525_2549-2554_1229-1231	0:'0'2523-1:'0'2524,7:'0'2553-7:'0'2553,11:'0'1231-11:'0'1231	21.4	1
1S72_0:2000-2008_2011-2013_1969-1979	8:'0'2010-8:'0'2010,9:'0'2013-9:'0'2013,12:'0'1971-12:'0'1971	21.4	1
1S72_0:279-289_359-366	0:'0'281-0:'0'281,18:'0'368-18:'0'368	21.4	1
1S72_0:2465-2469_2268-2276_161-170	2:'0'2469-2:'0'2469,11:'0'2276-11:'0'2276,19:'0'168-19:'0'168	21	1
1S72_0:1827-1833_2016-2017_1838-1845	0:'0'1829-0:'0'1829,8:'0'2019-8:'0'2019,16:'0'1847-16:'0'1847	21	1
1S72_0:2418-2426_2311-2321_2358-2362	5:'0'2425-5:'0'2425,10:'0'2314-10:'0'2314,20:'0'2360-20:'0'2360	20.6	1
1S72_0:1509-1512_1484-1492_1447-1454	8:'0'1490-9:'0'1491,18:'0'1454-19:'0'1455	20.4	1
1S72_0:1230-1232_2600-2607_2545-2550	0:'0'1232-0:'0'1232,4:'0'2603-4:'0'2603,15:'0'2551-15:'0'2551	20.2	1
1S72_0:1988-1996_2575-2584_2590-2594	4:'0'1994-4:'0'1994,16:'0'2584-16:'0'2584,21:'0'2594-21:'0'2594	20.2	1
1S72_0:1856-1869_1470-1475_1464-1467	4:'0'1862-9:'0'1867	20	1
1S72_0:2358-2362_2418-2426_2311-2321	5:'0'2420-5:'0'2420,22:'0'2321-22:'0'2321	19.8	1
1S72_0:458-463_473-477_449-456	4:'0'464-4:'0'464,7:'0'476-7:'0'476	19.8	1
1S72_0:2845-2853_2900-2907_2829-2833	4:'0'2851-4:'0'2851,13:'0'2906-13:'0'2906	19.8	1
1S72_0:314-315_1310-1317_1336-1341	6:'0'1316-6:'0'1316,13:'0'1341-13:'0'1341	19.8	1
1S72_0:1067-1074_1093-1097_1255-1259	6:'0'1075-6:'0'1075,10:'0'1097-10:'0'1097	19.8	1
1S72_0:23-25_501-516_479-487	3:'0'503-3:'0'503,27:'0'489-27:'0'489	19.8	1
1S72_0:2670-2674_2807-2815_2659-2660	2:'0'2674-2:'0'2674,7:'0'2811-7:'0'2811	19.8	1
1S72_0:228-230_658-665_677-684	1:'0'231-1:'0'231,8:'0'665-8:'0'665	19.8	1
1S72_0:202-204_431-436_231-235	0:'0'204-0:'0'204,6:'0'436-6:'0'436,11:'0'235-11:'0'235	19.8	1
1S72_0:1597-1604_1586-1594	6:'0'1605-6:'0'1605,10:'0'1590-10:'0'1590	19.8	1
1S72_0:1721-1726_1368-1375_2045-2052	6:'0'1370-6:'0'1370,21:'0'2054-21:'0'2054	19.8	1
1S72_0:1149-1157_1206-1214_1145-1146	0:'0'1151-0:'0'1151,16:'0'1215-16:'0'1215	19.8	1
1S72_0:1269-1272_1027-1031_935-938	6:'0'1031-6:'0'1031,11:'0'939-11:'0'939	19.8	1
1S72_0:258-266_242-247	4:'0'264-4:'0'264,12:'0'247-12:'0'247	19.8	1
1S72_0:2403-2406_2377-2382_731-736	10:'0'733-15:'0'738	19.6	1
1S72_0:868-878_1827-1833_1839-1845	4:'0'874-4:'0'874,14:'0'1832-14:'0'1832,21:'0'1844-21:'0'1844	19.4	1
1S72_0:2534-2536_1357-1358_2099-2102	3:'0'1359-3:'0'1359,5:'0'2101-5:'0'2101	19.4	1
1S72_0:627-633_618-621_1351-1358	5:'0'634-5:'0'634,8:'0'621-8:'0'621,14:'0'1356-15:'0'1357	19.4	1
1S72_0:562-565_1091-1097_1255-1262	2:'0'566-2:'0'566,4:'0'1093-4:'0'1093,17:'0'1263-17:'0'1263	19.4	1
1S72_0:1198-1202_1170-1174_1193-1197	0:'0'1200-0:'0'1200,7:'0'1174-7:'0'1174,13:'0'1198-13:'0'1198	19.4	1
1S72_0:2527-2529_2280-2284_1052-1058	1:'0'2530-1:'0'2530,11:'0'1057-11:'0'1057	19.4	1
1S72_0:1977-1979_832-834_2636-2642	4:'0'835-4:'0'835,12:'0'2644-12:'0'2644	19	1
1S72_0:2440-2441_388-397	0:'0'2442-0:'0'2442,4:'0'392-8:'0'396	19	1
1S72_0:1576-1581_1539-1541_1610-1616	2:'0'1580-2:'0'1580,6:'0'1541-6:'0'1541,11:'0'1614-11:'0'1614	18.2	1
1S72_0:1324-1329_1298-1299_903-905	4:'0'1330-4:'0'1330,6:'0'1300-6:'0'1300,8:'0'905-8:'0'905	18.2	1
1S72_0:1740-1755_2028-2035	2:'0'1744-3:'0'1745,20:'0'2034-21:'0'2035	18	1
1S72_0:1831-1841_865-868_878-882	11:'0'867-14:'0'870,15:'0'880-15:'0'880	17.8	1
1S72_0:768-777_173-176_156-158	10:'0'175-10:'0'175,16:'0'160-16:'0'160	17.4	1
1S72_0:1037-1041_924-929_2388-2396	7:'0'928-7:'0'928,16:'0'2395-16:'0'2395	17.4	1
1S72_0:1469-1476_1463-1467_1863-1864	4:'0'1475-4:'0'1475,13:'0'1865-13:'0'1865	17.4	1
1S72_0:1863-1864_1469-1476_1463-1467	1:'0'1866-1:'0'1866,6:'0'1475-6:'0'1475,12:'0'1467-12:'0'1467	17.4	1
1S72_0:1973-1979_2000-2003_2636-2639	0:'0'1975-1:'0'1976,9:'0'2004-10:'0'2005	17.2	1
1S72_0:2468-2473_2624-2636_2110-2113	0:'0'2470-0:'0'2470,10:'0'2630-12:'0'2632,22:'0'2115-22:'0'2115	17.2	1
1S72_0:1490-1497_1445-1449_1501-1512	1:'0'1493-1:'0'1493,10:'0'1449-10:'0'1449,23:'0'1513-23:'0'1513	17	1
1S72_0:477-484_502-510_26-27	0:'0'479-0:'0'479,10:'0'506-12:'0'508,18:'0'29-18:'0'29	16.8	1
1S72_0:2677-2682_2573-2578_2552-2556	6:'0'2575-7:'0'2576,15:'0'2557-16:'0'2558	16.8	1
1S72_0:2278-2288_2296-2299_2304-2308	8:'0'2288-8:'0'2288,12:'0'2299-12:'0'2299,17:'0'2308-18:'0'2309	16.8	1
1S72_0:2058-2064_1232-1239_2073-2081	4:'0'2064-4:'0'2064,12:'0'1239-12:'0'1239,20:'0'2080-21:'0'2081	16.8	1
1S72_0:2784-2795_2775-2783_1150-1151	4:'0'2790-4:'0'2790,15:'0'2780-15:'0'2780	16.6	1
1S72_0:2593-2600_2574-2581_2553-2555	5:'0'2600-5:'0'2600,12:'0'2580-12:'0'2580,16:'0'2555-16:'0'2555	15.8	1
1S72_0:865-868_1831-1841_878-882	1:'0'868-1:'0'868,8:'0'1837-8:'0'1837,18:'0'883-19:'0'884	15.6	1
1S72_0:238-242_372-377_265-273	2:'0'242-2:'0'242,8:'0'377-8:'0'377,13:'0'269-13:'0'269	15.4	1
1S72_0:1451-1454_1684-1695_1484-1489	3:'0'1456-3:'0'1456,15:'0'1697-15:'0'1697,18:'0'1488-19:'0'1489	15.2	1
1S72_0:89-98_75-85_58-60	6:'0'97-6:'0'97,13:'0'80-13:'0'80	15	1
1S72_0:427-428_378-382_403-408	3:'0'381-3:'0'381,9:'0'407-9:'0'407	15	1
1S72_0:703-707_935-938_717-721	0:'0'705-1:'0'706,12:'0'722-13:'0'723	14.8	1
1S72_0:2604-2608_619-629_2544-2546	3:'0'2609-3:'0'2609,9:'0'625-11:'0'627,17:'0'2547-17:'0'2547	14.4	1
1S72_0:145-152_180-185_39-42	2:'0'149-3:'0'150,11:'0'185-11:'0'185,15:'0'42-15:'0'42	14.4	1
1S72_0:1374-1380_1398-1400	5:'0'1381-5:'0'1381,8:'0'1401-9:'0'1402	14.1	1
1S72_0:1825-1827_2015-2019_1765-1774	0:'0'1827-1:'0'1828,6:'0'2020-7:'0'2021	13.8	1
1S72_0:2898-2907_2850-2855_2829-2833	0:'0'2900-1:'0'2901,14:'0'2856-15:'0'2857	13.8	1
1S72_0:897-901_760-763	2:'0'901-3:'0'902,5:'0'762-6:'0'763	13.8	1
1S72_0:2124-2126_1924-1932_1903-1911	3:'0'1926-4:'0'1927,19:'0'1912-20:'0'1913	13.8	1
1S72_0:824-832_846-852_786-787	7:'0'833-8:'0'834,9:'0'848-10:'0'849	13.8	1
1S72_0:658-659_691-695_683-689	5:'0'696-6:'0'697,10:'0'688-11:'0'689	13.4	1
1S72_0:2113-2122_2467-2468_2267-2274	3:'0'2118-3:'0'2118,10:'0'2469-10:'0'2469,14:'0'2271-14:'0'2271	13.4	1
1S72_0:2493-2500_2516-2525_1126-1131	6:'0'2501-7:'0'2502,8:'0'2518-9:'0'2519	13.4	1
1S72_0:1347-1352_1298-1303_901-903	0:'0'1349-1:'0'1350,10:'0'1304-11:'0'1305	13.4	1
1S72_0:1370-1375_2049-2053_832-838	1:'0'1373-2:'0'1374,6:'0'2051-7:'0'2052	13	1
1S72_0:9-11_608-609_526-529	2:'0'13-2:'0'13,4:'0'611-4:'0'611,6:'0'529-7:'0'530	13	1
1S72_0:917-922_893-898_762-765	10:'0'899-11:'0'900,12:'0'764-13:'0'765	12.6	1
1S72_0:480-491_497-513	8:'0'490-9:'0'491,14:'0'501-15:'0'502	12.6	1
1S72_0:479-487_23-25_501-516	1:'0'482-1:'0'482,17:'0'508-17:'0'508	12.6	1
1S72_0:2600-2607_2545-2550_1230-1232	4:'0'2606-6:'0'2608,9:'0'2548-9:'0'2548	12.6	1
1S72_0:2114-2124_1929-1930_2265-2274	8:'0'2124-8:'0'2124,12:'0'1932-12:'0'1932,14:'0'2268-15:'0'2269	12.6	1
1S72_0:763-766_2468-2478_2108-2116	0:'0'765-0:'0'765,14:'0'2480-14:'0'2480	12.2	1
1S72_0:2545-2550_2600-2607_1230-1232	9:'0'2605-9:'0'2605,16:'0'1234-16:'0'1234	12.2	1
1S72_0:1093-1099_1104-1108_1251-1259	6:'0'1101-6:'0'1101,9:'0'1108-9:'0'1108,13:'0'1254-14:'0'1255	12.2	1
1S72_0:27-32_1347-1352_446-453	5:'0'34-5:'0'34,10:'0'1353-11:'0'1354,12:'0'448-12:'0'448	12	1
1S72_0:1726-1734_1373-1374_2042-2045	6:'0'1734-6:'0'1734,9:'0'1375-9:'0'1375,11:'0'2044-12:'0'2045	11.8	1
1S72_0:1100-1102_1238-1239_1233-1237	2:'0'1104-2:'0'1104,3:'0'1240-3:'0'1240,8:'0'1238-9:'0'1239	11.6	1
1S72_0:692-697_735-742_724-732	5:'0'699-5:'0'699,13:'0'744-13:'0'744,14:'0'726-15:'0'727	11.2	1
1S72_0:2122-2129_1927-1930_2260-2267	7:'0'2131-7:'0'2131,8:'0'1929-9:'0'1930,12:'0'2262-12:'0'2262	11	1
1S72_0:2529-2536_1357-1358_2482-2488	6:'0'2537-7:'0'2538,8:'0'1359-8:'0'1359	10.9	1
1S72_0:1108-1110_574-576_577-579	3:'0'576-4:'0'577,6:'0'579-8:'0'581	10.9	1
1S72_0:2529-2536_2280-2284_2482-2488	0:'0'2531-0:'0'2531,8:'0'2282-12:'0'2286,19:'0'2490-19:'0'2490	10.8	1
1S72_0:2673-2679_2710-2711_2804-2808	4:'0'2679-5:'0'2680,7:'0'2712-7:'0'2712,9:'0'2806-9:'0'2806	10.6	1
1S72_0:834-842_843-845_2052-2053	0:'0'836-0:'0'836,11:'0'847-11:'0'847	10.6	1
1S72_0:1293-1294_1031-1037_929-935	3:'0'1034-3:'0'1034,14:'0'936-14:'0'936	10.6	1
1S72_0:735-742_724-732_692-697	6:'0'743-6:'0'743,10:'0'728-10:'0'728	10.6	1
1S72_0:372-377_238-242_265-273	5:'0'379-5:'0'379,6:'0'240-6:'0'240	10.6	1
1S72_0:61-69_48-53_104-109	9:'0'50-9:'0'50,20:'0'111-20:'0'111	10.6	1
1S72_0:2458-2464_2419-2427_2312-2316	7:'0'2421-7:'0'2421,20:'0'2318-20:'0'2318	10.6	1
1S72_0:2307-2308_2277-2280_2281-2290	2:'0'2279-2:'0'2279,15:'0'2292-15:'0'2292	10.6	1
1S72_0:1348-1356_1298-1302_899-903	1:'0'1351-1:'0'1351,12:'0'1303-12:'0'1303	10.6	1
1S72_0:786-789_821-830_848-857	11:'0'830-11:'0'830,15:'0'851-15:'0'851	10.6	1
1S72_0:1351-1358_618-621_627-633	10:'0'622-10:'0'622,16:'0'633-16:'0'633	10.6	1
1S72_0:1630-1637_1544-1551_1566-1567	2:'0'1634-2:'0'1634,13:'0'1551-13:'0'1551	10.6	1
1S72_0:1490-1497_1501-1512_1445-1449	6:'0'1498-6:'0'1498,12:'0'1507-12:'0'1507	10.6	1
1S72_0:1714-1719_1398-1405_1378-1380	2:'0'1718-2:'0'1718,10:'0'1404-10:'0'1404	10.6	1
1S72_0:656-659_740-745_696-700	0:'0'658-1:'0'659,8:'0'746-9:'0'747	10.6	1
1S72_0:660-665_677-683_655-659	1:'0'663-2:'0'664,9:'0'682-10:'0'683	10.6	1
1S72_0:1091-1097_1255-1262_562-565	6:'0'1099-6:'0'1099,7:'0'1257-7:'0'1257	10.6	1
1S72_0:2882-2890_2862-2871	0:'0'2884-0:'0'2884,18:'0'2873-18:'0'2873	10.6	1
1S72_0:2112-2114_2630-2634_2625-2629	5:'0'2634-5:'0'2634,10:'0'2629-10:'0'2629	10.6	1
1S72_0:2367-2369_2327-2331_2349-2354	7:'0'2333-7:'0'2333,8:'0'2351-8:'0'2351	10.6	1
1S72_0:2124-2126_1925-1932_1901-1910	10:'0'1934-10:'0'1934,11:'0'1903-13:'0'1905	10.6	1
1S72_0:781-782_1455-1458_1481-1485	5:'0'1460-5:'0'1460,6:'0'1483-6:'0'1483	10.6	1
1S72_0:2518-2522_1128-1136_1223-1230	13:'0'1138-13:'0'1138,14:'0'1225-14:'0'1225	10.6	1
1S72_0:431-436_202-204_231-235	0:'0'433-1:'0'434,12:'0'236-13:'0'237	10.6	1
1S72_0:103-107_61-70_50-53	0:'0'105-0:'0'105,14:'0'72-14:'0'72	10.6	1
1S72_0:2834-2842_2655-2658_2082-2086	12:'0'2660-12:'0'2660,13:'0'2084-13:'0'2084	10.6	1
1S72_0:2620-2627_1837-1841_2632-2641	5:'0'2627-5:'0'2627,15:'0'2636-15:'0'2636	10.6	1
1S72_0:2329-2336_2344-2354	7:'0'2338-7:'0'2338,8:'0'2346-8:'0'2346	10.6	1
1S72_0:1996-2006_1982-1988_1973-1979	0:'0'1998-0:'0'1998,17:'0'1990-17:'0'1990	10.6	1
1S72_0:1726-1734_2042-2045_1373-1374	0:'0'1728-0:'0'1728,12:'0'2047-12:'0'2047	10.6	1
1S72_0:1316-1321_1332-1337_549-551	1:'0'1319-1:'0'1319,10:'0'1338-10:'0'1338	10.2	1
1S72_0:104-109_61-69_48-53	7:'0'64-7:'0'64,20:'0'55-20:'0'55	10.2	1
1S72_0:1649-1660_1527-1532_1487-1488	9:'0'1660-9:'0'1660,14:'0'1531-14:'0'1531	10.2	1
1S72_0:2889-2895_2858-2867_2886-2888	1:'0'2892-1:'0'2892,11:'0'2864-11:'0'2864	10.2	1
1S72_0:2312-2315_2458-2464_2423-2428	2:'0'2316-2:'0'2316,8:'0'2464-8:'0'2464,12:'0'2426-12:'0'2426	10.2	1
1S72_0:2529-2536_2482-2488_2280-2284	3:'0'2534-4:'0'2535,11:'0'2487-12:'0'2488	10.2	1
1S72_0:1844-1858_1867-1882	2:'0'1848-2:'0'1848,29:'0'1883-29:'0'1883	10.2	1
1S72_0:1544-1551_1630-1637_1566-1567	0:'0'1546-0:'0'1546,15:'0'1639-15:'0'1639	10.2	1
1S72_0:2027-2030_1753-1758_1811-1818	0:'0'2029-0:'0'2029,8:'0'1759-9:'0'1760,17:'0'1820-17:'0'1820	10.2	1
1S72_0:2537-2546_2604-2616	4:'0'2543-4:'0'2543,19:'0'2615-19:'0'2615	10.2	1
1S72_0:2124-2126_1927-1933_1900-1907	6:'0'1932-6:'0'1932,15:'0'1907-15:'0'1907	10.2	1
1S72_0:1966-1967_1888-1896_1937-1944	10:'0'1898-10:'0'1898,11:'0'1939-11:'0'1939	10.2	1
1S72_0:1385-1387_1430-1433_1389-1393	0:'0'1387-0:'0'1387,3:'0'1432-3:'0'1432,10:'0'1394-11:'0'1395	10.2	1
1S72_0:2355-2368_2290-2294_2420-2424	7:'0'2364-7:'0'2364,14:'0'2292-15:'0'2293,19:'0'2422-19:'0'2422	10	1
1S72_0:2710-2711_2673-2679_2804-2808	3:'0'2676-3:'0'2676,12:'0'2809-12:'0'2809	9.8	1
1S72_0:2311-2321_2418-2426_2358-2362	15:'0'2424-15:'0'2424,22:'0'2362-22:'0'2362	9.8	1
1S72_0:1576-1581_1610-1616_1539-1541	5:'0'1583-5:'0'1583,6:'0'1612-6:'0'1612	9.8	1
1S72_0:1827-1833_1839-1845_868-878	4:'0'1833-4:'0'1833,9:'0'1843-9:'0'1843	9.8	1
1S72_0:543-546_600-609_526-527	3:'0'548-3:'0'548,10:'0'608-10:'0'608	9.8	1
1S72_0:2281-2290_2307-2308_2277-2280	0:'0'2283-0:'0'2283,11:'0'2310-11:'0'2310	9.8	1
1S72_0:1501-1512_1490-1497_1445-1449	8:'0'1511-8:'0'1511,14:'0'1494-14:'0'1494	9.8	1
1S72_0:1844-1846_1881-1887_2008-2015	6:'0'1886-6:'0'1886,16:'0'2016-16:'0'2016	9.8	1
1S72_0:786-792_817-825_852-856	6:'0'794-6:'0'794,7:'0'819-7:'0'819	9.8	1
1S72_0:2881-2889_2864-2872_1804-1805	5:'0'2888-5:'0'2888,12:'0'2869-12:'0'2869	9.8	1
1S72_0:1642-1644_1577-1585_1606-1616	11:'0'1587-11:'0'1587,12:'0'1608-12:'0'1608	9.8	1
1S72_0:1399-1402_1716-1721_1374-1379	9:'0'1723-9:'0'1723,10:'0'1376-10:'0'1376	9.8	1
1S72_0:1170-1175_1166-1168_1197-1199	5:'0'1177-5:'0'1177,7:'0'1169-7:'0'1169	9.8	1
1S72_0:1242-1246_1113-1118	4:'0'1248-4:'0'1248,5:'0'1115-5:'0'1115	9.8	1
1S72_0:2295-2296_1002-1009_954-962	9:'0'1011-9:'0'1011,10:'0'956-10:'0'956	9.8	1
1S72_0:432-436_202-208_227-235	11:'0'210-11:'0'210,12:'0'229-12:'0'229	9.8	1
1S72_0:1963-1970_1888-1895_1938-1945	14:'0'1896-15:'0'1897,18:'0'1942-19:'0'1943	9	1
1S72_0:2620-2622_1832-1841_2639-2641	1:'0'2623-2:'0'2624,12:'0'1843-12:'0'1843,13:'0'2641-13:'0'2641	9	1
1S72_0:704-720	6:'0'712-10:'0'716	8.7	1
1S72_0:2834-2842_2086-2089_2652-2656	11:'0'2090-11:'0'2090,13:'0'2654-13:'0'2654	8.2	1
1S72_0:2420-2424_2355-2368_2290-2294	4:'0'2426-4:'0'2426,8:'0'2360-8:'0'2360	8.2	1
1S72_0:1040-1043_911-914_1067-1070	3:'0'1045-3:'0'1045,8:'0'1069-8:'0'1069	8.2	1
1S72_0:1398-1400_1374-1380	0:'0'1400-0:'0'1400,9:'0'1382-9:'0'1382	7.4	1
1S72_0:899-902_1351-1358_639-643	11:'0'1360-11:'0'1360,12:'0'641-12:'0'641	7.4	1
1S72_0:1170-1174_1198-1202_1193-1197	3:'0'1175-3:'0'1175,9:'0'1204-9:'0'1204	5.8	1
1S72_0:2465-2469_917-922_2274-2278	5:'0'919-10:'0'924	5	1
1S72_0:2549-2554_1229-1231_2521-2525	3:'0'2554-5:'0'2556	4.2	1
1S72_0:869-878_774-778_1829-1843		3.2	1
1S72_0:869-878_1829-1843_774-778		3	1
1S72_0:774-778_869-878_1829-1843		3	1
1S72_0:1829-1843_869-878_774-778		2.8	1
1S72_0:2679-2680_2710-2711_2677-2678	1:'0'2682-1:'0'2682,2:'0'2712-2:'0'2712	2.6	1
1S72_0:1829-1843_774-778_869-878		2.6	1
1S72_0:774-778_1829-1843_869-878		2.6	1
1S72_0:615-616_533-537_2057-2062		2.6	1
1S72_0:2665-2670_2814-2820		2.5	1
1S72_0:533-537_615-616_2057-2062		2.5	1
1S72_0:533-537_2057-2062_615-616		2.4	1
1S72_0:2057-2062_615-616_533-537		2.2	1
1S72_0:615-616_2057-2062_533-537		2.2	1
1S72_0:1681-1682_1720-1722_1374-1375		2	1
1S72_0:1681-1682_1374-1375_1720-1722		2	1
1S72_0:1720-1722_1681-1682_1374-1375		2	1
1S72_0:1720-1722_1374-1375_1681-1682		2	1
1S72_0:1374-1375_1681-1682_1720-1722		2	1
1S72_0:1374-1375_1720-1722_1681-1682		2	1
1S72_0:2519-2521_1125-1130		2	1
1S72_0:2057-2062_533-537_615-616		2	1
1S72_0:2814-2820_2665-2670		1.8	1
1S72_0:1125-1130_2519-2521		1.7	1
1S72_0:802-807		1.5	1
