#fragment_ID	aligned_regions	alignment_score	P-value
1S72_0:1256-1259_1072-1073_1093-1096	0:'0'1258-2:'0'1260,4:'0'1074-4:'0'1074,7:'0'1096-8:'0'1097	62.8	0.0100177
1S72_0:1791-1797_1637-1640_1541-1544	8:'0'1640-10:'0'1642,11:'0'1543-13:'0'1545	57.2	0.0124181
1S72_0:935-936_718-721_703-706	2:'0'720-4:'0'722,7:'0'706-9:'0'708	52.2	0.0153732
1S72_0:1763-1765_1757-1758_1775-1777	0:'0'1765-1:'0'1766,4:'0'1760-4:'0'1760,5:'0'1777-7:'0'1779	46.2	0.0205541
1S72_0:1881-1882_1827-1830_1843-1846	1:'0'1884-1:'0'1884,3:'0'1830-4:'0'1831,6:'0'1845-8:'0'1847	45.6	0.021212
1S72_0:1010-1014_2299-2301_950-953	0:'0'1012-1:'0'1013,7:'0'2303-7:'0'2303,8:'0'952-11:'0'955	45.5	0.0213247
1S72_0:909-912_1068-1070_1289-1292	0:'0'911-3:'0'914,4:'0'1070-4:'0'1070,9:'0'1293-10:'0'1294	45.3	0.0215528
1S72_0:781-782_1481-1483_1455-1458	3:'0'1484-4:'0'1485,5:'0'1457-6:'0'1458	44.6	0.0223808
1S72_0:200-203_232-233_187-192	1:'0'203-3:'0'205,4:'0'234-5:'0'235,9:'0'192-9:'0'192	44.6	0.0223808
1S72_0:2557-2558_2795-2797_2772-2775	3:'0'2798-4:'0'2799,5:'0'2774-6:'0'2775	44.6	0.0223808
1S72_0:229-230_678-681_661-665	0:'0'231-0:'0'231,4:'0'682-5:'0'683,6:'0'663-8:'0'665	43	0.0244623
1S72_0:2007-2008_1943-1945_1964-1971	0:'0'2009-1:'0'2010,4:'0'1947-4:'0'1947,10:'0'1971-12:'0'1973	42.6	0.025028
1S72_0:1679-1684_1693-1695_1410-1412	0:'0'1681-1:'0'1682,7:'0'1696-7:'0'1696,11:'0'1414-11:'0'1414	42.4	0.0253183
1S72_0:1091-1092_562-567_586-590	6:'0'568-7:'0'569,9:'0'589-10:'0'590	42.2	0.0256137
1S72_0:155-158_173-178	2:'0'159-3:'0'160,5:'0'176-6:'0'177	41.4	0.0268482
1S72_0:2050-2053_1367-1371	1:'0'2053-2:'0'2054,6:'0'1371-7:'0'1372	41.4	0.0268482
1S72_0:289-292_355-359	1:'0'292-2:'0'293,6:'0'359-7:'0'360	41.2	0.0271708
1S72_0:338-343_303-304_328-330	0:'0'340-3:'0'343,7:'0'306-7:'0'306	41.2	0.0271708
1S72_0:222-225_210-214	1:'0'225-2:'0'226,6:'0'214-7:'0'215	40.6	0.0281743
1S72_0:2699-2702_2688-2692	0:'0'2701-1:'0'2702,7:'0'2693-8:'0'2694	40.6	0.0281743
