No base-stacking information is found. Performing alignment based on base-pairing information.
#fragment_ID	aligned_regions	alignment_score	P-value
1S72_0:1256-1259_1072-1073_1093-1096	0:'0'1258-2:'0'1260,4:'0'1074-4:'0'1074,7:'0'1096-8:'0'1097	64.4	0.0126724
1S72_0:1791-1797_1637-1640_1541-1544	8:'0'1640-10:'0'1642,11:'0'1543-13:'0'1545	56.8	0.0169492
1S72_0:935-936_718-721_703-706	2:'0'720-4:'0'722,7:'0'706-9:'0'708	51.8	0.0210634
1S72_0:1010-1014_2299-2301_950-953	0:'0'1012-1:'0'1013,7:'0'2303-7:'0'2303,8:'0'952-11:'0'955	47.3	0.026196
1S72_0:1763-1764_1757-1758_1775-1777	0:'0'1765-1:'0'1766,3:'0'1760-3:'0'1760,4:'0'1777-6:'0'1779	46.8	0.0268797
1S72_0:1881-1882_1827-1829_1843-1846	1:'0'1884-1:'0'1884,3:'0'1830-4:'0'1831,5:'0'1845-7:'0'1847	46.4	0.0274462
1S72_0:200-203_232-233_187-192	1:'0'203-3:'0'205,4:'0'234-5:'0'235,9:'0'192-9:'0'192	45.6	0.0286341
1S72_0:781-782_1481-1483_1455-1458	3:'0'1484-4:'0'1485,5:'0'1457-6:'0'1458	45.4	0.0289432
1S72_0:2557-2558_2795-2797_2772-2775	3:'0'2798-4:'0'2799,5:'0'2774-6:'0'2775	45.4	0.0289432
1S72_0:1060-1061_2304-2306_2297-2300	1:'0'1063-1:'0'1063,3:'0'2307-4:'0'2308,5:'0'2299-7:'0'2301	44.4	0.0305661
1S72_0:1679-1684_1693-1695_1410-1412	0:'0'1681-1:'0'1682,7:'0'1696-7:'0'1696,10:'0'1413-10:'0'1413	43.6	0.0319647
1S72_0:2007-2008_1968-1971_1964-1965	0:'0'2009-1:'0'2010,4:'0'1972-5:'0'1973	43	0.0330777
1S72_0:565-568_585-589	1:'0'568-2:'0'569,6:'0'589-7:'0'590	43	0.0330777
1S72_0:289-292_355-359	1:'0'292-2:'0'293,6:'0'359-7:'0'360	43	0.0330777
1S72_0:2050-2053_1367-1371	1:'0'2053-2:'0'2054,6:'0'1371-7:'0'1372	43	0.0330777
1S72_0:222-225_210-214	1:'0'225-2:'0'226,6:'0'214-7:'0'215	43	0.0330777
1S72_0:2699-2702_2688-2692	0:'0'2701-1:'0'2702,7:'0'2693-8:'0'2694	43	0.0330777
1S72_0:908-911_1039-1040_1290-1293	1:'0'911-3:'0'913,5:'0'1042-5:'0'1042,7:'0'1293-8:'0'1294	43	0.0330777
1S72_0:2254-2258_2131-2132_2240-2243	1:'0'2257-3:'0'2259,5:'0'2133-5:'0'2133,7:'0'2242-9:'0'2244	41.9	0.0352749
1S72_0:473-476_460-464	0:'0'475-1:'0'476,7:'0'465-8:'0'466	40.6	0.0381658
1S72_0:767-768_156-159_172-176	3:'0'159-4:'0'160,8:'0'176-9:'0'177	40.6	0.0381658
1S72_0:2807-2812_2671-2674_2659-2660	1:'0'2810-2:'0'2811,6:'0'2673-8:'0'2675	40.5	0.0384028
1S72_0:874-879_882-884_865-871	4:'0'880-5:'0'881,6:'0'884-6:'0'884,9:'0'867-9:'0'867	40	0.0396214
1S72_0:1366-1369_2051-2054	0:'0'1368-3:'0'1371,4:'0'2053-7:'0'2056	37	0.0483179
1S72_0:209-212_223-226	0:'0'211-3:'0'214,4:'0'225-7:'0'228	37	0.0483179
1S72_0:206-208_678-681_661-664	3:'0'680-6:'0'683,7:'0'663-9:'0'665	36.5	0.0500426
1S72_0:427-428_403-406_378-382	3:'0'406-4:'0'407,6:'0'380-9:'0'383	36.2	0.0511222
1S72_0:792-795_814-817	1:'0'795-3:'0'797,4:'0'816-6:'0'818	35.2	0.0549847
1S72_0:2688-2692_2699-2702	0:'0'2690-3:'0'2693,5:'0'2701-8:'0'2704	34.6	0.0575161
1S72_0:1763-1767_1772-1776	1:'0'1766-3:'0'1768,6:'0'1775-9:'0'1778	32.9	0.0657189
1S72_0:636-637_516-519_20-23	2:'0'518-4:'0'520,7:'0'23-9:'0'25	32.8	0.0662551
1S72_0:187-190_201-203_432-434	2:'0'191-3:'0'192,4:'0'203-4:'0'203,7:'0'434-7:'0'434	31.2	0.0758103
1S72_0:1492-1493_1620-1624_1569-1572	3:'0'1623-6:'0'1626,7:'0'1571-9:'0'1573	30.9	0.0778307
1S72_0:2513-2516_2500-2503	1:'0'2516-3:'0'2518,4:'0'2502-6:'0'2504	30.6	0.079933
1S72_0:1603-1606_1599-1600_1585-1590	0:'0'1605-2:'0'1607,7:'0'1588-9:'0'1590	30.4	0.0813823
1S72_0:374-377_238-241_266-269	2:'0'378-2:'0'378,5:'0'241-6:'0'242,9:'0'269-11:'0'271	30.2	0.0828713
1S72_0:1067-1072_1083-1086_911-912	1:'0'1070-3:'0'1072,9:'0'1088-9:'0'1088,10:'0'913-11:'0'914	29.3	0.090105
1S72_0:590-593_560-563	0:'0'592-2:'0'594,5:'0'563-7:'0'565	28.2	0.100309
1S72_0:1881-1884_2014-2015_1844-1846	1:'0'1884-3:'0'1886,4:'0'2016-5:'0'2017,7:'0'1847-7:'0'1847	28.2	0.100309
1S72_0:1314-1317_1336-1341_24-25	0:'0'1316-2:'0'1318,5:'0'1339-7:'0'1341	28	0.10235
1S72_0:2776-2782_2786-2792	4:'0'2782-6:'0'2784,7:'0'2788-11:'0'2792	27.9	0.103394
1S72_0:1529-1531_1656-1658	1:'0'1532-2:'0'1533,3:'0'1658-4:'0'1659	27.8	0.104453
1S72_0:1660-1662_1525-1527	1:'0'1663-2:'0'1664,3:'0'1527-4:'0'1528	27.8	0.104453
1S72_0:1643-1644_1611-1616_1577-1580	3:'0'1614-7:'0'1618,8:'0'1579-9:'0'1580	27.5	0.107732
1S72_0:1446-1449_1510-1511_1674-1675	0:'0'1448-1:'0'1449,5:'0'1513-5:'0'1513,7:'0'1677-7:'0'1677	27.4	0.10886
1S72_0:1184-1186_1205-1207_1187-1188	1:'0'1187-2:'0'1188,5:'0'1209-5:'0'1209,6:'0'1189-6:'0'1189	27.4	0.10886
1S72_0:896-899_761-763_919-920	0:'0'898-2:'0'900,5:'0'764-6:'0'765,8:'0'922-8:'0'922	27.4	0.10886
1S72_0:2809-2814_2671-2672_2659-2660	1:'0'2812-2:'0'2813,7:'0'2674-7:'0'2674,8:'0'2661-8:'0'2661	27.2	0.111168
1S72_0:2387-2389_2395-2397	1:'0'2390-2:'0'2391,3:'0'2397-4:'0'2398	27	0.113551
1S72_0:1157-1159_1183-1187_1205-1207	1:'0'1160-2:'0'1161,3:'0'1185-3:'0'1185,8:'0'1207-8:'0'1207	26.6	0.118552
1S72_0:1704-1706_787-789_1707-1710	1:'0'1707-1:'0'1707,3:'0'789-4:'0'790,6:'0'1709-8:'0'1711	26.4	0.121178
1S72_0:2878-2882_2871-2874_1785-1787	2:'0'2882-4:'0'2884,5:'0'2873-7:'0'2875	26.2	0.123891
1S72_0:2000-2003_1973-1976	1:'0'2003-2:'0'2004,5:'0'1976-6:'0'1977	26	0.126697
1S72_0:95-98_75-80	0:'0'97-2:'0'99,5:'0'78-7:'0'80	25.6	0.132602
1S72_0:1226-1228_2518-2520_1129-1132	1:'0'1229-1:'0'1229,4:'0'2521-5:'0'2522,6:'0'1131-8:'0'1133	25.4	0.135711
1S72_0:683-684_743-745_656-659	1:'0'686-1:'0'686,3:'0'746-4:'0'747,5:'0'658-7:'0'660	25.4	0.135711
1S72_0:119-120_108-111_45-49	4:'0'112-5:'0'113,6:'0'47-7:'0'48	25.4	0.135711
1S72_0:635-636_517-520_19-22	4:'0'521-5:'0'522,6:'0'21-7:'0'22	25.4	0.135711
1S72_0:1210-1214_1150-1153	2:'0'1214-4:'0'1216,5:'0'1152-5:'0'1152	25.4	0.135711
1S72_0:1095-1096_1082-1086_1070-1073	5:'0'1087-6:'0'1088,7:'0'1072-8:'0'1073	25.4	0.135711
1S72_0:936-938_1269-1272_1027-1030	0:'0'938-1:'0'939,6:'0'1274-6:'0'1274,7:'0'1029-10:'0'1032	25.3	0.137306
1S72_0:1193-1196_1198-1202_1173-1174	2:'0'1197-3:'0'1198,5:'0'1201-6:'0'1202	25	0.142265
1S72_0:1914-1921	1:'0'1917-6:'0'1922	25	0.142265
1S72_0:1817-1818_1756-1758_1775-1777	0:'0'1819-1:'0'1820,2:'0'1758-2:'0'1758,7:'0'1779-7:'0'1779	24.8	0.145722
1S72_0:2035-2037_2721-2723_1737-1740	0:'0'2037-1:'0'2038,5:'0'2725-5:'0'2725,6:'0'1739-9:'0'1742	24.7	0.147498
1S72_0:1905-1907_2125-2126_1927-1930	1:'0'1908-2:'0'1909,4:'0'2128-4:'0'2128,7:'0'1931-7:'0'1931	24.6	0.149306
1S72_0:1843-1845_2016-2018_1826-1829	1:'0'1846-1:'0'1846,4:'0'2019-5:'0'2020,6:'0'1828-8:'0'1830	24.6	0.149306
1S72_0:1703-1706_1707-1711_788-789	1:'0'1706-1:'0'1706,7:'0'1712-7:'0'1712	24.6	0.149306
1S72_0:1714-1716_1402-1405	0:'0'1716-0:'0'1716,4:'0'1405-4:'0'1405	24.6	0.149306
1S72_0:2639-2641_2620-2622_1837-1841	2:'0'2643-2:'0'2643,3:'0'2622-3:'0'2622	24.6	0.149306
1S72_0:2880-2881_1804-1811_1782-1785	5:'0'1809-7:'0'1811	24.6	0.149306
1S72_0:876-878_865-870_2268-2272	5:'0'869-5:'0'869,13:'0'2274-13:'0'2274	24.6	0.149306
1S72_0:802-807	1:'0'805-4:'0'808	24.6	0.149306
1S72_0:2106-2109_2475-2478_763-766	7:'0'2480-7:'0'2480,8:'0'765-8:'0'765	24.6	0.149306
1S72_0:619-621_2605-2606_627-629	2:'0'623-2:'0'623,3:'0'2607-3:'0'2607,6:'0'631-7:'0'632	24.2	0.156883
1S72_0:2732-2734_1702-1711	2:'0'2736-2:'0'2736,3:'0'1704-3:'0'1704	24.2	0.156883
1S72_0:2522-2525_1230-1235_2601-2603	6:'0'1234-6:'0'1234,12:'0'2605-12:'0'2605	24.2	0.156883
1S72_0:263-267_241-244	0:'0'265-0:'0'265,8:'0'246-8:'0'246	24.2	0.156883
1S72_0:2598-2600_2578-2580_2594-2596	0:'0'2600-2:'0'2602,4:'0'2581-4:'0'2581,7:'0'2597-8:'0'2598	24.1	0.158867
1S72_0:2800-2803_2767-2770	3:'0'2805-3:'0'2805,4:'0'2769-4:'0'2769	23.8	0.165052
1S72_0:2723-2726_2892-2894_2752-2755	0:'0'2725-0:'0'2725,6:'0'2896-6:'0'2896,9:'0'2756-10:'0'2757	23.8	0.165052
1S72_0:219-220_165-171_160-163	8:'0'173-8:'0'173,9:'0'162-9:'0'162	23.8	0.165052
1S72_0:500-502_510-513_485-488	1:'0'503-1:'0'503,4:'0'513-4:'0'513,8:'0'488-9:'0'489	23.6	0.169377
1S72_0:771-773_469-472_465-468	2:'0'775-2:'0'775,3:'0'471-3:'0'471,9:'0'469-10:'0'470	23	0.183426
1S72_0:450-451_477-478_26-28	1:'0'453-1:'0'453,2:'0'479-2:'0'479,5:'0'29-6:'0'30	23	0.183426
1S72_0:2112-2114_2630-2632_2627-2629	2:'0'2116-2:'0'2116,3:'0'2632-3:'0'2632,7:'0'2630-8:'0'2631	23	0.183426
1S72_0:1324-1326_903-905_1327-1329	1:'0'1327-2:'0'1328,5:'0'907-5:'0'907,6:'0'1329-6:'0'1329	23	0.183426
1S72_0:302-304_327-330_342-345	0:'0'304-0:'0'304,3:'0'329-5:'0'331,8:'0'345-10:'0'347	22.9	0.185937
1S72_0:182-184_145-151_39-43	0:'0'184-1:'0'185,6:'0'150-6:'0'150,11:'0'42-11:'0'42	22.8	0.188499
1S72_0:639-640_2535-2536_1355-1358	1:'0'642-1:'0'642,2:'0'2537-3:'0'2538,4:'0'1357-4:'0'1357	22.6	0.193786
1S72_0:111-113_145-147_40-43	2:'0'115-2:'0'115,3:'0'147-3:'0'147,8:'0'44-9:'0'45	22.6	0.193786
1S72_0:2425-2430_2457-2460	2:'0'2429-3:'0'2430,7:'0'2460-8:'0'2461	22.6	0.193786
1S72_0:2072-2075_626-628_2066-2071	0:'0'2074-1:'0'2075,6:'0'631-6:'0'631,8:'0'2069-8:'0'2069	22.6	0.193786
1S72_0:2595-2597_2553-2554_2598-2599	1:'0'2598-2:'0'2599,4:'0'2556-4:'0'2556,5:'0'2600-5:'0'2600	22.6	0.193786
1S72_0:2349-2350_2353-2354_2329-2331	1:'0'2352-1:'0'2352,2:'0'2355-2:'0'2355,4:'0'2331-5:'0'2332	22.6	0.193786
1S72_0:2109-2111_865-868_2471-2474	0:'0'2111-2:'0'2113,5:'0'869-5:'0'869,9:'0'2475-10:'0'2476	22.6	0.193786
1S72_0:851-852_786-787_824-826	1:'0'854-1:'0'854,3:'0'789-3:'0'789,4:'0'826-5:'0'827	22.6	0.193786
1S72_0:677-678_229-230_663-665	1:'0'680-1:'0'680,2:'0'231-2:'0'231,4:'0'665-5:'0'666	22.6	0.193786
1S72_0:1108-1110_577-579_574-576	2:'0'1112-2:'0'1112,3:'0'579-3:'0'579,7:'0'577-8:'0'578	22.6	0.193786
1S72_0:586-590_1091-1092_563-567	4:'0'592-4:'0'592,5:'0'1093-5:'0'1093,7:'0'565-8:'0'566	22.6	0.193786
1S72_0:1785-1787_2877-2880_2873-2875	0:'0'1787-2:'0'1789,4:'0'2880-4:'0'2880,7:'0'2875-7:'0'2875	22.5	0.196513
1S72_0:108-112_46-49_119-120	1:'0'111-2:'0'112,6:'0'49-6:'0'49,10:'0'122-10:'0'122	22.5	0.196513
1S72_0:1860-1865	1:'0'1863-3:'0'1865	22.2	0.205049
1S72_0:1625-1627_1629-1631_1566-1568	2:'0'1629-2:'0'1629,3:'0'1631-3:'0'1631	22.2	0.205049
1S72_0:1183-1185_1157-1159_1187-1188	3:'0'1159-3:'0'1159,6:'0'1189-6:'0'1189	22.2	0.205049
1S72_0:1051-1053_1055-1058	2:'0'1055-2:'0'1055,3:'0'1057-3:'0'1057	22.2	0.205049
1S72_0:192-194_413-414_196-200	2:'0'196-2:'0'196,4:'0'416-4:'0'416,5:'0'198-6:'0'199	22.2	0.205049
1S72_0:2311-2315_2422-2424_2357-2360	3:'0'2316-3:'0'2316,7:'0'2426-7:'0'2426	22.2	0.205049
1S72_0:1487-1488_1654-1656_1531-1532	0:'0'1489-0:'0'1489,2:'0'1656-2:'0'1656	22.2	0.205049
1S72_0:821-825_1705-1709_786-789	1:'0'824-1:'0'824,12:'0'790-12:'0'790	22.2	0.205049
1S72_0:312-314_336-340_332-335	4:'0'339-4:'0'339,9:'0'335-9:'0'335	22.2	0.205049
1S72_0:2874-2879_1786-1787	1:'0'2877-3:'0'2879	22.2	0.205049
1S72_0:2849-2853_2900-2904_2831-2833	0:'0'2851-0:'0'2851,9:'0'2906-9:'0'2906	22.2	0.205049
1S72_0:2892-2894_2752-2755_2723-2726	4:'0'2755-4:'0'2755,9:'0'2727-9:'0'2727	22.2	0.205049
1S72_0:2694-2697	0:'0'2696-3:'0'2699	22.2	0.205049
1S72_0:2409-2414	1:'0'2412-3:'0'2414	22.2	0.205049
1S72_0:2246-2251	1:'0'2249-4:'0'2252	22.2	0.205049
1S72_0:2265-2270_2121-2124_1929-1930	3:'0'2270-3:'0'2270,6:'0'2123-6:'0'2123	22.2	0.205049
1S72_0:2265-2266_1901-1906_1928-1932	7:'0'1908-7:'0'1908,8:'0'1930-8:'0'1930	22.2	0.205049
1S72_0:1937-1942_1891-1896	5:'0'1944-5:'0'1944,8:'0'1895-8:'0'1895	22.2	0.205049
1S72_0:2042-2044_1730-1734_1373-1374	2:'0'2046-2:'0'2046,3:'0'1732-3:'0'1732	22.2	0.205049
1S72_0:1649-1657_1451-1454_1487-1489	9:'0'1453-9:'0'1453,15:'0'1491-15:'0'1491	22.2	0.205049
1S72_0:1681-1682_1374-1375_1720-1721	2:'0'1376-2:'0'1376,5:'0'1723-5:'0'1723	22.2	0.205049
1S72_0:731-733_2403-2405_734-736	1:'0'734-2:'0'735,5:'0'2407-5:'0'2407,6:'0'736-6:'0'736	22.2	0.205049
1S72_0:463-473	4:'0'469-7:'0'472	22.2	0.205049
1S72_0:314-317_310-313_334-335	1:'0'317-1:'0'317,5:'0'313-5:'0'313	22.2	0.205049
1S72_0:528-529_9-11	1:'0'531-1:'0'531,2:'0'11-2:'0'11	22.2	0.205049
1S72_0:2482-2485_1357-1358_2533-2536	0:'0'2484-0:'0'2484,4:'0'1359-5:'0'1360,7:'0'2536-7:'0'2536	22	0.211052
1S72_0:1988-1996	2:'0'1992-4:'0'1994	21.8	0.217323
1S72_0:1465-1467_1469-1474_1863-1864	2:'0'1469-2:'0'1469,3:'0'1471-3:'0'1471	21.8	0.217323
1S72_0:1257-1258_1083-1086_1067-1072	3:'0'1086-3:'0'1086,10:'0'1073-10:'0'1073	21.8	0.217323
1S72_0:1838-1841_1831-1833	0:'0'1840-1:'0'1841,5:'0'1834-6:'0'1835	21.8	0.217323
1S72_0:1166-1168_1170-1175_1198-1199	2:'0'1170-2:'0'1170,4:'0'1173-4:'0'1173	21.8	0.217323
1S72_0:776-777_877-882_1832-1835	6:'0'883-6:'0'883,11:'0'1837-11:'0'1837	21.8	0.217323
1S72_0:2620-2622_2639-2641_1837-1841	3:'0'2641-3:'0'2641,9:'0'1842-9:'0'1842	21.8	0.217323
1S72_0:2023-2025_1993-1996_1988-1990	2:'0'2027-2:'0'2027,3:'0'1995-3:'0'1995	21.8	0.217323
1S72_0:1592-1598	2:'0'1596-4:'0'1598	21.8	0.217323
1S72_0:1496-1505	2:'0'1500-4:'0'1502	21.8	0.217323
1S72_0:1272-1280	2:'0'1276-4:'0'1278	21.8	0.217323
1S72_0:2288-2290_2277-2278_917-922	4:'0'2280-4:'0'2280,8:'0'922-8:'0'922	21.8	0.217323
1S72_0:250-255	1:'0'253-3:'0'255	21.8	0.217323
1S72_0:278-280_366-367	1:'0'281-1:'0'281,3:'0'368-3:'0'368	21.4	0.230733
1S72_0:2597-2598_2552-2556_2573-2578	5:'0'2557-5:'0'2557,8:'0'2576-8:'0'2576	21.4	0.230733
1S72_0:328-332_339-343_303-304	2:'0'332-2:'0'332,5:'0'341-8:'0'344	21.4	0.230733
1S72_0:1114-1119_1241-1244	1:'0'1117-4:'0'1120,7:'0'1244-8:'0'1245	21.2	0.237908
1S72_0:1750-1754_1743-1745_2029-2032	5:'0'1745-6:'0'1746,9:'0'2032-11:'0'2034	20.9	0.249315
1S72_0:2503-2505_2560-2562_2509-2513	2:'0'2507-2:'0'2507,4:'0'2563-5:'0'2564,8:'0'2513-8:'0'2513	20.8	0.253301
1S72_0:501-505_506-511_479-487	3:'0'506-4:'0'507,5:'0'508-5:'0'508,12:'0'482-14:'0'484	20.8	0.253301
1S72_0:491-497	1:'0'494-5:'0'498	20.7	0.257382
1S72_0:788-789_1707-1711_1703-1706	1:'0'791-1:'0'791,2:'0'1709-2:'0'1709,9:'0'1707-10:'0'1708	20.6	0.261563
1S72_0:925-929_1037-1040_2392-2393	1:'0'928-3:'0'930,6:'0'1040-7:'0'1041,10:'0'2395-10:'0'2395	20.6	0.261563
1S72_0:2910-2912_2820-2826_2665-2666	1:'0'2913-1:'0'2913,4:'0'2823-8:'0'2827	20.4	0.270237
1S72_0:950-953_2299-2301_1010-1014	1:'0'953-1:'0'953,4:'0'2301-5:'0'2302,7:'0'1012-7:'0'1012	20.2	0.279349
1S72_0:229-232_203-207_663-665	0:'0'231-3:'0'234,4:'0'205-5:'0'206,9:'0'665-9:'0'665	20.2	0.279349
1S72_0:158-161_170-174_890-893	2:'0'162-3:'0'163,4:'0'172-4:'0'172,10:'0'893-10:'0'893	20.2	0.279349
1S72_0:2862-2865_2887-2890	1:'0'2865-1:'0'2865,6:'0'2891-6:'0'2891	19.8	0.299012
1S72_0:1145-1150_1212-1214	4:'0'1151-4:'0'1151,7:'0'1215-7:'0'1215	19.8	0.299012
1S72_0:1073-1074_1094-1097_1255-1257	0:'0'1075-0:'0'1075,3:'0'1097-3:'0'1097	19.8	0.299012
1S72_0:460-464_473-476	2:'0'464-2:'0'464,6:'0'476-6:'0'476	19.8	0.299012
1S72_0:2671-2672_2809-2814_2659-2660	1:'0'2674-1:'0'2674,2:'0'2811-2:'0'2811	19.8	0.299012
1S72_0:2417-2418_2317-2321	1:'0'2420-1:'0'2420,4:'0'2321-4:'0'2321	19.8	0.299012
1S72_0:736-738_729-731_687-694	8:'0'691-10:'0'693	19.8	0.299012
1S72_0:475-478_453-463_26-27	5:'0'456-9:'0'460	19.8	0.299012
1S72_0:2553-2555_2575-2578_2678-2682	4:'0'2578-4:'0'2578,11:'0'2684-11:'0'2684	19.8	0.299012
1S72_0:1230-1231_2522-2525_2549-2551	2:'0'2524-2:'0'2524,8:'0'2553-8:'0'2553	19.8	0.299012
1S72_0:2296-2297_2306-2308_2279-2281	4:'0'2310-4:'0'2310,7:'0'2283-7:'0'2283	19.8	0.299012
1S72_0:1389-1393_1385-1387_1431-1433	0:'0'1391-0:'0'1391,7:'0'1389-7:'0'1389	19.8	0.299012
1S72_0:583-587_567-570	3:'0'588-3:'0'588,5:'0'569-5:'0'569	19.8	0.299012
1S72_0:1339-1340_1310-1312_310-317	7:'0'314-9:'0'316	19.8	0.299012
1S72_0:353-357_291-294	3:'0'358-3:'0'358,5:'0'293-5:'0'293	19.8	0.299012
1S72_0:362-365_282-286	3:'0'367-3:'0'367,5:'0'285-5:'0'285	19.8	0.299012
1S72_0:258-263_244-247	4:'0'264-4:'0'264,7:'0'247-7:'0'247	19.8	0.299012
1S72_0:2771-2774_2796-2799_2572-2573	6:'0'2800-7:'0'2801	19.4	0.320827
1S72_0:2560-2562_2509-2513_2503-2505	4:'0'2512-4:'0'2512,10:'0'2507-10:'0'2507	19.4	0.320827
1S72_0:1900-1903_1932-1933	1:'0'1903-1:'0'1903,4:'0'1934-4:'0'1934	19.4	0.320827
1S72_0:1355-1358_2535-2536_639-640	2:'0'1359-2:'0'1359,4:'0'2537-4:'0'2537	19.4	0.320827
1S72_0:374-377_266-269_238-241	4:'0'268-4:'0'268,11:'0'243-11:'0'243	19.4	0.320827
1S72_0:2539-2545_2607-2616	0:'0'2541-0:'0'2541,9:'0'2611-9:'0'2611	19.4	0.320827
1S72_0:2114-2122_2267-2274	1:'0'2117-1:'0'2117,11:'0'2271-11:'0'2271	19.4	0.320827
1S72_0:333-338_320-324_304-307	5:'0'340-5:'0'340,11:'0'306-11:'0'306	19.4	0.320827
1S72_0:166-169_216-217_218-220	4:'0'218-4:'0'218,8:'0'222-8:'0'222	19.4	0.320827
1S72_0:2273-2276_163-168_2465-2467	7:'0'168-7:'0'168,12:'0'2469-12:'0'2469	19.4	0.320827
1S72_0:766-768_890-893_158-171	12:'0'165-14:'0'167	19.4	0.320827
1S72_0:1241-1244_1114-1119	2:'0'1245-3:'0'1246,4:'0'1116-5:'0'1117	19.2	0.332641
1S72_0:618-621_627-633_1354-1355	1:'0'621-2:'0'622,8:'0'633-8:'0'633,11:'0'1356-11:'0'1356	19	0.34512
1S72_0:955-961_1003-1008	0:'0'957-0:'0'957,12:'0'1010-12:'0'1010	19	0.34512
1S72_0:2636-2639_2004-2006_1977-1981	0:'0'2638-0:'0'2638,6:'0'2008-6:'0'2008,8:'0'1980-9:'0'1981	18.6	0.37228
1S72_0:2820-2826_2910-2912_2665-2666	4:'0'2826-4:'0'2826,9:'0'2914-9:'0'2914	17.4	0.476188
1S72_0:2363-2369_2353-2354_2327-2329	4:'0'2369-4:'0'2369,10:'0'2330-10:'0'2330	17.4	0.476188
1S72_0:626-628_2066-2071_2072-2075	5:'0'2070-5:'0'2070,9:'0'2074-9:'0'2074	17.4	0.476188
1S72_0:2759-2762_2715-2720	2:'0'2763-2:'0'2763,6:'0'2719-6:'0'2719	17.4	0.476188
1S72_0:2837-2840_2655-2658_2082-2086	3:'0'2842-3:'0'2842,4:'0'2657-4:'0'2657	17.4	0.476188
1S72_0:2418-2419_2317-2321_2375-2378	6:'0'2323-6:'0'2323,10:'0'2380-10:'0'2380	17.4	0.476188
1S72_0:2526-2529_2489-2492_1052-1058	2:'0'2530-2:'0'2530,6:'0'2493-7:'0'2494,11:'0'1057-11:'0'1057	17.4	0.476188
1S72_0:926-928_1290-1291_910-913	3:'0'1292-3:'0'1292,5:'0'912-5:'0'912	17.4	0.476188
1S72_0:2440-2441_389-396	3:'0'392-6:'0'395	17	0.520659
1S72_0:1203-1204_1189-1192_1179-1180	0:'0'1205-0:'0'1205,4:'0'1193-4:'0'1193	16.6	0.571663
1S72_0:530-531_2810-2812_2658-2660	0:'0'532-1:'0'533,2:'0'2812-2:'0'2812,5:'0'2660-5:'0'2660	16.6	0.571663
1S72_0:2787-2795_2775-2781	1:'0'2790-1:'0'2790,12:'0'2780-12:'0'2780	16.6	0.571663
1S72_0:2422-2425_2357-2360_2312-2315	1:'0'2425-1:'0'2425,5:'0'2360-5:'0'2360	7.4	1
1S72_0:759-761_1353-1356_640-643	6:'0'1358-6:'0'1358,7:'0'642-7:'0'642	7.4	1
1S72_0:1188-1192_1203-1205	0:'0'1190-1:'0'1191,6:'0'1206-7:'0'1207	7.2	1
1S72_0:734-736_2403-2405_731-733	1:'0'737-1:'0'737,7:'0'734-7:'0'734	7	1
1S72_0:1992-1996_1988-1990_2592-2593	3:'0'1997-4:'0'1998,5:'0'1990-6:'0'1991	6.4	1
1S72_0:2257-2260_2239-2243_2129-2132	2:'0'2261-3:'0'2262,9:'0'2131-10:'0'2132	6	1
1S72_0:1643-1644_1577-1581_1610-1612	5:'0'1582-6:'0'1583,7:'0'1612-8:'0'1613	5.6	1
1S72_0:890-894_159-160_764-767	3:'0'895-4:'0'896,7:'0'766-8:'0'767	5.1	1
1S72_0:148-151_437-438_182-184	0:'0'150-3:'0'153,4:'0'439-5:'0'440,7:'0'185-7:'0'185	5.1	1
1S72_0:1434-1437_1423-1428	1:'0'1437-1:'0'1437,5:'0'1426-5:'0'1426	5	1
1S72_0:1002-1006_956-962	2:'0'1006-4:'0'1008	5	1
1S72_0:1354-1355_627-633_618-621	2:'0'630-2:'0'630,10:'0'621-10:'0'621	5	1
1S72_0:139-145_128-132	4:'0'145-4:'0'145,7:'0'130-7:'0'130	5	1
1S72_0:431-434_188-189_233-235	1:'0'434-3:'0'436,4:'0'190-5:'0'191,7:'0'236-7:'0'236	4.8	1
1S72_0:432-435_231-234_188-189	2:'0'436-3:'0'437,4:'0'233-5:'0'234	4.4	1
1S72_0:1973-1981_2003-2006	6:'0'1981-6:'0'1981,10:'0'2006-10:'0'2006	2.6	1
1S72_0:62-66_51-53_67-69		2.3	1
1S72_0:2275-2278_2465-2469_2288-2290		2.3	1
1S72_0:1510-1511_1445-1449_1501-1504		2.3	1
1S72_0:103-105_51-52_63-70		2.3	1
1S72_0:1128-1129_1229-1230_2520-2522		2	1
1S72_0:1803-1805_2873-2874_1783-1786		2	1
1S72_0:2027-2029_1817-1818_1754-1758		2	1
1S72_0:1817-1818_2027-2029_1754-1758		2	1
1S72_0:1817-1818_1754-1758_2027-2029		2	1
1S72_0:1351-1352_641-642_900-902		2	1
1S72_0:882-884_865-869_773-774		2	1
1S72_0:882-884_773-774_865-869		2	1
1S72_0:773-774_882-884_865-869		2	1
1S72_0:773-774_865-869_882-884		2	1
1S72_0:1374-1375_844-845_833-836		2	1
1S72_0:1374-1375_833-836_844-845		2	1
1S72_0:67-69_62-66_51-53		2	1
1S72_0:67-69_51-53_62-66		2	1
1S72_0:62-66_67-69_51-53		2	1
1S72_0:51-53_67-69_62-66		2	1
1S72_0:2353-2354_2327-2329_2363-2369		2	1
1S72_0:2465-2469_2275-2278_2288-2290		2	1
1S72_0:2003-2006_1973-1981		2	1
1S72_0:1510-1511_1674-1675_1446-1449		2	1
1S72_0:1292-1294_927-930_1036-1039		2	1
1S72_0:772-777_865-869_468-469		2	1
1S72_0:772-777_468-469_865-869		2	1
1S72_0:617-621_627-629_2071-2075		2	1
1S72_0:2082-2086_2655-2658_2837-2840		2	1
1S72_0:2071-2075_2058-2059		2	1
1S72_0:1510-1511_1501-1504_1445-1449		2	1
1S72_0:1501-1504_1510-1511_1445-1449		2	1
1S72_0:1445-1449_1510-1511_1501-1504		2	1
1S72_0:1445-1449_1501-1504_1510-1511		2	1
1S72_0:2052-2053_1374-1375_836-841		2	1
1S72_0:1374-1375_2052-2053_836-841		2	1
1S72_0:615-616_535-537_2057-2058		2	1
1S72_0:535-537_615-616_2057-2058		2	1
1S72_0:103-105_63-70_51-52		2	1
1S72_0:63-70_51-52_103-105		2	1
1S72_0:51-52_103-105_63-70		2	1
1S72_0:51-52_63-70_103-105		2	1
1S72_0:2457-2460_2425-2430		1.9	1
1S72_0:2864-2867_2886-2889		1.9	1
1S72_0:1229-1230_1128-1129_2520-2522		1.7	1
1S72_0:1229-1230_2520-2522_1128-1129		1.7	1
1S72_0:1128-1129_2520-2522_1229-1230		1.7	1
1S72_0:2520-2522_1229-1230_1128-1129		1.7	1
1S72_0:2520-2522_1128-1129_1229-1230		1.7	1
1S72_0:1229-1231_2521-2523_2524-2525		1.7	1
1S72_0:2521-2523_1229-1231_2524-2525		1.7	1
1S72_0:2521-2523_2524-2525_1229-1231		1.7	1
1S72_0:2278-2279_2287-2288		1.7	1
1S72_0:2027-2029_1754-1758_1817-1818		1.7	1
1S72_0:1754-1758_2027-2029_1817-1818		1.7	1
1S72_0:1754-1758_1817-1818_2027-2029		1.7	1
1S72_0:641-642_1351-1352_900-902		1.7	1
1S72_0:641-642_900-902_1351-1352		1.7	1
1S72_0:1351-1352_900-902_641-642		1.7	1
1S72_0:900-902_641-642_1351-1352		1.7	1
1S72_0:844-845_1374-1375_833-836		1.7	1
1S72_0:844-845_833-836_1374-1375		1.7	1
1S72_0:833-836_844-845_1374-1375		1.7	1
1S72_0:619-621_627-629_2605-2606		1.7	1
1S72_0:446-448_30-32		1.7	1
1S72_0:51-53_62-66_67-69		1.7	1
1S72_0:2327-2329_2363-2369_2353-2354		1.7	1
1S72_0:2327-2329_2353-2354_2363-2369		1.7	1
1S72_0:2288-2290_2465-2469_2275-2278		1.7	1
1S72_0:2288-2290_2275-2278_2465-2469		1.7	1
1S72_0:2465-2469_2288-2290_2275-2278		1.7	1
1S72_0:2275-2278_2288-2290_2465-2469		1.7	1
1S72_0:1674-1675_1446-1449_1510-1511		1.7	1
1S72_0:1398-1400_1378-1380		1.7	1
1S72_0:927-930_1292-1294_1036-1039		1.7	1
1S72_0:927-930_1036-1039_1292-1294		1.7	1
1S72_0:911-914_1040-1041_924-926		1.7	1
1S72_0:468-469_772-777_865-869		1.7	1
1S72_0:2079-2081_2060-2062		1.7	1
1S72_0:27-30_449-454		1.7	1
1S72_0:477-478_26-28_450-451		1.7	1
1S72_0:2058-2059_2071-2075		1.7	1
1S72_0:1979-1982_1974-1975		1.7	1
1S72_0:1501-1504_1445-1449_1510-1511		1.7	1
1S72_0:2062-2064_2078-2079_1232-1235		1.7	1
1S72_0:1040-1043_912-914_1067-1070		1.7	1
1S72_0:1298-1300_1351-1352_901-903		1.7	1
1S72_0:1351-1352_1298-1300_901-903		1.7	1
1S72_0:853-856_786-787		1.7	1
1S72_0:2052-2053_836-841_1374-1375		1.7	1
1S72_0:1374-1375_836-841_2052-2053		1.7	1
1S72_0:836-841_1374-1375_2052-2053		1.7	1
1S72_0:844-845_832-835		1.7	1
1S72_0:2071-2073_2605-2606		1.7	1
1S72_0:615-616_2057-2058_535-537		1.7	1
1S72_0:535-537_2057-2058_615-616		1.7	1
1S72_0:449-454_30-31		1.7	1
1S72_0:30-31_449-454		1.7	1
1S72_0:27-31_448-453		1.7	1
1S72_0:63-70_103-105_51-52		1.7	1
1S72_0:833-836_1374-1375_844-845		1.6	1
1S72_0:1674-1675_1510-1511_1446-1449		1.6	1
1S72_0:128-132_139-145		1.6	1
1S72_0:26-28_477-478_450-451		1.6	1
1S72_0:2692-2693_2561-2565		1.6	1
1S72_0:1298-1300_901-903_1351-1352		1.6	1
1S72_0:832-835_844-845		1.6	1
1S72_0:2605-2608_2543-2545		1.4	1
1S72_0:1229-1231_2524-2525_2521-2523		1.4	1
1S72_0:2524-2525_1229-1231_2521-2523		1.4	1
1S72_0:2524-2525_2521-2523_1229-1231		1.4	1
1S72_0:2287-2288_2278-2279		1.4	1
1S72_0:2629-2630_2113-2114		1.4	1
1S72_0:1448-1451_1672-1674		1.4	1
1S72_0:1672-1674_1448-1451		1.4	1
1S72_0:2520-2521_1126-1129		1.4	1
1S72_0:1126-1129_2520-2521		1.4	1
1S72_0:1043-1044_1079-1080_1066-1067		1.4	1
1S72_0:1043-1044_1066-1067_1079-1080		1.4	1
1S72_0:1079-1080_1043-1044_1066-1067		1.4	1
1S72_0:1079-1080_1066-1067_1043-1044		1.4	1
1S72_0:1066-1067_1043-1044_1079-1080		1.4	1
1S72_0:1066-1067_1079-1080_1043-1044		1.4	1
1S72_0:900-902_1351-1352_641-642		1.4	1
1S72_0:30-32_446-448		1.4	1
1S72_0:388-392_396-397		1.4	1
1S72_0:2317-2321_2417-2418		1.4	1
1S72_0:1423-1428_1434-1437		1.4	1
1S72_0:1402-1405_1714-1716		1.4	1
1S72_0:1378-1380_1398-1400		1.4	1
1S72_0:1040-1041_911-914_924-926		1.4	1
1S72_0:1040-1041_924-926_911-914		1.4	1
1S72_0:2060-2062_2079-2081		1.4	1
1S72_0:26-28_450-451_477-478		1.4	1
1S72_0:2886-2889_2864-2867		1.4	1
1S72_0:2561-2565_2692-2693		1.4	1
1S72_0:2549-2551_1230-1231_2522-2525		1.4	1
1S72_0:1974-1975_1979-1982		1.4	1
1S72_0:1629-1630_1551-1552		1.4	1
1S72_0:1429-1431_1390-1393		1.4	1
1S72_0:1390-1393_1429-1431		1.4	1
1S72_0:1720-1721_1681-1682_1374-1375		1.4	1
1S72_0:626-627_1125-1127		1.4	1
1S72_0:622-623_2068-2069_1125-1127		1.4	1
1S72_0:1125-1127_2068-2069_622-623		1.4	1
1S72_0:1351-1352_901-903_1298-1300		1.4	1
1S72_0:901-903_1298-1300_1351-1352		1.4	1
1S72_0:901-903_1351-1352_1298-1300		1.4	1
1S72_0:786-787_853-856		1.4	1
1S72_0:836-841_2052-2053_1374-1375		1.4	1
1S72_0:625-626_2068-2069		1.4	1
1S72_0:2068-2069_625-626		1.4	1
1S72_0:2057-2058_615-616_535-537		1.4	1
1S72_0:2057-2058_535-537_615-616		1.4	1
1S72_0:2543-2545_2605-2608		1.3	1
1S72_0:845-847_831-833		1.3	1
1S72_0:396-397_388-392		1.3	1
1S72_0:340-342_330-333		1.3	1
1S72_0:1233-1239_1100-1102		1.3	1
1S72_0:2846-2853		1.2	1
1S72_0:330-333_340-342		1.2	1
1S72_0:2113-2114_2629-2630		1	1
1S72_0:831-833_845-847		1	1
1S72_0:1831-1833_1838-1841		1	1
1S72_0:1551-1552_1629-1630		1	1
1S72_0:1100-1102_1233-1239		1	1
1S72_0:1125-1127_626-627		1	1
1S72_0:622-623_1125-1127_2068-2069		1	1
1S72_0:1125-1127_622-623_2068-2069		1	1
1S72_0:2605-2606_2071-2073		1	1
1S72_0:1747-1753		0.8	1
1S72_0:864-865		0.6	1
1S72_0:1767-1772		0.6	1
1S72_0:1711-1713		0.3	1
1S72_0:623-625		0.3	1
