#fragment_ID	aligned_regions	alignment_score	P-value
1S72_0:1256-1259_1072-1073_1093-1096	0:'0'1258-2:'0'1260,4:'0'1074-4:'0'1074,7:'0'1096-8:'0'1097	62.8	0.00940464
1S72_0:1791-1797_1637-1640_1541-1544	8:'0'1640-10:'0'1642,11:'0'1543-13:'0'1545	57.2	0.0116428
1S72_0:935-936_718-721_703-706	2:'0'720-4:'0'722,7:'0'706-9:'0'708	52.2	0.0143924
1S72_0:1763-1765_1757-1758_1775-1777	0:'0'1765-1:'0'1766,4:'0'1760-4:'0'1760,5:'0'1777-7:'0'1779	46.2	0.0191996
1S72_0:1881-1882_1827-1830_1843-1846	1:'0'1884-1:'0'1884,3:'0'1830-4:'0'1831,6:'0'1845-8:'0'1847	45.6	0.0198089
1S72_0:1010-1014_2299-2301_950-953	0:'0'1012-1:'0'1013,7:'0'2303-7:'0'2303,8:'0'952-11:'0'955	45.5	0.0199132
1S72_0:909-912_1068-1070_1289-1292	0:'0'911-3:'0'914,4:'0'1070-4:'0'1070,9:'0'1293-10:'0'1294	45.3	0.0201244
1S72_0:781-782_1481-1483_1455-1458	3:'0'1484-4:'0'1485,5:'0'1457-6:'0'1458	44.6	0.0208908
1S72_0:200-203_232-233_187-192	1:'0'203-3:'0'205,4:'0'234-5:'0'235,9:'0'192-9:'0'192	44.6	0.0208908
1S72_0:2557-2558_2795-2797_2772-2775	3:'0'2798-4:'0'2799,5:'0'2774-6:'0'2775	44.6	0.0208908
1S72_0:229-230_678-681_661-665	0:'0'231-0:'0'231,4:'0'682-5:'0'683,6:'0'663-8:'0'665	43	0.0228157
1S72_0:2007-2008_1943-1945_1964-1971	0:'0'2009-1:'0'2010,4:'0'1947-4:'0'1947,10:'0'1971-12:'0'1973	42.6	0.0233385
1S72_0:1679-1684_1693-1695_1410-1412	0:'0'1681-1:'0'1682,7:'0'1696-7:'0'1696,11:'0'1414-11:'0'1414	42.4	0.0236066
1S72_0:1091-1092_562-567_586-590	6:'0'568-7:'0'569,9:'0'589-10:'0'590	42.2	0.0238794
1S72_0:155-158_173-178	2:'0'159-3:'0'160,5:'0'176-6:'0'177	41.4	0.0250194
1S72_0:2050-2053_1367-1371	1:'0'2053-2:'0'2054,6:'0'1371-7:'0'1372	41.4	0.0250194
1S72_0:289-292_355-359	1:'0'292-2:'0'293,6:'0'359-7:'0'360	41.2	0.0253171
1S72_0:338-343_303-304_328-330	0:'0'340-3:'0'343,7:'0'306-7:'0'306	41.2	0.0253171
1S72_0:222-225_210-214	1:'0'225-2:'0'226,6:'0'214-7:'0'215	40.6	0.026243
1S72_0:2699-2702_2688-2692	0:'0'2701-1:'0'2702,7:'0'2693-8:'0'2694	40.6	0.026243
1S72_0:2254-2258_2131-2132_2240-2243	1:'0'2257-3:'0'2259,5:'0'2133-5:'0'2133,7:'0'2242-9:'0'2244	39.5	0.0280775
1S72_0:878-879_881-882_865-868	0:'0'880-1:'0'881,3:'0'884-3:'0'884,4:'0'867-4:'0'867	39.4	0.0282537
1S72_0:2807-2812_2671-2675_2659-2660	1:'0'2810-2:'0'2811,6:'0'2673-8:'0'2675	38.7	0.0295353
1S72_0:473-476_460-464	0:'0'475-1:'0'476,7:'0'465-8:'0'466	38.2	0.0305048
1S72_0:427-428_402-405_378-384	4:'0'406-5:'0'407,6:'0'380-9:'0'383	36.6	0.0339501
1S72_0:792-795_814-817	1:'0'795-3:'0'797,4:'0'816-6:'0'818	34.2	0.0403248
1S72_0:1366-1370_2051-2054	0:'0'1368-3:'0'1371,5:'0'2053-8:'0'2056	33.6	0.0421993
1S72_0:2688-2692_2699-2702	0:'0'2690-3:'0'2693,5:'0'2701-8:'0'2704	32.8	0.044909
1S72_0:209-213_223-226	0:'0'211-3:'0'214,5:'0'225-8:'0'228	32.8	0.044909
1S72_0:1763-1767_1772-1776	1:'0'1766-3:'0'1768,6:'0'1775-9:'0'1778	31.9	0.0482814
1S72_0:636-637_516-519_20-23	2:'0'518-4:'0'520,7:'0'23-9:'0'25	31.8	0.0486794
1S72_0:1492-1493_1620-1624_1569-1572	3:'0'1623-6:'0'1626,7:'0'1571-9:'0'1573	30.7	0.0534025
1S72_0:2304-2307_2297-2299_2279-2281	0:'0'2306-2:'0'2308,4:'0'2299-6:'0'2301	30.4	0.0548102
1S72_0:2513-2516_2500-2503	1:'0'2516-3:'0'2518,4:'0'2502-6:'0'2504	29.6	0.058848
1S72_0:1599-1606_1585-1590	4:'0'1605-6:'0'1607,9:'0'1588-11:'0'1590	29.4	0.0599271
1S72_0:188-192_201-202_432-434	1:'0'191-2:'0'192,5:'0'203-5:'0'203,7:'0'434-7:'0'434	29.2	0.0610363
1S72_0:1881-1884_2014-2015_1844-1846	1:'0'1884-3:'0'1886,4:'0'2016-5:'0'2017,7:'0'1847-7:'0'1847	28.8	0.063349
1S72_0:446-453_27-31_1349-1351	2:'0'450-5:'0'453,9:'0'30-9:'0'30,14:'0'1352-14:'0'1352	28.7	0.0639477
1S72_0:1529-1531_1656-1658	1:'0'1532-2:'0'1533,3:'0'1658-4:'0'1659	28.4	0.0657956
1S72_0:2268-2272_865-868_2119-2121	0:'0'2270-4:'0'2274,7:'0'869-7:'0'869,10:'0'2122-11:'0'2123	28.2	0.0670724
1S72_0:590-593_560-563	0:'0'592-2:'0'594,5:'0'563-7:'0'565	28	0.0683868
1S72_0:1660-1662_1524-1527	1:'0'1663-2:'0'1664,4:'0'1527-5:'0'1528	27.6	0.0711341
1S72_0:896-899_761-763_919-920	0:'0'898-2:'0'900,5:'0'764-6:'0'765,8:'0'922-8:'0'922	27.4	0.0725703
1S72_0:374-377_239-242_265-268	4:'0'241-5:'0'242,10:'0'269-11:'0'270	27	0.0755763
1S72_0:2776-2782_2786-2792	4:'0'2782-6:'0'2784,7:'0'2788-11:'0'2792	26.9	0.0763569
1S72_0:2387-2389_2394-2397	1:'0'2390-2:'0'2391,4:'0'2397-5:'0'2398	26.8	0.0771498
1S72_0:1416-1417_1446-1450_1674-1676	1:'0'1419-1:'0'1419,2:'0'1448-2:'0'1448,8:'0'1677-9:'0'1678	26.2	0.0821768
1S72_0:165-170_161-163_2465-2467	1:'0'168-2:'0'169,8:'0'165-8:'0'165,11:'0'2469-11:'0'2469	26	0.083962
1S72_0:1643-1644_1611-1616_1577-1580	3:'0'1614-7:'0'1618,8:'0'1579-9:'0'1580	25.9	0.0848766
1S72_0:1226-1228_2518-2520_1129-1132	1:'0'1229-1:'0'1229,4:'0'2521-5:'0'2522,6:'0'1131-8:'0'1133	25.8	0.0858061
1S72_0:1193-1196_1198-1202_1173-1174	2:'0'1197-3:'0'1198,5:'0'1201-6:'0'1202	25.6	0.0877116
1S72_0:1914-1921	1:'0'1917-6:'0'1922	25.6	0.0877116
1S72_0:635-636_516-520_19-22	4:'0'520-6:'0'522,7:'0'21-9:'0'23	25.5	0.0886883
1S72_0:95-100_74-80	0:'0'97-2:'0'99,8:'0'78-10:'0'80	25.4	0.0896813
1S72_0:1704-1707_787-789_1708-1710	0:'0'1706-1:'0'1707,4:'0'789-4:'0'789,7:'0'1710-9:'0'1712	25.4	0.0896813
1S72_0:1843-1845_2016-2018_1826-1829	1:'0'1846-1:'0'1846,4:'0'2019-5:'0'2020,6:'0'1828-8:'0'1830	25.2	0.0917181
1S72_0:1450-1453_1488-1489_1672-1674	1:'0'1453-2:'0'1454,5:'0'1491-5:'0'1491,6:'0'1674-6:'0'1674	25.2	0.0917181
1S72_0:2809-2815_2671-2673_2659-2660	1:'0'2812-2:'0'2813,8:'0'2674-8:'0'2674,10:'0'2661-10:'0'2661	25.2	0.0917181
1S72_0:2878-2882_2871-2874_1785-1787	2:'0'2882-4:'0'2884,5:'0'2873-7:'0'2875	25.2	0.0917181
1S72_0:1185-1187_1156-1158_1205-1208	5:'0'1160-5:'0'1160,6:'0'1207-6:'0'1207	24.6	0.0982628
1S72_0:2549-2551_1230-1235_2601-2603	5:'0'1234-5:'0'1234,11:'0'2605-11:'0'2605	24.2	0.103023
1S72_0:1713-1716_1402-1407_1699-1701	0:'0'1715-1:'0'1716,5:'0'1405-5:'0'1405,12:'0'1703-12:'0'1703	24.2	0.103023
1S72_0:2742-2744_2732-2734_1702-1712	5:'0'2736-5:'0'2736,6:'0'1704-6:'0'1704	24.2	0.103023
1S72_0:936-938_1027-1030_1269-1272	3:'0'1029-3:'0'1029,10:'0'1274-10:'0'1274	24.2	0.103023
1S72_0:1816-1818_1756-1758_1775-1777	1:'0'1819-2:'0'1820,3:'0'1758-3:'0'1758,8:'0'1779-8:'0'1779	24	0.105534
1S72_0:2312-2315_2423-2425_2291-2293	1:'0'2315-2:'0'2316,5:'0'2426-5:'0'2426,7:'0'2293-7:'0'2293	23.8	0.108138
1S72_0:2800-2803_2767-2770	3:'0'2805-3:'0'2805,4:'0'2769-4:'0'2769	23.8	0.108138
1S72_0:2639-2641_2620-2622_1837-1841	2:'0'2643-2:'0'2643,3:'0'2622-3:'0'2622	23.8	0.108138
1S72_0:2880-2881_1804-1811_1782-1785	5:'0'1809-7:'0'1811	23.8	0.108138
1S72_0:1311-1317_1336-1341_24-25	3:'0'1316-5:'0'1318,8:'0'1339-10:'0'1341	23.8	0.108138
1S72_0:1095-1097_1081-1086_1070-1074	7:'0'1087-8:'0'1088,9:'0'1072-10:'0'1073	23.8	0.108138
1S72_0:802-807	1:'0'805-4:'0'808	23.8	0.108138
1S72_0:219-220_165-171_160-163	8:'0'173-8:'0'173,9:'0'162-9:'0'162	23.8	0.108138
1S72_0:2598-2600_2578-2581_2594-2596	0:'0'2600-2:'0'2602,4:'0'2581-4:'0'2581,8:'0'2597-9:'0'2598	23.5	0.112228
1S72_0:687-689_729-731_691-695	2:'0'691-2:'0'691,5:'0'733-5:'0'733,6:'0'693-7:'0'694	23.4	0.113643
1S72_0:617-621_2605-2606_626-631	4:'0'623-4:'0'623,5:'0'2607-5:'0'2607,9:'0'631-10:'0'632	23.4	0.113643
1S72_0:182-184_145-151_39-43	0:'0'184-1:'0'185,6:'0'150-6:'0'150,11:'0'42-11:'0'42	23.4	0.113643
1S72_0:2751-2754_2723-2728	2:'0'2755-3:'0'2756,4:'0'2725-5:'0'2726	23.4	0.113643
1S72_0:676-678_229-230_663-667	2:'0'680-2:'0'680,3:'0'231-3:'0'231,5:'0'665-6:'0'666	23.2	0.116554
1S72_0:2035-2039_2721-2723_1737-1740	0:'0'2037-1:'0'2038,7:'0'2725-7:'0'2725,8:'0'1739-11:'0'1742	23.1	0.118052
1S72_0:683-684_743-745_656-659	1:'0'686-1:'0'686,3:'0'746-4:'0'747,5:'0'658-7:'0'660	23	0.119579
1S72_0:1083-1086_1289-1291_1067-1072	1:'0'1086-1:'0'1086,5:'0'1292-6:'0'1293,11:'0'1073-11:'0'1073	23	0.119579
1S72_0:1012-1016_948-952_2299-2301	2:'0'1016-2:'0'1016,8:'0'953-9:'0'954,12:'0'2303-12:'0'2303	23	0.119579
1S72_0:1681-1682_1374-1375_1720-1722	1:'0'1684-1:'0'1684,2:'0'1376-2:'0'1376,5:'0'1723-6:'0'1724	22.8	0.122724
1S72_0:1166-1168_1191-1193_1170-1175	2:'0'1170-2:'0'1170,3:'0'1193-4:'0'1194,7:'0'1173-7:'0'1173	22.6	0.125994
1S72_0:2425-2431_2457-2460	2:'0'2429-3:'0'2430,8:'0'2460-9:'0'2461	22.4	0.129396
1S72_0:1029-1032_934-938	0:'0'1031-2:'0'1033,5:'0'937-7:'0'939	22.4	0.129396
1S72_0:2349-2350_2353-2354_2329-2331	1:'0'2352-1:'0'2352,2:'0'2355-2:'0'2355,4:'0'2331-5:'0'2332	22.4	0.129396
1S72_0:2265-2266_1901-1906_1927-1932	7:'0'1908-7:'0'1908,8:'0'1929-10:'0'1931	22.4	0.129396
1S72_0:2109-2111_865-868_2471-2475	0:'0'2111-2:'0'2113,5:'0'869-5:'0'869,9:'0'2475-10:'0'2476	22.4	0.129396
1S72_0:851-852_786-788_824-826	1:'0'854-1:'0'854,3:'0'789-3:'0'789,5:'0'826-6:'0'827	22.4	0.129396
1S72_0:314-317_334-337_310-313	0:'0'316-1:'0'317,5:'0'337-6:'0'338,9:'0'313-10:'0'314	22.3	0.131149
1S72_0:1625-1627_1629-1631_1566-1568	2:'0'1629-2:'0'1629,3:'0'1631-3:'0'1631	22.2	0.132938
1S72_0:1205-1208_1156-1159_1187-1189	5:'0'1159-5:'0'1159,8:'0'1189-8:'0'1189	22.2	0.132938
1S72_0:622-625_2069-2070_1052-1058	7:'0'1055-9:'0'1057	22.2	0.132938
1S72_0:1091-1092_585-590_564-567	7:'0'592-7:'0'592,8:'0'566-8:'0'566	22.2	0.132938
1S72_0:771-773_469-472_465-468	2:'0'775-2:'0'775,3:'0'471-3:'0'471,9:'0'469-10:'0'470	22.2	0.132938
1S72_0:232-233_187-192_200-203	1:'0'235-1:'0'235,3:'0'190-4:'0'191,10:'0'204-10:'0'204	22.2	0.132938
1S72_0:2874-2879_1786-1787	1:'0'2877-3:'0'2879	22.2	0.132938
1S72_0:2694-2697	0:'0'2696-3:'0'2699	22.2	0.132938
1S72_0:2112-2114_2630-2632_2627-2629	2:'0'2116-2:'0'2116,3:'0'2632-3:'0'2632,7:'0'2630-8:'0'2631	22.2	0.132938
1S72_0:1937-1942_1891-1896	5:'0'1944-5:'0'1944,8:'0'1895-8:'0'1895	22.2	0.132938
1S72_0:2042-2044_1730-1734_1373-1374	2:'0'2046-2:'0'2046,3:'0'1732-3:'0'1732	22.2	0.132938
1S72_0:1487-1488_1653-1657_1530-1533	0:'0'1489-0:'0'1489,3:'0'1656-3:'0'1656	22.2	0.132938
1S72_0:1683-1684_1677-1680_1411-1414	4:'0'1681-4:'0'1681,6:'0'1413-6:'0'1413	22.2	0.132938
1S72_0:1324-1326_903-905_1327-1329	1:'0'1327-2:'0'1328,5:'0'907-5:'0'907,6:'0'1329-6:'0'1329	22.2	0.132938
1S72_0:1104-1105_1254-1257_1095-1098	4:'0'1258-4:'0'1258,7:'0'1098-7:'0'1098	22.2	0.132938
1S72_0:731-733_2403-2405_734-736	1:'0'734-2:'0'735,5:'0'2407-5:'0'2407,6:'0'736-6:'0'736	22.2	0.132938
1S72_0:500-502_510-513_483-488	1:'0'503-1:'0'503,4:'0'513-4:'0'513,10:'0'488-11:'0'489	22	0.136628
1S72_0:110-113_145-146_41-46	0:'0'112-1:'0'113,4:'0'147-4:'0'147,7:'0'44-11:'0'48	21.9	0.13853
1S72_0:107-112_46-50_119-120	2:'0'111-3:'0'112,7:'0'49-7:'0'49,12:'0'122-12:'0'122	21.9	0.13853
1S72_0:1988-1996	2:'0'1992-4:'0'1994	21.8	0.140473
1S72_0:1465-1467_1469-1474_1863-1864	2:'0'1469-2:'0'1469,3:'0'1471-3:'0'1471	21.8	0.140473
1S72_0:1109-1110_577-581_573-576	1:'0'1112-1:'0'1112,2:'0'579-2:'0'579,9:'0'577-10:'0'578	21.8	0.140473
1S72_0:776-777_877-882_1832-1839	6:'0'883-6:'0'883,11:'0'1837-11:'0'1837	21.8	0.140473
1S72_0:2620-2622_2639-2641_1837-1841	3:'0'2641-3:'0'2641,9:'0'1842-9:'0'1842	21.8	0.140473
1S72_0:1592-1598	2:'0'1596-4:'0'1598	21.8	0.140473
1S72_0:1496-1505	2:'0'1500-4:'0'1502	21.8	0.140473
1S72_0:2288-2290_2277-2278_917-922	4:'0'2280-4:'0'2280,8:'0'922-8:'0'922	21.8	0.140473
1S72_0:250-255	1:'0'253-3:'0'255	21.8	0.140473
1S72_0:9-11_528-530	1:'0'12-1:'0'12,4:'0'531-4:'0'531	21.8	0.140473
1S72_0:1860-1861_1473-1474_1863-1866	1:'0'1863-1:'0'1863,2:'0'1475-2:'0'1475,4:'0'1865-5:'0'1866	21.6	0.144483
1S72_0:2721-2725_2753-2756_2037-2039	2:'0'2725-2:'0'2725,7:'0'2757-7:'0'2757	21.4	0.148667
1S72_0:2129-2132_2256-2261_2239-2243	3:'0'2134-3:'0'2134,4:'0'2258-4:'0'2258,11:'0'2242-12:'0'2243	21.4	0.148667
1S72_0:278-280_366-367	1:'0'281-1:'0'281,3:'0'368-3:'0'368	21.4	0.148667
1S72_0:190-194_413-414_196-200	4:'0'196-4:'0'196,6:'0'416-6:'0'416,7:'0'198-8:'0'199	21.4	0.148667
1S72_0:340-342_337-339_328-333	3:'0'339-3:'0'339,11:'0'335-11:'0'335	21.4	0.148667
1S72_0:2773-2775_2555-2558_2572-2576	3:'0'2557-3:'0'2557,9:'0'2576-9:'0'2576	21.4	0.148667
1S72_0:2408-2416	2:'0'2412-4:'0'2414	21.4	0.148667
1S72_0:2246-2251	1:'0'2249-4:'0'2252	21.4	0.148667
1S72_0:821-825_1705-1709_786-789	1:'0'824-1:'0'824,12:'0'790-12:'0'790	21.4	0.148667
1S72_0:1210-1214_1149-1153	2:'0'1214-3:'0'1215,5:'0'1151-6:'0'1152	21.4	0.148667
1S72_0:462-474	5:'0'469-8:'0'472	21.4	0.148667
1S72_0:925-929_1037-1040_2392-2393	1:'0'928-3:'0'930,6:'0'1040-7:'0'1041,10:'0'2395-10:'0'2395	21.2	0.153036
1S72_0:1337-1341_1311-1315_314-315	6:'0'1314-6:'0'1314,11:'0'317-11:'0'317	21	0.1576
1S72_0:2004-2006_2002-2003_1972-1980	3:'0'2004-3:'0'2004,7:'0'1976-7:'0'1976	21	0.1576
1S72_0:2023-2025_1993-1996_1988-1990	2:'0'2027-2:'0'2027,3:'0'1995-3:'0'1995	21	0.1576
1S72_0:1272-1281	2:'0'1276-4:'0'1278	21	0.1576
1S72_0:262-267_241-244	1:'0'265-1:'0'265,9:'0'246-9:'0'246	21	0.1576
1S72_0:2753-2756_2721-2725_2037-2039	0:'0'2755-0:'0'2755,8:'0'2727-8:'0'2727	20.6	0.167362
1S72_0:618-620_631-633_1354-1355	1:'0'621-2:'0'622,3:'0'633-3:'0'633,6:'0'1356-6:'0'1356	20.6	0.167362
1S72_0:2849-2853_2899-2904_2831-2833	0:'0'2851-0:'0'2851,10:'0'2906-10:'0'2906	20.6	0.167362
1S72_0:1356-1358_2535-2536_2098-2099	1:'0'1359-1:'0'1359,3:'0'2537-4:'0'2538,6:'0'2101-6:'0'2101	20.6	0.167362
1S72_0:509-511_501-507_479-487	6:'0'506-8:'0'508,11:'0'482-13:'0'484	20.4	0.172587
1S72_0:1838-1843_1829-1833	0:'0'1840-1:'0'1841,9:'0'1834-10:'0'1835	20.2	0.178061
1S72_0:491-497	1:'0'494-5:'0'498	19.9	0.186772
1S72_0:788-789_1707-1711_1703-1706	1:'0'791-1:'0'791,2:'0'1709-2:'0'1709,9:'0'1707-10:'0'1708	19.8	0.189819
1S72_0:2535-2536_639-641_1355-1358	3:'0'642-3:'0'642,5:'0'1357-5:'0'1357	19.8	0.189819
1S72_0:2304-2305_1060-1061_2299-2300	3:'0'1063-3:'0'1063,4:'0'2301-4:'0'2301	19.8	0.189819
1S72_0:2476-2478_894-899_761-764	2:'0'2480-2:'0'2480,11:'0'765-11:'0'765	19.8	0.189819
1S72_0:2553-2555_2575-2578_2678-2682	4:'0'2578-4:'0'2578,11:'0'2684-11:'0'2684	19.8	0.189819
1S72_0:2296-2297_2306-2308_2279-2281	4:'0'2310-4:'0'2310,7:'0'2283-7:'0'2283	19.8	0.189819
1S72_0:951-956_1006-1011	0:'0'953-0:'0'953,10:'0'1012-10:'0'1012	19.8	0.189819
1S72_0:302-307_327-330_342-345	0:'0'304-0:'0'304,6:'0'329-6:'0'329,12:'0'346-13:'0'347	19.8	0.189819
1S72_0:1114-1119_1241-1244	1:'0'1117-2:'0'1118,7:'0'1244-8:'0'1245	19.6	0.196139
1S72_0:2508-2513_2503-2505_2560-2562	1:'0'2511-1:'0'2511,7:'0'2506-7:'0'2506	19.4	0.202781
1S72_0:1900-1903_1932-1933	1:'0'1903-1:'0'1903,4:'0'1934-4:'0'1934	19.4	0.202781
1S72_0:1750-1754_1743-1745_2029-2032	5:'0'1745-6:'0'1746,9:'0'2032-11:'0'2034	19.3	0.206229
1S72_0:2862-2865_2887-2890	1:'0'2865-1:'0'2865,6:'0'2891-6:'0'2891	19	0.217118
1S72_0:1073-1074_1094-1097_1255-1257	0:'0'1075-0:'0'1075,3:'0'1097-3:'0'1097	19	0.217118
1S72_0:530-532_2810-2812_2081-2083	0:'0'532-1:'0'533,3:'0'2812-3:'0'2812,8:'0'2085-8:'0'2085	19	0.217118
1S72_0:2522-2525_2549-2551_1230-1235	0:'0'2524-0:'0'2524,6:'0'2553-6:'0'2553	19	0.217118
1S72_0:1389-1393_1385-1387_1431-1433	0:'0'1391-0:'0'1391,7:'0'1389-7:'0'1389	19	0.217118
1S72_0:1429-1430_1367-1372_2049-2052	3:'0'1370-3:'0'1370,11:'0'2054-11:'0'2054	19	0.217118
1S72_0:583-588_567-570	3:'0'588-3:'0'588,6:'0'569-6:'0'569	19	0.217118
1S72_0:362-365_281-286	3:'0'367-3:'0'367,6:'0'285-6:'0'285	19	0.217118
1S72_0:2910-2912_2820-2826_2665-2666	1:'0'2913-1:'0'2913,4:'0'2823-8:'0'2827	18.6	0.233031
1S72_0:2771-2774_2796-2799_2572-2573	6:'0'2800-7:'0'2801	18.6	0.233031
1S72_0:388-397	2:'0'392-5:'0'395	18.6	0.233031
1S72_0:2538-2545_2607-2616	1:'0'2541-1:'0'2541,10:'0'2611-10:'0'2611	18.6	0.233031
1S72_0:2467-2468_2114-2122_2267-2274	3:'0'2117-3:'0'2117,13:'0'2271-13:'0'2271	18.6	0.233031
1S72_0:343-345_302-307_321-329	0:'0'345-0:'0'345,7:'0'308-8:'0'309,17:'0'331-17:'0'331	18.6	0.233031
1S72_0:214-217_218-222_166-169	2:'0'218-2:'0'218,6:'0'222-6:'0'222	18.6	0.233031
1S72_0:766-769_889-893_158-171	14:'0'165-16:'0'167	18.6	0.233031
1S72_0:460-464_473-476	2:'0'464-2:'0'464,6:'0'476-6:'0'476	18.2	0.25076
1S72_0:355-360_288-291	1:'0'358-1:'0'358,9:'0'293-9:'0'293	18.2	0.25076
1S72_0:2671-2673_2809-2815_2659-2660	1:'0'2674-1:'0'2674,3:'0'2811-3:'0'2811	18.2	0.25076
1S72_0:955-961_1003-1008	0:'0'957-0:'0'957,12:'0'1010-12:'0'1010	18.2	0.25076
1S72_0:210-215_221-224	1:'0'213-1:'0'213,9:'0'226-9:'0'226	18.2	0.25076
1S72_0:2837-2840_2654-2656_2086-2087	3:'0'2842-3:'0'2842,5:'0'2657-5:'0'2657	17.4	0.292873
1S72_0:2479-2485_2533-2536_1356-1358	3:'0'2484-3:'0'2484,8:'0'2536-8:'0'2536	17.4	0.292873
1S72_0:2526-2529_2489-2492_1052-1058	2:'0'2530-2:'0'2530,6:'0'2493-7:'0'2494,11:'0'1057-11:'0'1057	17.4	0.292873
1S72_0:258-263_244-247	4:'0'264-4:'0'264,7:'0'247-7:'0'247	17.4	0.292873
1S72_0:374-377_266-272_238-241	4:'0'268-4:'0'268,14:'0'243-14:'0'243	17	0.318023
1S72_0:2787-2795_2775-2781	1:'0'2790-1:'0'2790,12:'0'2780-12:'0'2780	16.6	0.346558
1S72_0:2758-2762_2715-2720	3:'0'2763-3:'0'2763,7:'0'2719-7:'0'2719	16.6	0.346558
1S72_0:2503-2505_2560-2562_2508-2513	2:'0'2507-2:'0'2507,4:'0'2563-5:'0'2564,9:'0'2513-9:'0'2513	16.4	0.362288
1S72_0:2820-2826_2910-2912_2665-2666	4:'0'2826-4:'0'2826,9:'0'2914-9:'0'2914	15.8	0.416481
1S72_0:1203-1205_1189-1192_1179-1181	0:'0'1205-0:'0'1205,5:'0'1193-5:'0'1193	15.8	0.416481
1S72_0:2363-2369_2353-2354_2327-2330	4:'0'2369-4:'0'2369,10:'0'2330-10:'0'2330	15.8	0.416481
1S72_0:2414-2418_2375-2379_2319-2323	4:'0'2420-4:'0'2420,10:'0'2321-10:'0'2321	15.8	0.416481
1S72_0:2319-2323_2414-2418_2375-2379	2:'0'2323-2:'0'2323,13:'0'2380-13:'0'2380	15.8	0.416481
1S72_0:1170-1175_1191-1193_1166-1168	2:'0'1174-3:'0'1175,8:'0'1195-8:'0'1195,9:'0'1168-9:'0'1168	15	0.509915
1S72_0:475-478_450-463_26-27	8:'0'456-12:'0'460	15	0.509915
1S72_0:2004-2006_2636-2639_1974-1981	3:'0'2638-3:'0'2638,12:'0'1981-12:'0'1981	14.2	0.638718
1S72_0:1686-1688_840-841_1690-1692	1:'0'1689-2:'0'1690,4:'0'843-4:'0'843,5:'0'1692-5:'0'1692	13.4	0.823283
1S72_0:2533-2536_2479-2485_1356-1358	5:'0'2482-8:'0'2485	13.4	0.823283
1S72_0:2027-2029_1754-1758_1816-1818	1:'0'2030-2:'0'2031,3:'0'1756-4:'0'1757	7.4	1
1S72_0:864-869_882-885_772-778	2:'0'868-2:'0'868,9:'0'887-9:'0'887,10:'0'774-11:'0'775	7	1
1S72_0:734-736_2403-2405_731-733	1:'0'737-1:'0'737,7:'0'734-7:'0'734	7	1
1S72_0:2071-2073_628-631_2604-2607	2:'0'2075-2:'0'2075,3:'0'631-3:'0'631	7	1
1S72_0:2422-2425_2357-2360_2312-2315	1:'0'2425-1:'0'2425,5:'0'2360-5:'0'2360	6.6	1
1S72_0:218-222_214-217_166-169	3:'0'223-4:'0'224,5:'0'216-6:'0'217	6.6	1
1S72_0:532-533_2079-2081_2060-2062	1:'0'535-1:'0'535,3:'0'2082-3:'0'2082	6.2	1
1S72_0:1992-1996_1988-1990_2592-2593	3:'0'1997-4:'0'1998,5:'0'1990-6:'0'1991	6.2	1
1S72_0:1643-1644_1577-1581_1610-1613	5:'0'1582-6:'0'1583,7:'0'1612-8:'0'1613	6.2	1
1S72_0:1374-1375_844-845_832-836	2:'0'846-3:'0'847,4:'0'834-7:'0'837	6.2	1
1S72_0:535-537_615-618_2057-2058	0:'0'537-2:'0'539,3:'0'617-4:'0'618,7:'0'2059-7:'0'2059	6.2	1
1S72_0:2520-2521_1124-1129_1228-1229	0:'0'2522-1:'0'2523,4:'0'1128-7:'0'1131	6	1
1S72_0:2068-2069_622-627_1124-1127	0:'0'2070-0:'0'2070,3:'0'625-5:'0'627,9:'0'1127-9:'0'1127	5.2	1
1S72_0:882-884_865-879	9:'0'873-12:'0'876	5.2	1
1S72_0:432-435_231-235_188-192	2:'0'436-3:'0'437,4:'0'233-5:'0'234	5	1
1S72_0:1351-1355_627-632_619-621	5:'0'630-5:'0'630,11:'0'621-11:'0'621	5	1
1S72_0:1002-1008_956-963	2:'0'1006-4:'0'1008	4.2	1
1S72_0:139-145_127-133_113-114	4:'0'145-4:'0'145,8:'0'130-8:'0'130	4.2	1
1S72_0:2375-2379_2319-2323_2414-2418	9:'0'2325-9:'0'2325,10:'0'2416-10:'0'2416	4.2	1
1S72_0:1510-1511_1501-1505_1445-1449	0:'0'1512-1:'0'1513,9:'0'1449-10:'0'1450	4.2	1
1S72_0:1432-1437_1423-1428	3:'0'1437-3:'0'1437,7:'0'1426-7:'0'1426	3.4	1
1S72_0:2851-2853_2846-2850_2899-2901	3:'0'2848-4:'0'2849	3.2	1
1S72_0:2885-2889_2864-2869	1:'0'2888-1:'0'2888,8:'0'2869-8:'0'2869	3.2	1
1S72_0:1100-1102_1233-1239	2:'0'1104-2:'0'1104,7:'0'1239-7:'0'1239	3.2	1
1S72_0:103-105_63-70_51-52	0:'0'105-0:'0'105,10:'0'72-10:'0'72	3.2	1
1S72_0:2486-2489_2067-2072_622-628		3.1	1
1S72_0:2486-2489_622-628_2067-2072		3.1	1
1S72_0:2067-2072_2486-2489_622-628		3.1	1
1S72_0:622-628_2486-2489_2067-2072		3.1	1
1S72_0:2027-2029_1816-1818_1754-1758		2.8	1
1S72_0:1292-1294_927-930_1036-1039		2.8	1
1S72_0:927-930_1292-1294_1036-1039		2.8	1
1S72_0:882-885_772-778_864-869	7:'0'777-8:'0'778	2.8	1
1S72_0:615-618_535-537_2057-2058		2.8	1
1S72_0:2067-2072_622-628_2486-2489		2.7	1
1S72_0:622-628_2067-2072_2486-2489		2.7	1
1S72_0:1043-1046_1065-1067_1079-1080		2.7	1
1S72_0:2457-2460_2425-2431		2.7	1
1S72_0:927-930_1036-1039_1292-1294		2.7	1
1S72_0:113-114_127-133_139-145		2.7	1
1S72_0:1390-1396_1383-1385_1429-1431		2.7	1
1S72_0:1383-1385_1429-1431_1390-1396		2.7	1
1S72_0:1383-1385_1390-1396_1429-1431		2.7	1
1S72_0:1297-1300_1349-1353_901-905		2.7	1
1S72_0:1297-1300_901-905_1349-1353		2.7	1
1S72_0:1349-1353_1297-1300_901-905		2.7	1
1S72_0:2846-2850_2851-2853_2899-2901		2.6	1
1S72_0:2645-2649_2608-2611_2093-2095	3:'0'2650-3:'0'2650,5:'0'2610-8:'0'2613,9:'0'2095-9:'0'2095	2.6	1
1S72_0:62-66_51-53_67-69		2.5	1
1S72_0:2744-2748_1398-1400_1376-1380		2.5	1
1S72_0:1374-1375_2052-2053_836-841		2.5	1
1S72_0:1043-1046_1079-1080_1065-1067		2.4	1
1S72_0:1065-1067_1043-1046_1079-1080		2.4	1
1S72_0:1065-1067_1079-1080_1043-1046		2.4	1
1S72_0:1831-1833_1837-1841	0:'0'1833-0:'0'1833,7:'0'1843-7:'0'1843	2.4	1
1S72_0:911-916_1040-1041_924-926		2.4	1
1S72_0:1040-1041_911-916_924-926		2.4	1
1S72_0:1040-1041_924-926_911-916		2.4	1
1S72_0:617-621_626-633_2071-2073		2.4	1
1S72_0:328-333_340-342_337-339		2.4	1
1S72_0:340-342_328-333_337-339		2.4	1
1S72_0:127-133_139-145_113-114		2.4	1
1S72_0:127-133_113-114_139-145		2.4	1
1S72_0:2608-2611_2645-2649_2093-2095	4:'0'2647-4:'0'2647,11:'0'2097-11:'0'2097	2.4	1
1S72_0:617-621_626-631_2071-2075		2.4	1
1S72_0:1390-1396_1429-1431_1383-1385		2.4	1
1S72_0:457-458_449-455_30-31		2.4	1
1S72_0:2491-2495_2520-2523_1128-1129		2.3	1
1S72_0:773-780_863-866		2.3	1
1S72_0:67-69_62-66_51-53		2.3	1
1S72_0:67-69_51-53_62-66		2.3	1
1S72_0:62-66_67-69_51-53		2.3	1
1S72_0:2568-2570_2562-2563_2560-2561		2.3	1
1S72_0:2377-2383_2416-2418		2.3	1
1S72_0:2079-2081_532-533_2060-2062		2.3	1
1S72_0:1429-1431_1390-1396_1383-1385		2.3	1
1S72_0:1429-1431_1383-1385_1390-1396		2.3	1
1S72_0:622-627_1124-1127_2068-2069		2.3	1
1S72_0:1374-1375_836-841_2052-2053		2.3	1
1S72_0:1031-1034_933-936		2.3	1
1S72_0:535-537_2057-2058_615-618		2.3	1
1S72_0:2830-2832_2845-2847_2904-2905		2.2	1
1S72_0:1974-1981_2636-2639_2004-2006		2.2	1
1S72_0:1810-1811_1782-1783_1815-1816		2.2	1
1S72_0:1124-1129_2520-2521_1228-1229		2.2	1
1S72_0:1079-1080_1043-1046_1065-1067		2.2	1
1S72_0:51-53_62-66_67-69		2.2	1
1S72_0:2562-2563_2568-2570_2560-2561		2.2	1
1S72_0:2568-2570_2560-2561_2562-2563		2.2	1
1S72_0:2353-2354_2327-2330_2363-2369		2.2	1
1S72_0:1674-1676_1446-1450_1416-1417		2.2	1
1S72_0:1398-1400_2744-2748_1376-1380		2.2	1
1S72_0:1398-1400_1376-1380_2744-2748		2.2	1
1S72_0:1376-1380_1398-1400_2744-2748		2.2	1
1S72_0:2491-2495_2522-2523_2524-2525		2.2	1
1S72_0:1124-1127_2068-2069_622-627		2.2	1
1S72_0:1349-1353_901-905_1297-1300		2.2	1
1S72_0:901-905_1297-1300_1349-1353		2.2	1
1S72_0:2052-2053_1374-1375_836-841		2.2	1
1S72_0:2052-2053_836-841_1374-1375		2.2	1
1S72_0:836-841_1374-1375_2052-2053		2.2	1
1S72_0:30-31_457-458_449-455		2.2	1
1S72_0:457-458_30-31_449-455		2.2	1
1S72_0:1974-1981_2004-2006_2636-2639		2.1	1
1S72_0:446-448_30-32		2.1	1
1S72_0:51-53_67-69_62-66		2.1	1
1S72_0:2744-2748_1376-1380_1398-1400		2.1	1
1S72_0:1376-1380_2744-2748_1398-1400		2.1	1
1S72_0:901-905_1349-1353_1297-1300		2.1	1
1S72_0:2904-2905_2845-2847_2830-2832		2	1
1S72_0:2845-2847_2904-2905_2830-2832		2	1
1S72_0:2845-2847_2830-2832_2904-2905		2	1
1S72_0:2830-2832_2904-2905_2845-2847		2	1
1S72_0:2604-2608_2543-2545		2	1
1S72_0:2004-2006_1974-1981_2636-2639		2	1
1S72_0:1446-1451_1672-1674		2	1
1S72_0:1124-1129_1228-1229_2520-2521		2	1
1S72_0:1079-1080_1065-1067_1043-1046		2	1
1S72_0:831-833_845-847		2	1
1S72_0:2003-2006_1973-1981		2	1
1S72_0:836-841_2052-2053_1374-1375		2	1
1S72_0:933-936_1031-1034		2	1
1S72_0:2057-2058_615-618_535-537		2	1
1S72_0:2057-2058_535-537_615-618		2	1
1S72_0:2904-2905_2830-2832_2845-2847		1.9	1
1S72_0:2278-2279_2287-2288		1.9	1
1S72_0:2629-2630_2113-2114		1.9	1
1S72_0:1810-1811_1815-1816_1782-1783		1.9	1
1S72_0:1782-1783_1810-1811_1815-1816		1.9	1
1S72_0:30-32_446-448		1.9	1
1S72_0:2562-2563_2560-2561_2568-2570		1.9	1
1S72_0:1973-1981_2003-2006		1.9	1
1S72_0:1423-1428_1432-1437		1.9	1
1S72_0:26-28_450-451_477-478		1.9	1
1S72_0:2561-2565_2692-2693		1.9	1
1S72_0:2491-2495_2524-2525_2522-2523		1.9	1
1S72_0:1744-1753		1.9	1
1S72_0:1629-1630_1551-1552		1.9	1
1S72_0:786-787_853-856		1.9	1
1S72_0:1782-1783_1815-1816_1810-1811		1.8	1
1S72_0:2560-2561_2562-2563_2568-2570		1.8	1
1S72_0:2560-2561_2568-2570_2562-2563		1.8	1
1S72_0:2416-2418_2377-2383		1.8	1
1S72_0:2327-2330_2353-2354_2363-2369		1.8	1
1S72_0:1674-1676_1416-1417_1446-1450		1.8	1
1S72_0:477-478_26-28_450-451		1.8	1
1S72_0:26-28_477-478_450-451		1.8	1
1S72_0:853-856_786-787		1.8	1
1S72_0:832-836_844-845_1374-1375		1.8	1
1S72_0:2327-2330_2363-2369_2353-2354		1.7	1
1S72_0:1690-1692_1686-1688_840-841		1.7	1
1S72_0:1979-1982_1974-1975		1.7	1
1S72_0:2543-2545_2604-2608		1.6	1
1S72_0:1672-1674_1446-1451		1.6	1
1S72_0:845-847_831-833		1.6	1
1S72_0:1416-1417_1674-1676_1446-1450		1.6	1
1S72_0:2287-2288_2278-2279		1.5	1
1S72_0:2113-2114_2629-2630		1.5	1
1S72_0:1815-1816_1810-1811_1782-1783		1.5	1
1S72_0:1815-1816_1782-1783_1810-1811		1.5	1
1S72_0:1974-1975_1979-1982		1.5	1
1S72_0:1551-1552_1629-1630		1.5	1
1S72_0:1832-1841		1.2	1
1S72_0:1711-1714		1	1
1S72_0:520-522		0.8	1
